[0.043s] Invoking command in '/home/ming/ros2_ws/build/go2_interfaces': CMAKE_PREFIX_PATH=${CMAKE_PREFIX_PATH}:/home/ming/ros2_ws/install/speech_processor:/home/ming/ros2_ws/install/lidar_processor:/home/ming/ros2_ws/install/go2_robot_sdk:/home/ming/ros2_ws/install/coco_detector:/opt/ros/humble PS1=(.venv) \[\e]0;\u@\h: \w\a\]${debian_chroot:+($debian_chroot)}\[\033[01;32m\]\u@\h\[\033[00m\]:\[\033[01;34m\]\w\[\033[00m\]\$ VIRTUAL_ENV_PROMPT=(.venv) /home/ming/go2_python_sdk/.venv/bin/cmake --build /home/ming/ros2_ws/build/go2_interfaces -- -j6 -l6
[1.084s] [35m[1mConsolidate compiler generated dependencies of target go2_interfaces__rosidl_generator_c[0m
[1.084s] [  0%] Built target go2_interfaces__cpp
[1.085s] [  0%] Built target ament_cmake_python_symlink_go2_interfaces
[1.086s] [ 12%] Built target go2_interfaces__rosidl_generator_c
[1.086s] [35m[1mConsolidate compiler generated dependencies of target go2_interfaces__rosidl_typesupport_cpp[0m
[1.087s] [35m[1mConsolidate compiler generated dependencies of target go2_interfaces__rosidl_typesupport_introspection_cpp[0m
[1.088s] [35m[1mConsolidate compiler generated dependencies of target go2_interfaces__rosidl_typesupport_fastrtps_cpp[0m
[1.091s] [35m[1mConsolidate compiler generated dependencies of target go2_interfaces__rosidl_typesupport_fastrtps_c[0m
[1.092s] [35m[1mConsolidate compiler generated dependencies of target go2_interfaces__rosidl_typesupport_introspection_c[0m
[1.092s] [ 26%] Built target go2_interfaces__rosidl_typesupport_introspection_cpp
[1.093s] [ 37%] Built target go2_interfaces__rosidl_typesupport_cpp
[1.093s] [ 49%] Built target go2_interfaces__rosidl_typesupport_fastrtps_cpp
[1.094s] [ 62%] Built target go2_interfaces__rosidl_typesupport_introspection_c
[1.094s] [35m[1mConsolidate compiler generated dependencies of target go2_interfaces__rosidl_typesupport_c[0m
[1.095s] [ 74%] Built target go2_interfaces__rosidl_typesupport_fastrtps_c
[1.095s] [ 86%] Built target go2_interfaces__rosidl_typesupport_c
[1.096s] [ 86%] Built target go2_interfaces
[1.096s] [ 86%] Built target go2_interfaces__py
[1.096s] [35m[1mConsolidate compiler generated dependencies of target go2_interfaces__rosidl_generator_py[0m
[1.096s] [ 98%] Built target go2_interfaces__rosidl_generator_py
[1.097s] [35m[1mConsolidate compiler generated dependencies of target go2_interfaces__rosidl_typesupport_fastrtps_c__pyext[0m
[1.097s] [35m[1mConsolidate compiler generated dependencies of target go2_interfaces__rosidl_typesupport_introspection_c__pyext[0m
[1.098s] [35m[1mConsolidate compiler generated dependencies of target go2_interfaces__rosidl_typesupport_c__pyext[0m
[1.098s] [ 99%] Built target go2_interfaces__rosidl_typesupport_c__pyext
[1.098s] [100%] Built target go2_interfaces__rosidl_typesupport_introspection_c__pyext
[1.098s] [100%] Built target go2_interfaces__rosidl_typesupport_fastrtps_c__pyext
[1.098s] running egg_info
[1.098s] writing go2_interfaces.egg-info/PKG-INFO
[1.098s] writing dependency_links to go2_interfaces.egg-info/dependency_links.txt
[1.098s] writing top-level names to go2_interfaces.egg-info/top_level.txt
[1.098s] reading manifest file 'go2_interfaces.egg-info/SOURCES.txt'
[1.098s] writing manifest file 'go2_interfaces.egg-info/SOURCES.txt'
[1.099s] [100%] Built target ament_cmake_python_build_go2_interfaces_egg
[1.100s] Invoked command in '/home/ming/ros2_ws/build/go2_interfaces' returned '0': CMAKE_PREFIX_PATH=${CMAKE_PREFIX_PATH}:/home/ming/ros2_ws/install/speech_processor:/home/ming/ros2_ws/install/lidar_processor:/home/ming/ros2_ws/install/go2_robot_sdk:/home/ming/ros2_ws/install/coco_detector:/opt/ros/humble PS1=(.venv) \[\e]0;\u@\h: \w\a\]${debian_chroot:+($debian_chroot)}\[\033[01;32m\]\u@\h\[\033[00m\]:\[\033[01;34m\]\w\[\033[00m\]\$ VIRTUAL_ENV_PROMPT=(.venv) /home/ming/go2_python_sdk/.venv/bin/cmake --build /home/ming/ros2_ws/build/go2_interfaces -- -j6 -l6
[1.252s] Invoking command in '/home/ming/ros2_ws/build/go2_interfaces': CMAKE_PREFIX_PATH=${CMAKE_PREFIX_PATH}:/home/ming/ros2_ws/install/speech_processor:/home/ming/ros2_ws/install/lidar_processor:/home/ming/ros2_ws/install/go2_robot_sdk:/home/ming/ros2_ws/install/coco_detector:/opt/ros/humble PS1=(.venv) \[\e]0;\u@\h: \w\a\]${debian_chroot:+($debian_chroot)}\[\033[01;32m\]\u@\h\[\033[00m\]:\[\033[01;34m\]\w\[\033[00m\]\$ VIRTUAL_ENV_PROMPT=(.venv) /home/ming/go2_python_sdk/.venv/bin/cmake --install /home/ming/ros2_ws/build/go2_interfaces
[1.409s] -- Install configuration: ""
[1.411s] -- Execute custom install script
[1.411s] -- Up-to-date symlink: /home/ming/ros2_ws/install/go2_interfaces/share/ament_index/resource_index/rosidl_interfaces/go2_interfaces
[1.414s] -- Up-to-date symlink: /home/ming/ros2_ws/install/go2_interfaces/include/go2_interfaces/go2_interfaces/msg/audio_data.h
[1.414s] -- Up-to-date symlink: /home/ming/ros2_ws/install/go2_interfaces/include/go2_interfaces/go2_interfaces/msg/bms_cmd.h
[1.415s] -- Up-to-date symlink: /home/ming/ros2_ws/install/go2_interfaces/include/go2_interfaces/go2_interfaces/msg/bms_state.h
[1.415s] -- Up-to-date symlink: /home/ming/ros2_ws/install/go2_interfaces/include/go2_interfaces/go2_interfaces/msg/detail/audio_data__functions.h
[1.415s] -- Up-to-date symlink: /home/ming/ros2_ws/install/go2_interfaces/include/go2_interfaces/go2_interfaces/msg/detail/audio_data__struct.h
[1.415s] -- Up-to-date symlink: /home/ming/ros2_ws/install/go2_interfaces/include/go2_interfaces/go2_interfaces/msg/detail/audio_data__type_support.h
[1.415s] -- Up-to-date symlink: /home/ming/ros2_ws/install/go2_interfaces/include/go2_interfaces/go2_interfaces/msg/detail/bms_cmd__functions.h
[1.416s] -- Up-to-date symlink: /home/ming/ros2_ws/install/go2_interfaces/include/go2_interfaces/go2_interfaces/msg/detail/bms_cmd__struct.h
[1.416s] -- Up-to-date symlink: /home/ming/ros2_ws/install/go2_interfaces/include/go2_interfaces/go2_interfaces/msg/detail/bms_cmd__type_support.h
[1.416s] -- Up-to-date symlink: /home/ming/ros2_ws/install/go2_interfaces/include/go2_interfaces/go2_interfaces/msg/detail/bms_state__functions.h
[1.416s] -- Up-to-date symlink: /home/ming/ros2_ws/install/go2_interfaces/include/go2_interfaces/go2_interfaces/msg/detail/bms_state__struct.h
[1.416s] -- Up-to-date symlink: /home/ming/ros2_ws/install/go2_interfaces/include/go2_interfaces/go2_interfaces/msg/detail/bms_state__type_support.h
[1.416s] -- Up-to-date symlink: /home/ming/ros2_ws/install/go2_interfaces/include/go2_interfaces/go2_interfaces/msg/detail/error__functions.h
[1.417s] -- Up-to-date symlink: /home/ming/ros2_ws/install/go2_interfaces/include/go2_interfaces/go2_interfaces/msg/detail/error__struct.h
[1.417s] -- Up-to-date symlink: /home/ming/ros2_ws/install/go2_interfaces/include/go2_interfaces/go2_interfaces/msg/detail/error__type_support.h
[1.417s] -- Up-to-date symlink: /home/ming/ros2_ws/install/go2_interfaces/include/go2_interfaces/go2_interfaces/msg/detail/go2_cmd__functions.h
[1.417s] -- Up-to-date symlink: /home/ming/ros2_ws/install/go2_interfaces/include/go2_interfaces/go2_interfaces/msg/detail/go2_cmd__struct.h
[1.417s] -- Up-to-date symlink: /home/ming/ros2_ws/install/go2_interfaces/include/go2_interfaces/go2_interfaces/msg/detail/go2_cmd__type_support.h
[1.417s] -- Up-to-date symlink: /home/ming/ros2_ws/install/go2_interfaces/include/go2_interfaces/go2_interfaces/msg/detail/go2_front_video_data__functions.h
[1.418s] -- Up-to-date symlink: /home/ming/ros2_ws/install/go2_interfaces/include/go2_interfaces/go2_interfaces/msg/detail/go2_front_video_data__struct.h
[1.418s] -- Up-to-date symlink: /home/ming/ros2_ws/install/go2_interfaces/include/go2_interfaces/go2_interfaces/msg/detail/go2_front_video_data__type_support.h
[1.418s] -- Up-to-date symlink: /home/ming/ros2_ws/install/go2_interfaces/include/go2_interfaces/go2_interfaces/msg/detail/go2_move__functions.h
[1.418s] -- Up-to-date symlink: /home/ming/ros2_ws/install/go2_interfaces/include/go2_interfaces/go2_interfaces/msg/detail/go2_move__struct.h
[1.419s] -- Up-to-date symlink: /home/ming/ros2_ws/install/go2_interfaces/include/go2_interfaces/go2_interfaces/msg/detail/go2_move__type_support.h
[1.419s] -- Up-to-date symlink: /home/ming/ros2_ws/install/go2_interfaces/include/go2_interfaces/go2_interfaces/msg/detail/go2_rpy_cmd__functions.h
[1.419s] -- Up-to-date symlink: /home/ming/ros2_ws/install/go2_interfaces/include/go2_interfaces/go2_interfaces/msg/detail/go2_rpy_cmd__struct.h
[1.419s] -- Up-to-date symlink: /home/ming/ros2_ws/install/go2_interfaces/include/go2_interfaces/go2_interfaces/msg/detail/go2_rpy_cmd__type_support.h
[1.419s] -- Up-to-date symlink: /home/ming/ros2_ws/install/go2_interfaces/include/go2_interfaces/go2_interfaces/msg/detail/go2_state__functions.h
[1.420s] -- Up-to-date symlink: /home/ming/ros2_ws/install/go2_interfaces/include/go2_interfaces/go2_interfaces/msg/detail/go2_state__struct.h
[1.420s] -- Up-to-date symlink: /home/ming/ros2_ws/install/go2_interfaces/include/go2_interfaces/go2_interfaces/msg/detail/go2_state__type_support.h
[1.423s] -- Up-to-date symlink: /home/ming/ros2_ws/install/go2_interfaces/include/go2_interfaces/go2_interfaces/msg/detail/height_map__functions.h
[1.424s] -- Up-to-date symlink: /home/ming/ros2_ws/install/go2_interfaces/include/go2_interfaces/go2_interfaces/msg/detail/height_map__struct.h
[1.424s] -- Up-to-date symlink: /home/ming/ros2_ws/install/go2_interfaces/include/go2_interfaces/go2_interfaces/msg/detail/height_map__type_support.h
[1.424s] -- Up-to-date symlink: /home/ming/ros2_ws/install/go2_interfaces/include/go2_interfaces/go2_interfaces/msg/detail/imu__functions.h
[1.424s] -- Up-to-date symlink: /home/ming/ros2_ws/install/go2_interfaces/include/go2_interfaces/go2_interfaces/msg/detail/imu__struct.h
[1.424s] -- Up-to-date symlink: /home/ming/ros2_ws/install/go2_interfaces/include/go2_interfaces/go2_interfaces/msg/detail/imu__type_support.h
[1.425s] -- Up-to-date symlink: /home/ming/ros2_ws/install/go2_interfaces/include/go2_interfaces/go2_interfaces/msg/detail/interface_config__functions.h
[1.425s] -- Up-to-date symlink: /home/ming/ros2_ws/install/go2_interfaces/include/go2_interfaces/go2_interfaces/msg/detail/interface_config__struct.h
[1.425s] -- Up-to-date symlink: /home/ming/ros2_ws/install/go2_interfaces/include/go2_interfaces/go2_interfaces/msg/detail/interface_config__type_support.h
[1.425s] -- Up-to-date symlink: /home/ming/ros2_ws/install/go2_interfaces/include/go2_interfaces/go2_interfaces/msg/detail/lidar_state__functions.h
[1.425s] -- Up-to-date symlink: /home/ming/ros2_ws/install/go2_interfaces/include/go2_interfaces/go2_interfaces/msg/detail/lidar_state__struct.h
[1.426s] -- Up-to-date symlink: /home/ming/ros2_ws/install/go2_interfaces/include/go2_interfaces/go2_interfaces/msg/detail/lidar_state__type_support.h
[1.426s] -- Up-to-date symlink: /home/ming/ros2_ws/install/go2_interfaces/include/go2_interfaces/go2_interfaces/msg/detail/low_cmd__functions.h
[1.427s] -- Up-to-date symlink: /home/ming/ros2_ws/install/go2_interfaces/include/go2_interfaces/go2_interfaces/msg/detail/low_cmd__struct.h
[1.427s] -- Up-to-date symlink: /home/ming/ros2_ws/install/go2_interfaces/include/go2_interfaces/go2_interfaces/msg/detail/low_cmd__type_support.h
[1.427s] -- Up-to-date symlink: /home/ming/ros2_ws/install/go2_interfaces/include/go2_interfaces/go2_interfaces/msg/detail/low_state__functions.h
[1.427s] -- Up-to-date symlink: /home/ming/ros2_ws/install/go2_interfaces/include/go2_interfaces/go2_interfaces/msg/detail/low_state__struct.h
[1.427s] -- Up-to-date symlink: /home/ming/ros2_ws/install/go2_interfaces/include/go2_interfaces/go2_interfaces/msg/detail/low_state__type_support.h
[1.427s] -- Up-to-date symlink: /home/ming/ros2_ws/install/go2_interfaces/include/go2_interfaces/go2_interfaces/msg/detail/motor_cmd__functions.h
[1.428s] -- Up-to-date symlink: /home/ming/ros2_ws/install/go2_interfaces/include/go2_interfaces/go2_interfaces/msg/detail/motor_cmd__struct.h
[1.428s] -- Up-to-date symlink: /home/ming/ros2_ws/install/go2_interfaces/include/go2_interfaces/go2_interfaces/msg/detail/motor_cmd__type_support.h
[1.428s] -- Up-to-date symlink: /home/ming/ros2_ws/install/go2_interfaces/include/go2_interfaces/go2_interfaces/msg/detail/motor_cmds__functions.h
[1.428s] -- Up-to-date symlink: /home/ming/ros2_ws/install/go2_interfaces/include/go2_interfaces/go2_interfaces/msg/detail/motor_cmds__struct.h
[1.428s] -- Up-to-date symlink: /home/ming/ros2_ws/install/go2_interfaces/include/go2_interfaces/go2_interfaces/msg/detail/motor_cmds__type_support.h
[1.429s] -- Up-to-date symlink: /home/ming/ros2_ws/install/go2_interfaces/include/go2_interfaces/go2_interfaces/msg/detail/motor_state__functions.h
[1.429s] -- Up-to-date symlink: /home/ming/ros2_ws/install/go2_interfaces/include/go2_interfaces/go2_interfaces/msg/detail/motor_state__struct.h
[1.429s] -- Up-to-date symlink: /home/ming/ros2_ws/install/go2_interfaces/include/go2_interfaces/go2_interfaces/msg/detail/motor_state__type_support.h
[1.429s] -- Up-to-date symlink: /home/ming/ros2_ws/install/go2_interfaces/include/go2_interfaces/go2_interfaces/msg/detail/motor_states__functions.h
[1.429s] -- Up-to-date symlink: /home/ming/ros2_ws/install/go2_interfaces/include/go2_interfaces/go2_interfaces/msg/detail/motor_states__struct.h
[1.429s] -- Up-to-date symlink: /home/ming/ros2_ws/install/go2_interfaces/include/go2_interfaces/go2_interfaces/msg/detail/motor_states__type_support.h
[1.430s] -- Up-to-date symlink: /home/ming/ros2_ws/install/go2_interfaces/include/go2_interfaces/go2_interfaces/msg/detail/path_point__functions.h
[1.430s] -- Up-to-date symlink: /home/ming/ros2_ws/install/go2_interfaces/include/go2_interfaces/go2_interfaces/msg/detail/path_point__struct.h
[1.430s] -- Up-to-date symlink: /home/ming/ros2_ws/install/go2_interfaces/include/go2_interfaces/go2_interfaces/msg/detail/path_point__type_support.h
[1.430s] -- Up-to-date symlink: /home/ming/ros2_ws/install/go2_interfaces/include/go2_interfaces/go2_interfaces/msg/detail/req__functions.h
[1.430s] -- Up-to-date symlink: /home/ming/ros2_ws/install/go2_interfaces/include/go2_interfaces/go2_interfaces/msg/detail/req__struct.h
[1.430s] -- Up-to-date symlink: /home/ming/ros2_ws/install/go2_interfaces/include/go2_interfaces/go2_interfaces/msg/detail/req__type_support.h
[1.431s] -- Up-to-date symlink: /home/ming/ros2_ws/install/go2_interfaces/include/go2_interfaces/go2_interfaces/msg/detail/res__functions.h
[1.431s] -- Up-to-date symlink: /home/ming/ros2_ws/install/go2_interfaces/include/go2_interfaces/go2_interfaces/msg/detail/res__struct.h
[1.431s] -- Up-to-date symlink: /home/ming/ros2_ws/install/go2_interfaces/include/go2_interfaces/go2_interfaces/msg/detail/res__type_support.h
[1.431s] -- Up-to-date symlink: /home/ming/ros2_ws/install/go2_interfaces/include/go2_interfaces/go2_interfaces/msg/detail/sport_mode_cmd__functions.h
[1.431s] -- Up-to-date symlink: /home/ming/ros2_ws/install/go2_interfaces/include/go2_interfaces/go2_interfaces/msg/detail/sport_mode_cmd__struct.h
[1.431s] -- Up-to-date symlink: /home/ming/ros2_ws/install/go2_interfaces/include/go2_interfaces/go2_interfaces/msg/detail/sport_mode_cmd__type_support.h
[1.432s] -- Up-to-date symlink: /home/ming/ros2_ws/install/go2_interfaces/include/go2_interfaces/go2_interfaces/msg/detail/sport_mode_state__functions.h
[1.432s] -- Up-to-date symlink: /home/ming/ros2_ws/install/go2_interfaces/include/go2_interfaces/go2_interfaces/msg/detail/sport_mode_state__struct.h
[1.432s] -- Up-to-date symlink: /home/ming/ros2_ws/install/go2_interfaces/include/go2_interfaces/go2_interfaces/msg/detail/sport_mode_state__type_support.h
[1.432s] -- Up-to-date symlink: /home/ming/ros2_ws/install/go2_interfaces/include/go2_interfaces/go2_interfaces/msg/detail/time_spec__functions.h
[1.432s] -- Up-to-date symlink: /home/ming/ros2_ws/install/go2_interfaces/include/go2_interfaces/go2_interfaces/msg/detail/time_spec__struct.h
[1.432s] -- Up-to-date symlink: /home/ming/ros2_ws/install/go2_interfaces/include/go2_interfaces/go2_interfaces/msg/detail/time_spec__type_support.h
[1.433s] -- Up-to-date symlink: /home/ming/ros2_ws/install/go2_interfaces/include/go2_interfaces/go2_interfaces/msg/detail/uwb_state__functions.h
[1.433s] -- Up-to-date symlink: /home/ming/ros2_ws/install/go2_interfaces/include/go2_interfaces/go2_interfaces/msg/detail/uwb_state__struct.h
[1.433s] -- Up-to-date symlink: /home/ming/ros2_ws/install/go2_interfaces/include/go2_interfaces/go2_interfaces/msg/detail/uwb_state__type_support.h
[1.434s] -- Up-to-date symlink: /home/ming/ros2_ws/install/go2_interfaces/include/go2_interfaces/go2_interfaces/msg/detail/uwb_switch__functions.h
[1.434s] -- Up-to-date symlink: /home/ming/ros2_ws/install/go2_interfaces/include/go2_interfaces/go2_interfaces/msg/detail/uwb_switch__struct.h
[1.434s] -- Up-to-date symlink: /home/ming/ros2_ws/install/go2_interfaces/include/go2_interfaces/go2_interfaces/msg/detail/uwb_switch__type_support.h
[1.434s] -- Up-to-date symlink: /home/ming/ros2_ws/install/go2_interfaces/include/go2_interfaces/go2_interfaces/msg/detail/voxel_height_map_state__functions.h
[1.434s] -- Up-to-date symlink: /home/ming/ros2_ws/install/go2_interfaces/include/go2_interfaces/go2_interfaces/msg/detail/voxel_height_map_state__struct.h
[1.434s] -- Up-to-date symlink: /home/ming/ros2_ws/install/go2_interfaces/include/go2_interfaces/go2_interfaces/msg/detail/voxel_height_map_state__type_support.h
[1.435s] -- Up-to-date symlink: /home/ming/ros2_ws/install/go2_interfaces/include/go2_interfaces/go2_interfaces/msg/detail/voxel_map_compressed__functions.h
[1.435s] -- Up-to-date symlink: /home/ming/ros2_ws/install/go2_interfaces/include/go2_interfaces/go2_interfaces/msg/detail/voxel_map_compressed__struct.h
[1.435s] -- Up-to-date symlink: /home/ming/ros2_ws/install/go2_interfaces/include/go2_interfaces/go2_interfaces/msg/detail/voxel_map_compressed__type_support.h
[1.435s] -- Up-to-date symlink: /home/ming/ros2_ws/install/go2_interfaces/include/go2_interfaces/go2_interfaces/msg/detail/web_rtc_req__functions.h
[1.435s] -- Up-to-date symlink: /home/ming/ros2_ws/install/go2_interfaces/include/go2_interfaces/go2_interfaces/msg/detail/web_rtc_req__struct.h
[1.435s] -- Up-to-date symlink: /home/ming/ros2_ws/install/go2_interfaces/include/go2_interfaces/go2_interfaces/msg/detail/web_rtc_req__type_support.h
[1.436s] -- Up-to-date symlink: /home/ming/ros2_ws/install/go2_interfaces/include/go2_interfaces/go2_interfaces/msg/detail/wireless_controller__functions.h
[1.436s] -- Up-to-date symlink: /home/ming/ros2_ws/install/go2_interfaces/include/go2_interfaces/go2_interfaces/msg/detail/wireless_controller__struct.h
[1.436s] -- Up-to-date symlink: /home/ming/ros2_ws/install/go2_interfaces/include/go2_interfaces/go2_interfaces/msg/detail/wireless_controller__type_support.h
[1.436s] -- Up-to-date symlink: /home/ming/ros2_ws/install/go2_interfaces/include/go2_interfaces/go2_interfaces/msg/error.h
[1.436s] -- Up-to-date symlink: /home/ming/ros2_ws/install/go2_interfaces/include/go2_interfaces/go2_interfaces/msg/go2_cmd.h
[1.436s] -- Up-to-date symlink: /home/ming/ros2_ws/install/go2_interfaces/include/go2_interfaces/go2_interfaces/msg/go2_front_video_data.h
[1.437s] -- Up-to-date symlink: /home/ming/ros2_ws/install/go2_interfaces/include/go2_interfaces/go2_interfaces/msg/go2_move.h
[1.437s] -- Up-to-date symlink: /home/ming/ros2_ws/install/go2_interfaces/include/go2_interfaces/go2_interfaces/msg/go2_rpy_cmd.h
[1.437s] -- Up-to-date symlink: /home/ming/ros2_ws/install/go2_interfaces/include/go2_interfaces/go2_interfaces/msg/go2_state.h
[1.437s] -- Up-to-date symlink: /home/ming/ros2_ws/install/go2_interfaces/include/go2_interfaces/go2_interfaces/msg/height_map.h
[1.437s] -- Up-to-date symlink: /home/ming/ros2_ws/install/go2_interfaces/include/go2_interfaces/go2_interfaces/msg/imu.h
[1.437s] -- Up-to-date symlink: /home/ming/ros2_ws/install/go2_interfaces/include/go2_interfaces/go2_interfaces/msg/interface_config.h
[1.437s] -- Up-to-date symlink: /home/ming/ros2_ws/install/go2_interfaces/include/go2_interfaces/go2_interfaces/msg/lidar_state.h
[1.437s] -- Up-to-date symlink: /home/ming/ros2_ws/install/go2_interfaces/include/go2_interfaces/go2_interfaces/msg/low_cmd.h
[1.437s] -- Up-to-date symlink: /home/ming/ros2_ws/install/go2_interfaces/include/go2_interfaces/go2_interfaces/msg/low_state.h
[1.437s] -- Up-to-date symlink: /home/ming/ros2_ws/install/go2_interfaces/include/go2_interfaces/go2_interfaces/msg/motor_cmd.h
[1.438s] -- Up-to-date symlink: /home/ming/ros2_ws/install/go2_interfaces/include/go2_interfaces/go2_interfaces/msg/motor_cmds.h
[1.438s] -- Up-to-date symlink: /home/ming/ros2_ws/install/go2_interfaces/include/go2_interfaces/go2_interfaces/msg/motor_state.h
[1.438s] -- Up-to-date symlink: /home/ming/ros2_ws/install/go2_interfaces/include/go2_interfaces/go2_interfaces/msg/motor_states.h
[1.438s] -- Up-to-date symlink: /home/ming/ros2_ws/install/go2_interfaces/include/go2_interfaces/go2_interfaces/msg/path_point.h
[1.438s] -- Up-to-date symlink: /home/ming/ros2_ws/install/go2_interfaces/include/go2_interfaces/go2_interfaces/msg/req.h
[1.438s] -- Up-to-date symlink: /home/ming/ros2_ws/install/go2_interfaces/include/go2_interfaces/go2_interfaces/msg/res.h
[1.438s] -- Up-to-date symlink: /home/ming/ros2_ws/install/go2_interfaces/include/go2_interfaces/go2_interfaces/msg/rosidl_generator_c__visibility_control.h
[1.438s] -- Up-to-date symlink: /home/ming/ros2_ws/install/go2_interfaces/include/go2_interfaces/go2_interfaces/msg/sport_mode_cmd.h
[1.439s] -- Up-to-date symlink: /home/ming/ros2_ws/install/go2_interfaces/include/go2_interfaces/go2_interfaces/msg/sport_mode_state.h
[1.439s] -- Up-to-date symlink: /home/ming/ros2_ws/install/go2_interfaces/include/go2_interfaces/go2_interfaces/msg/time_spec.h
[1.439s] -- Up-to-date symlink: /home/ming/ros2_ws/install/go2_interfaces/include/go2_interfaces/go2_interfaces/msg/uwb_state.h
[1.439s] -- Up-to-date symlink: /home/ming/ros2_ws/install/go2_interfaces/include/go2_interfaces/go2_interfaces/msg/uwb_switch.h
[1.439s] -- Up-to-date symlink: /home/ming/ros2_ws/install/go2_interfaces/include/go2_interfaces/go2_interfaces/msg/voxel_height_map_state.h
[1.440s] -- Up-to-date symlink: /home/ming/ros2_ws/install/go2_interfaces/include/go2_interfaces/go2_interfaces/msg/voxel_map_compressed.h
[1.440s] -- Up-to-date symlink: /home/ming/ros2_ws/install/go2_interfaces/include/go2_interfaces/go2_interfaces/msg/web_rtc_req.h
[1.440s] -- Up-to-date symlink: /home/ming/ros2_ws/install/go2_interfaces/include/go2_interfaces/go2_interfaces/msg/wireless_controller.h
[1.440s] -- Up-to-date symlink: /home/ming/ros2_ws/install/go2_interfaces/share/go2_interfaces/environment/library_path.sh
[1.440s] -- Up-to-date symlink: /home/ming/ros2_ws/install/go2_interfaces/share/go2_interfaces/environment/library_path.dsv
[1.440s] -- Up-to-date symlink: /home/ming/ros2_ws/install/go2_interfaces/include/go2_interfaces/go2_interfaces/msg/detail/audio_data__rosidl_typesupport_fastrtps_c.h
[1.440s] -- Up-to-date symlink: /home/ming/ros2_ws/install/go2_interfaces/include/go2_interfaces/go2_interfaces/msg/detail/bms_cmd__rosidl_typesupport_fastrtps_c.h
[1.441s] -- Up-to-date symlink: /home/ming/ros2_ws/install/go2_interfaces/include/go2_interfaces/go2_interfaces/msg/detail/bms_state__rosidl_typesupport_fastrtps_c.h
[1.441s] -- Up-to-date symlink: /home/ming/ros2_ws/install/go2_interfaces/include/go2_interfaces/go2_interfaces/msg/detail/error__rosidl_typesupport_fastrtps_c.h
[1.441s] -- Up-to-date symlink: /home/ming/ros2_ws/install/go2_interfaces/include/go2_interfaces/go2_interfaces/msg/detail/go2_cmd__rosidl_typesupport_fastrtps_c.h
[1.441s] -- Up-to-date symlink: /home/ming/ros2_ws/install/go2_interfaces/include/go2_interfaces/go2_interfaces/msg/detail/go2_front_video_data__rosidl_typesupport_fastrtps_c.h
[1.441s] -- Up-to-date symlink: /home/ming/ros2_ws/install/go2_interfaces/include/go2_interfaces/go2_interfaces/msg/detail/go2_move__rosidl_typesupport_fastrtps_c.h
[1.442s] -- Up-to-date symlink: /home/ming/ros2_ws/install/go2_interfaces/include/go2_interfaces/go2_interfaces/msg/detail/go2_rpy_cmd__rosidl_typesupport_fastrtps_c.h
[1.442s] -- Up-to-date symlink: /home/ming/ros2_ws/install/go2_interfaces/include/go2_interfaces/go2_interfaces/msg/detail/go2_state__rosidl_typesupport_fastrtps_c.h
[1.442s] -- Up-to-date symlink: /home/ming/ros2_ws/install/go2_interfaces/include/go2_interfaces/go2_interfaces/msg/detail/height_map__rosidl_typesupport_fastrtps_c.h
[1.442s] -- Up-to-date symlink: /home/ming/ros2_ws/install/go2_interfaces/include/go2_interfaces/go2_interfaces/msg/detail/imu__rosidl_typesupport_fastrtps_c.h
[1.442s] -- Up-to-date symlink: /home/ming/ros2_ws/install/go2_interfaces/include/go2_interfaces/go2_interfaces/msg/detail/interface_config__rosidl_typesupport_fastrtps_c.h
[1.442s] -- Up-to-date symlink: /home/ming/ros2_ws/install/go2_interfaces/include/go2_interfaces/go2_interfaces/msg/detail/lidar_state__rosidl_typesupport_fastrtps_c.h
[1.442s] -- Up-to-date symlink: /home/ming/ros2_ws/install/go2_interfaces/include/go2_interfaces/go2_interfaces/msg/detail/low_cmd__rosidl_typesupport_fastrtps_c.h
[1.443s] -- Up-to-date symlink: /home/ming/ros2_ws/install/go2_interfaces/include/go2_interfaces/go2_interfaces/msg/detail/low_state__rosidl_typesupport_fastrtps_c.h
[1.443s] -- Up-to-date symlink: /home/ming/ros2_ws/install/go2_interfaces/include/go2_interfaces/go2_interfaces/msg/detail/motor_cmd__rosidl_typesupport_fastrtps_c.h
[1.443s] -- Up-to-date symlink: /home/ming/ros2_ws/install/go2_interfaces/include/go2_interfaces/go2_interfaces/msg/detail/motor_cmds__rosidl_typesupport_fastrtps_c.h
[1.443s] -- Up-to-date symlink: /home/ming/ros2_ws/install/go2_interfaces/include/go2_interfaces/go2_interfaces/msg/detail/motor_state__rosidl_typesupport_fastrtps_c.h
[1.443s] -- Up-to-date symlink: /home/ming/ros2_ws/install/go2_interfaces/include/go2_interfaces/go2_interfaces/msg/detail/motor_states__rosidl_typesupport_fastrtps_c.h
[1.443s] -- Up-to-date symlink: /home/ming/ros2_ws/install/go2_interfaces/include/go2_interfaces/go2_interfaces/msg/detail/path_point__rosidl_typesupport_fastrtps_c.h
[1.444s] -- Up-to-date symlink: /home/ming/ros2_ws/install/go2_interfaces/include/go2_interfaces/go2_interfaces/msg/detail/req__rosidl_typesupport_fastrtps_c.h
[1.444s] -- Up-to-date symlink: /home/ming/ros2_ws/install/go2_interfaces/include/go2_interfaces/go2_interfaces/msg/detail/res__rosidl_typesupport_fastrtps_c.h
[1.444s] -- Up-to-date symlink: /home/ming/ros2_ws/install/go2_interfaces/include/go2_interfaces/go2_interfaces/msg/detail/sport_mode_cmd__rosidl_typesupport_fastrtps_c.h
[1.444s] -- Up-to-date symlink: /home/ming/ros2_ws/install/go2_interfaces/include/go2_interfaces/go2_interfaces/msg/detail/sport_mode_state__rosidl_typesupport_fastrtps_c.h
[1.444s] -- Up-to-date symlink: /home/ming/ros2_ws/install/go2_interfaces/include/go2_interfaces/go2_interfaces/msg/detail/time_spec__rosidl_typesupport_fastrtps_c.h
[1.444s] -- Up-to-date symlink: /home/ming/ros2_ws/install/go2_interfaces/include/go2_interfaces/go2_interfaces/msg/detail/uwb_state__rosidl_typesupport_fastrtps_c.h
[1.444s] -- Up-to-date symlink: /home/ming/ros2_ws/install/go2_interfaces/include/go2_interfaces/go2_interfaces/msg/detail/uwb_switch__rosidl_typesupport_fastrtps_c.h
[1.444s] -- Up-to-date symlink: /home/ming/ros2_ws/install/go2_interfaces/include/go2_interfaces/go2_interfaces/msg/detail/voxel_height_map_state__rosidl_typesupport_fastrtps_c.h
[1.445s] -- Up-to-date symlink: /home/ming/ros2_ws/install/go2_interfaces/include/go2_interfaces/go2_interfaces/msg/detail/voxel_map_compressed__rosidl_typesupport_fastrtps_c.h
[1.445s] -- Up-to-date symlink: /home/ming/ros2_ws/install/go2_interfaces/include/go2_interfaces/go2_interfaces/msg/detail/web_rtc_req__rosidl_typesupport_fastrtps_c.h
[1.445s] -- Up-to-date symlink: /home/ming/ros2_ws/install/go2_interfaces/include/go2_interfaces/go2_interfaces/msg/detail/wireless_controller__rosidl_typesupport_fastrtps_c.h
[1.445s] -- Up-to-date symlink: /home/ming/ros2_ws/install/go2_interfaces/include/go2_interfaces/go2_interfaces/msg/rosidl_typesupport_fastrtps_c__visibility_control.h
[1.449s] -- Up-to-date symlink: /home/ming/ros2_ws/install/go2_interfaces/include/go2_interfaces/go2_interfaces/msg/audio_data.hpp
[1.449s] -- Up-to-date symlink: /home/ming/ros2_ws/install/go2_interfaces/include/go2_interfaces/go2_interfaces/msg/bms_cmd.hpp
[1.449s] -- Up-to-date symlink: /home/ming/ros2_ws/install/go2_interfaces/include/go2_interfaces/go2_interfaces/msg/bms_state.hpp
[1.449s] -- Up-to-date symlink: /home/ming/ros2_ws/install/go2_interfaces/include/go2_interfaces/go2_interfaces/msg/detail/audio_data__builder.hpp
[1.450s] -- Up-to-date symlink: /home/ming/ros2_ws/install/go2_interfaces/include/go2_interfaces/go2_interfaces/msg/detail/audio_data__struct.hpp
[1.450s] -- Up-to-date symlink: /home/ming/ros2_ws/install/go2_interfaces/include/go2_interfaces/go2_interfaces/msg/detail/audio_data__traits.hpp
[1.450s] -- Up-to-date symlink: /home/ming/ros2_ws/install/go2_interfaces/include/go2_interfaces/go2_interfaces/msg/detail/audio_data__type_support.hpp
[1.450s] -- Up-to-date symlink: /home/ming/ros2_ws/install/go2_interfaces/include/go2_interfaces/go2_interfaces/msg/detail/bms_cmd__builder.hpp
[1.450s] -- Up-to-date symlink: /home/ming/ros2_ws/install/go2_interfaces/include/go2_interfaces/go2_interfaces/msg/detail/bms_cmd__struct.hpp
[1.450s] -- Up-to-date symlink: /home/ming/ros2_ws/install/go2_interfaces/include/go2_interfaces/go2_interfaces/msg/detail/bms_cmd__traits.hpp
[1.451s] -- Up-to-date symlink: /home/ming/ros2_ws/install/go2_interfaces/include/go2_interfaces/go2_interfaces/msg/detail/bms_cmd__type_support.hpp
[1.452s] -- Up-to-date symlink: /home/ming/ros2_ws/install/go2_interfaces/include/go2_interfaces/go2_interfaces/msg/detail/bms_state__builder.hpp
[1.452s] -- Up-to-date symlink: /home/ming/ros2_ws/install/go2_interfaces/include/go2_interfaces/go2_interfaces/msg/detail/bms_state__struct.hpp
[1.452s] -- Up-to-date symlink: /home/ming/ros2_ws/install/go2_interfaces/include/go2_interfaces/go2_interfaces/msg/detail/bms_state__traits.hpp
[1.452s] -- Up-to-date symlink: /home/ming/ros2_ws/install/go2_interfaces/include/go2_interfaces/go2_interfaces/msg/detail/bms_state__type_support.hpp
[1.452s] -- Up-to-date symlink: /home/ming/ros2_ws/install/go2_interfaces/include/go2_interfaces/go2_interfaces/msg/detail/error__builder.hpp
[1.453s] -- Up-to-date symlink: /home/ming/ros2_ws/install/go2_interfaces/include/go2_interfaces/go2_interfaces/msg/detail/error__struct.hpp
[1.453s] -- Up-to-date symlink: /home/ming/ros2_ws/install/go2_interfaces/include/go2_interfaces/go2_interfaces/msg/detail/error__traits.hpp
[1.453s] -- Up-to-date symlink: /home/ming/ros2_ws/install/go2_interfaces/include/go2_interfaces/go2_interfaces/msg/detail/error__type_support.hpp
[1.453s] -- Up-to-date symlink: /home/ming/ros2_ws/install/go2_interfaces/include/go2_interfaces/go2_interfaces/msg/detail/go2_cmd__builder.hpp
[1.453s] -- Up-to-date symlink: /home/ming/ros2_ws/install/go2_interfaces/include/go2_interfaces/go2_interfaces/msg/detail/go2_cmd__struct.hpp
[1.454s] -- Up-to-date symlink: /home/ming/ros2_ws/install/go2_interfaces/include/go2_interfaces/go2_interfaces/msg/detail/go2_cmd__traits.hpp
[1.454s] -- Up-to-date symlink: /home/ming/ros2_ws/install/go2_interfaces/include/go2_interfaces/go2_interfaces/msg/detail/go2_cmd__type_support.hpp
[1.454s] -- Up-to-date symlink: /home/ming/ros2_ws/install/go2_interfaces/include/go2_interfaces/go2_interfaces/msg/detail/go2_front_video_data__builder.hpp
[1.454s] -- Up-to-date symlink: /home/ming/ros2_ws/install/go2_interfaces/include/go2_interfaces/go2_interfaces/msg/detail/go2_front_video_data__struct.hpp
[1.454s] -- Up-to-date symlink: /home/ming/ros2_ws/install/go2_interfaces/include/go2_interfaces/go2_interfaces/msg/detail/go2_front_video_data__traits.hpp
[1.454s] -- Up-to-date symlink: /home/ming/ros2_ws/install/go2_interfaces/include/go2_interfaces/go2_interfaces/msg/detail/go2_front_video_data__type_support.hpp
[1.455s] -- Up-to-date symlink: /home/ming/ros2_ws/install/go2_interfaces/include/go2_interfaces/go2_interfaces/msg/detail/go2_move__builder.hpp
[1.455s] -- Up-to-date symlink: /home/ming/ros2_ws/install/go2_interfaces/include/go2_interfaces/go2_interfaces/msg/detail/go2_move__struct.hpp
[1.455s] -- Up-to-date symlink: /home/ming/ros2_ws/install/go2_interfaces/include/go2_interfaces/go2_interfaces/msg/detail/go2_move__traits.hpp
[1.455s] -- Up-to-date symlink: /home/ming/ros2_ws/install/go2_interfaces/include/go2_interfaces/go2_interfaces/msg/detail/go2_move__type_support.hpp
[1.455s] -- Up-to-date symlink: /home/ming/ros2_ws/install/go2_interfaces/include/go2_interfaces/go2_interfaces/msg/detail/go2_rpy_cmd__builder.hpp
[1.455s] -- Up-to-date symlink: /home/ming/ros2_ws/install/go2_interfaces/include/go2_interfaces/go2_interfaces/msg/detail/go2_rpy_cmd__struct.hpp
[1.456s] -- Up-to-date symlink: /home/ming/ros2_ws/install/go2_interfaces/include/go2_interfaces/go2_interfaces/msg/detail/go2_rpy_cmd__traits.hpp
[1.456s] -- Up-to-date symlink: /home/ming/ros2_ws/install/go2_interfaces/include/go2_interfaces/go2_interfaces/msg/detail/go2_rpy_cmd__type_support.hpp
[1.456s] -- Up-to-date symlink: /home/ming/ros2_ws/install/go2_interfaces/include/go2_interfaces/go2_interfaces/msg/detail/go2_state__builder.hpp
[1.456s] -- Up-to-date symlink: /home/ming/ros2_ws/install/go2_interfaces/include/go2_interfaces/go2_interfaces/msg/detail/go2_state__struct.hpp
[1.458s] -- Up-to-date symlink: /home/ming/ros2_ws/install/go2_interfaces/include/go2_interfaces/go2_interfaces/msg/detail/go2_state__traits.hpp
[1.459s] -- Up-to-date symlink: /home/ming/ros2_ws/install/go2_interfaces/include/go2_interfaces/go2_interfaces/msg/detail/go2_state__type_support.hpp
[1.459s] -- Up-to-date symlink: /home/ming/ros2_ws/install/go2_interfaces/include/go2_interfaces/go2_interfaces/msg/detail/height_map__builder.hpp
[1.459s] -- Up-to-date symlink: /home/ming/ros2_ws/install/go2_interfaces/include/go2_interfaces/go2_interfaces/msg/detail/height_map__struct.hpp
[1.459s] -- Up-to-date symlink: /home/ming/ros2_ws/install/go2_interfaces/include/go2_interfaces/go2_interfaces/msg/detail/height_map__traits.hpp
[1.459s] -- Up-to-date symlink: /home/ming/ros2_ws/install/go2_interfaces/include/go2_interfaces/go2_interfaces/msg/detail/height_map__type_support.hpp
[1.460s] -- Up-to-date symlink: /home/ming/ros2_ws/install/go2_interfaces/include/go2_interfaces/go2_interfaces/msg/detail/imu__builder.hpp
[1.460s] -- Up-to-date symlink: /home/ming/ros2_ws/install/go2_interfaces/include/go2_interfaces/go2_interfaces/msg/detail/imu__struct.hpp
[1.460s] -- Up-to-date symlink: /home/ming/ros2_ws/install/go2_interfaces/include/go2_interfaces/go2_interfaces/msg/detail/imu__traits.hpp
[1.462s] -- Up-to-date symlink: /home/ming/ros2_ws/install/go2_interfaces/include/go2_interfaces/go2_interfaces/msg/detail/imu__type_support.hpp
[1.462s] -- Up-to-date symlink: /home/ming/ros2_ws/install/go2_interfaces/include/go2_interfaces/go2_interfaces/msg/detail/interface_config__builder.hpp
[1.462s] -- Up-to-date symlink: /home/ming/ros2_ws/install/go2_interfaces/include/go2_interfaces/go2_interfaces/msg/detail/interface_config__struct.hpp
[1.463s] -- Up-to-date symlink: /home/ming/ros2_ws/install/go2_interfaces/include/go2_interfaces/go2_interfaces/msg/detail/interface_config__traits.hpp
[1.463s] -- Up-to-date symlink: /home/ming/ros2_ws/install/go2_interfaces/include/go2_interfaces/go2_interfaces/msg/detail/interface_config__type_support.hpp
[1.463s] -- Up-to-date symlink: /home/ming/ros2_ws/install/go2_interfaces/include/go2_interfaces/go2_interfaces/msg/detail/lidar_state__builder.hpp
[1.469s] -- Up-to-date symlink: /home/ming/ros2_ws/install/go2_interfaces/include/go2_interfaces/go2_interfaces/msg/detail/lidar_state__struct.hpp
[1.469s] -- Up-to-date symlink: /home/ming/ros2_ws/install/go2_interfaces/include/go2_interfaces/go2_interfaces/msg/detail/lidar_state__traits.hpp
[1.469s] -- Up-to-date symlink: /home/ming/ros2_ws/install/go2_interfaces/include/go2_interfaces/go2_interfaces/msg/detail/lidar_state__type_support.hpp
[1.469s] -- Up-to-date symlink: /home/ming/ros2_ws/install/go2_interfaces/include/go2_interfaces/go2_interfaces/msg/detail/low_cmd__builder.hpp
[1.469s] -- Up-to-date symlink: /home/ming/ros2_ws/install/go2_interfaces/include/go2_interfaces/go2_interfaces/msg/detail/low_cmd__struct.hpp
[1.469s] -- Up-to-date symlink: /home/ming/ros2_ws/install/go2_interfaces/include/go2_interfaces/go2_interfaces/msg/detail/low_cmd__traits.hpp
[1.469s] -- Up-to-date symlink: /home/ming/ros2_ws/install/go2_interfaces/include/go2_interfaces/go2_interfaces/msg/detail/low_cmd__type_support.hpp
[1.470s] -- Up-to-date symlink: /home/ming/ros2_ws/install/go2_interfaces/include/go2_interfaces/go2_interfaces/msg/detail/low_state__builder.hpp
[1.470s] -- Up-to-date symlink: /home/ming/ros2_ws/install/go2_interfaces/include/go2_interfaces/go2_interfaces/msg/detail/low_state__struct.hpp
[1.470s] -- Up-to-date symlink: /home/ming/ros2_ws/install/go2_interfaces/include/go2_interfaces/go2_interfaces/msg/detail/low_state__traits.hpp
[1.470s] -- Up-to-date symlink: /home/ming/ros2_ws/install/go2_interfaces/include/go2_interfaces/go2_interfaces/msg/detail/low_state__type_support.hpp
[1.470s] -- Up-to-date symlink: /home/ming/ros2_ws/install/go2_interfaces/include/go2_interfaces/go2_interfaces/msg/detail/motor_cmd__builder.hpp
[1.470s] -- Up-to-date symlink: /home/ming/ros2_ws/install/go2_interfaces/include/go2_interfaces/go2_interfaces/msg/detail/motor_cmd__struct.hpp
[1.470s] -- Up-to-date symlink: /home/ming/ros2_ws/install/go2_interfaces/include/go2_interfaces/go2_interfaces/msg/detail/motor_cmd__traits.hpp
[1.470s] -- Up-to-date symlink: /home/ming/ros2_ws/install/go2_interfaces/include/go2_interfaces/go2_interfaces/msg/detail/motor_cmd__type_support.hpp
[1.471s] -- Up-to-date symlink: /home/ming/ros2_ws/install/go2_interfaces/include/go2_interfaces/go2_interfaces/msg/detail/motor_cmds__builder.hpp
[1.471s] -- Up-to-date symlink: /home/ming/ros2_ws/install/go2_interfaces/include/go2_interfaces/go2_interfaces/msg/detail/motor_cmds__struct.hpp
[1.472s] -- Up-to-date symlink: /home/ming/ros2_ws/install/go2_interfaces/include/go2_interfaces/go2_interfaces/msg/detail/motor_cmds__traits.hpp
[1.473s] -- Up-to-date symlink: /home/ming/ros2_ws/install/go2_interfaces/include/go2_interfaces/go2_interfaces/msg/detail/motor_cmds__type_support.hpp
[1.473s] -- Up-to-date symlink: /home/ming/ros2_ws/install/go2_interfaces/include/go2_interfaces/go2_interfaces/msg/detail/motor_state__builder.hpp
[1.473s] -- Up-to-date symlink: /home/ming/ros2_ws/install/go2_interfaces/include/go2_interfaces/go2_interfaces/msg/detail/motor_state__struct.hpp
[1.473s] -- Up-to-date symlink: /home/ming/ros2_ws/install/go2_interfaces/include/go2_interfaces/go2_interfaces/msg/detail/motor_state__traits.hpp
[1.473s] -- Up-to-date symlink: /home/ming/ros2_ws/install/go2_interfaces/include/go2_interfaces/go2_interfaces/msg/detail/motor_state__type_support.hpp
[1.474s] -- Up-to-date symlink: /home/ming/ros2_ws/install/go2_interfaces/include/go2_interfaces/go2_interfaces/msg/detail/motor_states__builder.hpp
[1.474s] -- Up-to-date symlink: /home/ming/ros2_ws/install/go2_interfaces/include/go2_interfaces/go2_interfaces/msg/detail/motor_states__struct.hpp
[1.474s] -- Up-to-date symlink: /home/ming/ros2_ws/install/go2_interfaces/include/go2_interfaces/go2_interfaces/msg/detail/motor_states__traits.hpp
[1.474s] -- Up-to-date symlink: /home/ming/ros2_ws/install/go2_interfaces/include/go2_interfaces/go2_interfaces/msg/detail/motor_states__type_support.hpp
[1.474s] -- Up-to-date symlink: /home/ming/ros2_ws/install/go2_interfaces/include/go2_interfaces/go2_interfaces/msg/detail/path_point__builder.hpp
[1.474s] -- Up-to-date symlink: /home/ming/ros2_ws/install/go2_interfaces/include/go2_interfaces/go2_interfaces/msg/detail/path_point__struct.hpp
[1.475s] -- Up-to-date symlink: /home/ming/ros2_ws/install/go2_interfaces/include/go2_interfaces/go2_interfaces/msg/detail/path_point__traits.hpp
[1.475s] -- Up-to-date symlink: /home/ming/ros2_ws/install/go2_interfaces/include/go2_interfaces/go2_interfaces/msg/detail/path_point__type_support.hpp
[1.475s] -- Up-to-date symlink: /home/ming/ros2_ws/install/go2_interfaces/include/go2_interfaces/go2_interfaces/msg/detail/req__builder.hpp
[1.475s] -- Up-to-date symlink: /home/ming/ros2_ws/install/go2_interfaces/include/go2_interfaces/go2_interfaces/msg/detail/req__struct.hpp
[1.475s] -- Up-to-date symlink: /home/ming/ros2_ws/install/go2_interfaces/include/go2_interfaces/go2_interfaces/msg/detail/req__traits.hpp
[1.476s] -- Up-to-date symlink: /home/ming/ros2_ws/install/go2_interfaces/include/go2_interfaces/go2_interfaces/msg/detail/req__type_support.hpp
[1.476s] -- Up-to-date symlink: /home/ming/ros2_ws/install/go2_interfaces/include/go2_interfaces/go2_interfaces/msg/detail/res__builder.hpp
[1.476s] -- Up-to-date symlink: /home/ming/ros2_ws/install/go2_interfaces/include/go2_interfaces/go2_interfaces/msg/detail/res__struct.hpp
[1.476s] -- Up-to-date symlink: /home/ming/ros2_ws/install/go2_interfaces/include/go2_interfaces/go2_interfaces/msg/detail/res__traits.hpp
[1.476s] -- Up-to-date symlink: /home/ming/ros2_ws/install/go2_interfaces/include/go2_interfaces/go2_interfaces/msg/detail/res__type_support.hpp
[1.476s] -- Up-to-date symlink: /home/ming/ros2_ws/install/go2_interfaces/include/go2_interfaces/go2_interfaces/msg/detail/sport_mode_cmd__builder.hpp
[1.477s] -- Up-to-date symlink: /home/ming/ros2_ws/install/go2_interfaces/include/go2_interfaces/go2_interfaces/msg/detail/sport_mode_cmd__struct.hpp
[1.477s] -- Up-to-date symlink: /home/ming/ros2_ws/install/go2_interfaces/include/go2_interfaces/go2_interfaces/msg/detail/sport_mode_cmd__traits.hpp
[1.477s] -- Up-to-date symlink: /home/ming/ros2_ws/install/go2_interfaces/include/go2_interfaces/go2_interfaces/msg/detail/sport_mode_cmd__type_support.hpp
[1.477s] -- Up-to-date symlink: /home/ming/ros2_ws/install/go2_interfaces/include/go2_interfaces/go2_interfaces/msg/detail/sport_mode_state__builder.hpp
[1.477s] -- Up-to-date symlink: /home/ming/ros2_ws/install/go2_interfaces/include/go2_interfaces/go2_interfaces/msg/detail/sport_mode_state__struct.hpp
[1.477s] -- Up-to-date symlink: /home/ming/ros2_ws/install/go2_interfaces/include/go2_interfaces/go2_interfaces/msg/detail/sport_mode_state__traits.hpp
[1.478s] -- Up-to-date symlink: /home/ming/ros2_ws/install/go2_interfaces/include/go2_interfaces/go2_interfaces/msg/detail/sport_mode_state__type_support.hpp
[1.478s] -- Up-to-date symlink: /home/ming/ros2_ws/install/go2_interfaces/include/go2_interfaces/go2_interfaces/msg/detail/time_spec__builder.hpp
[1.478s] -- Up-to-date symlink: /home/ming/ros2_ws/install/go2_interfaces/include/go2_interfaces/go2_interfaces/msg/detail/time_spec__struct.hpp
[1.478s] -- Up-to-date symlink: /home/ming/ros2_ws/install/go2_interfaces/include/go2_interfaces/go2_interfaces/msg/detail/time_spec__traits.hpp
[1.478s] -- Up-to-date symlink: /home/ming/ros2_ws/install/go2_interfaces/include/go2_interfaces/go2_interfaces/msg/detail/time_spec__type_support.hpp
[1.478s] -- Up-to-date symlink: /home/ming/ros2_ws/install/go2_interfaces/include/go2_interfaces/go2_interfaces/msg/detail/uwb_state__builder.hpp
[1.479s] -- Up-to-date symlink: /home/ming/ros2_ws/install/go2_interfaces/include/go2_interfaces/go2_interfaces/msg/detail/uwb_state__struct.hpp
[1.479s] -- Up-to-date symlink: /home/ming/ros2_ws/install/go2_interfaces/include/go2_interfaces/go2_interfaces/msg/detail/uwb_state__traits.hpp
[1.479s] -- Up-to-date symlink: /home/ming/ros2_ws/install/go2_interfaces/include/go2_interfaces/go2_interfaces/msg/detail/uwb_state__type_support.hpp
[1.479s] -- Up-to-date symlink: /home/ming/ros2_ws/install/go2_interfaces/include/go2_interfaces/go2_interfaces/msg/detail/uwb_switch__builder.hpp
[1.479s] -- Up-to-date symlink: /home/ming/ros2_ws/install/go2_interfaces/include/go2_interfaces/go2_interfaces/msg/detail/uwb_switch__struct.hpp
[1.479s] -- Up-to-date symlink: /home/ming/ros2_ws/install/go2_interfaces/include/go2_interfaces/go2_interfaces/msg/detail/uwb_switch__traits.hpp
[1.480s] -- Up-to-date symlink: /home/ming/ros2_ws/install/go2_interfaces/include/go2_interfaces/go2_interfaces/msg/detail/uwb_switch__type_support.hpp
[1.480s] -- Up-to-date symlink: /home/ming/ros2_ws/install/go2_interfaces/include/go2_interfaces/go2_interfaces/msg/detail/voxel_height_map_state__builder.hpp
[1.480s] -- Up-to-date symlink: /home/ming/ros2_ws/install/go2_interfaces/include/go2_interfaces/go2_interfaces/msg/detail/voxel_height_map_state__struct.hpp
[1.480s] -- Up-to-date symlink: /home/ming/ros2_ws/install/go2_interfaces/include/go2_interfaces/go2_interfaces/msg/detail/voxel_height_map_state__traits.hpp
[1.480s] -- Up-to-date symlink: /home/ming/ros2_ws/install/go2_interfaces/include/go2_interfaces/go2_interfaces/msg/detail/voxel_height_map_state__type_support.hpp
[1.480s] -- Up-to-date symlink: /home/ming/ros2_ws/install/go2_interfaces/include/go2_interfaces/go2_interfaces/msg/detail/voxel_map_compressed__builder.hpp
[1.481s] -- Up-to-date symlink: /home/ming/ros2_ws/install/go2_interfaces/include/go2_interfaces/go2_interfaces/msg/detail/voxel_map_compressed__struct.hpp
[1.481s] -- Up-to-date symlink: /home/ming/ros2_ws/install/go2_interfaces/include/go2_interfaces/go2_interfaces/msg/detail/voxel_map_compressed__traits.hpp
[1.481s] -- Up-to-date symlink: /home/ming/ros2_ws/install/go2_interfaces/include/go2_interfaces/go2_interfaces/msg/detail/voxel_map_compressed__type_support.hpp
[1.481s] -- Up-to-date symlink: /home/ming/ros2_ws/install/go2_interfaces/include/go2_interfaces/go2_interfaces/msg/detail/web_rtc_req__builder.hpp
[1.481s] -- Up-to-date symlink: /home/ming/ros2_ws/install/go2_interfaces/include/go2_interfaces/go2_interfaces/msg/detail/web_rtc_req__struct.hpp
[1.481s] -- Up-to-date symlink: /home/ming/ros2_ws/install/go2_interfaces/include/go2_interfaces/go2_interfaces/msg/detail/web_rtc_req__traits.hpp
[1.482s] -- Up-to-date symlink: /home/ming/ros2_ws/install/go2_interfaces/include/go2_interfaces/go2_interfaces/msg/detail/web_rtc_req__type_support.hpp
[1.482s] -- Up-to-date symlink: /home/ming/ros2_ws/install/go2_interfaces/include/go2_interfaces/go2_interfaces/msg/detail/wireless_controller__builder.hpp
[1.482s] -- Up-to-date symlink: /home/ming/ros2_ws/install/go2_interfaces/include/go2_interfaces/go2_interfaces/msg/detail/wireless_controller__struct.hpp
[1.482s] -- Up-to-date symlink: /home/ming/ros2_ws/install/go2_interfaces/include/go2_interfaces/go2_interfaces/msg/detail/wireless_controller__traits.hpp
[1.482s] -- Up-to-date symlink: /home/ming/ros2_ws/install/go2_interfaces/include/go2_interfaces/go2_interfaces/msg/detail/wireless_controller__type_support.hpp
[1.482s] -- Up-to-date symlink: /home/ming/ros2_ws/install/go2_interfaces/include/go2_interfaces/go2_interfaces/msg/error.hpp
[1.483s] -- Up-to-date symlink: /home/ming/ros2_ws/install/go2_interfaces/include/go2_interfaces/go2_interfaces/msg/go2_cmd.hpp
[1.483s] -- Up-to-date symlink: /home/ming/ros2_ws/install/go2_interfaces/include/go2_interfaces/go2_interfaces/msg/go2_front_video_data.hpp
[1.483s] -- Up-to-date symlink: /home/ming/ros2_ws/install/go2_interfaces/include/go2_interfaces/go2_interfaces/msg/go2_move.hpp
[1.483s] -- Up-to-date symlink: /home/ming/ros2_ws/install/go2_interfaces/include/go2_interfaces/go2_interfaces/msg/go2_rpy_cmd.hpp
[1.483s] -- Up-to-date symlink: /home/ming/ros2_ws/install/go2_interfaces/include/go2_interfaces/go2_interfaces/msg/go2_state.hpp
[1.483s] -- Up-to-date symlink: /home/ming/ros2_ws/install/go2_interfaces/include/go2_interfaces/go2_interfaces/msg/height_map.hpp
[1.483s] -- Up-to-date symlink: /home/ming/ros2_ws/install/go2_interfaces/include/go2_interfaces/go2_interfaces/msg/imu.hpp
[1.484s] -- Up-to-date symlink: /home/ming/ros2_ws/install/go2_interfaces/include/go2_interfaces/go2_interfaces/msg/interface_config.hpp
[1.484s] -- Up-to-date symlink: /home/ming/ros2_ws/install/go2_interfaces/include/go2_interfaces/go2_interfaces/msg/lidar_state.hpp
[1.484s] -- Up-to-date symlink: /home/ming/ros2_ws/install/go2_interfaces/include/go2_interfaces/go2_interfaces/msg/low_cmd.hpp
[1.484s] -- Up-to-date symlink: /home/ming/ros2_ws/install/go2_interfaces/include/go2_interfaces/go2_interfaces/msg/low_state.hpp
[1.484s] -- Up-to-date symlink: /home/ming/ros2_ws/install/go2_interfaces/include/go2_interfaces/go2_interfaces/msg/motor_cmd.hpp
[1.484s] -- Up-to-date symlink: /home/ming/ros2_ws/install/go2_interfaces/include/go2_interfaces/go2_interfaces/msg/motor_cmds.hpp
[1.485s] -- Up-to-date symlink: /home/ming/ros2_ws/install/go2_interfaces/include/go2_interfaces/go2_interfaces/msg/motor_state.hpp
[1.485s] -- Up-to-date symlink: /home/ming/ros2_ws/install/go2_interfaces/include/go2_interfaces/go2_interfaces/msg/motor_states.hpp
[1.485s] -- Up-to-date symlink: /home/ming/ros2_ws/install/go2_interfaces/include/go2_interfaces/go2_interfaces/msg/path_point.hpp
[1.485s] -- Up-to-date symlink: /home/ming/ros2_ws/install/go2_interfaces/include/go2_interfaces/go2_interfaces/msg/req.hpp
[1.485s] -- Up-to-date symlink: /home/ming/ros2_ws/install/go2_interfaces/include/go2_interfaces/go2_interfaces/msg/res.hpp
[1.485s] -- Up-to-date symlink: /home/ming/ros2_ws/install/go2_interfaces/include/go2_interfaces/go2_interfaces/msg/rosidl_generator_cpp__visibility_control.hpp
[1.485s] -- Up-to-date symlink: /home/ming/ros2_ws/install/go2_interfaces/include/go2_interfaces/go2_interfaces/msg/sport_mode_cmd.hpp
[1.485s] -- Up-to-date symlink: /home/ming/ros2_ws/install/go2_interfaces/include/go2_interfaces/go2_interfaces/msg/sport_mode_state.hpp
[1.486s] -- Up-to-date symlink: /home/ming/ros2_ws/install/go2_interfaces/include/go2_interfaces/go2_interfaces/msg/time_spec.hpp
[1.486s] -- Up-to-date symlink: /home/ming/ros2_ws/install/go2_interfaces/include/go2_interfaces/go2_interfaces/msg/uwb_state.hpp
[1.486s] -- Up-to-date symlink: /home/ming/ros2_ws/install/go2_interfaces/include/go2_interfaces/go2_interfaces/msg/uwb_switch.hpp
[1.486s] -- Up-to-date symlink: /home/ming/ros2_ws/install/go2_interfaces/include/go2_interfaces/go2_interfaces/msg/voxel_height_map_state.hpp
[1.486s] -- Up-to-date symlink: /home/ming/ros2_ws/install/go2_interfaces/include/go2_interfaces/go2_interfaces/msg/voxel_map_compressed.hpp
[1.486s] -- Up-to-date symlink: /home/ming/ros2_ws/install/go2_interfaces/include/go2_interfaces/go2_interfaces/msg/web_rtc_req.hpp
[1.486s] -- Up-to-date symlink: /home/ming/ros2_ws/install/go2_interfaces/include/go2_interfaces/go2_interfaces/msg/wireless_controller.hpp
[1.487s] -- Up-to-date symlink: /home/ming/ros2_ws/install/go2_interfaces/include/go2_interfaces/go2_interfaces/msg/detail/audio_data__rosidl_typesupport_fastrtps_cpp.hpp
[1.487s] -- Up-to-date symlink: /home/ming/ros2_ws/install/go2_interfaces/include/go2_interfaces/go2_interfaces/msg/detail/bms_cmd__rosidl_typesupport_fastrtps_cpp.hpp
[1.488s] -- Up-to-date symlink: /home/ming/ros2_ws/install/go2_interfaces/include/go2_interfaces/go2_interfaces/msg/detail/bms_state__rosidl_typesupport_fastrtps_cpp.hpp
[1.488s] -- Up-to-date symlink: /home/ming/ros2_ws/install/go2_interfaces/include/go2_interfaces/go2_interfaces/msg/detail/error__rosidl_typesupport_fastrtps_cpp.hpp
[1.488s] -- Up-to-date symlink: /home/ming/ros2_ws/install/go2_interfaces/include/go2_interfaces/go2_interfaces/msg/detail/go2_cmd__rosidl_typesupport_fastrtps_cpp.hpp
[1.488s] -- Up-to-date symlink: /home/ming/ros2_ws/install/go2_interfaces/include/go2_interfaces/go2_interfaces/msg/detail/go2_front_video_data__rosidl_typesupport_fastrtps_cpp.hpp
[1.488s] -- Up-to-date symlink: /home/ming/ros2_ws/install/go2_interfaces/include/go2_interfaces/go2_interfaces/msg/detail/go2_move__rosidl_typesupport_fastrtps_cpp.hpp
[1.489s] -- Up-to-date symlink: /home/ming/ros2_ws/install/go2_interfaces/include/go2_interfaces/go2_interfaces/msg/detail/go2_rpy_cmd__rosidl_typesupport_fastrtps_cpp.hpp
[1.489s] -- Up-to-date symlink: /home/ming/ros2_ws/install/go2_interfaces/include/go2_interfaces/go2_interfaces/msg/detail/go2_state__rosidl_typesupport_fastrtps_cpp.hpp
[1.489s] -- Up-to-date symlink: /home/ming/ros2_ws/install/go2_interfaces/include/go2_interfaces/go2_interfaces/msg/detail/height_map__rosidl_typesupport_fastrtps_cpp.hpp
[1.489s] -- Up-to-date symlink: /home/ming/ros2_ws/install/go2_interfaces/include/go2_interfaces/go2_interfaces/msg/detail/imu__rosidl_typesupport_fastrtps_cpp.hpp
[1.492s] -- Up-to-date symlink: /home/ming/ros2_ws/install/go2_interfaces/include/go2_interfaces/go2_interfaces/msg/detail/interface_config__rosidl_typesupport_fastrtps_cpp.hpp
[1.492s] -- Up-to-date symlink: /home/ming/ros2_ws/install/go2_interfaces/include/go2_interfaces/go2_interfaces/msg/detail/lidar_state__rosidl_typesupport_fastrtps_cpp.hpp
[1.492s] -- Up-to-date symlink: /home/ming/ros2_ws/install/go2_interfaces/include/go2_interfaces/go2_interfaces/msg/detail/low_cmd__rosidl_typesupport_fastrtps_cpp.hpp
[1.493s] -- Up-to-date symlink: /home/ming/ros2_ws/install/go2_interfaces/include/go2_interfaces/go2_interfaces/msg/detail/low_state__rosidl_typesupport_fastrtps_cpp.hpp
[1.493s] -- Up-to-date symlink: /home/ming/ros2_ws/install/go2_interfaces/include/go2_interfaces/go2_interfaces/msg/detail/motor_cmd__rosidl_typesupport_fastrtps_cpp.hpp
[1.493s] -- Up-to-date symlink: /home/ming/ros2_ws/install/go2_interfaces/include/go2_interfaces/go2_interfaces/msg/detail/motor_cmds__rosidl_typesupport_fastrtps_cpp.hpp
[1.493s] -- Up-to-date symlink: /home/ming/ros2_ws/install/go2_interfaces/include/go2_interfaces/go2_interfaces/msg/detail/motor_state__rosidl_typesupport_fastrtps_cpp.hpp
[1.493s] -- Up-to-date symlink: /home/ming/ros2_ws/install/go2_interfaces/include/go2_interfaces/go2_interfaces/msg/detail/motor_states__rosidl_typesupport_fastrtps_cpp.hpp
[1.493s] -- Up-to-date symlink: /home/ming/ros2_ws/install/go2_interfaces/include/go2_interfaces/go2_interfaces/msg/detail/path_point__rosidl_typesupport_fastrtps_cpp.hpp
[1.494s] -- Up-to-date symlink: /home/ming/ros2_ws/install/go2_interfaces/include/go2_interfaces/go2_interfaces/msg/detail/req__rosidl_typesupport_fastrtps_cpp.hpp
[1.494s] -- Up-to-date symlink: /home/ming/ros2_ws/install/go2_interfaces/include/go2_interfaces/go2_interfaces/msg/detail/res__rosidl_typesupport_fastrtps_cpp.hpp
[1.494s] -- Up-to-date symlink: /home/ming/ros2_ws/install/go2_interfaces/include/go2_interfaces/go2_interfaces/msg/detail/sport_mode_cmd__rosidl_typesupport_fastrtps_cpp.hpp
[1.494s] -- Up-to-date symlink: /home/ming/ros2_ws/install/go2_interfaces/include/go2_interfaces/go2_interfaces/msg/detail/sport_mode_state__rosidl_typesupport_fastrtps_cpp.hpp
[1.494s] -- Up-to-date symlink: /home/ming/ros2_ws/install/go2_interfaces/include/go2_interfaces/go2_interfaces/msg/detail/time_spec__rosidl_typesupport_fastrtps_cpp.hpp
[1.494s] -- Up-to-date symlink: /home/ming/ros2_ws/install/go2_interfaces/include/go2_interfaces/go2_interfaces/msg/detail/uwb_state__rosidl_typesupport_fastrtps_cpp.hpp
[1.494s] -- Up-to-date symlink: /home/ming/ros2_ws/install/go2_interfaces/include/go2_interfaces/go2_interfaces/msg/detail/uwb_switch__rosidl_typesupport_fastrtps_cpp.hpp
[1.494s] -- Up-to-date symlink: /home/ming/ros2_ws/install/go2_interfaces/include/go2_interfaces/go2_interfaces/msg/detail/voxel_height_map_state__rosidl_typesupport_fastrtps_cpp.hpp
[1.494s] -- Up-to-date symlink: /home/ming/ros2_ws/install/go2_interfaces/include/go2_interfaces/go2_interfaces/msg/detail/voxel_map_compressed__rosidl_typesupport_fastrtps_cpp.hpp
[1.495s] -- Up-to-date symlink: /home/ming/ros2_ws/install/go2_interfaces/include/go2_interfaces/go2_interfaces/msg/detail/web_rtc_req__rosidl_typesupport_fastrtps_cpp.hpp
[1.495s] -- Up-to-date symlink: /home/ming/ros2_ws/install/go2_interfaces/include/go2_interfaces/go2_interfaces/msg/detail/wireless_controller__rosidl_typesupport_fastrtps_cpp.hpp
[1.495s] -- Up-to-date symlink: /home/ming/ros2_ws/install/go2_interfaces/include/go2_interfaces/go2_interfaces/msg/rosidl_typesupport_fastrtps_cpp__visibility_control.h
[1.495s] -- Up-to-date symlink: /home/ming/ros2_ws/install/go2_interfaces/include/go2_interfaces/go2_interfaces/msg/detail/audio_data__rosidl_typesupport_introspection_c.h
[1.495s] -- Up-to-date symlink: /home/ming/ros2_ws/install/go2_interfaces/include/go2_interfaces/go2_interfaces/msg/detail/bms_cmd__rosidl_typesupport_introspection_c.h
[1.495s] -- Up-to-date symlink: /home/ming/ros2_ws/install/go2_interfaces/include/go2_interfaces/go2_interfaces/msg/detail/bms_state__rosidl_typesupport_introspection_c.h
[1.495s] -- Up-to-date symlink: /home/ming/ros2_ws/install/go2_interfaces/include/go2_interfaces/go2_interfaces/msg/detail/error__rosidl_typesupport_introspection_c.h
[1.496s] -- Up-to-date symlink: /home/ming/ros2_ws/install/go2_interfaces/include/go2_interfaces/go2_interfaces/msg/detail/go2_cmd__rosidl_typesupport_introspection_c.h
[1.496s] -- Up-to-date symlink: /home/ming/ros2_ws/install/go2_interfaces/include/go2_interfaces/go2_interfaces/msg/detail/go2_front_video_data__rosidl_typesupport_introspection_c.h
[1.496s] -- Up-to-date symlink: /home/ming/ros2_ws/install/go2_interfaces/include/go2_interfaces/go2_interfaces/msg/detail/go2_move__rosidl_typesupport_introspection_c.h
[1.496s] -- Up-to-date symlink: /home/ming/ros2_ws/install/go2_interfaces/include/go2_interfaces/go2_interfaces/msg/detail/go2_rpy_cmd__rosidl_typesupport_introspection_c.h
[1.496s] -- Up-to-date symlink: /home/ming/ros2_ws/install/go2_interfaces/include/go2_interfaces/go2_interfaces/msg/detail/go2_state__rosidl_typesupport_introspection_c.h
[1.496s] -- Up-to-date symlink: /home/ming/ros2_ws/install/go2_interfaces/include/go2_interfaces/go2_interfaces/msg/detail/height_map__rosidl_typesupport_introspection_c.h
[1.497s] -- Up-to-date symlink: /home/ming/ros2_ws/install/go2_interfaces/include/go2_interfaces/go2_interfaces/msg/detail/imu__rosidl_typesupport_introspection_c.h
[1.497s] -- Up-to-date symlink: /home/ming/ros2_ws/install/go2_interfaces/include/go2_interfaces/go2_interfaces/msg/detail/interface_config__rosidl_typesupport_introspection_c.h
[1.497s] -- Up-to-date symlink: /home/ming/ros2_ws/install/go2_interfaces/include/go2_interfaces/go2_interfaces/msg/detail/lidar_state__rosidl_typesupport_introspection_c.h
[1.497s] -- Up-to-date symlink: /home/ming/ros2_ws/install/go2_interfaces/include/go2_interfaces/go2_interfaces/msg/detail/low_cmd__rosidl_typesupport_introspection_c.h
[1.497s] -- Up-to-date symlink: /home/ming/ros2_ws/install/go2_interfaces/include/go2_interfaces/go2_interfaces/msg/detail/low_state__rosidl_typesupport_introspection_c.h
[1.498s] -- Up-to-date symlink: /home/ming/ros2_ws/install/go2_interfaces/include/go2_interfaces/go2_interfaces/msg/detail/motor_cmd__rosidl_typesupport_introspection_c.h
[1.498s] -- Up-to-date symlink: /home/ming/ros2_ws/install/go2_interfaces/include/go2_interfaces/go2_interfaces/msg/detail/motor_cmds__rosidl_typesupport_introspection_c.h
[1.498s] -- Up-to-date symlink: /home/ming/ros2_ws/install/go2_interfaces/include/go2_interfaces/go2_interfaces/msg/detail/motor_state__rosidl_typesupport_introspection_c.h
[1.498s] -- Up-to-date symlink: /home/ming/ros2_ws/install/go2_interfaces/include/go2_interfaces/go2_interfaces/msg/detail/motor_states__rosidl_typesupport_introspection_c.h
[1.498s] -- Up-to-date symlink: /home/ming/ros2_ws/install/go2_interfaces/include/go2_interfaces/go2_interfaces/msg/detail/path_point__rosidl_typesupport_introspection_c.h
[1.498s] -- Up-to-date symlink: /home/ming/ros2_ws/install/go2_interfaces/include/go2_interfaces/go2_interfaces/msg/detail/req__rosidl_typesupport_introspection_c.h
[1.499s] -- Up-to-date symlink: /home/ming/ros2_ws/install/go2_interfaces/include/go2_interfaces/go2_interfaces/msg/detail/res__rosidl_typesupport_introspection_c.h
[1.499s] -- Up-to-date symlink: /home/ming/ros2_ws/install/go2_interfaces/include/go2_interfaces/go2_interfaces/msg/detail/sport_mode_cmd__rosidl_typesupport_introspection_c.h
[1.499s] -- Up-to-date symlink: /home/ming/ros2_ws/install/go2_interfaces/include/go2_interfaces/go2_interfaces/msg/detail/sport_mode_state__rosidl_typesupport_introspection_c.h
[1.499s] -- Up-to-date symlink: /home/ming/ros2_ws/install/go2_interfaces/include/go2_interfaces/go2_interfaces/msg/detail/time_spec__rosidl_typesupport_introspection_c.h
[1.499s] -- Up-to-date symlink: /home/ming/ros2_ws/install/go2_interfaces/include/go2_interfaces/go2_interfaces/msg/detail/uwb_state__rosidl_typesupport_introspection_c.h
[1.499s] -- Up-to-date symlink: /home/ming/ros2_ws/install/go2_interfaces/include/go2_interfaces/go2_interfaces/msg/detail/uwb_switch__rosidl_typesupport_introspection_c.h
[1.500s] -- Up-to-date symlink: /home/ming/ros2_ws/install/go2_interfaces/include/go2_interfaces/go2_interfaces/msg/detail/voxel_height_map_state__rosidl_typesupport_introspection_c.h
[1.500s] -- Up-to-date symlink: /home/ming/ros2_ws/install/go2_interfaces/include/go2_interfaces/go2_interfaces/msg/detail/voxel_map_compressed__rosidl_typesupport_introspection_c.h
[1.500s] -- Up-to-date symlink: /home/ming/ros2_ws/install/go2_interfaces/include/go2_interfaces/go2_interfaces/msg/detail/web_rtc_req__rosidl_typesupport_introspection_c.h
[1.500s] -- Up-to-date symlink: /home/ming/ros2_ws/install/go2_interfaces/include/go2_interfaces/go2_interfaces/msg/detail/wireless_controller__rosidl_typesupport_introspection_c.h
[1.500s] -- Up-to-date symlink: /home/ming/ros2_ws/install/go2_interfaces/include/go2_interfaces/go2_interfaces/msg/rosidl_typesupport_introspection_c__visibility_control.h
[1.502s] -- Up-to-date symlink: /home/ming/ros2_ws/install/go2_interfaces/include/go2_interfaces/go2_interfaces/msg/detail/audio_data__rosidl_typesupport_introspection_cpp.hpp
[1.502s] -- Up-to-date symlink: /home/ming/ros2_ws/install/go2_interfaces/include/go2_interfaces/go2_interfaces/msg/detail/bms_cmd__rosidl_typesupport_introspection_cpp.hpp
[1.502s] -- Up-to-date symlink: /home/ming/ros2_ws/install/go2_interfaces/include/go2_interfaces/go2_interfaces/msg/detail/bms_state__rosidl_typesupport_introspection_cpp.hpp
[1.502s] -- Up-to-date symlink: /home/ming/ros2_ws/install/go2_interfaces/include/go2_interfaces/go2_interfaces/msg/detail/error__rosidl_typesupport_introspection_cpp.hpp
[1.502s] -- Up-to-date symlink: /home/ming/ros2_ws/install/go2_interfaces/include/go2_interfaces/go2_interfaces/msg/detail/go2_cmd__rosidl_typesupport_introspection_cpp.hpp
[1.503s] -- Up-to-date symlink: /home/ming/ros2_ws/install/go2_interfaces/include/go2_interfaces/go2_interfaces/msg/detail/go2_front_video_data__rosidl_typesupport_introspection_cpp.hpp
[1.503s] -- Up-to-date symlink: /home/ming/ros2_ws/install/go2_interfaces/include/go2_interfaces/go2_interfaces/msg/detail/go2_move__rosidl_typesupport_introspection_cpp.hpp
[1.503s] -- Up-to-date symlink: /home/ming/ros2_ws/install/go2_interfaces/include/go2_interfaces/go2_interfaces/msg/detail/go2_rpy_cmd__rosidl_typesupport_introspection_cpp.hpp
[1.503s] -- Up-to-date symlink: /home/ming/ros2_ws/install/go2_interfaces/include/go2_interfaces/go2_interfaces/msg/detail/go2_state__rosidl_typesupport_introspection_cpp.hpp
[1.503s] -- Up-to-date symlink: /home/ming/ros2_ws/install/go2_interfaces/include/go2_interfaces/go2_interfaces/msg/detail/height_map__rosidl_typesupport_introspection_cpp.hpp
[1.503s] -- Up-to-date symlink: /home/ming/ros2_ws/install/go2_interfaces/include/go2_interfaces/go2_interfaces/msg/detail/imu__rosidl_typesupport_introspection_cpp.hpp
[1.504s] -- Up-to-date symlink: /home/ming/ros2_ws/install/go2_interfaces/include/go2_interfaces/go2_interfaces/msg/detail/interface_config__rosidl_typesupport_introspection_cpp.hpp
[1.504s] -- Up-to-date symlink: /home/ming/ros2_ws/install/go2_interfaces/include/go2_interfaces/go2_interfaces/msg/detail/lidar_state__rosidl_typesupport_introspection_cpp.hpp
[1.504s] -- Up-to-date symlink: /home/ming/ros2_ws/install/go2_interfaces/include/go2_interfaces/go2_interfaces/msg/detail/low_cmd__rosidl_typesupport_introspection_cpp.hpp
[1.504s] -- Up-to-date symlink: /home/ming/ros2_ws/install/go2_interfaces/include/go2_interfaces/go2_interfaces/msg/detail/low_state__rosidl_typesupport_introspection_cpp.hpp
[1.505s] -- Up-to-date symlink: /home/ming/ros2_ws/install/go2_interfaces/include/go2_interfaces/go2_interfaces/msg/detail/motor_cmd__rosidl_typesupport_introspection_cpp.hpp
[1.505s] -- Up-to-date symlink: /home/ming/ros2_ws/install/go2_interfaces/include/go2_interfaces/go2_interfaces/msg/detail/motor_cmds__rosidl_typesupport_introspection_cpp.hpp
[1.505s] -- Up-to-date symlink: /home/ming/ros2_ws/install/go2_interfaces/include/go2_interfaces/go2_interfaces/msg/detail/motor_state__rosidl_typesupport_introspection_cpp.hpp
[1.505s] -- Up-to-date symlink: /home/ming/ros2_ws/install/go2_interfaces/include/go2_interfaces/go2_interfaces/msg/detail/motor_states__rosidl_typesupport_introspection_cpp.hpp
[1.506s] -- Up-to-date symlink: /home/ming/ros2_ws/install/go2_interfaces/include/go2_interfaces/go2_interfaces/msg/detail/path_point__rosidl_typesupport_introspection_cpp.hpp
[1.506s] -- Up-to-date symlink: /home/ming/ros2_ws/install/go2_interfaces/include/go2_interfaces/go2_interfaces/msg/detail/req__rosidl_typesupport_introspection_cpp.hpp
[1.506s] -- Up-to-date symlink: /home/ming/ros2_ws/install/go2_interfaces/include/go2_interfaces/go2_interfaces/msg/detail/res__rosidl_typesupport_introspection_cpp.hpp
[1.506s] -- Up-to-date symlink: /home/ming/ros2_ws/install/go2_interfaces/include/go2_interfaces/go2_interfaces/msg/detail/sport_mode_cmd__rosidl_typesupport_introspection_cpp.hpp
[1.506s] -- Up-to-date symlink: /home/ming/ros2_ws/install/go2_interfaces/include/go2_interfaces/go2_interfaces/msg/detail/sport_mode_state__rosidl_typesupport_introspection_cpp.hpp
[1.506s] -- Up-to-date symlink: /home/ming/ros2_ws/install/go2_interfaces/include/go2_interfaces/go2_interfaces/msg/detail/time_spec__rosidl_typesupport_introspection_cpp.hpp
[1.507s] -- Up-to-date symlink: /home/ming/ros2_ws/install/go2_interfaces/include/go2_interfaces/go2_interfaces/msg/detail/uwb_state__rosidl_typesupport_introspection_cpp.hpp
[1.507s] -- Up-to-date symlink: /home/ming/ros2_ws/install/go2_interfaces/include/go2_interfaces/go2_interfaces/msg/detail/uwb_switch__rosidl_typesupport_introspection_cpp.hpp
[1.507s] -- Up-to-date symlink: /home/ming/ros2_ws/install/go2_interfaces/include/go2_interfaces/go2_interfaces/msg/detail/voxel_height_map_state__rosidl_typesupport_introspection_cpp.hpp
[1.507s] -- Up-to-date symlink: /home/ming/ros2_ws/install/go2_interfaces/include/go2_interfaces/go2_interfaces/msg/detail/voxel_map_compressed__rosidl_typesupport_introspection_cpp.hpp
[1.507s] -- Up-to-date symlink: /home/ming/ros2_ws/install/go2_interfaces/include/go2_interfaces/go2_interfaces/msg/detail/web_rtc_req__rosidl_typesupport_introspection_cpp.hpp
[1.507s] -- Up-to-date symlink: /home/ming/ros2_ws/install/go2_interfaces/include/go2_interfaces/go2_interfaces/msg/detail/wireless_controller__rosidl_typesupport_introspection_cpp.hpp
[1.508s] -- Up-to-date symlink: /home/ming/ros2_ws/install/go2_interfaces/share/go2_interfaces/environment/pythonpath.sh
[1.508s] -- Up-to-date symlink: /home/ming/ros2_ws/install/go2_interfaces/share/go2_interfaces/environment/pythonpath.dsv
[1.508s] -- Up-to-date symlink: /home/ming/ros2_ws/install/go2_interfaces/local/lib/python3.10/dist-packages/go2_interfaces-0.0.0-py3.10.egg-info/PKG-INFO
[1.508s] -- Up-to-date symlink: /home/ming/ros2_ws/install/go2_interfaces/local/lib/python3.10/dist-packages/go2_interfaces-0.0.0-py3.10.egg-info/SOURCES.txt
[1.509s] -- Up-to-date symlink: /home/ming/ros2_ws/install/go2_interfaces/local/lib/python3.10/dist-packages/go2_interfaces-0.0.0-py3.10.egg-info/dependency_links.txt
[1.509s] -- Up-to-date symlink: /home/ming/ros2_ws/install/go2_interfaces/local/lib/python3.10/dist-packages/go2_interfaces-0.0.0-py3.10.egg-info/top_level.txt
[1.511s] -- Up-to-date symlink: /home/ming/ros2_ws/install/go2_interfaces/local/lib/python3.10/dist-packages/go2_interfaces/__init__.py
[1.512s] -- Up-to-date symlink: /home/ming/ros2_ws/install/go2_interfaces/local/lib/python3.10/dist-packages/go2_interfaces/_go2_interfaces_s.ep.rosidl_typesupport_c.c
[1.512s] -- Up-to-date symlink: /home/ming/ros2_ws/install/go2_interfaces/local/lib/python3.10/dist-packages/go2_interfaces/_go2_interfaces_s.ep.rosidl_typesupport_fastrtps_c.c
[1.512s] -- Up-to-date symlink: /home/ming/ros2_ws/install/go2_interfaces/local/lib/python3.10/dist-packages/go2_interfaces/_go2_interfaces_s.ep.rosidl_typesupport_introspection_c.c
[1.512s] -- Up-to-date symlink: /home/ming/ros2_ws/install/go2_interfaces/local/lib/python3.10/dist-packages/go2_interfaces/go2_interfaces_s__rosidl_typesupport_c.cpython-310-aarch64-linux-gnu.so
[1.512s] -- Up-to-date symlink: /home/ming/ros2_ws/install/go2_interfaces/local/lib/python3.10/dist-packages/go2_interfaces/go2_interfaces_s__rosidl_typesupport_fastrtps_c.cpython-310-aarch64-linux-gnu.so
[1.512s] -- Up-to-date symlink: /home/ming/ros2_ws/install/go2_interfaces/local/lib/python3.10/dist-packages/go2_interfaces/go2_interfaces_s__rosidl_typesupport_introspection_c.cpython-310-aarch64-linux-gnu.so
[1.513s] -- Up-to-date symlink: /home/ming/ros2_ws/install/go2_interfaces/local/lib/python3.10/dist-packages/go2_interfaces/libgo2_interfaces__rosidl_generator_py.so
[1.513s] -- Up-to-date symlink: /home/ming/ros2_ws/install/go2_interfaces/local/lib/python3.10/dist-packages/go2_interfaces/msg/__init__.py
[1.513s] -- Up-to-date symlink: /home/ming/ros2_ws/install/go2_interfaces/local/lib/python3.10/dist-packages/go2_interfaces/msg/_audio_data.py
[1.513s] -- Up-to-date symlink: /home/ming/ros2_ws/install/go2_interfaces/local/lib/python3.10/dist-packages/go2_interfaces/msg/_audio_data_s.c
[1.513s] -- Up-to-date symlink: /home/ming/ros2_ws/install/go2_interfaces/local/lib/python3.10/dist-packages/go2_interfaces/msg/_bms_cmd.py
[1.514s] -- Up-to-date symlink: /home/ming/ros2_ws/install/go2_interfaces/local/lib/python3.10/dist-packages/go2_interfaces/msg/_bms_cmd_s.c
[1.514s] -- Up-to-date symlink: /home/ming/ros2_ws/install/go2_interfaces/local/lib/python3.10/dist-packages/go2_interfaces/msg/_bms_state.py
[1.514s] -- Up-to-date symlink: /home/ming/ros2_ws/install/go2_interfaces/local/lib/python3.10/dist-packages/go2_interfaces/msg/_bms_state_s.c
[1.514s] -- Up-to-date symlink: /home/ming/ros2_ws/install/go2_interfaces/local/lib/python3.10/dist-packages/go2_interfaces/msg/_error.py
[1.514s] -- Up-to-date symlink: /home/ming/ros2_ws/install/go2_interfaces/local/lib/python3.10/dist-packages/go2_interfaces/msg/_error_s.c
[1.515s] -- Up-to-date symlink: /home/ming/ros2_ws/install/go2_interfaces/local/lib/python3.10/dist-packages/go2_interfaces/msg/_go2_cmd.py
[1.515s] -- Up-to-date symlink: /home/ming/ros2_ws/install/go2_interfaces/local/lib/python3.10/dist-packages/go2_interfaces/msg/_go2_cmd_s.c
[1.515s] -- Up-to-date symlink: /home/ming/ros2_ws/install/go2_interfaces/local/lib/python3.10/dist-packages/go2_interfaces/msg/_go2_front_video_data.py
[1.515s] -- Up-to-date symlink: /home/ming/ros2_ws/install/go2_interfaces/local/lib/python3.10/dist-packages/go2_interfaces/msg/_go2_front_video_data_s.c
[1.515s] -- Up-to-date symlink: /home/ming/ros2_ws/install/go2_interfaces/local/lib/python3.10/dist-packages/go2_interfaces/msg/_go2_move.py
[1.515s] -- Up-to-date symlink: /home/ming/ros2_ws/install/go2_interfaces/local/lib/python3.10/dist-packages/go2_interfaces/msg/_go2_move_s.c
[1.516s] -- Up-to-date symlink: /home/ming/ros2_ws/install/go2_interfaces/local/lib/python3.10/dist-packages/go2_interfaces/msg/_go2_rpy_cmd.py
[1.516s] -- Up-to-date symlink: /home/ming/ros2_ws/install/go2_interfaces/local/lib/python3.10/dist-packages/go2_interfaces/msg/_go2_rpy_cmd_s.c
[1.516s] -- Up-to-date symlink: /home/ming/ros2_ws/install/go2_interfaces/local/lib/python3.10/dist-packages/go2_interfaces/msg/_go2_state.py
[1.516s] -- Up-to-date symlink: /home/ming/ros2_ws/install/go2_interfaces/local/lib/python3.10/dist-packages/go2_interfaces/msg/_go2_state_s.c
[1.516s] -- Up-to-date symlink: /home/ming/ros2_ws/install/go2_interfaces/local/lib/python3.10/dist-packages/go2_interfaces/msg/_height_map.py
[1.517s] -- Up-to-date symlink: /home/ming/ros2_ws/install/go2_interfaces/local/lib/python3.10/dist-packages/go2_interfaces/msg/_height_map_s.c
[1.517s] -- Up-to-date symlink: /home/ming/ros2_ws/install/go2_interfaces/local/lib/python3.10/dist-packages/go2_interfaces/msg/_imu.py
[1.517s] -- Up-to-date symlink: /home/ming/ros2_ws/install/go2_interfaces/local/lib/python3.10/dist-packages/go2_interfaces/msg/_imu_s.c
[1.517s] -- Up-to-date symlink: /home/ming/ros2_ws/install/go2_interfaces/local/lib/python3.10/dist-packages/go2_interfaces/msg/_interface_config.py
[1.517s] -- Up-to-date symlink: /home/ming/ros2_ws/install/go2_interfaces/local/lib/python3.10/dist-packages/go2_interfaces/msg/_interface_config_s.c
[1.518s] -- Up-to-date symlink: /home/ming/ros2_ws/install/go2_interfaces/local/lib/python3.10/dist-packages/go2_interfaces/msg/_lidar_state.py
[1.518s] -- Up-to-date symlink: /home/ming/ros2_ws/install/go2_interfaces/local/lib/python3.10/dist-packages/go2_interfaces/msg/_lidar_state_s.c
[1.518s] -- Up-to-date symlink: /home/ming/ros2_ws/install/go2_interfaces/local/lib/python3.10/dist-packages/go2_interfaces/msg/_low_cmd.py
[1.518s] -- Up-to-date symlink: /home/ming/ros2_ws/install/go2_interfaces/local/lib/python3.10/dist-packages/go2_interfaces/msg/_low_cmd_s.c
[1.518s] -- Up-to-date symlink: /home/ming/ros2_ws/install/go2_interfaces/local/lib/python3.10/dist-packages/go2_interfaces/msg/_low_state.py
[1.519s] -- Up-to-date symlink: /home/ming/ros2_ws/install/go2_interfaces/local/lib/python3.10/dist-packages/go2_interfaces/msg/_low_state_s.c
[1.519s] -- Up-to-date symlink: /home/ming/ros2_ws/install/go2_interfaces/local/lib/python3.10/dist-packages/go2_interfaces/msg/_motor_cmd.py
[1.519s] -- Up-to-date symlink: /home/ming/ros2_ws/install/go2_interfaces/local/lib/python3.10/dist-packages/go2_interfaces/msg/_motor_cmd_s.c
[1.519s] -- Up-to-date symlink: /home/ming/ros2_ws/install/go2_interfaces/local/lib/python3.10/dist-packages/go2_interfaces/msg/_motor_cmds.py
[1.519s] -- Up-to-date symlink: /home/ming/ros2_ws/install/go2_interfaces/local/lib/python3.10/dist-packages/go2_interfaces/msg/_motor_cmds_s.c
[1.519s] -- Up-to-date symlink: /home/ming/ros2_ws/install/go2_interfaces/local/lib/python3.10/dist-packages/go2_interfaces/msg/_motor_state.py
[1.520s] -- Up-to-date symlink: /home/ming/ros2_ws/install/go2_interfaces/local/lib/python3.10/dist-packages/go2_interfaces/msg/_motor_state_s.c
[1.520s] -- Up-to-date symlink: /home/ming/ros2_ws/install/go2_interfaces/local/lib/python3.10/dist-packages/go2_interfaces/msg/_motor_states.py
[1.520s] -- Up-to-date symlink: /home/ming/ros2_ws/install/go2_interfaces/local/lib/python3.10/dist-packages/go2_interfaces/msg/_motor_states_s.c
[1.520s] -- Up-to-date symlink: /home/ming/ros2_ws/install/go2_interfaces/local/lib/python3.10/dist-packages/go2_interfaces/msg/_path_point.py
[1.520s] -- Up-to-date symlink: /home/ming/ros2_ws/install/go2_interfaces/local/lib/python3.10/dist-packages/go2_interfaces/msg/_path_point_s.c
[1.521s] -- Up-to-date symlink: /home/ming/ros2_ws/install/go2_interfaces/local/lib/python3.10/dist-packages/go2_interfaces/msg/_req.py
[1.521s] -- Up-to-date symlink: /home/ming/ros2_ws/install/go2_interfaces/local/lib/python3.10/dist-packages/go2_interfaces/msg/_req_s.c
[1.521s] -- Up-to-date symlink: /home/ming/ros2_ws/install/go2_interfaces/local/lib/python3.10/dist-packages/go2_interfaces/msg/_res.py
[1.521s] -- Up-to-date symlink: /home/ming/ros2_ws/install/go2_interfaces/local/lib/python3.10/dist-packages/go2_interfaces/msg/_res_s.c
[1.521s] -- Up-to-date symlink: /home/ming/ros2_ws/install/go2_interfaces/local/lib/python3.10/dist-packages/go2_interfaces/msg/_sport_mode_cmd.py
[1.522s] -- Up-to-date symlink: /home/ming/ros2_ws/install/go2_interfaces/local/lib/python3.10/dist-packages/go2_interfaces/msg/_sport_mode_cmd_s.c
[1.522s] -- Up-to-date symlink: /home/ming/ros2_ws/install/go2_interfaces/local/lib/python3.10/dist-packages/go2_interfaces/msg/_sport_mode_state.py
[1.523s] -- Up-to-date symlink: /home/ming/ros2_ws/install/go2_interfaces/local/lib/python3.10/dist-packages/go2_interfaces/msg/_sport_mode_state_s.c
[1.523s] -- Up-to-date symlink: /home/ming/ros2_ws/install/go2_interfaces/local/lib/python3.10/dist-packages/go2_interfaces/msg/_time_spec.py
[1.525s] -- Up-to-date symlink: /home/ming/ros2_ws/install/go2_interfaces/local/lib/python3.10/dist-packages/go2_interfaces/msg/_time_spec_s.c
[1.525s] -- Up-to-date symlink: /home/ming/ros2_ws/install/go2_interfaces/local/lib/python3.10/dist-packages/go2_interfaces/msg/_uwb_state.py
[1.526s] -- Up-to-date symlink: /home/ming/ros2_ws/install/go2_interfaces/local/lib/python3.10/dist-packages/go2_interfaces/msg/_uwb_state_s.c
[1.526s] -- Up-to-date symlink: /home/ming/ros2_ws/install/go2_interfaces/local/lib/python3.10/dist-packages/go2_interfaces/msg/_uwb_switch.py
[1.526s] -- Up-to-date symlink: /home/ming/ros2_ws/install/go2_interfaces/local/lib/python3.10/dist-packages/go2_interfaces/msg/_uwb_switch_s.c
[1.526s] -- Up-to-date symlink: /home/ming/ros2_ws/install/go2_interfaces/local/lib/python3.10/dist-packages/go2_interfaces/msg/_voxel_height_map_state.py
[1.526s] -- Up-to-date symlink: /home/ming/ros2_ws/install/go2_interfaces/local/lib/python3.10/dist-packages/go2_interfaces/msg/_voxel_height_map_state_s.c
[1.526s] -- Up-to-date symlink: /home/ming/ros2_ws/install/go2_interfaces/local/lib/python3.10/dist-packages/go2_interfaces/msg/_voxel_map_compressed.py
[1.526s] -- Up-to-date symlink: /home/ming/ros2_ws/install/go2_interfaces/local/lib/python3.10/dist-packages/go2_interfaces/msg/_voxel_map_compressed_s.c
[1.527s] -- Up-to-date symlink: /home/ming/ros2_ws/install/go2_interfaces/local/lib/python3.10/dist-packages/go2_interfaces/msg/_web_rtc_req.py
[1.527s] -- Up-to-date symlink: /home/ming/ros2_ws/install/go2_interfaces/local/lib/python3.10/dist-packages/go2_interfaces/msg/_web_rtc_req_s.c
[1.527s] -- Up-to-date symlink: /home/ming/ros2_ws/install/go2_interfaces/local/lib/python3.10/dist-packages/go2_interfaces/msg/_wireless_controller.py
[1.527s] -- Up-to-date symlink: /home/ming/ros2_ws/install/go2_interfaces/local/lib/python3.10/dist-packages/go2_interfaces/msg/_wireless_controller_s.c
[1.527s] -- Up-to-date symlink: /home/ming/ros2_ws/install/go2_interfaces/local/lib/python3.10/dist-packages/go2_interfaces/go2_interfaces_s__rosidl_typesupport_fastrtps_c.cpython-310-aarch64-linux-gnu.so
[1.527s] -- Up-to-date symlink: /home/ming/ros2_ws/install/go2_interfaces/local/lib/python3.10/dist-packages/go2_interfaces/go2_interfaces_s__rosidl_typesupport_introspection_c.cpython-310-aarch64-linux-gnu.so
[1.527s] -- Up-to-date symlink: /home/ming/ros2_ws/install/go2_interfaces/local/lib/python3.10/dist-packages/go2_interfaces/go2_interfaces_s__rosidl_typesupport_c.cpython-310-aarch64-linux-gnu.so
[1.528s] -- Up-to-date symlink: /home/ming/ros2_ws/install/go2_interfaces/share/go2_interfaces/msg/Go2Cmd.idl
[1.528s] -- Up-to-date symlink: /home/ming/ros2_ws/install/go2_interfaces/share/go2_interfaces/msg/Go2State.idl
[1.528s] -- Up-to-date symlink: /home/ming/ros2_ws/install/go2_interfaces/share/go2_interfaces/msg/Go2Move.idl
[1.528s] -- Up-to-date symlink: /home/ming/ros2_ws/install/go2_interfaces/share/go2_interfaces/msg/Go2RpyCmd.idl
[1.528s] -- Up-to-date symlink: /home/ming/ros2_ws/install/go2_interfaces/share/go2_interfaces/msg/IMU.idl
[1.528s] -- Up-to-date symlink: /home/ming/ros2_ws/install/go2_interfaces/share/go2_interfaces/msg/AudioData.idl
[1.529s] -- Up-to-date symlink: /home/ming/ros2_ws/install/go2_interfaces/share/go2_interfaces/msg/BmsCmd.idl
[1.529s] -- Up-to-date symlink: /home/ming/ros2_ws/install/go2_interfaces/share/go2_interfaces/msg/BmsState.idl
[1.529s] -- Up-to-date symlink: /home/ming/ros2_ws/install/go2_interfaces/share/go2_interfaces/msg/Error.idl
[1.529s] -- Up-to-date symlink: /home/ming/ros2_ws/install/go2_interfaces/share/go2_interfaces/msg/Go2FrontVideoData.idl
[1.530s] -- Up-to-date symlink: /home/ming/ros2_ws/install/go2_interfaces/share/go2_interfaces/msg/HeightMap.idl
[1.530s] -- Up-to-date symlink: /home/ming/ros2_ws/install/go2_interfaces/share/go2_interfaces/msg/InterfaceConfig.idl
[1.530s] -- Up-to-date symlink: /home/ming/ros2_ws/install/go2_interfaces/share/go2_interfaces/msg/LidarState.idl
[1.530s] -- Up-to-date symlink: /home/ming/ros2_ws/install/go2_interfaces/share/go2_interfaces/msg/LowCmd.idl
[1.531s] -- Up-to-date symlink: /home/ming/ros2_ws/install/go2_interfaces/share/go2_interfaces/msg/LowState.idl
[1.531s] -- Up-to-date symlink: /home/ming/ros2_ws/install/go2_interfaces/share/go2_interfaces/msg/MotorCmd.idl
[1.531s] -- Up-to-date symlink: /home/ming/ros2_ws/install/go2_interfaces/share/go2_interfaces/msg/MotorCmds.idl
[1.531s] -- Up-to-date symlink: /home/ming/ros2_ws/install/go2_interfaces/share/go2_interfaces/msg/MotorState.idl
[1.531s] -- Up-to-date symlink: /home/ming/ros2_ws/install/go2_interfaces/share/go2_interfaces/msg/MotorStates.idl
[1.532s] -- Up-to-date symlink: /home/ming/ros2_ws/install/go2_interfaces/share/go2_interfaces/msg/PathPoint.idl
[1.532s] -- Up-to-date symlink: /home/ming/ros2_ws/install/go2_interfaces/share/go2_interfaces/msg/Req.idl
[1.532s] -- Up-to-date symlink: /home/ming/ros2_ws/install/go2_interfaces/share/go2_interfaces/msg/Res.idl
[1.532s] -- Up-to-date symlink: /home/ming/ros2_ws/install/go2_interfaces/share/go2_interfaces/msg/SportModeCmd.idl
[1.533s] -- Up-to-date symlink: /home/ming/ros2_ws/install/go2_interfaces/share/go2_interfaces/msg/SportModeState.idl
[1.533s] -- Up-to-date symlink: /home/ming/ros2_ws/install/go2_interfaces/share/go2_interfaces/msg/TimeSpec.idl
[1.533s] -- Up-to-date symlink: /home/ming/ros2_ws/install/go2_interfaces/share/go2_interfaces/msg/UwbState.idl
[1.533s] -- Up-to-date symlink: /home/ming/ros2_ws/install/go2_interfaces/share/go2_interfaces/msg/UwbSwitch.idl
[1.534s] -- Up-to-date symlink: /home/ming/ros2_ws/install/go2_interfaces/share/go2_interfaces/msg/VoxelMapCompressed.idl
[1.534s] -- Up-to-date symlink: /home/ming/ros2_ws/install/go2_interfaces/share/go2_interfaces/msg/VoxelHeightMapState.idl
[1.534s] -- Up-to-date symlink: /home/ming/ros2_ws/install/go2_interfaces/share/go2_interfaces/msg/WebRtcReq.idl
[1.534s] -- Up-to-date symlink: /home/ming/ros2_ws/install/go2_interfaces/share/go2_interfaces/msg/WirelessController.idl
[1.535s] -- Up-to-date symlink: /home/ming/ros2_ws/install/go2_interfaces/share/go2_interfaces/msg/Go2Cmd.msg
[1.535s] -- Up-to-date symlink: /home/ming/ros2_ws/install/go2_interfaces/share/go2_interfaces/msg/Go2State.msg
[1.535s] -- Up-to-date symlink: /home/ming/ros2_ws/install/go2_interfaces/share/go2_interfaces/msg/Go2Move.msg
[1.535s] -- Up-to-date symlink: /home/ming/ros2_ws/install/go2_interfaces/share/go2_interfaces/msg/Go2RpyCmd.msg
[1.536s] -- Up-to-date symlink: /home/ming/ros2_ws/install/go2_interfaces/share/go2_interfaces/msg/IMU.msg
[1.536s] -- Up-to-date symlink: /home/ming/ros2_ws/install/go2_interfaces/share/go2_interfaces/msg/AudioData.msg
[1.536s] -- Up-to-date symlink: /home/ming/ros2_ws/install/go2_interfaces/share/go2_interfaces/msg/BmsCmd.msg
[1.536s] -- Up-to-date symlink: /home/ming/ros2_ws/install/go2_interfaces/share/go2_interfaces/msg/BmsState.msg
[1.536s] -- Up-to-date symlink: /home/ming/ros2_ws/install/go2_interfaces/share/go2_interfaces/msg/Error.msg
[1.537s] -- Up-to-date symlink: /home/ming/ros2_ws/install/go2_interfaces/share/go2_interfaces/msg/Go2FrontVideoData.msg
[1.537s] -- Up-to-date symlink: /home/ming/ros2_ws/install/go2_interfaces/share/go2_interfaces/msg/HeightMap.msg
[1.537s] -- Up-to-date symlink: /home/ming/ros2_ws/install/go2_interfaces/share/go2_interfaces/msg/InterfaceConfig.msg
[1.537s] -- Up-to-date symlink: /home/ming/ros2_ws/install/go2_interfaces/share/go2_interfaces/msg/LidarState.msg
[1.538s] -- Up-to-date symlink: /home/ming/ros2_ws/install/go2_interfaces/share/go2_interfaces/msg/LowCmd.msg
[1.538s] -- Up-to-date symlink: /home/ming/ros2_ws/install/go2_interfaces/share/go2_interfaces/msg/LowState.msg
[1.538s] -- Up-to-date symlink: /home/ming/ros2_ws/install/go2_interfaces/share/go2_interfaces/msg/MotorCmd.msg
[1.538s] -- Up-to-date symlink: /home/ming/ros2_ws/install/go2_interfaces/share/go2_interfaces/msg/MotorCmds.msg
[1.538s] -- Up-to-date symlink: /home/ming/ros2_ws/install/go2_interfaces/share/go2_interfaces/msg/MotorState.msg
[1.539s] -- Up-to-date symlink: /home/ming/ros2_ws/install/go2_interfaces/share/go2_interfaces/msg/MotorStates.msg
[1.539s] -- Up-to-date symlink: /home/ming/ros2_ws/install/go2_interfaces/share/go2_interfaces/msg/PathPoint.msg
[1.539s] -- Up-to-date symlink: /home/ming/ros2_ws/install/go2_interfaces/share/go2_interfaces/msg/Req.msg
[1.539s] -- Up-to-date symlink: /home/ming/ros2_ws/install/go2_interfaces/share/go2_interfaces/msg/Res.msg
[1.540s] -- Up-to-date symlink: /home/ming/ros2_ws/install/go2_interfaces/share/go2_interfaces/msg/SportModeCmd.msg
[1.540s] -- Up-to-date symlink: /home/ming/ros2_ws/install/go2_interfaces/share/go2_interfaces/msg/SportModeState.msg
[1.540s] -- Up-to-date symlink: /home/ming/ros2_ws/install/go2_interfaces/share/go2_interfaces/msg/TimeSpec.msg
[1.540s] -- Up-to-date symlink: /home/ming/ros2_ws/install/go2_interfaces/share/go2_interfaces/msg/UwbState.msg
[1.541s] -- Up-to-date symlink: /home/ming/ros2_ws/install/go2_interfaces/share/go2_interfaces/msg/UwbSwitch.msg
[1.541s] -- Up-to-date symlink: /home/ming/ros2_ws/install/go2_interfaces/share/go2_interfaces/msg/VoxelMapCompressed.msg
[1.541s] -- Up-to-date symlink: /home/ming/ros2_ws/install/go2_interfaces/share/go2_interfaces/msg/VoxelHeightMapState.msg
[1.541s] -- Up-to-date symlink: /home/ming/ros2_ws/install/go2_interfaces/share/go2_interfaces/msg/WebRtcReq.msg
[1.541s] -- Up-to-date symlink: /home/ming/ros2_ws/install/go2_interfaces/share/go2_interfaces/msg/WirelessController.msg
[1.542s] -- Up-to-date symlink: /home/ming/ros2_ws/install/go2_interfaces/share/ament_index/resource_index/package_run_dependencies/go2_interfaces
[1.542s] -- Up-to-date symlink: /home/ming/ros2_ws/install/go2_interfaces/share/ament_index/resource_index/parent_prefix_path/go2_interfaces
[1.542s] -- Up-to-date symlink: /home/ming/ros2_ws/install/go2_interfaces/share/go2_interfaces/environment/ament_prefix_path.sh
[1.542s] -- Up-to-date symlink: /home/ming/ros2_ws/install/go2_interfaces/share/go2_interfaces/environment/ament_prefix_path.dsv
[1.544s] -- Up-to-date symlink: /home/ming/ros2_ws/install/go2_interfaces/share/go2_interfaces/environment/path.sh
[1.544s] -- Up-to-date symlink: /home/ming/ros2_ws/install/go2_interfaces/share/go2_interfaces/environment/path.dsv
[1.544s] -- Up-to-date symlink: /home/ming/ros2_ws/install/go2_interfaces/share/go2_interfaces/local_setup.bash
[1.544s] -- Up-to-date symlink: /home/ming/ros2_ws/install/go2_interfaces/share/go2_interfaces/local_setup.sh
[1.544s] -- Up-to-date symlink: /home/ming/ros2_ws/install/go2_interfaces/share/go2_interfaces/local_setup.zsh
[1.544s] -- Up-to-date symlink: /home/ming/ros2_ws/install/go2_interfaces/share/go2_interfaces/local_setup.dsv
[1.545s] -- Symlinking: /home/ming/ros2_ws/install/go2_interfaces/share/go2_interfaces/package.dsv
[1.564s] -- Up-to-date symlink: /home/ming/ros2_ws/install/go2_interfaces/share/ament_index/resource_index/packages/go2_interfaces
[1.564s] -- Up-to-date symlink: /home/ming/ros2_ws/install/go2_interfaces/share/go2_interfaces/cmake/rosidl_cmake-extras.cmake
[1.565s] -- Up-to-date symlink: /home/ming/ros2_ws/install/go2_interfaces/share/go2_interfaces/cmake/ament_cmake_export_dependencies-extras.cmake
[1.565s] -- Up-to-date symlink: /home/ming/ros2_ws/install/go2_interfaces/share/go2_interfaces/cmake/ament_cmake_export_include_directories-extras.cmake
[1.565s] -- Up-to-date symlink: /home/ming/ros2_ws/install/go2_interfaces/share/go2_interfaces/cmake/ament_cmake_export_libraries-extras.cmake
[1.565s] -- Up-to-date symlink: /home/ming/ros2_ws/install/go2_interfaces/share/go2_interfaces/cmake/ament_cmake_export_targets-extras.cmake
[1.565s] -- Up-to-date symlink: /home/ming/ros2_ws/install/go2_interfaces/share/go2_interfaces/cmake/rosidl_cmake_export_typesupport_targets-extras.cmake
[1.566s] -- Up-to-date symlink: /home/ming/ros2_ws/install/go2_interfaces/share/go2_interfaces/cmake/rosidl_cmake_export_typesupport_libraries-extras.cmake
[1.566s] -- Up-to-date symlink: /home/ming/ros2_ws/install/go2_interfaces/share/go2_interfaces/cmake/go2_interfacesConfig.cmake
[1.566s] -- Up-to-date symlink: /home/ming/ros2_ws/install/go2_interfaces/share/go2_interfaces/cmake/go2_interfacesConfig-version.cmake
[1.566s] -- Up-to-date symlink: /home/ming/ros2_ws/install/go2_interfaces/share/go2_interfaces/package.xml
[1.567s] -- Up-to-date: /home/ming/ros2_ws/install/go2_interfaces/lib/libgo2_interfaces__rosidl_generator_c.so
[1.567s] -- Up-to-date: /home/ming/ros2_ws/install/go2_interfaces/lib/libgo2_interfaces__rosidl_typesupport_fastrtps_c.so
[1.567s] -- Up-to-date: /home/ming/ros2_ws/install/go2_interfaces/lib/libgo2_interfaces__rosidl_typesupport_fastrtps_cpp.so
[1.568s] -- Up-to-date: /home/ming/ros2_ws/install/go2_interfaces/lib/libgo2_interfaces__rosidl_typesupport_introspection_c.so
[1.568s] -- Up-to-date: /home/ming/ros2_ws/install/go2_interfaces/lib/libgo2_interfaces__rosidl_typesupport_c.so
[1.569s] -- Up-to-date: /home/ming/ros2_ws/install/go2_interfaces/lib/libgo2_interfaces__rosidl_typesupport_introspection_cpp.so
[1.569s] -- Up-to-date: /home/ming/ros2_ws/install/go2_interfaces/lib/libgo2_interfaces__rosidl_typesupport_cpp.so
[1.644s] Listing '/home/ming/ros2_ws/install/go2_interfaces/local/lib/python3.10/dist-packages/go2_interfaces'...
[1.644s] Listing '/home/ming/ros2_ws/install/go2_interfaces/local/lib/python3.10/dist-packages/go2_interfaces/msg'...
[1.652s] -- Up-to-date: /home/ming/ros2_ws/install/go2_interfaces/lib/libgo2_interfaces__rosidl_generator_py.so
[1.652s] -- Up-to-date: /home/ming/ros2_ws/install/go2_interfaces/share/go2_interfaces/cmake/export_go2_interfaces__rosidl_generator_cExport.cmake
[1.653s] -- Up-to-date: /home/ming/ros2_ws/install/go2_interfaces/share/go2_interfaces/cmake/export_go2_interfaces__rosidl_generator_cExport-noconfig.cmake
[1.653s] -- Up-to-date: /home/ming/ros2_ws/install/go2_interfaces/share/go2_interfaces/cmake/export_go2_interfaces__rosidl_typesupport_fastrtps_cExport.cmake
[1.653s] -- Up-to-date: /home/ming/ros2_ws/install/go2_interfaces/share/go2_interfaces/cmake/export_go2_interfaces__rosidl_typesupport_fastrtps_cExport-noconfig.cmake
[1.653s] -- Up-to-date: /home/ming/ros2_ws/install/go2_interfaces/share/go2_interfaces/cmake/export_go2_interfaces__rosidl_generator_cppExport.cmake
[1.653s] -- Up-to-date: /home/ming/ros2_ws/install/go2_interfaces/share/go2_interfaces/cmake/export_go2_interfaces__rosidl_typesupport_fastrtps_cppExport.cmake
[1.654s] -- Up-to-date: /home/ming/ros2_ws/install/go2_interfaces/share/go2_interfaces/cmake/export_go2_interfaces__rosidl_typesupport_fastrtps_cppExport-noconfig.cmake
[1.654s] -- Up-to-date: /home/ming/ros2_ws/install/go2_interfaces/share/go2_interfaces/cmake/go2_interfaces__rosidl_typesupport_introspection_cExport.cmake
[1.654s] -- Up-to-date: /home/ming/ros2_ws/install/go2_interfaces/share/go2_interfaces/cmake/go2_interfaces__rosidl_typesupport_introspection_cExport-noconfig.cmake
[1.654s] -- Up-to-date: /home/ming/ros2_ws/install/go2_interfaces/share/go2_interfaces/cmake/go2_interfaces__rosidl_typesupport_cExport.cmake
[1.654s] -- Up-to-date: /home/ming/ros2_ws/install/go2_interfaces/share/go2_interfaces/cmake/go2_interfaces__rosidl_typesupport_cExport-noconfig.cmake
[1.654s] -- Up-to-date: /home/ming/ros2_ws/install/go2_interfaces/share/go2_interfaces/cmake/go2_interfaces__rosidl_typesupport_introspection_cppExport.cmake
[1.655s] -- Up-to-date: /home/ming/ros2_ws/install/go2_interfaces/share/go2_interfaces/cmake/go2_interfaces__rosidl_typesupport_introspection_cppExport-noconfig.cmake
[1.655s] -- Up-to-date: /home/ming/ros2_ws/install/go2_interfaces/share/go2_interfaces/cmake/go2_interfaces__rosidl_typesupport_cppExport.cmake
[1.655s] -- Up-to-date: /home/ming/ros2_ws/install/go2_interfaces/share/go2_interfaces/cmake/go2_interfaces__rosidl_typesupport_cppExport-noconfig.cmake
[1.655s] -- Up-to-date: /home/ming/ros2_ws/install/go2_interfaces/share/go2_interfaces/cmake/export_go2_interfaces__rosidl_generator_pyExport.cmake
[1.655s] -- Up-to-date: /home/ming/ros2_ws/install/go2_interfaces/share/go2_interfaces/cmake/export_go2_interfaces__rosidl_generator_pyExport-noconfig.cmake
[1.661s] Invoked command in '/home/ming/ros2_ws/build/go2_interfaces' returned '0': CMAKE_PREFIX_PATH=${CMAKE_PREFIX_PATH}:/home/ming/ros2_ws/install/speech_processor:/home/ming/ros2_ws/install/lidar_processor:/home/ming/ros2_ws/install/go2_robot_sdk:/home/ming/ros2_ws/install/coco_detector:/opt/ros/humble PS1=(.venv) \[\e]0;\u@\h: \w\a\]${debian_chroot:+($debian_chroot)}\[\033[01;32m\]\u@\h\[\033[00m\]:\[\033[01;34m\]\w\[\033[00m\]\$ VIRTUAL_ENV_PROMPT=(.venv) /home/ming/go2_python_sdk/.venv/bin/cmake --install /home/ming/ros2_ws/build/go2_interfaces
