[3.060s] Invoking command in '/home/ming/ros2_ws/build/coco_detector': PYTHONPATH=/home/ming/ros2_ws/build/coco_detector/prefix_override:/usr/lib/python3/dist-packages/colcon_core/task/python/colcon_distutils_commands:/home/ming/ros2_ws/install/coco_detector/lib/python3.10/site-packages:${PYTHONPATH} /usr/bin/python3 -W ignore:setup.py install is deprecated -W ignore:easy_install command is deprecated setup.py develop --uninstall --editable --build-directory /home/ming/ros2_ws/build/coco_detector/build
[3.780s] running develop
[4.191s] Removing /home/ming/ros2_ws/install/coco_detector/lib/python3.10/site-packages/coco-detector.egg-link (link to .)
[4.307s] Invoked command in '/home/ming/ros2_ws/build/coco_detector' returned '0': PYTHONPATH=/home/ming/ros2_ws/build/coco_detector/prefix_override:/usr/lib/python3/dist-packages/colcon_core/task/python/colcon_distutils_commands:/home/ming/ros2_ws/install/coco_detector/lib/python3.10/site-packages:${PYTHONPATH} /usr/bin/python3 -W ignore:setup.py install is deprecated -W ignore:easy_install command is deprecated setup.py develop --uninstall --editable --build-directory /home/ming/ros2_ws/build/coco_detector/build
[4.308s] Invoking command in '/home/ming/ros2_ws/src/coco_detector': PYTHONPATH=/home/ming/ros2_ws/build/coco_detector/prefix_override:/usr/lib/python3/dist-packages/colcon_core/task/python/colcon_distutils_commands:/home/ming/ros2_ws/install/coco_detector/lib/python3.10/site-packages:${PYTHONPATH} /usr/bin/python3 -W ignore:setup.py install is deprecated -W ignore:easy_install command is deprecated setup.py egg_info --egg-base ../../build/coco_detector build --build-base /home/ming/ros2_ws/build/coco_detector/build install --record /home/ming/ros2_ws/build/coco_detector/install.log --single-version-externally-managed install_data --force
[4.943s] running egg_info
[4.947s] writing ../../build/coco_detector/coco_detector.egg-info/PKG-INFO
[4.950s] writing dependency_links to ../../build/coco_detector/coco_detector.egg-info/dependency_links.txt
[4.950s] writing entry points to ../../build/coco_detector/coco_detector.egg-info/entry_points.txt
[4.951s] writing requirements to ../../build/coco_detector/coco_detector.egg-info/requires.txt
[4.951s] writing top-level names to ../../build/coco_detector/coco_detector.egg-info/top_level.txt
[4.956s] reading manifest file '../../build/coco_detector/coco_detector.egg-info/SOURCES.txt'
[4.957s] writing manifest file '../../build/coco_detector/coco_detector.egg-info/SOURCES.txt'
[4.957s] running build
[4.958s] running build_py
[4.958s] creating /home/ming/ros2_ws/build/coco_detector/build
[4.958s] creating /home/ming/ros2_ws/build/coco_detector/build/lib
[4.958s] creating /home/ming/ros2_ws/build/coco_detector/build/lib/coco_detector
[4.958s] copying coco_detector/coco_detector_node.py -> /home/ming/ros2_ws/build/coco_detector/build/lib/coco_detector
[4.958s] copying coco_detector/__init__.py -> /home/ming/ros2_ws/build/coco_detector/build/lib/coco_detector
[4.959s] running install
[4.959s] running install_lib
[4.961s] creating /home/ming/ros2_ws/install/coco_detector/lib/python3.10/site-packages/coco_detector
[4.961s] copying /home/ming/ros2_ws/build/coco_detector/build/lib/coco_detector/coco_detector_node.py -> /home/ming/ros2_ws/install/coco_detector/lib/python3.10/site-packages/coco_detector
[4.961s] copying /home/ming/ros2_ws/build/coco_detector/build/lib/coco_detector/__init__.py -> /home/ming/ros2_ws/install/coco_detector/lib/python3.10/site-packages/coco_detector
[4.963s] byte-compiling /home/ming/ros2_ws/install/coco_detector/lib/python3.10/site-packages/coco_detector/coco_detector_node.py to coco_detector_node.cpython-310.pyc
[4.965s] byte-compiling /home/ming/ros2_ws/install/coco_detector/lib/python3.10/site-packages/coco_detector/__init__.py to __init__.cpython-310.pyc
[4.965s] running install_data
[4.966s] copying resource/coco_detector -> /home/ming/ros2_ws/install/coco_detector/share/ament_index/resource_index/packages
[4.966s] copying package.xml -> /home/ming/ros2_ws/install/coco_detector/share/coco_detector
[4.966s] running install_egg_info
[4.971s] Copying ../../build/coco_detector/coco_detector.egg-info to /home/ming/ros2_ws/install/coco_detector/lib/python3.10/site-packages/coco_detector-0.0.0-py3.10.egg-info
[4.972s] running install_scripts
[5.024s] Installing coco_detector_node script to /home/ming/ros2_ws/install/coco_detector/lib/coco_detector
[5.043s] writing list of installed files to '/home/ming/ros2_ws/build/coco_detector/install.log'
[5.182s] Invoked command in '/home/ming/ros2_ws/src/coco_detector' returned '0': PYTHONPATH=/home/ming/ros2_ws/build/coco_detector/prefix_override:/usr/lib/python3/dist-packages/colcon_core/task/python/colcon_distutils_commands:/home/ming/ros2_ws/install/coco_detector/lib/python3.10/site-packages:${PYTHONPATH} /usr/bin/python3 -W ignore:setup.py install is deprecated -W ignore:easy_install command is deprecated setup.py egg_info --egg-base ../../build/coco_detector build --build-base /home/ming/ros2_ws/build/coco_detector/build install --record /home/ming/ros2_ws/build/coco_detector/install.log --single-version-externally-managed install_data --force
