[1.551s] Invoking command in '/home/ming/ros2_ws/src/go2_navigation': PYTHONPATH=/home/ming/ros2_ws/build/go2_navigation/prefix_override:/usr/lib/python3/dist-packages/colcon_core/task/python/colcon_distutils_commands:/home/ming/ros2_ws/install/go2_navigation/lib/python3.10/site-packages:${PYTHONPATH} /usr/bin/python3 -W ignore:setup.py install is deprecated -W ignore:easy_install command is deprecated setup.py egg_info --egg-base ../../build/go2_navigation build --build-base /home/ming/ros2_ws/build/go2_navigation/build install --record /home/ming/ros2_ws/build/go2_navigation/install.log --single-version-externally-managed install_data
[2.141s] running egg_info
[2.142s] writing ../../build/go2_navigation/go2_navigation.egg-info/PKG-INFO
[2.143s] writing dependency_links to ../../build/go2_navigation/go2_navigation.egg-info/dependency_links.txt
[2.143s] writing entry points to ../../build/go2_navigation/go2_navigation.egg-info/entry_points.txt
[2.143s] writing requirements to ../../build/go2_navigation/go2_navigation.egg-info/requires.txt
[2.144s] writing top-level names to ../../build/go2_navigation/go2_navigation.egg-info/top_level.txt
[2.147s] reading manifest file '../../build/go2_navigation/go2_navigation.egg-info/SOURCES.txt'
[2.149s] writing manifest file '../../build/go2_navigation/go2_navigation.egg-info/SOURCES.txt'
[2.149s] running build
[2.149s] running build_py
[2.150s] running install
[2.151s] running install_lib
[2.154s] running install_data
[2.155s] running install_egg_info
[2.161s] removing '/home/ming/ros2_ws/install/go2_navigation/lib/python3.10/site-packages/go2_navigation-0.1.0-py3.10.egg-info' (and everything under it)
[2.161s] Copying ../../build/go2_navigation/go2_navigation.egg-info to /home/ming/ros2_ws/install/go2_navigation/lib/python3.10/site-packages/go2_navigation-0.1.0-py3.10.egg-info
[2.161s] running install_scripts
[2.212s] Installing location_subscriber script to /home/ming/ros2_ws/install/go2_navigation/bin
[2.212s] writing list of installed files to '/home/ming/ros2_ws/build/go2_navigation/install.log'
[2.300s] Invoked command in '/home/ming/ros2_ws/src/go2_navigation' returned '0': PYTHONPATH=/home/ming/ros2_ws/build/go2_navigation/prefix_override:/usr/lib/python3/dist-packages/colcon_core/task/python/colcon_distutils_commands:/home/ming/ros2_ws/install/go2_navigation/lib/python3.10/site-packages:${PYTHONPATH} /usr/bin/python3 -W ignore:setup.py install is deprecated -W ignore:easy_install command is deprecated setup.py egg_info --egg-base ../../build/go2_navigation build --build-base /home/ming/ros2_ws/build/go2_navigation/build install --record /home/ming/ros2_ws/build/go2_navigation/install.log --single-version-externally-managed install_data
