[0.046s] Invoking command in '/home/ming/ros2_ws/build/unitree_go2_description': CMAKE_PREFIX_PATH=${CMAKE_PREFIX_PATH}:/home/ming/ros2_ws/install/speech_processor:/home/ming/ros2_ws/install/lidar_processor:/home/ming/ros2_ws/install/go2_robot_sdk:/home/ming/ros2_ws/install/go2_navigation:/home/ming/ros2_ws/install/coco_detector:/home/ming/install/go2_navigation:/opt/ros/humble PS1=\[\e]0;\u@\h: \w\a\]${debian_chroot:+($debian_chroot)}\[\033[01;32m\]\u@\h\[\033[00m\]:\[\033[01;34m\]\w\[\033[00m\]\$ /usr/bin/cmake /home/ming/ros2_ws/src/unitree_go2/unitree_go2_description -DCMAKE_INSTALL_PREFIX=/home/ming/ros2_ws/install/unitree_go2_description
[0.146s] -- The C compiler identification is GNU 11.4.0
[0.245s] -- The CXX compiler identification is GNU 11.4.0
[0.262s] -- Detecting C compiler ABI info
[0.397s] -- Detecting C compiler ABI info - done
[0.415s] -- Check for working C compiler: /usr/bin/cc - skipped
[0.415s] -- Detecting C compile features
[0.416s] -- Detecting C compile features - done
[0.425s] -- Detecting CXX compiler ABI info
[0.573s] -- Detecting CXX compiler ABI info - done
[0.599s] -- Check for working CXX compiler: /usr/bin/c++ - skipped
[0.600s] -- Detecting CXX compile features
[0.601s] -- Detecting CXX compile features - done
[0.610s] -- Found ament_cmake: 1.3.13 (/opt/ros/humble/share/ament_cmake/cmake)
[1.046s] -- Found Python3: /usr/bin/python3 (found version "3.10.12") found components: Interpreter 
[1.494s] -- Configuring done
[1.506s] -- Generating done
[1.517s] -- Build files have been written to: /home/ming/ros2_ws/build/unitree_go2_description
[1.545s] Invoked command in '/home/ming/ros2_ws/build/unitree_go2_description' returned '0': CMAKE_PREFIX_PATH=${CMAKE_PREFIX_PATH}:/home/ming/ros2_ws/install/speech_processor:/home/ming/ros2_ws/install/lidar_processor:/home/ming/ros2_ws/install/go2_robot_sdk:/home/ming/ros2_ws/install/go2_navigation:/home/ming/ros2_ws/install/coco_detector:/home/ming/install/go2_navigation:/opt/ros/humble PS1=\[\e]0;\u@\h: \w\a\]${debian_chroot:+($debian_chroot)}\[\033[01;32m\]\u@\h\[\033[00m\]:\[\033[01;34m\]\w\[\033[00m\]\$ /usr/bin/cmake /home/ming/ros2_ws/src/unitree_go2/unitree_go2_description -DCMAKE_INSTALL_PREFIX=/home/ming/ros2_ws/install/unitree_go2_description
[1.546s] Invoking command in '/home/ming/ros2_ws/build/unitree_go2_description': CMAKE_PREFIX_PATH=${CMAKE_PREFIX_PATH}:/home/ming/ros2_ws/install/speech_processor:/home/ming/ros2_ws/install/lidar_processor:/home/ming/ros2_ws/install/go2_robot_sdk:/home/ming/ros2_ws/install/go2_navigation:/home/ming/ros2_ws/install/coco_detector:/home/ming/install/go2_navigation:/opt/ros/humble PS1=\[\e]0;\u@\h: \w\a\]${debian_chroot:+($debian_chroot)}\[\033[01;32m\]\u@\h\[\033[00m\]:\[\033[01;34m\]\w\[\033[00m\]\$ /usr/bin/cmake --build /home/ming/ros2_ws/build/unitree_go2_description -- -j6 -l6
[1.773s] Invoked command in '/home/ming/ros2_ws/build/unitree_go2_description' returned '0': CMAKE_PREFIX_PATH=${CMAKE_PREFIX_PATH}:/home/ming/ros2_ws/install/speech_processor:/home/ming/ros2_ws/install/lidar_processor:/home/ming/ros2_ws/install/go2_robot_sdk:/home/ming/ros2_ws/install/go2_navigation:/home/ming/ros2_ws/install/coco_detector:/home/ming/install/go2_navigation:/opt/ros/humble PS1=\[\e]0;\u@\h: \w\a\]${debian_chroot:+($debian_chroot)}\[\033[01;32m\]\u@\h\[\033[00m\]:\[\033[01;34m\]\w\[\033[00m\]\$ /usr/bin/cmake --build /home/ming/ros2_ws/build/unitree_go2_description -- -j6 -l6
[1.775s] Invoking command in '/home/ming/ros2_ws/build/unitree_go2_description': CMAKE_PREFIX_PATH=${CMAKE_PREFIX_PATH}:/home/ming/ros2_ws/install/speech_processor:/home/ming/ros2_ws/install/lidar_processor:/home/ming/ros2_ws/install/go2_robot_sdk:/home/ming/ros2_ws/install/go2_navigation:/home/ming/ros2_ws/install/coco_detector:/home/ming/install/go2_navigation:/opt/ros/humble PS1=\[\e]0;\u@\h: \w\a\]${debian_chroot:+($debian_chroot)}\[\033[01;32m\]\u@\h\[\033[00m\]:\[\033[01;34m\]\w\[\033[00m\]\$ /usr/bin/cmake --install /home/ming/ros2_ws/build/unitree_go2_description
[1.798s] -- Install configuration: ""
[1.799s] -- Installing: /home/ming/ros2_ws/install/unitree_go2_description/share/unitree_go2_description/worlds
[1.799s] -- Installing: /home/ming/ros2_ws/install/unitree_go2_description/share/unitree_go2_description/worlds/default.sdf
[1.799s] -- Installing: /home/ming/ros2_ws/install/unitree_go2_description/share/unitree_go2_description/meshes
[1.799s] -- Installing: /home/ming/ros2_ws/install/unitree_go2_description/share/unitree_go2_description/meshes/L1_4D_Lidar.dae
[1.802s] -- Installing: /home/ming/ros2_ws/install/unitree_go2_description/share/unitree_go2_description/meshes/thigh_mirror.dae
[1.810s] -- Installing: /home/ming/ros2_ws/install/unitree_go2_description/share/unitree_go2_description/meshes/calf_mirror.dae
[1.812s] -- Installing: /home/ming/ros2_ws/install/unitree_go2_description/share/unitree_go2_description/meshes/VLP16_base_2.dae
[1.824s] -- Installing: /home/ming/ros2_ws/install/unitree_go2_description/share/unitree_go2_description/meshes/hokuyo.dae
[1.825s] -- Installing: /home/ming/ros2_ws/install/unitree_go2_description/share/unitree_go2_description/meshes/VLP16_base_1.dae
[1.828s] -- Installing: /home/ming/ros2_ws/install/unitree_go2_description/share/unitree_go2_description/meshes/VLP16_scan.dae
[1.829s] -- Installing: /home/ming/ros2_ws/install/unitree_go2_description/share/unitree_go2_description/meshes/hip.dae
[1.848s] -- Installing: /home/ming/ros2_ws/install/unitree_go2_description/share/unitree_go2_description/meshes/trunk.dae
[1.890s] -- Installing: /home/ming/ros2_ws/install/unitree_go2_description/share/unitree_go2_description/meshes/calf.dae
[1.893s] -- Installing: /home/ming/ros2_ws/install/unitree_go2_description/share/unitree_go2_description/meshes/thigh.dae
[1.911s] -- Installing: /home/ming/ros2_ws/install/unitree_go2_description/share/unitree_go2_description/meshes/foot.dae
[1.912s] -- Installing: /home/ming/ros2_ws/install/unitree_go2_description/share/unitree_go2_description/urdf
[1.912s] -- Installing: /home/ming/ros2_ws/install/unitree_go2_description/share/unitree_go2_description/urdf/materials.xacro
[1.912s] -- Installing: /home/ming/ros2_ws/install/unitree_go2_description/share/unitree_go2_description/urdf/unitree_go2_gazebo.xacro
[1.912s] -- Installing: /home/ming/ros2_ws/install/unitree_go2_description/share/unitree_go2_description/urdf/leg.xacro
[1.912s] -- Installing: /home/ming/ros2_ws/install/unitree_go2_description/share/unitree_go2_description/urdf/lidar_4D_lidar.xacro
[1.912s] -- Installing: /home/ming/ros2_ws/install/unitree_go2_description/share/unitree_go2_description/urdf/velodyne.xacro
[1.913s] -- Installing: /home/ming/ros2_ws/install/unitree_go2_description/share/unitree_go2_description/urdf/realsense_d455.xacro
[1.913s] -- Installing: /home/ming/ros2_ws/install/unitree_go2_description/share/unitree_go2_description/urdf/const.xacro
[1.913s] -- Installing: /home/ming/ros2_ws/install/unitree_go2_description/share/unitree_go2_description/urdf/unitree_go2_robot.xacro
[1.913s] -- Installing: /home/ming/ros2_ws/install/unitree_go2_description/share/ament_index/resource_index/package_run_dependencies/unitree_go2_description
[1.914s] -- Installing: /home/ming/ros2_ws/install/unitree_go2_description/share/ament_index/resource_index/parent_prefix_path/unitree_go2_description
[1.914s] -- Installing: /home/ming/ros2_ws/install/unitree_go2_description/share/unitree_go2_description/environment/ament_prefix_path.sh
[1.914s] -- Installing: /home/ming/ros2_ws/install/unitree_go2_description/share/unitree_go2_description/environment/ament_prefix_path.dsv
[1.915s] -- Installing: /home/ming/ros2_ws/install/unitree_go2_description/share/unitree_go2_description/environment/path.sh
[1.918s] -- Installing: /home/ming/ros2_ws/install/unitree_go2_description/share/unitree_go2_description/environment/path.dsv
[1.919s] -- Installing: /home/ming/ros2_ws/install/unitree_go2_description/share/unitree_go2_description/local_setup.bash
[1.919s] -- Installing: /home/ming/ros2_ws/install/unitree_go2_description/share/unitree_go2_description/local_setup.sh
[1.919s] -- Installing: /home/ming/ros2_ws/install/unitree_go2_description/share/unitree_go2_description/local_setup.zsh
[1.932s] -- Installing: /home/ming/ros2_ws/install/unitree_go2_description/share/unitree_go2_description/local_setup.dsv
[1.933s] -- Installing: /home/ming/ros2_ws/install/unitree_go2_description/share/unitree_go2_description/package.dsv
[1.933s] -- Installing: /home/ming/ros2_ws/install/unitree_go2_description/share/ament_index/resource_index/packages/unitree_go2_description
[1.933s] -- Installing: /home/ming/ros2_ws/install/unitree_go2_description/share/unitree_go2_description/cmake/unitree_go2_descriptionConfig.cmake
[1.933s] -- Installing: /home/ming/ros2_ws/install/unitree_go2_description/share/unitree_go2_description/cmake/unitree_go2_descriptionConfig-version.cmake
[1.933s] -- Installing: /home/ming/ros2_ws/install/unitree_go2_description/share/unitree_go2_description/package.xml
[1.939s] Invoked command in '/home/ming/ros2_ws/build/unitree_go2_description' returned '0': CMAKE_PREFIX_PATH=${CMAKE_PREFIX_PATH}:/home/ming/ros2_ws/install/speech_processor:/home/ming/ros2_ws/install/lidar_processor:/home/ming/ros2_ws/install/go2_robot_sdk:/home/ming/ros2_ws/install/go2_navigation:/home/ming/ros2_ws/install/coco_detector:/home/ming/install/go2_navigation:/opt/ros/humble PS1=\[\e]0;\u@\h: \w\a\]${debian_chroot:+($debian_chroot)}\[\033[01;32m\]\u@\h\[\033[00m\]:\[\033[01;34m\]\w\[\033[00m\]\$ /usr/bin/cmake --install /home/ming/ros2_ws/build/unitree_go2_description
