running egg_info
writing ../../build/go2_navigation/go2_navigation.egg-info/PKG-INFO
writing dependency_links to ../../build/go2_navigation/go2_navigation.egg-info/dependency_links.txt
writing entry points to ../../build/go2_navigation/go2_navigation.egg-info/entry_points.txt
writing requirements to ../../build/go2_navigation/go2_navigation.egg-info/requires.txt
writing top-level names to ../../build/go2_navigation/go2_navigation.egg-info/top_level.txt
reading manifest file '../../build/go2_navigation/go2_navigation.egg-info/SOURCES.txt'
writing manifest file '../../build/go2_navigation/go2_navigation.egg-info/SOURCES.txt'
running build
running build_py
copying go2_navigation/location_subscriber.py -> /home/ming/ros2_ws/build/go2_navigation/build/lib/go2_navigation
copying go2_navigation/__init__.py -> /home/ming/ros2_ws/build/go2_navigation/build/lib/go2_navigation
running install
running install_lib
copying /home/ming/ros2_ws/build/go2_navigation/build/lib/go2_navigation/location_subscriber.py -> /home/ming/ros2_ws/install/go2_navigation/lib/python3.10/site-packages/go2_navigation
copying /home/ming/ros2_ws/build/go2_navigation/build/lib/go2_navigation/__init__.py -> /home/ming/ros2_ws/install/go2_navigation/lib/python3.10/site-packages/go2_navigation
byte-compiling /home/ming/ros2_ws/install/go2_navigation/lib/python3.10/site-packages/go2_navigation/location_subscriber.py to location_subscriber.cpython-310.pyc
byte-compiling /home/ming/ros2_ws/install/go2_navigation/lib/python3.10/site-packages/go2_navigation/__init__.py to __init__.cpython-310.pyc
running install_data
running install_egg_info
removing '/home/ming/ros2_ws/install/go2_navigation/lib/python3.10/site-packages/go2_navigation-0.1.0-py3.10.egg-info' (and everything under it)
Copying ../../build/go2_navigation/go2_navigation.egg-info to /home/ming/ros2_ws/install/go2_navigation/lib/python3.10/site-packages/go2_navigation-0.1.0-py3.10.egg-info
running install_scripts
Installing location_subscriber script to /home/ming/ros2_ws/install/go2_navigation/bin
writing list of installed files to '/home/ming/ros2_ws/build/go2_navigation/install.log'
