[0.034s] Invoking command in '/home/ming/ros2_ws/build/lidar_processor_cpp': CMAKE_PREFIX_PATH=${CMAKE_PREFIX_PATH}:/home/ming/ros2_ws/install/speech_processor:/home/ming/ros2_ws/install/lidar_processor:/home/ming/ros2_ws/install/go2_robot_sdk:/home/ming/ros2_ws/install/go2_navigation:/home/ming/ros2_ws/install/coco_detector:/home/ming/install/go2_navigation:/opt/ros/humble /usr/bin/cmake --build /home/ming/ros2_ws/build/lidar_processor_cpp -- -j6 -l6
[0.165s] [35m[1mConsolidate compiler generated dependencies of target lidar_to_pointcloud_node[0m
[0.179s] [35m[1mConsolidate compiler generated dependencies of target pointcloud_aggregator_node[0m
[0.314s] [ 50%] Built target lidar_to_pointcloud_node
[0.318s] [100%] Built target pointcloud_aggregator_node
[0.354s] Invoked command in '/home/ming/ros2_ws/build/lidar_processor_cpp' returned '0': CMAKE_PREFIX_PATH=${CMAKE_PREFIX_PATH}:/home/ming/ros2_ws/install/speech_processor:/home/ming/ros2_ws/install/lidar_processor:/home/ming/ros2_ws/install/go2_robot_sdk:/home/ming/ros2_ws/install/go2_navigation:/home/ming/ros2_ws/install/coco_detector:/home/ming/install/go2_navigation:/opt/ros/humble /usr/bin/cmake --build /home/ming/ros2_ws/build/lidar_processor_cpp -- -j6 -l6
[0.354s] Invoking command in '/home/ming/ros2_ws/build/lidar_processor_cpp': CMAKE_PREFIX_PATH=${CMAKE_PREFIX_PATH}:/home/ming/ros2_ws/install/speech_processor:/home/ming/ros2_ws/install/lidar_processor:/home/ming/ros2_ws/install/go2_robot_sdk:/home/ming/ros2_ws/install/go2_navigation:/home/ming/ros2_ws/install/coco_detector:/home/ming/install/go2_navigation:/opt/ros/humble /usr/bin/cmake --install /home/ming/ros2_ws/build/lidar_processor_cpp
[0.367s] -- Install configuration: ""
[0.368s] -- Up-to-date: /home/ming/ros2_ws/install/lidar_processor_cpp/lib/lidar_processor_cpp/lidar_to_pointcloud_node
[0.368s] -- Up-to-date: /home/ming/ros2_ws/install/lidar_processor_cpp/lib/lidar_processor_cpp/pointcloud_aggregator_node
[0.368s] -- Up-to-date: /home/ming/ros2_ws/install/lidar_processor_cpp/include/
[0.368s] -- Up-to-date: /home/ming/ros2_ws/install/lidar_processor_cpp/include//lidar_processor_cpp
[0.368s] -- Up-to-date: /home/ming/ros2_ws/install/lidar_processor_cpp/include//lidar_processor_cpp/lidar_to_pointcloud_node.hpp
[0.369s] -- Up-to-date: /home/ming/ros2_ws/install/lidar_processor_cpp/include//lidar_processor_cpp/pointcloud_aggregator_node.hpp
[0.369s] -- Up-to-date: /home/ming/ros2_ws/install/lidar_processor_cpp/share/ament_index/resource_index/package_run_dependencies/lidar_processor_cpp
[0.369s] -- Up-to-date: /home/ming/ros2_ws/install/lidar_processor_cpp/share/ament_index/resource_index/parent_prefix_path/lidar_processor_cpp
[0.369s] -- Up-to-date: /home/ming/ros2_ws/install/lidar_processor_cpp/share/lidar_processor_cpp/environment/ament_prefix_path.sh
[0.381s] -- Up-to-date: /home/ming/ros2_ws/install/lidar_processor_cpp/share/lidar_processor_cpp/environment/ament_prefix_path.dsv
[0.381s] -- Up-to-date: /home/ming/ros2_ws/install/lidar_processor_cpp/share/lidar_processor_cpp/environment/path.sh
[0.381s] -- Up-to-date: /home/ming/ros2_ws/install/lidar_processor_cpp/share/lidar_processor_cpp/environment/path.dsv
[0.382s] -- Up-to-date: /home/ming/ros2_ws/install/lidar_processor_cpp/share/lidar_processor_cpp/local_setup.bash
[0.382s] -- Up-to-date: /home/ming/ros2_ws/install/lidar_processor_cpp/share/lidar_processor_cpp/local_setup.sh
[0.382s] -- Up-to-date: /home/ming/ros2_ws/install/lidar_processor_cpp/share/lidar_processor_cpp/local_setup.zsh
[0.382s] -- Up-to-date: /home/ming/ros2_ws/install/lidar_processor_cpp/share/lidar_processor_cpp/local_setup.dsv
[0.382s] -- Installing: /home/ming/ros2_ws/install/lidar_processor_cpp/share/lidar_processor_cpp/package.dsv
[0.382s] -- Up-to-date: /home/ming/ros2_ws/install/lidar_processor_cpp/share/ament_index/resource_index/packages/lidar_processor_cpp
[0.382s] -- Up-to-date: /home/ming/ros2_ws/install/lidar_processor_cpp/share/lidar_processor_cpp/cmake/lidar_processor_cppConfig.cmake
[0.382s] -- Up-to-date: /home/ming/ros2_ws/install/lidar_processor_cpp/share/lidar_processor_cpp/cmake/lidar_processor_cppConfig-version.cmake
[0.382s] -- Up-to-date: /home/ming/ros2_ws/install/lidar_processor_cpp/share/lidar_processor_cpp/package.xml
[0.930s] Invoked command in '/home/ming/ros2_ws/build/lidar_processor_cpp' returned '0': CMAKE_PREFIX_PATH=${CMAKE_PREFIX_PATH}:/home/ming/ros2_ws/install/speech_processor:/home/ming/ros2_ws/install/lidar_processor:/home/ming/ros2_ws/install/go2_robot_sdk:/home/ming/ros2_ws/install/go2_navigation:/home/ming/ros2_ws/install/coco_detector:/home/ming/install/go2_navigation:/opt/ros/humble /usr/bin/cmake --install /home/ming/ros2_ws/build/lidar_processor_cpp
