[1.315s] Invoking command in '/home/ming/ros2_ws/build/lidar_processor_cpp': CMAKE_PREFIX_PATH=${CMAKE_PREFIX_PATH}:/home/ming/ros2_ws/install/speech_processor:/home/ming/ros2_ws/install/lidar_processor:/home/ming/ros2_ws/install/go2_robot_sdk:/home/ming/ros2_ws/install/coco_detector:/opt/ros/humble /usr/bin/cmake --build /home/ming/ros2_ws/build/lidar_processor_cpp -- -j6 -l6
[1.559s] [ 50%] Built target lidar_to_pointcloud_node
[1.578s] [100%] Built target pointcloud_aggregator_node
[1.610s] Invoked command in '/home/ming/ros2_ws/build/lidar_processor_cpp' returned '0': CMAKE_PREFIX_PATH=${CMAKE_PREFIX_PATH}:/home/ming/ros2_ws/install/speech_processor:/home/ming/ros2_ws/install/lidar_processor:/home/ming/ros2_ws/install/go2_robot_sdk:/home/ming/ros2_ws/install/coco_detector:/opt/ros/humble /usr/bin/cmake --build /home/ming/ros2_ws/build/lidar_processor_cpp -- -j6 -l6
[1.615s] Invoking command in '/home/ming/ros2_ws/build/lidar_processor_cpp': CMAKE_PREFIX_PATH=${CMAKE_PREFIX_PATH}:/home/ming/ros2_ws/install/speech_processor:/home/ming/ros2_ws/install/lidar_processor:/home/ming/ros2_ws/install/go2_robot_sdk:/home/ming/ros2_ws/install/coco_detector:/opt/ros/humble /usr/bin/cmake --install /home/ming/ros2_ws/build/lidar_processor_cpp
[1.646s] -- Install configuration: ""
[1.649s] -- Execute custom install script
[1.651s] -- Up-to-date symlink: /home/ming/ros2_ws/install/lidar_processor_cpp/lib/lidar_processor_cpp/lidar_to_pointcloud_node
[1.651s] -- Up-to-date symlink: /home/ming/ros2_ws/install/lidar_processor_cpp/lib/lidar_processor_cpp/pointcloud_aggregator_node
[1.653s] -- Up-to-date symlink: /home/ming/ros2_ws/install/lidar_processor_cpp/include//lidar_processor_cpp/lidar_to_pointcloud_node.hpp
[1.654s] -- Up-to-date symlink: /home/ming/ros2_ws/install/lidar_processor_cpp/include//lidar_processor_cpp/pointcloud_aggregator_node.hpp
[1.655s] -- Up-to-date symlink: /home/ming/ros2_ws/install/lidar_processor_cpp/share/ament_index/resource_index/package_run_dependencies/lidar_processor_cpp
[1.656s] -- Up-to-date symlink: /home/ming/ros2_ws/install/lidar_processor_cpp/share/ament_index/resource_index/parent_prefix_path/lidar_processor_cpp
[1.657s] -- Up-to-date symlink: /home/ming/ros2_ws/install/lidar_processor_cpp/share/lidar_processor_cpp/environment/ament_prefix_path.sh
[1.664s] -- Up-to-date symlink: /home/ming/ros2_ws/install/lidar_processor_cpp/share/lidar_processor_cpp/environment/ament_prefix_path.dsv
[1.668s] -- Up-to-date symlink: /home/ming/ros2_ws/install/lidar_processor_cpp/share/lidar_processor_cpp/environment/path.sh
[1.668s] -- Up-to-date symlink: /home/ming/ros2_ws/install/lidar_processor_cpp/share/lidar_processor_cpp/environment/path.dsv
[1.668s] -- Up-to-date symlink: /home/ming/ros2_ws/install/lidar_processor_cpp/share/lidar_processor_cpp/local_setup.bash
[1.668s] -- Up-to-date symlink: /home/ming/ros2_ws/install/lidar_processor_cpp/share/lidar_processor_cpp/local_setup.sh
[1.669s] -- Up-to-date symlink: /home/ming/ros2_ws/install/lidar_processor_cpp/share/lidar_processor_cpp/local_setup.zsh
[1.669s] -- Up-to-date symlink: /home/ming/ros2_ws/install/lidar_processor_cpp/share/lidar_processor_cpp/local_setup.dsv
[1.669s] -- Symlinking: /home/ming/ros2_ws/install/lidar_processor_cpp/share/lidar_processor_cpp/package.dsv
[1.696s] -- Up-to-date symlink: /home/ming/ros2_ws/install/lidar_processor_cpp/share/ament_index/resource_index/packages/lidar_processor_cpp
[1.697s] -- Up-to-date symlink: /home/ming/ros2_ws/install/lidar_processor_cpp/share/lidar_processor_cpp/cmake/lidar_processor_cppConfig.cmake
[1.698s] -- Up-to-date symlink: /home/ming/ros2_ws/install/lidar_processor_cpp/share/lidar_processor_cpp/cmake/lidar_processor_cppConfig-version.cmake
[1.698s] -- Up-to-date symlink: /home/ming/ros2_ws/install/lidar_processor_cpp/share/lidar_processor_cpp/package.xml
[1.716s] Invoked command in '/home/ming/ros2_ws/build/lidar_processor_cpp' returned '0': CMAKE_PREFIX_PATH=${CMAKE_PREFIX_PATH}:/home/ming/ros2_ws/install/speech_processor:/home/ming/ros2_ws/install/lidar_processor:/home/ming/ros2_ws/install/go2_robot_sdk:/home/ming/ros2_ws/install/coco_detector:/opt/ros/humble /usr/bin/cmake --install /home/ming/ros2_ws/build/lidar_processor_cpp
