[0.021s] Invoking command in '/home/ming/ros2_ws/build/unitree_go2_sim': CMAKE_PREFIX_PATH=${CMAKE_PREFIX_PATH}:/home/ming/ros2_ws/install/go2_navigation:/home/ming/ros2_ws/install/go2_unitree_bridge:/home/ming/ros2_ws/install/speech_processor:/home/ming/ros2_ws/install/lidar_processor:/home/ming/ros2_ws/install/go2_robot_sdk:/home/ming/ros2_ws/install/coco_detector:/home/ming/install/go2_navigation:/opt/ros/humble /usr/bin/cmake --build /home/ming/ros2_ws/build/unitree_go2_sim -- -j6 -l6
[0.074s] -- Found ament_cmake: 1.3.13 (/opt/ros/humble/share/ament_cmake/cmake)
[0.612s] -- Configuring done
[0.626s] -- Generating done
[0.631s] -- Build files have been written to: /home/ming/ros2_ws/build/unitree_go2_sim
[0.677s] Invoked command in '/home/ming/ros2_ws/build/unitree_go2_sim' returned '0': CMAKE_PREFIX_PATH=${CMAKE_PREFIX_PATH}:/home/ming/ros2_ws/install/go2_navigation:/home/ming/ros2_ws/install/go2_unitree_bridge:/home/ming/ros2_ws/install/speech_processor:/home/ming/ros2_ws/install/lidar_processor:/home/ming/ros2_ws/install/go2_robot_sdk:/home/ming/ros2_ws/install/coco_detector:/home/ming/install/go2_navigation:/opt/ros/humble /usr/bin/cmake --build /home/ming/ros2_ws/build/unitree_go2_sim -- -j6 -l6
[0.699s] Invoking command in '/home/ming/ros2_ws/build/unitree_go2_sim': CMAKE_PREFIX_PATH=${CMAKE_PREFIX_PATH}:/home/ming/ros2_ws/install/go2_navigation:/home/ming/ros2_ws/install/go2_unitree_bridge:/home/ming/ros2_ws/install/speech_processor:/home/ming/ros2_ws/install/lidar_processor:/home/ming/ros2_ws/install/go2_robot_sdk:/home/ming/ros2_ws/install/coco_detector:/home/ming/install/go2_navigation:/opt/ros/humble /usr/bin/cmake --install /home/ming/ros2_ws/build/unitree_go2_sim
[0.715s] -- Install configuration: ""
[0.715s] -- Up-to-date: /home/ming/ros2_ws/install/unitree_go2_sim/share/unitree_go2_sim/launch
[0.716s] -- Installing: /home/ming/ros2_ws/install/unitree_go2_sim/share/unitree_go2_sim/launch/unitree_go2_launch.py
[0.716s] -- Up-to-date: /home/ming/ros2_ws/install/unitree_go2_sim/share/unitree_go2_sim/config
[0.716s] -- Up-to-date: /home/ming/ros2_ws/install/unitree_go2_sim/share/unitree_go2_sim/config/joints
[0.716s] -- Up-to-date: /home/ming/ros2_ws/install/unitree_go2_sim/share/unitree_go2_sim/config/joints/joints.yaml
[0.717s] -- Up-to-date: /home/ming/ros2_ws/install/unitree_go2_sim/share/unitree_go2_sim/config/links
[0.717s] -- Up-to-date: /home/ming/ros2_ws/install/unitree_go2_sim/share/unitree_go2_sim/config/links/links.yaml
[0.717s] -- Up-to-date: /home/ming/ros2_ws/install/unitree_go2_sim/share/unitree_go2_sim/config/ros_control
[0.717s] -- Up-to-date: /home/ming/ros2_ws/install/unitree_go2_sim/share/unitree_go2_sim/config/ros_control/ros_control.yaml
[0.717s] -- Up-to-date: /home/ming/ros2_ws/install/unitree_go2_sim/share/unitree_go2_sim/config/gait
[0.718s] -- Up-to-date: /home/ming/ros2_ws/install/unitree_go2_sim/share/unitree_go2_sim/config/gait/gait.yaml
[0.718s] -- Up-to-date: /home/ming/ros2_ws/install/unitree_go2_sim/share/unitree_go2_sim/rviz
[0.719s] -- Up-to-date: /home/ming/ros2_ws/install/unitree_go2_sim/share/unitree_go2_sim/rviz/rviz.rviz
[0.719s] -- Up-to-date: /home/ming/ros2_ws/install/unitree_go2_sim/lib/unitree_go2_sim/robot_description_publisher.py
[0.719s] -- Installing: /home/ming/ros2_ws/install/unitree_go2_sim/lib/unitree_go2_sim/odom_tf_broadcaster.py
[0.719s] -- Installing: /home/ming/ros2_ws/install/unitree_go2_sim/share/ament_index/resource_index/package_run_dependencies/unitree_go2_sim
[0.720s] -- Installing: /home/ming/ros2_ws/install/unitree_go2_sim/share/ament_index/resource_index/parent_prefix_path/unitree_go2_sim
[0.720s] -- Up-to-date: /home/ming/ros2_ws/install/unitree_go2_sim/share/unitree_go2_sim/environment/ament_prefix_path.sh
[0.720s] -- Installing: /home/ming/ros2_ws/install/unitree_go2_sim/share/unitree_go2_sim/environment/ament_prefix_path.dsv
[0.720s] -- Up-to-date: /home/ming/ros2_ws/install/unitree_go2_sim/share/unitree_go2_sim/environment/path.sh
[0.720s] -- Installing: /home/ming/ros2_ws/install/unitree_go2_sim/share/unitree_go2_sim/environment/path.dsv
[0.720s] -- Up-to-date: /home/ming/ros2_ws/install/unitree_go2_sim/share/unitree_go2_sim/local_setup.bash
[0.720s] -- Up-to-date: /home/ming/ros2_ws/install/unitree_go2_sim/share/unitree_go2_sim/local_setup.sh
[0.720s] -- Up-to-date: /home/ming/ros2_ws/install/unitree_go2_sim/share/unitree_go2_sim/local_setup.zsh
[0.720s] -- Installing: /home/ming/ros2_ws/install/unitree_go2_sim/share/unitree_go2_sim/local_setup.dsv
[0.721s] -- Installing: /home/ming/ros2_ws/install/unitree_go2_sim/share/unitree_go2_sim/package.dsv
[0.721s] -- Up-to-date: /home/ming/ros2_ws/install/unitree_go2_sim/share/ament_index/resource_index/packages/unitree_go2_sim
[0.721s] -- Up-to-date: /home/ming/ros2_ws/install/unitree_go2_sim/share/unitree_go2_sim/cmake/unitree_go2_simConfig.cmake
[0.721s] -- Up-to-date: /home/ming/ros2_ws/install/unitree_go2_sim/share/unitree_go2_sim/cmake/unitree_go2_simConfig-version.cmake
[0.721s] -- Installing: /home/ming/ros2_ws/install/unitree_go2_sim/share/unitree_go2_sim/package.xml
[0.724s] Invoked command in '/home/ming/ros2_ws/build/unitree_go2_sim' returned '0': CMAKE_PREFIX_PATH=${CMAKE_PREFIX_PATH}:/home/ming/ros2_ws/install/go2_navigation:/home/ming/ros2_ws/install/go2_unitree_bridge:/home/ming/ros2_ws/install/speech_processor:/home/ming/ros2_ws/install/lidar_processor:/home/ming/ros2_ws/install/go2_robot_sdk:/home/ming/ros2_ws/install/coco_detector:/home/ming/install/go2_navigation:/opt/ros/humble /usr/bin/cmake --install /home/ming/ros2_ws/build/unitree_go2_sim
