[0.111s] Invoking command in '/home/ming/ros2_ws/build/champ_msgs': CMAKE_PREFIX_PATH=${CMAKE_PREFIX_PATH}:/home/ming/ros2_ws/install/go2_navigation:/home/ming/ros2_ws/install/go2_unitree_bridge:/home/ming/ros2_ws/install/speech_processor:/home/ming/ros2_ws/install/lidar_processor:/home/ming/ros2_ws/install/go2_robot_sdk:/home/ming/ros2_ws/install/coco_detector:/home/ming/install/go2_navigation:/opt/ros/humble /usr/bin/cmake --build /home/ming/ros2_ws/build/champ_msgs -- -j6 -l6
[0.355s] [  1%] Built target champ_msgs__cpp
[0.514s] [  1%] Built target ament_cmake_python_copy_champ_msgs
[0.563s] [ 12%] Built target champ_msgs__rosidl_typesupport_cpp
[0.565s] [ 24%] Built target champ_msgs__rosidl_typesupport_fastrtps_cpp
[0.577s] [ 43%] Built target champ_msgs__rosidl_typesupport_introspection_cpp
[0.577s] [ 47%] Built target champ_msgs__rosidl_generator_c
[0.682s] [ 58%] Built target champ_msgs__rosidl_typesupport_introspection_c
[0.686s] [ 70%] Built target champ_msgs__rosidl_typesupport_fastrtps_c
[0.689s] [ 82%] Built target champ_msgs__rosidl_typesupport_c
[0.730s] [ 82%] Built target champ_msgs
[0.770s] [ 83%] Built target champ_msgs__py
[0.881s] [ 93%] Built target champ_msgs__rosidl_generator_py
[0.979s] [ 95%] Built target champ_msgs__rosidl_typesupport_introspection_c__pyext
[0.983s] [ 97%] Built target champ_msgs__rosidl_typesupport_c__pyext
[1.019s] [100%] Built target champ_msgs__rosidl_typesupport_fastrtps_c__pyext
[1.107s] running egg_info
[1.109s] writing champ_msgs.egg-info/PKG-INFO
[1.109s] writing dependency_links to champ_msgs.egg-info/dependency_links.txt
[1.110s] writing top-level names to champ_msgs.egg-info/top_level.txt
[1.117s] reading manifest file 'champ_msgs.egg-info/SOURCES.txt'
[1.119s] writing manifest file 'champ_msgs.egg-info/SOURCES.txt'
[1.191s] [100%] Built target ament_cmake_python_build_champ_msgs_egg
[2.138s] Invoked command in '/home/ming/ros2_ws/build/champ_msgs' returned '0': CMAKE_PREFIX_PATH=${CMAKE_PREFIX_PATH}:/home/ming/ros2_ws/install/go2_navigation:/home/ming/ros2_ws/install/go2_unitree_bridge:/home/ming/ros2_ws/install/speech_processor:/home/ming/ros2_ws/install/lidar_processor:/home/ming/ros2_ws/install/go2_robot_sdk:/home/ming/ros2_ws/install/coco_detector:/home/ming/install/go2_navigation:/opt/ros/humble /usr/bin/cmake --build /home/ming/ros2_ws/build/champ_msgs -- -j6 -l6
[2.145s] Invoking command in '/home/ming/ros2_ws/build/champ_msgs': CMAKE_PREFIX_PATH=${CMAKE_PREFIX_PATH}:/home/ming/ros2_ws/install/go2_navigation:/home/ming/ros2_ws/install/go2_unitree_bridge:/home/ming/ros2_ws/install/speech_processor:/home/ming/ros2_ws/install/lidar_processor:/home/ming/ros2_ws/install/go2_robot_sdk:/home/ming/ros2_ws/install/coco_detector:/home/ming/install/go2_navigation:/opt/ros/humble /usr/bin/cmake --install /home/ming/ros2_ws/build/champ_msgs
[2.174s] -- Install configuration: ""
[2.174s] -- Up-to-date: /home/ming/ros2_ws/install/champ_msgs/share/ament_index/resource_index/rosidl_interfaces/champ_msgs
[2.176s] -- Up-to-date: /home/ming/ros2_ws/install/champ_msgs/include/champ_msgs/champ_msgs
[2.176s] -- Up-to-date: /home/ming/ros2_ws/install/champ_msgs/include/champ_msgs/champ_msgs/msg
[2.185s] -- Up-to-date: /home/ming/ros2_ws/install/champ_msgs/include/champ_msgs/champ_msgs/msg/rosidl_generator_c__visibility_control.h
[2.186s] -- Up-to-date: /home/ming/ros2_ws/install/champ_msgs/include/champ_msgs/champ_msgs/msg/joints.h
[2.187s] -- Up-to-date: /home/ming/ros2_ws/install/champ_msgs/include/champ_msgs/champ_msgs/msg/imu.h
[2.188s] -- Up-to-date: /home/ming/ros2_ws/install/champ_msgs/include/champ_msgs/champ_msgs/msg/pid.h
[2.188s] -- Up-to-date: /home/ming/ros2_ws/install/champ_msgs/include/champ_msgs/champ_msgs/msg/pose.h
[2.188s] -- Up-to-date: /home/ming/ros2_ws/install/champ_msgs/include/champ_msgs/champ_msgs/msg/detail
[2.189s] -- Up-to-date: /home/ming/ros2_ws/install/champ_msgs/include/champ_msgs/champ_msgs/msg/detail/contacts__type_support.h
[2.189s] -- Up-to-date: /home/ming/ros2_ws/install/champ_msgs/include/champ_msgs/champ_msgs/msg/detail/pose__functions.c
[2.189s] -- Up-to-date: /home/ming/ros2_ws/install/champ_msgs/include/champ_msgs/champ_msgs/msg/detail/joints__functions.c
[2.189s] -- Up-to-date: /home/ming/ros2_ws/install/champ_msgs/include/champ_msgs/champ_msgs/msg/detail/pose__functions.h
[2.189s] -- Up-to-date: /home/ming/ros2_ws/install/champ_msgs/include/champ_msgs/champ_msgs/msg/detail/velocities__type_support.h
[2.189s] -- Up-to-date: /home/ming/ros2_ws/install/champ_msgs/include/champ_msgs/champ_msgs/msg/detail/pid__type_support.h
[2.189s] -- Up-to-date: /home/ming/ros2_ws/install/champ_msgs/include/champ_msgs/champ_msgs/msg/detail/velocities__functions.h
[2.189s] -- Up-to-date: /home/ming/ros2_ws/install/champ_msgs/include/champ_msgs/champ_msgs/msg/detail/pid__functions.c
[2.189s] -- Up-to-date: /home/ming/ros2_ws/install/champ_msgs/include/champ_msgs/champ_msgs/msg/detail/point__struct.h
[2.190s] -- Up-to-date: /home/ming/ros2_ws/install/champ_msgs/include/champ_msgs/champ_msgs/msg/detail/point__type_support.h
[2.190s] -- Up-to-date: /home/ming/ros2_ws/install/champ_msgs/include/champ_msgs/champ_msgs/msg/detail/joints__functions.h
[2.190s] -- Up-to-date: /home/ming/ros2_ws/install/champ_msgs/include/champ_msgs/champ_msgs/msg/detail/joints__type_support.h
[2.190s] -- Up-to-date: /home/ming/ros2_ws/install/champ_msgs/include/champ_msgs/champ_msgs/msg/detail/point_array__functions.h
[2.190s] -- Up-to-date: /home/ming/ros2_ws/install/champ_msgs/include/champ_msgs/champ_msgs/msg/detail/imu__type_support.h
[2.190s] -- Up-to-date: /home/ming/ros2_ws/install/champ_msgs/include/champ_msgs/champ_msgs/msg/detail/pose__struct.h
[2.190s] -- Up-to-date: /home/ming/ros2_ws/install/champ_msgs/include/champ_msgs/champ_msgs/msg/detail/contacts__struct.h
[2.190s] -- Up-to-date: /home/ming/ros2_ws/install/champ_msgs/include/champ_msgs/champ_msgs/msg/detail/contacts_stamped__functions.h
[2.191s] -- Up-to-date: /home/ming/ros2_ws/install/champ_msgs/include/champ_msgs/champ_msgs/msg/detail/velocities__struct.h
[2.194s] -- Up-to-date: /home/ming/ros2_ws/install/champ_msgs/include/champ_msgs/champ_msgs/msg/detail/point_array__struct.h
[2.194s] -- Up-to-date: /home/ming/ros2_ws/install/champ_msgs/include/champ_msgs/champ_msgs/msg/detail/point__functions.c
[2.194s] -- Up-to-date: /home/ming/ros2_ws/install/champ_msgs/include/champ_msgs/champ_msgs/msg/detail/velocities__functions.c
[2.194s] -- Up-to-date: /home/ming/ros2_ws/install/champ_msgs/include/champ_msgs/champ_msgs/msg/detail/pid__struct.h
[2.194s] -- Up-to-date: /home/ming/ros2_ws/install/champ_msgs/include/champ_msgs/champ_msgs/msg/detail/contacts_stamped__type_support.h
[2.194s] -- Up-to-date: /home/ming/ros2_ws/install/champ_msgs/include/champ_msgs/champ_msgs/msg/detail/contacts__functions.h
[2.194s] -- Up-to-date: /home/ming/ros2_ws/install/champ_msgs/include/champ_msgs/champ_msgs/msg/detail/point__functions.h
[2.194s] -- Up-to-date: /home/ming/ros2_ws/install/champ_msgs/include/champ_msgs/champ_msgs/msg/detail/pid__functions.h
[2.195s] -- Up-to-date: /home/ming/ros2_ws/install/champ_msgs/include/champ_msgs/champ_msgs/msg/detail/imu__struct.h
[2.196s] -- Up-to-date: /home/ming/ros2_ws/install/champ_msgs/include/champ_msgs/champ_msgs/msg/detail/imu__functions.c
[2.196s] -- Up-to-date: /home/ming/ros2_ws/install/champ_msgs/include/champ_msgs/champ_msgs/msg/detail/joints__struct.h
[2.196s] -- Up-to-date: /home/ming/ros2_ws/install/champ_msgs/include/champ_msgs/champ_msgs/msg/detail/contacts__functions.c
[2.196s] -- Up-to-date: /home/ming/ros2_ws/install/champ_msgs/include/champ_msgs/champ_msgs/msg/detail/point_array__functions.c
[2.197s] -- Up-to-date: /home/ming/ros2_ws/install/champ_msgs/include/champ_msgs/champ_msgs/msg/detail/contacts_stamped__functions.c
[2.197s] -- Up-to-date: /home/ming/ros2_ws/install/champ_msgs/include/champ_msgs/champ_msgs/msg/detail/point_array__type_support.h
[2.197s] -- Up-to-date: /home/ming/ros2_ws/install/champ_msgs/include/champ_msgs/champ_msgs/msg/detail/pose__type_support.h
[2.197s] -- Up-to-date: /home/ming/ros2_ws/install/champ_msgs/include/champ_msgs/champ_msgs/msg/detail/contacts_stamped__struct.h
[2.197s] -- Up-to-date: /home/ming/ros2_ws/install/champ_msgs/include/champ_msgs/champ_msgs/msg/detail/imu__functions.h
[2.198s] -- Up-to-date: /home/ming/ros2_ws/install/champ_msgs/include/champ_msgs/champ_msgs/msg/point.h
[2.199s] -- Up-to-date: /home/ming/ros2_ws/install/champ_msgs/include/champ_msgs/champ_msgs/msg/contacts.h
[2.201s] -- Up-to-date: /home/ming/ros2_ws/install/champ_msgs/include/champ_msgs/champ_msgs/msg/contacts_stamped.h
[2.202s] -- Up-to-date: /home/ming/ros2_ws/install/champ_msgs/include/champ_msgs/champ_msgs/msg/velocities.h
[2.202s] -- Up-to-date: /home/ming/ros2_ws/install/champ_msgs/include/champ_msgs/champ_msgs/msg/point_array.h
[2.202s] -- Up-to-date: /home/ming/ros2_ws/install/champ_msgs/share/champ_msgs/environment/library_path.sh
[2.202s] -- Up-to-date: /home/ming/ros2_ws/install/champ_msgs/share/champ_msgs/environment/library_path.dsv
[2.212s] -- Up-to-date: /home/ming/ros2_ws/install/champ_msgs/lib/libchamp_msgs__rosidl_generator_c.so
[2.213s] -- Up-to-date: /home/ming/ros2_ws/install/champ_msgs/include/champ_msgs/champ_msgs
[2.216s] -- Up-to-date: /home/ming/ros2_ws/install/champ_msgs/include/champ_msgs/champ_msgs/msg
[2.218s] -- Up-to-date: /home/ming/ros2_ws/install/champ_msgs/include/champ_msgs/champ_msgs/msg/rosidl_typesupport_fastrtps_c__visibility_control.h
[2.224s] -- Up-to-date: /home/ming/ros2_ws/install/champ_msgs/include/champ_msgs/champ_msgs/msg/detail
[2.225s] -- Up-to-date: /home/ming/ros2_ws/install/champ_msgs/include/champ_msgs/champ_msgs/msg/detail/pid__rosidl_typesupport_fastrtps_c.h
[2.225s] -- Up-to-date: /home/ming/ros2_ws/install/champ_msgs/include/champ_msgs/champ_msgs/msg/detail/joints__rosidl_typesupport_fastrtps_c.h
[2.225s] -- Up-to-date: /home/ming/ros2_ws/install/champ_msgs/include/champ_msgs/champ_msgs/msg/detail/point_array__rosidl_typesupport_fastrtps_c.h
[2.225s] -- Up-to-date: /home/ming/ros2_ws/install/champ_msgs/include/champ_msgs/champ_msgs/msg/detail/pose__rosidl_typesupport_fastrtps_c.h
[2.225s] -- Up-to-date: /home/ming/ros2_ws/install/champ_msgs/include/champ_msgs/champ_msgs/msg/detail/velocities__rosidl_typesupport_fastrtps_c.h
[2.225s] -- Up-to-date: /home/ming/ros2_ws/install/champ_msgs/include/champ_msgs/champ_msgs/msg/detail/point__rosidl_typesupport_fastrtps_c.h
[2.225s] -- Up-to-date: /home/ming/ros2_ws/install/champ_msgs/include/champ_msgs/champ_msgs/msg/detail/contacts_stamped__rosidl_typesupport_fastrtps_c.h
[2.225s] -- Up-to-date: /home/ming/ros2_ws/install/champ_msgs/include/champ_msgs/champ_msgs/msg/detail/contacts__rosidl_typesupport_fastrtps_c.h
[2.225s] -- Up-to-date: /home/ming/ros2_ws/install/champ_msgs/include/champ_msgs/champ_msgs/msg/detail/imu__rosidl_typesupport_fastrtps_c.h
[2.228s] -- Up-to-date: /home/ming/ros2_ws/install/champ_msgs/lib/libchamp_msgs__rosidl_typesupport_fastrtps_c.so
[2.231s] -- Up-to-date: /home/ming/ros2_ws/install/champ_msgs/include/champ_msgs/champ_msgs
[2.231s] -- Up-to-date: /home/ming/ros2_ws/install/champ_msgs/include/champ_msgs/champ_msgs/msg
[2.232s] -- Up-to-date: /home/ming/ros2_ws/install/champ_msgs/include/champ_msgs/champ_msgs/msg/rosidl_typesupport_introspection_c__visibility_control.h
[2.233s] -- Up-to-date: /home/ming/ros2_ws/install/champ_msgs/include/champ_msgs/champ_msgs/msg/detail
[2.233s] -- Up-to-date: /home/ming/ros2_ws/install/champ_msgs/include/champ_msgs/champ_msgs/msg/detail/contacts__rosidl_typesupport_introspection_c.h
[2.234s] -- Up-to-date: /home/ming/ros2_ws/install/champ_msgs/include/champ_msgs/champ_msgs/msg/detail/velocities__type_support.c
[2.235s] -- Up-to-date: /home/ming/ros2_ws/install/champ_msgs/include/champ_msgs/champ_msgs/msg/detail/pid__type_support.c
[2.235s] -- Up-to-date: /home/ming/ros2_ws/install/champ_msgs/include/champ_msgs/champ_msgs/msg/detail/velocities__rosidl_typesupport_introspection_c.h
[2.235s] -- Up-to-date: /home/ming/ros2_ws/install/champ_msgs/include/champ_msgs/champ_msgs/msg/detail/pose__type_support.c
[2.235s] -- Up-to-date: /home/ming/ros2_ws/install/champ_msgs/include/champ_msgs/champ_msgs/msg/detail/contacts__type_support.c
[2.236s] -- Up-to-date: /home/ming/ros2_ws/install/champ_msgs/include/champ_msgs/champ_msgs/msg/detail/point__rosidl_typesupport_introspection_c.h
[2.236s] -- Up-to-date: /home/ming/ros2_ws/install/champ_msgs/include/champ_msgs/champ_msgs/msg/detail/contacts_stamped__type_support.c
[2.236s] -- Up-to-date: /home/ming/ros2_ws/install/champ_msgs/include/champ_msgs/champ_msgs/msg/detail/imu__type_support.c
[2.236s] -- Up-to-date: /home/ming/ros2_ws/install/champ_msgs/include/champ_msgs/champ_msgs/msg/detail/pose__rosidl_typesupport_introspection_c.h
[2.236s] -- Up-to-date: /home/ming/ros2_ws/install/champ_msgs/include/champ_msgs/champ_msgs/msg/detail/joints__rosidl_typesupport_introspection_c.h
[2.236s] -- Up-to-date: /home/ming/ros2_ws/install/champ_msgs/include/champ_msgs/champ_msgs/msg/detail/point__type_support.c
[2.236s] -- Up-to-date: /home/ming/ros2_ws/install/champ_msgs/include/champ_msgs/champ_msgs/msg/detail/contacts_stamped__rosidl_typesupport_introspection_c.h
[2.236s] -- Up-to-date: /home/ming/ros2_ws/install/champ_msgs/include/champ_msgs/champ_msgs/msg/detail/point_array__type_support.c
[2.236s] -- Up-to-date: /home/ming/ros2_ws/install/champ_msgs/include/champ_msgs/champ_msgs/msg/detail/pid__rosidl_typesupport_introspection_c.h
[2.237s] -- Up-to-date: /home/ming/ros2_ws/install/champ_msgs/include/champ_msgs/champ_msgs/msg/detail/joints__type_support.c
[2.237s] -- Up-to-date: /home/ming/ros2_ws/install/champ_msgs/include/champ_msgs/champ_msgs/msg/detail/point_array__rosidl_typesupport_introspection_c.h
[2.237s] -- Up-to-date: /home/ming/ros2_ws/install/champ_msgs/include/champ_msgs/champ_msgs/msg/detail/imu__rosidl_typesupport_introspection_c.h
[2.237s] -- Up-to-date: /home/ming/ros2_ws/install/champ_msgs/lib/libchamp_msgs__rosidl_typesupport_introspection_c.so
[2.241s] -- Up-to-date: /home/ming/ros2_ws/install/champ_msgs/lib/libchamp_msgs__rosidl_typesupport_c.so
[2.241s] -- Up-to-date: /home/ming/ros2_ws/install/champ_msgs/include/champ_msgs/champ_msgs
[2.242s] -- Up-to-date: /home/ming/ros2_ws/install/champ_msgs/include/champ_msgs/champ_msgs/msg
[2.242s] -- Up-to-date: /home/ming/ros2_ws/install/champ_msgs/include/champ_msgs/champ_msgs/msg/point_array.hpp
[2.242s] -- Up-to-date: /home/ming/ros2_ws/install/champ_msgs/include/champ_msgs/champ_msgs/msg/pid.hpp
[2.242s] -- Up-to-date: /home/ming/ros2_ws/install/champ_msgs/include/champ_msgs/champ_msgs/msg/contacts.hpp
[2.242s] -- Up-to-date: /home/ming/ros2_ws/install/champ_msgs/include/champ_msgs/champ_msgs/msg/rosidl_generator_cpp__visibility_control.hpp
[2.242s] -- Up-to-date: /home/ming/ros2_ws/install/champ_msgs/include/champ_msgs/champ_msgs/msg/contacts_stamped.hpp
[2.242s] -- Up-to-date: /home/ming/ros2_ws/install/champ_msgs/include/champ_msgs/champ_msgs/msg/point.hpp
[2.242s] -- Up-to-date: /home/ming/ros2_ws/install/champ_msgs/include/champ_msgs/champ_msgs/msg/detail
[2.242s] -- Up-to-date: /home/ming/ros2_ws/install/champ_msgs/include/champ_msgs/champ_msgs/msg/detail/point_array__type_support.hpp
[2.243s] -- Up-to-date: /home/ming/ros2_ws/install/champ_msgs/include/champ_msgs/champ_msgs/msg/detail/joints__builder.hpp
[2.243s] -- Up-to-date: /home/ming/ros2_ws/install/champ_msgs/include/champ_msgs/champ_msgs/msg/detail/imu__traits.hpp
[2.243s] -- Up-to-date: /home/ming/ros2_ws/install/champ_msgs/include/champ_msgs/champ_msgs/msg/detail/point__struct.hpp
[2.243s] -- Up-to-date: /home/ming/ros2_ws/install/champ_msgs/include/champ_msgs/champ_msgs/msg/detail/velocities__struct.hpp
[2.243s] -- Up-to-date: /home/ming/ros2_ws/install/champ_msgs/include/champ_msgs/champ_msgs/msg/detail/imu__builder.hpp
[2.243s] -- Up-to-date: /home/ming/ros2_ws/install/champ_msgs/include/champ_msgs/champ_msgs/msg/detail/contacts_stamped__traits.hpp
[2.243s] -- Up-to-date: /home/ming/ros2_ws/install/champ_msgs/include/champ_msgs/champ_msgs/msg/detail/pid__traits.hpp
[2.243s] -- Up-to-date: /home/ming/ros2_ws/install/champ_msgs/include/champ_msgs/champ_msgs/msg/detail/pose__traits.hpp
[2.244s] -- Up-to-date: /home/ming/ros2_ws/install/champ_msgs/include/champ_msgs/champ_msgs/msg/detail/contacts__builder.hpp
[2.244s] -- Up-to-date: /home/ming/ros2_ws/install/champ_msgs/include/champ_msgs/champ_msgs/msg/detail/contacts__struct.hpp
[2.244s] -- Up-to-date: /home/ming/ros2_ws/install/champ_msgs/include/champ_msgs/champ_msgs/msg/detail/joints__traits.hpp
[2.244s] -- Up-to-date: /home/ming/ros2_ws/install/champ_msgs/include/champ_msgs/champ_msgs/msg/detail/pid__struct.hpp
[2.244s] -- Up-to-date: /home/ming/ros2_ws/install/champ_msgs/include/champ_msgs/champ_msgs/msg/detail/velocities__builder.hpp
[2.244s] -- Up-to-date: /home/ming/ros2_ws/install/champ_msgs/include/champ_msgs/champ_msgs/msg/detail/pid__builder.hpp
[2.244s] -- Up-to-date: /home/ming/ros2_ws/install/champ_msgs/include/champ_msgs/champ_msgs/msg/detail/pose__type_support.hpp
[2.244s] -- Up-to-date: /home/ming/ros2_ws/install/champ_msgs/include/champ_msgs/champ_msgs/msg/detail/velocities__type_support.hpp
[2.244s] -- Up-to-date: /home/ming/ros2_ws/install/champ_msgs/include/champ_msgs/champ_msgs/msg/detail/imu__type_support.hpp
[2.245s] -- Up-to-date: /home/ming/ros2_ws/install/champ_msgs/include/champ_msgs/champ_msgs/msg/detail/contacts__traits.hpp
[2.245s] -- Up-to-date: /home/ming/ros2_ws/install/champ_msgs/include/champ_msgs/champ_msgs/msg/detail/point_array__builder.hpp
[2.245s] -- Up-to-date: /home/ming/ros2_ws/install/champ_msgs/include/champ_msgs/champ_msgs/msg/detail/pid__type_support.hpp
[2.245s] -- Up-to-date: /home/ming/ros2_ws/install/champ_msgs/include/champ_msgs/champ_msgs/msg/detail/point_array__traits.hpp
[2.245s] -- Up-to-date: /home/ming/ros2_ws/install/champ_msgs/include/champ_msgs/champ_msgs/msg/detail/pose__builder.hpp
[2.245s] -- Up-to-date: /home/ming/ros2_ws/install/champ_msgs/include/champ_msgs/champ_msgs/msg/detail/point__builder.hpp
[2.245s] -- Up-to-date: /home/ming/ros2_ws/install/champ_msgs/include/champ_msgs/champ_msgs/msg/detail/contacts__type_support.hpp
[2.245s] -- Up-to-date: /home/ming/ros2_ws/install/champ_msgs/include/champ_msgs/champ_msgs/msg/detail/imu__struct.hpp
[2.245s] -- Up-to-date: /home/ming/ros2_ws/install/champ_msgs/include/champ_msgs/champ_msgs/msg/detail/point__traits.hpp
[2.245s] -- Up-to-date: /home/ming/ros2_ws/install/champ_msgs/include/champ_msgs/champ_msgs/msg/detail/contacts_stamped__builder.hpp
[2.246s] -- Up-to-date: /home/ming/ros2_ws/install/champ_msgs/include/champ_msgs/champ_msgs/msg/detail/contacts_stamped__type_support.hpp
[2.246s] -- Up-to-date: /home/ming/ros2_ws/install/champ_msgs/include/champ_msgs/champ_msgs/msg/detail/pose__struct.hpp
[2.246s] -- Up-to-date: /home/ming/ros2_ws/install/champ_msgs/include/champ_msgs/champ_msgs/msg/detail/point_array__struct.hpp
[2.246s] -- Up-to-date: /home/ming/ros2_ws/install/champ_msgs/include/champ_msgs/champ_msgs/msg/detail/velocities__traits.hpp
[2.246s] -- Up-to-date: /home/ming/ros2_ws/install/champ_msgs/include/champ_msgs/champ_msgs/msg/detail/joints__struct.hpp
[2.246s] -- Up-to-date: /home/ming/ros2_ws/install/champ_msgs/include/champ_msgs/champ_msgs/msg/detail/point__type_support.hpp
[2.247s] -- Up-to-date: /home/ming/ros2_ws/install/champ_msgs/include/champ_msgs/champ_msgs/msg/detail/joints__type_support.hpp
[2.247s] -- Up-to-date: /home/ming/ros2_ws/install/champ_msgs/include/champ_msgs/champ_msgs/msg/detail/contacts_stamped__struct.hpp
[2.247s] -- Up-to-date: /home/ming/ros2_ws/install/champ_msgs/include/champ_msgs/champ_msgs/msg/joints.hpp
[2.247s] -- Up-to-date: /home/ming/ros2_ws/install/champ_msgs/include/champ_msgs/champ_msgs/msg/imu.hpp
[2.247s] -- Up-to-date: /home/ming/ros2_ws/install/champ_msgs/include/champ_msgs/champ_msgs/msg/velocities.hpp
[2.248s] -- Up-to-date: /home/ming/ros2_ws/install/champ_msgs/include/champ_msgs/champ_msgs/msg/pose.hpp
[2.248s] -- Up-to-date: /home/ming/ros2_ws/install/champ_msgs/include/champ_msgs/champ_msgs
[2.248s] -- Up-to-date: /home/ming/ros2_ws/install/champ_msgs/include/champ_msgs/champ_msgs/msg
[2.248s] -- Up-to-date: /home/ming/ros2_ws/install/champ_msgs/include/champ_msgs/champ_msgs/msg/detail
[2.248s] -- Up-to-date: /home/ming/ros2_ws/install/champ_msgs/include/champ_msgs/champ_msgs/msg/detail/velocities__rosidl_typesupport_fastrtps_cpp.hpp
[2.249s] -- Up-to-date: /home/ming/ros2_ws/install/champ_msgs/include/champ_msgs/champ_msgs/msg/detail/point__rosidl_typesupport_fastrtps_cpp.hpp
[2.249s] -- Up-to-date: /home/ming/ros2_ws/install/champ_msgs/include/champ_msgs/champ_msgs/msg/detail/pid__rosidl_typesupport_fastrtps_cpp.hpp
[2.249s] -- Up-to-date: /home/ming/ros2_ws/install/champ_msgs/include/champ_msgs/champ_msgs/msg/detail/pose__rosidl_typesupport_fastrtps_cpp.hpp
[2.249s] -- Up-to-date: /home/ming/ros2_ws/install/champ_msgs/include/champ_msgs/champ_msgs/msg/detail/imu__rosidl_typesupport_fastrtps_cpp.hpp
[2.250s] -- Up-to-date: /home/ming/ros2_ws/install/champ_msgs/include/champ_msgs/champ_msgs/msg/detail/contacts__rosidl_typesupport_fastrtps_cpp.hpp
[2.250s] -- Up-to-date: /home/ming/ros2_ws/install/champ_msgs/include/champ_msgs/champ_msgs/msg/detail/contacts_stamped__rosidl_typesupport_fastrtps_cpp.hpp
[2.250s] -- Up-to-date: /home/ming/ros2_ws/install/champ_msgs/include/champ_msgs/champ_msgs/msg/detail/joints__rosidl_typesupport_fastrtps_cpp.hpp
[2.250s] -- Up-to-date: /home/ming/ros2_ws/install/champ_msgs/include/champ_msgs/champ_msgs/msg/detail/dds_fastrtps
[2.250s] -- Up-to-date: /home/ming/ros2_ws/install/champ_msgs/include/champ_msgs/champ_msgs/msg/detail/point_array__rosidl_typesupport_fastrtps_cpp.hpp
[2.250s] -- Up-to-date: /home/ming/ros2_ws/install/champ_msgs/include/champ_msgs/champ_msgs/msg/rosidl_typesupport_fastrtps_cpp__visibility_control.h
[2.252s] -- Up-to-date: /home/ming/ros2_ws/install/champ_msgs/lib/libchamp_msgs__rosidl_typesupport_fastrtps_cpp.so
[2.253s] -- Up-to-date: /home/ming/ros2_ws/install/champ_msgs/include/champ_msgs/champ_msgs
[2.253s] -- Up-to-date: /home/ming/ros2_ws/install/champ_msgs/include/champ_msgs/champ_msgs/msg
[2.253s] -- Up-to-date: /home/ming/ros2_ws/install/champ_msgs/include/champ_msgs/champ_msgs/msg/detail
[2.253s] -- Up-to-date: /home/ming/ros2_ws/install/champ_msgs/include/champ_msgs/champ_msgs/msg/detail/pose__rosidl_typesupport_introspection_cpp.hpp
[2.253s] -- Up-to-date: /home/ming/ros2_ws/install/champ_msgs/include/champ_msgs/champ_msgs/msg/detail/contacts_stamped__rosidl_typesupport_introspection_cpp.hpp
[2.253s] -- Up-to-date: /home/ming/ros2_ws/install/champ_msgs/include/champ_msgs/champ_msgs/msg/detail/pid__type_support.cpp
[2.253s] -- Up-to-date: /home/ming/ros2_ws/install/champ_msgs/include/champ_msgs/champ_msgs/msg/detail/point__type_support.cpp
[2.254s] -- Up-to-date: /home/ming/ros2_ws/install/champ_msgs/include/champ_msgs/champ_msgs/msg/detail/velocities__rosidl_typesupport_introspection_cpp.hpp
[2.254s] -- Up-to-date: /home/ming/ros2_ws/install/champ_msgs/include/champ_msgs/champ_msgs/msg/detail/point_array__type_support.cpp
[2.254s] -- Up-to-date: /home/ming/ros2_ws/install/champ_msgs/include/champ_msgs/champ_msgs/msg/detail/point__rosidl_typesupport_introspection_cpp.hpp
[2.254s] -- Up-to-date: /home/ming/ros2_ws/install/champ_msgs/include/champ_msgs/champ_msgs/msg/detail/contacts__rosidl_typesupport_introspection_cpp.hpp
[2.254s] -- Up-to-date: /home/ming/ros2_ws/install/champ_msgs/include/champ_msgs/champ_msgs/msg/detail/joints__type_support.cpp
[2.255s] -- Up-to-date: /home/ming/ros2_ws/install/champ_msgs/include/champ_msgs/champ_msgs/msg/detail/point_array__rosidl_typesupport_introspection_cpp.hpp
[2.255s] -- Up-to-date: /home/ming/ros2_ws/install/champ_msgs/include/champ_msgs/champ_msgs/msg/detail/contacts__type_support.cpp
[2.255s] -- Up-to-date: /home/ming/ros2_ws/install/champ_msgs/include/champ_msgs/champ_msgs/msg/detail/pose__type_support.cpp
[2.255s] -- Up-to-date: /home/ming/ros2_ws/install/champ_msgs/include/champ_msgs/champ_msgs/msg/detail/joints__rosidl_typesupport_introspection_cpp.hpp
[2.255s] -- Up-to-date: /home/ming/ros2_ws/install/champ_msgs/include/champ_msgs/champ_msgs/msg/detail/contacts_stamped__type_support.cpp
[2.255s] -- Up-to-date: /home/ming/ros2_ws/install/champ_msgs/include/champ_msgs/champ_msgs/msg/detail/pid__rosidl_typesupport_introspection_cpp.hpp
[2.255s] -- Up-to-date: /home/ming/ros2_ws/install/champ_msgs/include/champ_msgs/champ_msgs/msg/detail/imu__type_support.cpp
[2.256s] -- Up-to-date: /home/ming/ros2_ws/install/champ_msgs/include/champ_msgs/champ_msgs/msg/detail/imu__rosidl_typesupport_introspection_cpp.hpp
[2.256s] -- Up-to-date: /home/ming/ros2_ws/install/champ_msgs/include/champ_msgs/champ_msgs/msg/detail/velocities__type_support.cpp
[2.258s] -- Up-to-date: /home/ming/ros2_ws/install/champ_msgs/lib/libchamp_msgs__rosidl_typesupport_introspection_cpp.so
[2.261s] -- Up-to-date: /home/ming/ros2_ws/install/champ_msgs/lib/libchamp_msgs__rosidl_typesupport_cpp.so
[2.264s] -- Up-to-date: /home/ming/ros2_ws/install/champ_msgs/share/champ_msgs/environment/pythonpath.sh
[2.264s] -- Up-to-date: /home/ming/ros2_ws/install/champ_msgs/share/champ_msgs/environment/pythonpath.dsv
[2.265s] -- Up-to-date: /home/ming/ros2_ws/install/champ_msgs/local/lib/python3.10/dist-packages/champ_msgs-0.1.0-py3.10.egg-info
[2.265s] -- Installing: /home/ming/ros2_ws/install/champ_msgs/local/lib/python3.10/dist-packages/champ_msgs-0.1.0-py3.10.egg-info/SOURCES.txt
[2.265s] -- Installing: /home/ming/ros2_ws/install/champ_msgs/local/lib/python3.10/dist-packages/champ_msgs-0.1.0-py3.10.egg-info/PKG-INFO
[2.267s] -- Installing: /home/ming/ros2_ws/install/champ_msgs/local/lib/python3.10/dist-packages/champ_msgs-0.1.0-py3.10.egg-info/dependency_links.txt
[2.267s] -- Installing: /home/ming/ros2_ws/install/champ_msgs/local/lib/python3.10/dist-packages/champ_msgs-0.1.0-py3.10.egg-info/top_level.txt
[2.268s] -- Up-to-date: /home/ming/ros2_ws/install/champ_msgs/local/lib/python3.10/dist-packages/champ_msgs
[2.269s] -- Up-to-date: /home/ming/ros2_ws/install/champ_msgs/local/lib/python3.10/dist-packages/champ_msgs/_champ_msgs_s.ep.rosidl_typesupport_fastrtps_c.c
[2.270s] -- Up-to-date: /home/ming/ros2_ws/install/champ_msgs/local/lib/python3.10/dist-packages/champ_msgs/libchamp_msgs__rosidl_generator_py.so
[2.270s] -- Up-to-date: /home/ming/ros2_ws/install/champ_msgs/local/lib/python3.10/dist-packages/champ_msgs/msg
[2.271s] -- Up-to-date: /home/ming/ros2_ws/install/champ_msgs/local/lib/python3.10/dist-packages/champ_msgs/msg/_contacts_stamped.py
[2.271s] -- Up-to-date: /home/ming/ros2_ws/install/champ_msgs/local/lib/python3.10/dist-packages/champ_msgs/msg/_contacts.py
[2.271s] -- Up-to-date: /home/ming/ros2_ws/install/champ_msgs/local/lib/python3.10/dist-packages/champ_msgs/msg/_point_s.c
[2.272s] -- Up-to-date: /home/ming/ros2_ws/install/champ_msgs/local/lib/python3.10/dist-packages/champ_msgs/msg/_pid.py
[2.272s] -- Up-to-date: /home/ming/ros2_ws/install/champ_msgs/local/lib/python3.10/dist-packages/champ_msgs/msg/_imu.py
[2.272s] -- Up-to-date: /home/ming/ros2_ws/install/champ_msgs/local/lib/python3.10/dist-packages/champ_msgs/msg/_pid_s.c
[2.272s] -- Up-to-date: /home/ming/ros2_ws/install/champ_msgs/local/lib/python3.10/dist-packages/champ_msgs/msg/_point.py
[2.272s] -- Up-to-date: /home/ming/ros2_ws/install/champ_msgs/local/lib/python3.10/dist-packages/champ_msgs/msg/_point_array_s.c
[2.273s] -- Up-to-date: /home/ming/ros2_ws/install/champ_msgs/local/lib/python3.10/dist-packages/champ_msgs/msg/_imu_s.c
[2.273s] -- Up-to-date: /home/ming/ros2_ws/install/champ_msgs/local/lib/python3.10/dist-packages/champ_msgs/msg/_joints_s.c
[2.273s] -- Up-to-date: /home/ming/ros2_ws/install/champ_msgs/local/lib/python3.10/dist-packages/champ_msgs/msg/_velocities_s.c
[2.273s] -- Up-to-date: /home/ming/ros2_ws/install/champ_msgs/local/lib/python3.10/dist-packages/champ_msgs/msg/_joints.py
[2.273s] -- Up-to-date: /home/ming/ros2_ws/install/champ_msgs/local/lib/python3.10/dist-packages/champ_msgs/msg/_contacts_s.c
[2.273s] -- Up-to-date: /home/ming/ros2_ws/install/champ_msgs/local/lib/python3.10/dist-packages/champ_msgs/msg/_velocities.py
[2.274s] -- Up-to-date: /home/ming/ros2_ws/install/champ_msgs/local/lib/python3.10/dist-packages/champ_msgs/msg/_contacts_stamped_s.c
[2.275s] -- Up-to-date: /home/ming/ros2_ws/install/champ_msgs/local/lib/python3.10/dist-packages/champ_msgs/msg/_pose_s.c
[2.275s] -- Up-to-date: /home/ming/ros2_ws/install/champ_msgs/local/lib/python3.10/dist-packages/champ_msgs/msg/_pose.py
[2.275s] -- Up-to-date: /home/ming/ros2_ws/install/champ_msgs/local/lib/python3.10/dist-packages/champ_msgs/msg/__init__.py
[2.275s] -- Up-to-date: /home/ming/ros2_ws/install/champ_msgs/local/lib/python3.10/dist-packages/champ_msgs/msg/_point_array.py
[2.276s] -- Up-to-date: /home/ming/ros2_ws/install/champ_msgs/local/lib/python3.10/dist-packages/champ_msgs/champ_msgs_s__rosidl_typesupport_c.cpython-310-aarch64-linux-gnu.so
[2.276s] -- Up-to-date: /home/ming/ros2_ws/install/champ_msgs/local/lib/python3.10/dist-packages/champ_msgs/_champ_msgs_s.ep.rosidl_typesupport_introspection_c.c
[2.276s] -- Up-to-date: /home/ming/ros2_ws/install/champ_msgs/local/lib/python3.10/dist-packages/champ_msgs/champ_msgs_s__rosidl_typesupport_introspection_c.cpython-310-aarch64-linux-gnu.so
[2.276s] -- Up-to-date: /home/ming/ros2_ws/install/champ_msgs/local/lib/python3.10/dist-packages/champ_msgs/__init__.py
[2.276s] -- Up-to-date: /home/ming/ros2_ws/install/champ_msgs/local/lib/python3.10/dist-packages/champ_msgs/_champ_msgs_s.ep.rosidl_typesupport_c.c
[2.276s] -- Up-to-date: /home/ming/ros2_ws/install/champ_msgs/local/lib/python3.10/dist-packages/champ_msgs/champ_msgs_s__rosidl_typesupport_fastrtps_c.cpython-310-aarch64-linux-gnu.so
[2.303s] Listing '/home/ming/ros2_ws/install/champ_msgs/local/lib/python3.10/dist-packages/champ_msgs'...
[2.304s] Listing '/home/ming/ros2_ws/install/champ_msgs/local/lib/python3.10/dist-packages/champ_msgs/msg'...
[2.313s] -- Up-to-date: /home/ming/ros2_ws/install/champ_msgs/local/lib/python3.10/dist-packages/champ_msgs/champ_msgs_s__rosidl_typesupport_fastrtps_c.cpython-310-aarch64-linux-gnu.so
[2.315s] -- Up-to-date: /home/ming/ros2_ws/install/champ_msgs/local/lib/python3.10/dist-packages/champ_msgs/champ_msgs_s__rosidl_typesupport_introspection_c.cpython-310-aarch64-linux-gnu.so
[2.316s] -- Up-to-date: /home/ming/ros2_ws/install/champ_msgs/local/lib/python3.10/dist-packages/champ_msgs/champ_msgs_s__rosidl_typesupport_c.cpython-310-aarch64-linux-gnu.so
[2.319s] -- Up-to-date: /home/ming/ros2_ws/install/champ_msgs/lib/libchamp_msgs__rosidl_generator_py.so
[2.321s] -- Up-to-date: /home/ming/ros2_ws/install/champ_msgs/share/champ_msgs/msg/Velocities.idl
[2.322s] -- Up-to-date: /home/ming/ros2_ws/install/champ_msgs/share/champ_msgs/msg/PID.idl
[2.322s] -- Up-to-date: /home/ming/ros2_ws/install/champ_msgs/share/champ_msgs/msg/Imu.idl
[2.323s] -- Up-to-date: /home/ming/ros2_ws/install/champ_msgs/share/champ_msgs/msg/Point.idl
[2.323s] -- Up-to-date: /home/ming/ros2_ws/install/champ_msgs/share/champ_msgs/msg/PointArray.idl
[2.324s] -- Up-to-date: /home/ming/ros2_ws/install/champ_msgs/share/champ_msgs/msg/Joints.idl
[2.324s] -- Up-to-date: /home/ming/ros2_ws/install/champ_msgs/share/champ_msgs/msg/Contacts.idl
[2.324s] -- Up-to-date: /home/ming/ros2_ws/install/champ_msgs/share/champ_msgs/msg/ContactsStamped.idl
[2.324s] -- Up-to-date: /home/ming/ros2_ws/install/champ_msgs/share/champ_msgs/msg/Pose.idl
[2.325s] -- Up-to-date: /home/ming/ros2_ws/install/champ_msgs/share/champ_msgs/msg/Velocities.msg
[2.325s] -- Up-to-date: /home/ming/ros2_ws/install/champ_msgs/share/champ_msgs/msg/PID.msg
[2.326s] -- Up-to-date: /home/ming/ros2_ws/install/champ_msgs/share/champ_msgs/msg/Imu.msg
[2.326s] -- Up-to-date: /home/ming/ros2_ws/install/champ_msgs/share/champ_msgs/msg/Point.msg
[2.326s] -- Up-to-date: /home/ming/ros2_ws/install/champ_msgs/share/champ_msgs/msg/PointArray.msg
[2.327s] -- Up-to-date: /home/ming/ros2_ws/install/champ_msgs/share/champ_msgs/msg/Joints.msg
[2.327s] -- Up-to-date: /home/ming/ros2_ws/install/champ_msgs/share/champ_msgs/msg/Contacts.msg
[2.328s] -- Up-to-date: /home/ming/ros2_ws/install/champ_msgs/share/champ_msgs/msg/ContactsStamped.msg
[2.328s] -- Up-to-date: /home/ming/ros2_ws/install/champ_msgs/share/champ_msgs/msg/Pose.msg
[2.328s] -- Up-to-date: /home/ming/ros2_ws/install/champ_msgs/share/ament_index/resource_index/package_run_dependencies/champ_msgs
[2.330s] -- Up-to-date: /home/ming/ros2_ws/install/champ_msgs/share/ament_index/resource_index/parent_prefix_path/champ_msgs
[2.330s] -- Up-to-date: /home/ming/ros2_ws/install/champ_msgs/share/champ_msgs/environment/ament_prefix_path.sh
[2.330s] -- Up-to-date: /home/ming/ros2_ws/install/champ_msgs/share/champ_msgs/environment/ament_prefix_path.dsv
[2.330s] -- Up-to-date: /home/ming/ros2_ws/install/champ_msgs/share/champ_msgs/environment/path.sh
[2.331s] -- Up-to-date: /home/ming/ros2_ws/install/champ_msgs/share/champ_msgs/environment/path.dsv
[2.331s] -- Up-to-date: /home/ming/ros2_ws/install/champ_msgs/share/champ_msgs/local_setup.bash
[2.332s] -- Up-to-date: /home/ming/ros2_ws/install/champ_msgs/share/champ_msgs/local_setup.sh
[2.332s] -- Up-to-date: /home/ming/ros2_ws/install/champ_msgs/share/champ_msgs/local_setup.zsh
[2.333s] -- Up-to-date: /home/ming/ros2_ws/install/champ_msgs/share/champ_msgs/local_setup.dsv
[2.333s] -- Installing: /home/ming/ros2_ws/install/champ_msgs/share/champ_msgs/package.dsv
[2.336s] -- Up-to-date: /home/ming/ros2_ws/install/champ_msgs/share/ament_index/resource_index/packages/champ_msgs
[2.345s] -- Up-to-date: /home/ming/ros2_ws/install/champ_msgs/share/champ_msgs/cmake/export_champ_msgs__rosidl_generator_cExport.cmake
[2.346s] -- Up-to-date: /home/ming/ros2_ws/install/champ_msgs/share/champ_msgs/cmake/export_champ_msgs__rosidl_generator_cExport-noconfig.cmake
[2.348s] -- Up-to-date: /home/ming/ros2_ws/install/champ_msgs/share/champ_msgs/cmake/export_champ_msgs__rosidl_typesupport_fastrtps_cExport.cmake
[2.348s] -- Up-to-date: /home/ming/ros2_ws/install/champ_msgs/share/champ_msgs/cmake/export_champ_msgs__rosidl_typesupport_fastrtps_cExport-noconfig.cmake
[2.350s] -- Up-to-date: /home/ming/ros2_ws/install/champ_msgs/share/champ_msgs/cmake/champ_msgs__rosidl_typesupport_introspection_cExport.cmake
[2.350s] -- Up-to-date: /home/ming/ros2_ws/install/champ_msgs/share/champ_msgs/cmake/champ_msgs__rosidl_typesupport_introspection_cExport-noconfig.cmake
[2.352s] -- Up-to-date: /home/ming/ros2_ws/install/champ_msgs/share/champ_msgs/cmake/champ_msgs__rosidl_typesupport_cExport.cmake
[2.352s] -- Up-to-date: /home/ming/ros2_ws/install/champ_msgs/share/champ_msgs/cmake/champ_msgs__rosidl_typesupport_cExport-noconfig.cmake
[2.355s] -- Up-to-date: /home/ming/ros2_ws/install/champ_msgs/share/champ_msgs/cmake/export_champ_msgs__rosidl_generator_cppExport.cmake
[2.356s] -- Up-to-date: /home/ming/ros2_ws/install/champ_msgs/share/champ_msgs/cmake/export_champ_msgs__rosidl_typesupport_fastrtps_cppExport.cmake
[2.357s] -- Up-to-date: /home/ming/ros2_ws/install/champ_msgs/share/champ_msgs/cmake/export_champ_msgs__rosidl_typesupport_fastrtps_cppExport-noconfig.cmake
[2.359s] -- Up-to-date: /home/ming/ros2_ws/install/champ_msgs/share/champ_msgs/cmake/champ_msgs__rosidl_typesupport_introspection_cppExport.cmake
[2.359s] -- Up-to-date: /home/ming/ros2_ws/install/champ_msgs/share/champ_msgs/cmake/champ_msgs__rosidl_typesupport_introspection_cppExport-noconfig.cmake
[2.361s] -- Up-to-date: /home/ming/ros2_ws/install/champ_msgs/share/champ_msgs/cmake/champ_msgs__rosidl_typesupport_cppExport.cmake
[2.361s] -- Up-to-date: /home/ming/ros2_ws/install/champ_msgs/share/champ_msgs/cmake/champ_msgs__rosidl_typesupport_cppExport-noconfig.cmake
[2.363s] -- Up-to-date: /home/ming/ros2_ws/install/champ_msgs/share/champ_msgs/cmake/export_champ_msgs__rosidl_generator_pyExport.cmake
[2.363s] -- Up-to-date: /home/ming/ros2_ws/install/champ_msgs/share/champ_msgs/cmake/export_champ_msgs__rosidl_generator_pyExport-noconfig.cmake
[2.364s] -- Up-to-date: /home/ming/ros2_ws/install/champ_msgs/share/champ_msgs/cmake/rosidl_cmake-extras.cmake
[2.364s] -- Up-to-date: /home/ming/ros2_ws/install/champ_msgs/share/champ_msgs/cmake/ament_cmake_export_dependencies-extras.cmake
[2.365s] -- Up-to-date: /home/ming/ros2_ws/install/champ_msgs/share/champ_msgs/cmake/ament_cmake_export_include_directories-extras.cmake
[2.365s] -- Up-to-date: /home/ming/ros2_ws/install/champ_msgs/share/champ_msgs/cmake/ament_cmake_export_libraries-extras.cmake
[2.365s] -- Up-to-date: /home/ming/ros2_ws/install/champ_msgs/share/champ_msgs/cmake/ament_cmake_export_targets-extras.cmake
[2.366s] -- Up-to-date: /home/ming/ros2_ws/install/champ_msgs/share/champ_msgs/cmake/rosidl_cmake_export_typesupport_targets-extras.cmake
[2.366s] -- Up-to-date: /home/ming/ros2_ws/install/champ_msgs/share/champ_msgs/cmake/rosidl_cmake_export_typesupport_libraries-extras.cmake
[2.367s] -- Up-to-date: /home/ming/ros2_ws/install/champ_msgs/share/champ_msgs/cmake/champ_msgsConfig.cmake
[2.367s] -- Up-to-date: /home/ming/ros2_ws/install/champ_msgs/share/champ_msgs/cmake/champ_msgsConfig-version.cmake
[2.367s] -- Up-to-date: /home/ming/ros2_ws/install/champ_msgs/share/champ_msgs/package.xml
[2.376s] Invoked command in '/home/ming/ros2_ws/build/champ_msgs' returned '0': CMAKE_PREFIX_PATH=${CMAKE_PREFIX_PATH}:/home/ming/ros2_ws/install/go2_navigation:/home/ming/ros2_ws/install/go2_unitree_bridge:/home/ming/ros2_ws/install/speech_processor:/home/ming/ros2_ws/install/lidar_processor:/home/ming/ros2_ws/install/go2_robot_sdk:/home/ming/ros2_ws/install/coco_detector:/home/ming/install/go2_navigation:/opt/ros/humble /usr/bin/cmake --install /home/ming/ros2_ws/build/champ_msgs
