[2.565s] Invoking command in '/home/ming/ros2_ws/src/go2_navigation': PS1=\[\e]0;\u@\h: \w\a\]${debian_chroot:+($debian_chroot)}\[\033[01;32m\]\u@\h\[\033[00m\]:\[\033[01;34m\]\w\[\033[00m\]\$ PYTHONPATH=/home/ming/ros2_ws/build/go2_navigation/prefix_override:/usr/lib/python3/dist-packages/colcon_core/task/python/colcon_distutils_commands:/home/ming/ros2_ws/install/go2_navigation/lib/python3.10/site-packages:${PYTHONPATH} /usr/bin/python3 -W ignore:setup.py install is deprecated -W ignore:easy_install command is deprecated setup.py egg_info --egg-base ../../build/go2_navigation build --build-base /home/ming/ros2_ws/build/go2_navigation/build install --record /home/ming/ros2_ws/build/go2_navigation/install.log --single-version-externally-managed install_data
[3.072s] running egg_info
[3.074s] creating ../../build/go2_navigation/go2_navigation.egg-info
[3.074s] writing ../../build/go2_navigation/go2_navigation.egg-info/PKG-INFO
[3.075s] writing dependency_links to ../../build/go2_navigation/go2_navigation.egg-info/dependency_links.txt
[3.075s] writing entry points to ../../build/go2_navigation/go2_navigation.egg-info/entry_points.txt
[3.075s] writing requirements to ../../build/go2_navigation/go2_navigation.egg-info/requires.txt
[3.076s] writing top-level names to ../../build/go2_navigation/go2_navigation.egg-info/top_level.txt
[3.076s] writing manifest file '../../build/go2_navigation/go2_navigation.egg-info/SOURCES.txt'
[3.080s] reading manifest file '../../build/go2_navigation/go2_navigation.egg-info/SOURCES.txt'
[3.081s] writing manifest file '../../build/go2_navigation/go2_navigation.egg-info/SOURCES.txt'
[3.082s] running build
[3.082s] running build_py
[3.084s] creating /home/ming/ros2_ws/build/go2_navigation/build
[3.084s] creating /home/ming/ros2_ws/build/go2_navigation/build/lib
[3.084s] creating /home/ming/ros2_ws/build/go2_navigation/build/lib/go2_navigation
[3.084s] copying go2_navigation/location_subscriber.py -> /home/ming/ros2_ws/build/go2_navigation/build/lib/go2_navigation
[3.086s] copying go2_navigation/__init__.py -> /home/ming/ros2_ws/build/go2_navigation/build/lib/go2_navigation
[3.087s] running install
[3.088s] running install_lib
[3.089s] creating /home/ming/ros2_ws/install/go2_navigation/lib/python3.10/site-packages/go2_navigation
[3.090s] copying /home/ming/ros2_ws/build/go2_navigation/build/lib/go2_navigation/location_subscriber.py -> /home/ming/ros2_ws/install/go2_navigation/lib/python3.10/site-packages/go2_navigation
[3.090s] copying /home/ming/ros2_ws/build/go2_navigation/build/lib/go2_navigation/__init__.py -> /home/ming/ros2_ws/install/go2_navigation/lib/python3.10/site-packages/go2_navigation
[3.094s] byte-compiling /home/ming/ros2_ws/install/go2_navigation/lib/python3.10/site-packages/go2_navigation/location_subscriber.py to location_subscriber.cpython-310.pyc
[3.104s] byte-compiling /home/ming/ros2_ws/install/go2_navigation/lib/python3.10/site-packages/go2_navigation/__init__.py to __init__.cpython-310.pyc
[3.105s] running install_data
[3.105s] creating /home/ming/ros2_ws/install/go2_navigation/share/ament_index
[3.106s] creating /home/ming/ros2_ws/install/go2_navigation/share/ament_index/resource_index
[3.106s] creating /home/ming/ros2_ws/install/go2_navigation/share/ament_index/resource_index/packages
[3.107s] copying resource/go2_navigation -> /home/ming/ros2_ws/install/go2_navigation/share/ament_index/resource_index/packages
[3.107s] copying package.xml -> /home/ming/ros2_ws/install/go2_navigation/share/go2_navigation
[3.107s] running install_egg_info
[3.108s] Copying ../../build/go2_navigation/go2_navigation.egg-info to /home/ming/ros2_ws/install/go2_navigation/lib/python3.10/site-packages/go2_navigation-0.1.0-py3.10.egg-info
[3.109s] running install_scripts
[3.145s] Installing location_subscriber script to /home/ming/ros2_ws/install/go2_navigation/lib/go2_navigation
[3.147s] writing list of installed files to '/home/ming/ros2_ws/build/go2_navigation/install.log'
[3.234s] Invoked command in '/home/ming/ros2_ws/src/go2_navigation' returned '0': PS1=\[\e]0;\u@\h: \w\a\]${debian_chroot:+($debian_chroot)}\[\033[01;32m\]\u@\h\[\033[00m\]:\[\033[01;34m\]\w\[\033[00m\]\$ PYTHONPATH=/home/ming/ros2_ws/build/go2_navigation/prefix_override:/usr/lib/python3/dist-packages/colcon_core/task/python/colcon_distutils_commands:/home/ming/ros2_ws/install/go2_navigation/lib/python3.10/site-packages:${PYTHONPATH} /usr/bin/python3 -W ignore:setup.py install is deprecated -W ignore:easy_install command is deprecated setup.py egg_info --egg-base ../../build/go2_navigation build --build-base /home/ming/ros2_ws/build/go2_navigation/build install --record /home/ming/ros2_ws/build/go2_navigation/install.log --single-version-externally-managed install_data
