[2.897s] Invoking command in '/home/ming/ros2_ws/build/lidar_processor': PYTHONPATH=/home/ming/ros2_ws/build/lidar_processor/prefix_override:/usr/lib/python3/dist-packages/colcon_core/task/python/colcon_distutils_commands:/home/ming/ros2_ws/install/lidar_processor/lib/python3.10/site-packages:${PYTHONPATH} /usr/bin/python3 -W ignore:setup.py install is deprecated -W ignore:easy_install command is deprecated setup.py develop --uninstall --editable --build-directory /home/ming/ros2_ws/build/lidar_processor/build
[3.511s] running develop
[3.960s] Removing /home/ming/ros2_ws/install/lidar_processor/lib/python3.10/site-packages/lidar-processor.egg-link (link to .)
[4.090s] Invoked command in '/home/ming/ros2_ws/build/lidar_processor' returned '0': PYTHONPATH=/home/ming/ros2_ws/build/lidar_processor/prefix_override:/usr/lib/python3/dist-packages/colcon_core/task/python/colcon_distutils_commands:/home/ming/ros2_ws/install/lidar_processor/lib/python3.10/site-packages:${PYTHONPATH} /usr/bin/python3 -W ignore:setup.py install is deprecated -W ignore:easy_install command is deprecated setup.py develop --uninstall --editable --build-directory /home/ming/ros2_ws/build/lidar_processor/build
[4.094s] Invoking command in '/home/ming/ros2_ws/src/lidar_processor': PYTHONPATH=/home/ming/ros2_ws/build/lidar_processor/prefix_override:/usr/lib/python3/dist-packages/colcon_core/task/python/colcon_distutils_commands:/home/ming/ros2_ws/install/lidar_processor/lib/python3.10/site-packages:${PYTHONPATH} /usr/bin/python3 -W ignore:setup.py install is deprecated -W ignore:easy_install command is deprecated setup.py egg_info --egg-base ../../build/lidar_processor build --build-base /home/ming/ros2_ws/build/lidar_processor/build install --record /home/ming/ros2_ws/build/lidar_processor/install.log --single-version-externally-managed install_data --force
[4.763s] running egg_info
[4.769s] writing ../../build/lidar_processor/lidar_processor.egg-info/PKG-INFO
[4.774s] writing dependency_links to ../../build/lidar_processor/lidar_processor.egg-info/dependency_links.txt
[4.774s] writing entry points to ../../build/lidar_processor/lidar_processor.egg-info/entry_points.txt
[4.774s] writing requirements to ../../build/lidar_processor/lidar_processor.egg-info/requires.txt
[4.775s] writing top-level names to ../../build/lidar_processor/lidar_processor.egg-info/top_level.txt
[4.781s] reading manifest file '../../build/lidar_processor/lidar_processor.egg-info/SOURCES.txt'
[4.782s] writing manifest file '../../build/lidar_processor/lidar_processor.egg-info/SOURCES.txt'
[4.783s] running build
[4.783s] running build_py
[4.783s] creating /home/ming/ros2_ws/build/lidar_processor/build
[4.783s] creating /home/ming/ros2_ws/build/lidar_processor/build/lib
[4.783s] creating /home/ming/ros2_ws/build/lidar_processor/build/lib/lidar_processor
[4.783s] copying lidar_processor/pointcloud_aggregator_node.py -> /home/ming/ros2_ws/build/lidar_processor/build/lib/lidar_processor
[4.784s] copying lidar_processor/__init__.py -> /home/ming/ros2_ws/build/lidar_processor/build/lib/lidar_processor
[4.784s] copying lidar_processor/lidar_to_pointcloud_node.py -> /home/ming/ros2_ws/build/lidar_processor/build/lib/lidar_processor
[4.785s] running install
[4.786s] running install_lib
[4.791s] creating /home/ming/ros2_ws/install/lidar_processor/lib/python3.10/site-packages/lidar_processor
[4.792s] copying /home/ming/ros2_ws/build/lidar_processor/build/lib/lidar_processor/pointcloud_aggregator_node.py -> /home/ming/ros2_ws/install/lidar_processor/lib/python3.10/site-packages/lidar_processor
[4.792s] copying /home/ming/ros2_ws/build/lidar_processor/build/lib/lidar_processor/__init__.py -> /home/ming/ros2_ws/install/lidar_processor/lib/python3.10/site-packages/lidar_processor
[4.792s] copying /home/ming/ros2_ws/build/lidar_processor/build/lib/lidar_processor/lidar_to_pointcloud_node.py -> /home/ming/ros2_ws/install/lidar_processor/lib/python3.10/site-packages/lidar_processor
[4.794s] byte-compiling /home/ming/ros2_ws/install/lidar_processor/lib/python3.10/site-packages/lidar_processor/pointcloud_aggregator_node.py to pointcloud_aggregator_node.cpython-310.pyc
[4.798s] byte-compiling /home/ming/ros2_ws/install/lidar_processor/lib/python3.10/site-packages/lidar_processor/__init__.py to __init__.cpython-310.pyc
[4.798s] byte-compiling /home/ming/ros2_ws/install/lidar_processor/lib/python3.10/site-packages/lidar_processor/lidar_to_pointcloud_node.py to lidar_to_pointcloud_node.cpython-310.pyc
[4.802s] running install_data
[4.802s] copying resource/lidar_processor -> /home/ming/ros2_ws/install/lidar_processor/share/ament_index/resource_index/packages
[4.804s] copying package.xml -> /home/ming/ros2_ws/install/lidar_processor/share/lidar_processor
[4.804s] running install_egg_info
[4.810s] Copying ../../build/lidar_processor/lidar_processor.egg-info to /home/ming/ros2_ws/install/lidar_processor/lib/python3.10/site-packages/lidar_processor-1.0.0-py3.10.egg-info
[4.813s] running install_scripts
[4.872s] Installing lidar_to_pointcloud script to /home/ming/ros2_ws/install/lidar_processor/lib/lidar_processor
[4.872s] Installing pointcloud_aggregator script to /home/ming/ros2_ws/install/lidar_processor/lib/lidar_processor
[4.874s] writing list of installed files to '/home/ming/ros2_ws/build/lidar_processor/install.log'
[5.013s] Invoked command in '/home/ming/ros2_ws/src/lidar_processor' returned '0': PYTHONPATH=/home/ming/ros2_ws/build/lidar_processor/prefix_override:/usr/lib/python3/dist-packages/colcon_core/task/python/colcon_distutils_commands:/home/ming/ros2_ws/install/lidar_processor/lib/python3.10/site-packages:${PYTHONPATH} /usr/bin/python3 -W ignore:setup.py install is deprecated -W ignore:easy_install command is deprecated setup.py egg_info --egg-base ../../build/lidar_processor build --build-base /home/ming/ros2_ws/build/lidar_processor/build install --record /home/ming/ros2_ws/build/lidar_processor/install.log --single-version-externally-managed install_data --force
