[1.496s] Invoking command in '/home/ming/ros2_ws/src/go2_robot_sdk': CMAKE_PREFIX_PATH=/home/ming/ros2_ws/install/go2_interfaces:/home/ming/ros2_ws/install/unitree_go2_sim:/home/ming/ros2_ws/install/unitree_go2_description:/home/ming/ros2_ws/install/lidar_processor_cpp:/home/ming/ros2_ws/install/champ_base:/home/ming/ros2_ws/install/champ_msgs:/home/ming/ros2_ws/install/champ PYTHONPATH=/home/ming/ros2_ws/build/go2_robot_sdk/prefix_override:/usr/lib/python3/dist-packages/colcon_core/task/python/colcon_distutils_commands:/home/ming/ros2_ws/install/go2_robot_sdk/lib/python3.10/site-packages:${PYTHONPATH} /usr/bin/python3 -W ignore:setup.py install is deprecated -W ignore:easy_install command is deprecated setup.py egg_info --egg-base ../../build/go2_robot_sdk build --build-base /home/ming/ros2_ws/build/go2_robot_sdk/build install --record /home/ming/ros2_ws/build/go2_robot_sdk/install.log --single-version-externally-managed install_data
[1.974s] running egg_info
[1.993s] writing ../../build/go2_robot_sdk/go2_robot_sdk.egg-info/PKG-INFO
[2.001s] writing dependency_links to ../../build/go2_robot_sdk/go2_robot_sdk.egg-info/dependency_links.txt
[2.002s] writing entry points to ../../build/go2_robot_sdk/go2_robot_sdk.egg-info/entry_points.txt
[2.002s] writing requirements to ../../build/go2_robot_sdk/go2_robot_sdk.egg-info/requires.txt
[2.002s] writing top-level names to ../../build/go2_robot_sdk/go2_robot_sdk.egg-info/top_level.txt
[2.010s] reading manifest file '../../build/go2_robot_sdk/go2_robot_sdk.egg-info/SOURCES.txt'
[2.011s] adding license file 'LICENSE'
[2.013s] writing manifest file '../../build/go2_robot_sdk/go2_robot_sdk.egg-info/SOURCES.txt'
[2.013s] running build
[2.013s] running build_py
[2.019s] running install
[2.020s] running install_lib
[2.027s] running install_data
[2.028s] running install_egg_info
[2.032s] removing '/home/ming/ros2_ws/install/go2_robot_sdk/lib/python3.10/site-packages/go2_robot_sdk-0.0.0-py3.10.egg-info' (and everything under it)
[2.033s] Copying ../../build/go2_robot_sdk/go2_robot_sdk.egg-info to /home/ming/ros2_ws/install/go2_robot_sdk/lib/python3.10/site-packages/go2_robot_sdk-0.0.0-py3.10.egg-info
[2.035s] running install_scripts
[2.076s] Installing cyclonedds_bridge_node script to /home/ming/ros2_ws/install/go2_robot_sdk/bin
[2.076s] Installing go2_driver_node script to /home/ming/ros2_ws/install/go2_robot_sdk/bin
[2.080s] writing list of installed files to '/home/ming/ros2_ws/build/go2_robot_sdk/install.log'
[2.151s] Invoked command in '/home/ming/ros2_ws/src/go2_robot_sdk' returned '0': CMAKE_PREFIX_PATH=/home/ming/ros2_ws/install/go2_interfaces:/home/ming/ros2_ws/install/unitree_go2_sim:/home/ming/ros2_ws/install/unitree_go2_description:/home/ming/ros2_ws/install/lidar_processor_cpp:/home/ming/ros2_ws/install/champ_base:/home/ming/ros2_ws/install/champ_msgs:/home/ming/ros2_ws/install/champ PYTHONPATH=/home/ming/ros2_ws/build/go2_robot_sdk/prefix_override:/usr/lib/python3/dist-packages/colcon_core/task/python/colcon_distutils_commands:/home/ming/ros2_ws/install/go2_robot_sdk/lib/python3.10/site-packages:${PYTHONPATH} /usr/bin/python3 -W ignore:setup.py install is deprecated -W ignore:easy_install command is deprecated setup.py egg_info --egg-base ../../build/go2_robot_sdk build --build-base /home/ming/ros2_ws/build/go2_robot_sdk/build install --record /home/ming/ros2_ws/build/go2_robot_sdk/install.log --single-version-externally-managed install_data
