[0.022s] Invoking command in '/home/ming/ros2_ws/build/champ_base': CMAKE_PREFIX_PATH=/home/ming/ros2_ws/install/champ_msgs:/home/ming/ros2_ws/install/champ:/home/ming/ros2_ws/install/unitree_go2_sim:/home/ming/ros2_ws/install/unitree_go2_description:/home/ming/ros2_ws/install/lidar_processor_cpp:/home/ming/ros2_ws/install/go2_interfaces:/home/ming/ros2_ws/install/champ_base:/home/ming/ros2_ws/install/go2_navigation:/home/ming/ros2_ws/install/go2_unitree_bridge:/home/ming/ros2_ws/install/speech_processor:/home/ming/ros2_ws/install/lidar_processor:/home/ming/ros2_ws/install/go2_robot_sdk:/home/ming/ros2_ws/install/coco_detector:/home/ming/install/go2_navigation:/opt/ros/humble LD_LIBRARY_PATH=/home/ming/ros2_ws/install/champ_msgs/lib:/home/ming/ros2_ws/install/go2_interfaces/lib:/home/ming/ros2_ws/install/champ_base/lib:/opt/ros/humble/opt/rviz_ogre_vendor/lib:/opt/ros/humble/lib/aarch64-linux-gnu:/opt/ros/humble/lib /usr/bin/cmake --build /home/ming/ros2_ws/build/champ_base -- -j6 -l6
[0.127s] [ 25%] Built target state_estimation
[0.127s] [ 25%] Building CXX object CMakeFiles/quadruped_controller.dir/src/quadruped_controller.cpp.o
[0.174s] [ 41%] Built target message_relay
[0.179s] [ 58%] Built target state_estimation_node
[0.185s] [ 75%] Built target message_relay_node
[24.992s] [ 83%] Linking CXX shared library libquadruped_controller.so
[26.513s] [ 83%] Built target quadruped_controller
[26.575s] [ 91%] Building CXX object CMakeFiles/quadruped_controller_node.dir/src/quadruped_controller_node.cpp.o
[33.298s] [100%] Linking CXX executable quadruped_controller_node
[34.040s] [100%] Built target quadruped_controller_node
[34.066s] Invoked command in '/home/ming/ros2_ws/build/champ_base' returned '0': CMAKE_PREFIX_PATH=/home/ming/ros2_ws/install/champ_msgs:/home/ming/ros2_ws/install/champ:/home/ming/ros2_ws/install/unitree_go2_sim:/home/ming/ros2_ws/install/unitree_go2_description:/home/ming/ros2_ws/install/lidar_processor_cpp:/home/ming/ros2_ws/install/go2_interfaces:/home/ming/ros2_ws/install/champ_base:/home/ming/ros2_ws/install/go2_navigation:/home/ming/ros2_ws/install/go2_unitree_bridge:/home/ming/ros2_ws/install/speech_processor:/home/ming/ros2_ws/install/lidar_processor:/home/ming/ros2_ws/install/go2_robot_sdk:/home/ming/ros2_ws/install/coco_detector:/home/ming/install/go2_navigation:/opt/ros/humble LD_LIBRARY_PATH=/home/ming/ros2_ws/install/champ_msgs/lib:/home/ming/ros2_ws/install/go2_interfaces/lib:/home/ming/ros2_ws/install/champ_base/lib:/opt/ros/humble/opt/rviz_ogre_vendor/lib:/opt/ros/humble/lib/aarch64-linux-gnu:/opt/ros/humble/lib /usr/bin/cmake --build /home/ming/ros2_ws/build/champ_base -- -j6 -l6
[34.070s] Invoking command in '/home/ming/ros2_ws/build/champ_base': CMAKE_PREFIX_PATH=/home/ming/ros2_ws/install/champ_msgs:/home/ming/ros2_ws/install/champ:/home/ming/ros2_ws/install/unitree_go2_sim:/home/ming/ros2_ws/install/unitree_go2_description:/home/ming/ros2_ws/install/lidar_processor_cpp:/home/ming/ros2_ws/install/go2_interfaces:/home/ming/ros2_ws/install/champ_base:/home/ming/ros2_ws/install/go2_navigation:/home/ming/ros2_ws/install/go2_unitree_bridge:/home/ming/ros2_ws/install/speech_processor:/home/ming/ros2_ws/install/lidar_processor:/home/ming/ros2_ws/install/go2_robot_sdk:/home/ming/ros2_ws/install/coco_detector:/home/ming/install/go2_navigation:/opt/ros/humble LD_LIBRARY_PATH=/home/ming/ros2_ws/install/champ_msgs/lib:/home/ming/ros2_ws/install/go2_interfaces/lib:/home/ming/ros2_ws/install/champ_base/lib:/opt/ros/humble/opt/rviz_ogre_vendor/lib:/opt/ros/humble/lib/aarch64-linux-gnu:/opt/ros/humble/lib /usr/bin/cmake --install /home/ming/ros2_ws/build/champ_base
[34.089s] -- Install configuration: ""
[34.089s] -- Up-to-date: /home/ming/ros2_ws/install/champ_base/share/champ_base/config
[34.089s] -- Up-to-date: /home/ming/ros2_ws/install/champ_base/share/champ_base/config/velocity_smoother
[34.089s] -- Up-to-date: /home/ming/ros2_ws/install/champ_base/share/champ_base/config/velocity_smoother/velocity_smoother.yaml
[34.090s] -- Up-to-date: /home/ming/ros2_ws/install/champ_base/share/champ_base/config/ekf
[34.090s] -- Up-to-date: /home/ming/ros2_ws/install/champ_base/share/champ_base/config/ekf/base_to_footprint.yaml
[34.090s] -- Up-to-date: /home/ming/ros2_ws/install/champ_base/share/champ_base/config/ekf/footprint_to_odom.yaml
[34.090s] -- Installing: /home/ming/ros2_ws/install/champ_base/lib/libquadruped_controller.so
[34.114s] -- Set runtime path of "/home/ming/ros2_ws/install/champ_base/lib/libquadruped_controller.so" to ""
[34.114s] -- Installing: /home/ming/ros2_ws/install/champ_base/bin/quadruped_controller_node
[34.115s] -- Set runtime path of "/home/ming/ros2_ws/install/champ_base/bin/quadruped_controller_node" to ""
[34.116s] -- Up-to-date: /home/ming/ros2_ws/install/champ_base/lib/libmessage_relay.so
[34.116s] -- Up-to-date: /home/ming/ros2_ws/install/champ_base/bin/message_relay_node
[34.117s] -- Up-to-date: /home/ming/ros2_ws/install/champ_base/lib/libstate_estimation.so
[34.117s] -- Up-to-date: /home/ming/ros2_ws/install/champ_base/bin/state_estimation_node
[34.117s] -- Installing: /home/ming/ros2_ws/install/champ_base/lib/champ_base/quadruped_controller_node
[34.119s] -- Set runtime path of "/home/ming/ros2_ws/install/champ_base/lib/champ_base/quadruped_controller_node" to ""
[34.120s] -- Up-to-date: /home/ming/ros2_ws/install/champ_base/lib/champ_base/message_relay_node
[34.120s] -- Up-to-date: /home/ming/ros2_ws/install/champ_base/lib/champ_base/state_estimation_node
[34.121s] -- Up-to-date: /home/ming/ros2_ws/install/champ_base/share/ament_index/resource_index/package_run_dependencies/champ_base
[34.121s] -- Up-to-date: /home/ming/ros2_ws/install/champ_base/share/ament_index/resource_index/parent_prefix_path/champ_base
[34.121s] -- Up-to-date: /home/ming/ros2_ws/install/champ_base/share/champ_base/environment/ament_prefix_path.sh
[34.121s] -- Up-to-date: /home/ming/ros2_ws/install/champ_base/share/champ_base/environment/ament_prefix_path.dsv
[34.121s] -- Up-to-date: /home/ming/ros2_ws/install/champ_base/share/champ_base/environment/path.sh
[34.122s] -- Up-to-date: /home/ming/ros2_ws/install/champ_base/share/champ_base/environment/path.dsv
[34.122s] -- Up-to-date: /home/ming/ros2_ws/install/champ_base/share/champ_base/local_setup.bash
[34.122s] -- Up-to-date: /home/ming/ros2_ws/install/champ_base/share/champ_base/local_setup.sh
[34.122s] -- Up-to-date: /home/ming/ros2_ws/install/champ_base/share/champ_base/local_setup.zsh
[34.122s] -- Up-to-date: /home/ming/ros2_ws/install/champ_base/share/champ_base/local_setup.dsv
[34.123s] -- Installing: /home/ming/ros2_ws/install/champ_base/share/champ_base/package.dsv
[34.123s] -- Up-to-date: /home/ming/ros2_ws/install/champ_base/share/ament_index/resource_index/packages/champ_base
[34.125s] -- Up-to-date: /home/ming/ros2_ws/install/champ_base/share/champ_base/cmake/ament_cmake_export_include_directories-extras.cmake
[34.127s] -- Up-to-date: /home/ming/ros2_ws/install/champ_base/share/champ_base/cmake/ament_cmake_export_dependencies-extras.cmake
[34.127s] -- Up-to-date: /home/ming/ros2_ws/install/champ_base/share/champ_base/cmake/champ_baseConfig.cmake
[34.128s] -- Up-to-date: /home/ming/ros2_ws/install/champ_base/share/champ_base/cmake/champ_baseConfig-version.cmake
[34.128s] -- Up-to-date: /home/ming/ros2_ws/install/champ_base/share/champ_base/package.xml
[34.129s] Invoked command in '/home/ming/ros2_ws/build/champ_base' returned '0': CMAKE_PREFIX_PATH=/home/ming/ros2_ws/install/champ_msgs:/home/ming/ros2_ws/install/champ:/home/ming/ros2_ws/install/unitree_go2_sim:/home/ming/ros2_ws/install/unitree_go2_description:/home/ming/ros2_ws/install/lidar_processor_cpp:/home/ming/ros2_ws/install/go2_interfaces:/home/ming/ros2_ws/install/champ_base:/home/ming/ros2_ws/install/go2_navigation:/home/ming/ros2_ws/install/go2_unitree_bridge:/home/ming/ros2_ws/install/speech_processor:/home/ming/ros2_ws/install/lidar_processor:/home/ming/ros2_ws/install/go2_robot_sdk:/home/ming/ros2_ws/install/coco_detector:/home/ming/install/go2_navigation:/opt/ros/humble LD_LIBRARY_PATH=/home/ming/ros2_ws/install/champ_msgs/lib:/home/ming/ros2_ws/install/go2_interfaces/lib:/home/ming/ros2_ws/install/champ_base/lib:/opt/ros/humble/opt/rviz_ogre_vendor/lib:/opt/ros/humble/lib/aarch64-linux-gnu:/opt/ros/humble/lib /usr/bin/cmake --install /home/ming/ros2_ws/build/champ_base
