[0.021s] Invoking command in '/home/ming/ros2_ws/build/champ_base': CMAKE_PREFIX_PATH=/home/ming/ros2_ws/install/champ_msgs:/home/ming/ros2_ws/install/champ:/home/ming/ros2_ws/install/unitree_go2_sim:/home/ming/ros2_ws/install/unitree_go2_description:/home/ming/ros2_ws/install/lidar_processor_cpp:/home/ming/ros2_ws/install/go2_interfaces:/home/ming/ros2_ws/install/champ_base:/home/ming/ros2_ws/install/speech_processor:/home/ming/ros2_ws/install/lidar_processor:/home/ming/ros2_ws/install/go2_robot_sdk:/home/ming/ros2_ws/install/go2_navigation:/home/ming/ros2_ws/install/coco_detector:/home/ming/install/go2_navigation:/opt/ros/humble LD_LIBRARY_PATH=/home/ming/ros2_ws/install/champ_msgs/lib:/home/ming/ros2_ws/install/go2_interfaces/lib:/home/ming/ros2_ws/install/champ_base/lib:/opt/ros/humble/opt/rviz_ogre_vendor/lib:/opt/ros/humble/lib/aarch64-linux-gnu:/opt/ros/humble/lib /usr/bin/cmake --build /home/ming/ros2_ws/build/champ_base -- -j6 -l6
[0.123s] [ 16%] Built target message_relay
[0.172s] [ 25%] Building CXX object CMakeFiles/quadruped_controller.dir/src/quadruped_controller.cpp.o
[0.172s] [ 41%] Built target state_estimation
[0.177s] [ 58%] Built target message_relay_node
[0.184s] [ 75%] Built target state_estimation_node
[5.347s] /home/ming/ros2_ws/src/unitree_go2/champ_base/src/quadruped_controller.cpp:54:43: error: ‘Twist’ in namespace ‘geometry’ does not name a type
[5.347s]    54 | bool isNearlyZeroVelocity(const geometry::Twist &req_vel)
[5.348s]       |                                           ^~~~~
[5.348s] /home/ming/ros2_ws/src/unitree_go2/champ_base/src/quadruped_controller.cpp: In function ‘bool {anonymous}::isNearlyZeroVelocity(const int&)’:
[5.348s] /home/ming/ros2_ws/src/unitree_go2/champ_base/src/quadruped_controller.cpp:56:29: error: request for member ‘linear’ in ‘req_vel’, which is of non-class type ‘const int’
[5.348s]    56 |     return std::abs(req_vel.linear.x) < 1e-4f &&
[5.348s]       |                             ^~~~~~
[5.348s] /home/ming/ros2_ws/src/unitree_go2/champ_base/src/quadruped_controller.cpp:57:29: error: request for member ‘linear’ in ‘req_vel’, which is of non-class type ‘const int’
[5.348s]    57 |            std::abs(req_vel.linear.y) < 1e-4f &&
[5.348s]       |                             ^~~~~~
[5.348s] /home/ming/ros2_ws/src/unitree_go2/champ_base/src/quadruped_controller.cpp:58:29: error: request for member ‘angular’ in ‘req_vel’, which is of non-class type ‘const int’
[5.349s]    58 |            std::abs(req_vel.angular.z) < 1e-4f;
[5.349s]       |                             ^~~~~~~
[5.397s] /home/ming/ros2_ws/src/unitree_go2/champ_base/src/quadruped_controller.cpp: In member function ‘void QuadrupedController::controlLoop_()’:
[5.397s] /home/ming/ros2_ws/src/unitree_go2/champ_base/src/quadruped_controller.cpp:159:30: error: invalid initialization of reference of type ‘const int&’ from expression of type ‘champ::Velocities’
[5.397s]   159 |     if (isNearlyZeroVelocity(req_vel_))
[5.397s]       |                              ^~~~~~~~
[5.398s] /home/ming/ros2_ws/src/unitree_go2/champ_base/src/quadruped_controller.cpp:54:50: note: in passing argument 1 of ‘bool {anonymous}::isNearlyZeroVelocity(const int&)’
[5.398s]    54 | bool isNearlyZeroVelocity(const geometry::Twist &req_vel)
[5.398s]       |                           ~~~~~~~~~~~~~~~~~~~~~~~^~~~~~~
[12.991s] gmake[2]: *** [CMakeFiles/quadruped_controller.dir/build.make:76: CMakeFiles/quadruped_controller.dir/src/quadruped_controller.cpp.o] Error 1
[12.992s] gmake[1]: *** [CMakeFiles/Makefile2:147: CMakeFiles/quadruped_controller.dir/all] Error 2
[12.992s] gmake: *** [Makefile:146: all] Error 2
[12.998s] Invoked command in '/home/ming/ros2_ws/build/champ_base' returned '2': CMAKE_PREFIX_PATH=/home/ming/ros2_ws/install/champ_msgs:/home/ming/ros2_ws/install/champ:/home/ming/ros2_ws/install/unitree_go2_sim:/home/ming/ros2_ws/install/unitree_go2_description:/home/ming/ros2_ws/install/lidar_processor_cpp:/home/ming/ros2_ws/install/go2_interfaces:/home/ming/ros2_ws/install/champ_base:/home/ming/ros2_ws/install/speech_processor:/home/ming/ros2_ws/install/lidar_processor:/home/ming/ros2_ws/install/go2_robot_sdk:/home/ming/ros2_ws/install/go2_navigation:/home/ming/ros2_ws/install/coco_detector:/home/ming/install/go2_navigation:/opt/ros/humble LD_LIBRARY_PATH=/home/ming/ros2_ws/install/champ_msgs/lib:/home/ming/ros2_ws/install/go2_interfaces/lib:/home/ming/ros2_ws/install/champ_base/lib:/opt/ros/humble/opt/rviz_ogre_vendor/lib:/opt/ros/humble/lib/aarch64-linux-gnu:/opt/ros/humble/lib /usr/bin/cmake --build /home/ming/ros2_ws/build/champ_base -- -j6 -l6
