[0.023s] Invoking command in '/home/ming/ros2_ws/build/unitree_go2_sim': CMAKE_PREFIX_PATH=${CMAKE_PREFIX_PATH}:/home/ming/ros2_ws/install/speech_processor:/home/ming/ros2_ws/install/lidar_processor:/home/ming/ros2_ws/install/go2_robot_sdk:/home/ming/ros2_ws/install/go2_navigation:/home/ming/ros2_ws/install/coco_detector:/home/ming/install/go2_navigation:/opt/ros/humble /usr/bin/cmake --build /home/ming/ros2_ws/build/unitree_go2_sim -- -j6 -l6
[0.106s] Invoked command in '/home/ming/ros2_ws/build/unitree_go2_sim' returned '0': CMAKE_PREFIX_PATH=${CMAKE_PREFIX_PATH}:/home/ming/ros2_ws/install/speech_processor:/home/ming/ros2_ws/install/lidar_processor:/home/ming/ros2_ws/install/go2_robot_sdk:/home/ming/ros2_ws/install/go2_navigation:/home/ming/ros2_ws/install/coco_detector:/home/ming/install/go2_navigation:/opt/ros/humble /usr/bin/cmake --build /home/ming/ros2_ws/build/unitree_go2_sim -- -j6 -l6
[0.109s] Invoking command in '/home/ming/ros2_ws/build/unitree_go2_sim': CMAKE_PREFIX_PATH=${CMAKE_PREFIX_PATH}:/home/ming/ros2_ws/install/speech_processor:/home/ming/ros2_ws/install/lidar_processor:/home/ming/ros2_ws/install/go2_robot_sdk:/home/ming/ros2_ws/install/go2_navigation:/home/ming/ros2_ws/install/coco_detector:/home/ming/install/go2_navigation:/opt/ros/humble /usr/bin/cmake --install /home/ming/ros2_ws/build/unitree_go2_sim
[0.123s] -- Install configuration: ""
[0.124s] -- Execute custom install script
[0.124s] -- Up-to-date symlink: /home/ming/ros2_ws/install/unitree_go2_sim/share/unitree_go2_sim/launch/unitree_go2_launch.py
[0.125s] -- Up-to-date symlink: /home/ming/ros2_ws/install/unitree_go2_sim/share/unitree_go2_sim/config/gait/gait.yaml
[0.126s] -- Up-to-date symlink: /home/ming/ros2_ws/install/unitree_go2_sim/share/unitree_go2_sim/config/joints/joints.yaml
[0.126s] -- Up-to-date symlink: /home/ming/ros2_ws/install/unitree_go2_sim/share/unitree_go2_sim/config/links/links.yaml
[0.127s] -- Up-to-date symlink: /home/ming/ros2_ws/install/unitree_go2_sim/share/unitree_go2_sim/config/ros_control/ros_control.yaml
[0.127s] -- Up-to-date symlink: /home/ming/ros2_ws/install/unitree_go2_sim/share/unitree_go2_sim/rviz/rviz.rviz
[0.128s] -- Up-to-date symlink: /home/ming/ros2_ws/install/unitree_go2_sim/share/ament_index/resource_index/package_run_dependencies/unitree_go2_sim
[0.128s] -- Up-to-date symlink: /home/ming/ros2_ws/install/unitree_go2_sim/share/ament_index/resource_index/parent_prefix_path/unitree_go2_sim
[0.128s] -- Up-to-date symlink: /home/ming/ros2_ws/install/unitree_go2_sim/share/unitree_go2_sim/environment/ament_prefix_path.sh
[0.129s] -- Up-to-date symlink: /home/ming/ros2_ws/install/unitree_go2_sim/share/unitree_go2_sim/environment/ament_prefix_path.dsv
[0.129s] -- Up-to-date symlink: /home/ming/ros2_ws/install/unitree_go2_sim/share/unitree_go2_sim/environment/path.sh
[0.129s] -- Up-to-date symlink: /home/ming/ros2_ws/install/unitree_go2_sim/share/unitree_go2_sim/environment/path.dsv
[0.130s] -- Up-to-date symlink: /home/ming/ros2_ws/install/unitree_go2_sim/share/unitree_go2_sim/local_setup.bash
[0.130s] -- Up-to-date symlink: /home/ming/ros2_ws/install/unitree_go2_sim/share/unitree_go2_sim/local_setup.sh
[0.130s] -- Up-to-date symlink: /home/ming/ros2_ws/install/unitree_go2_sim/share/unitree_go2_sim/local_setup.zsh
[0.131s] -- Up-to-date symlink: /home/ming/ros2_ws/install/unitree_go2_sim/share/unitree_go2_sim/local_setup.dsv
[0.131s] -- Symlinking: /home/ming/ros2_ws/install/unitree_go2_sim/share/unitree_go2_sim/package.dsv
[0.146s] -- Up-to-date symlink: /home/ming/ros2_ws/install/unitree_go2_sim/share/ament_index/resource_index/packages/unitree_go2_sim
[0.147s] -- Up-to-date symlink: /home/ming/ros2_ws/install/unitree_go2_sim/share/unitree_go2_sim/cmake/unitree_go2_simConfig.cmake
[0.147s] -- Up-to-date symlink: /home/ming/ros2_ws/install/unitree_go2_sim/share/unitree_go2_sim/cmake/unitree_go2_simConfig-version.cmake
[0.147s] -- Up-to-date symlink: /home/ming/ros2_ws/install/unitree_go2_sim/share/unitree_go2_sim/package.xml
[0.152s] Invoked command in '/home/ming/ros2_ws/build/unitree_go2_sim' returned '0': CMAKE_PREFIX_PATH=${CMAKE_PREFIX_PATH}:/home/ming/ros2_ws/install/speech_processor:/home/ming/ros2_ws/install/lidar_processor:/home/ming/ros2_ws/install/go2_robot_sdk:/home/ming/ros2_ws/install/go2_navigation:/home/ming/ros2_ws/install/coco_detector:/home/ming/install/go2_navigation:/opt/ros/humble /usr/bin/cmake --install /home/ming/ros2_ws/build/unitree_go2_sim
