[2.279s] Invoking command in '/home/ming/ros2_ws/src/build/speech_processor': AMENT_PREFIX_PATH=/home/ming/ros2_ws/src/install/go2_interfaces:${AMENT_PREFIX_PATH} CMAKE_PREFIX_PATH=/home/ming/ros2_ws/src/install/go2_interfaces:${CMAKE_PREFIX_PATH} LD_LIBRARY_PATH=/home/ming/ros2_ws/src/install/go2_interfaces/lib:${LD_LIBRARY_PATH} PYTHONPATH=/home/ming/ros2_ws/src/build/speech_processor/prefix_override:/usr/lib/python3/dist-packages/colcon_core/task/python/colcon_distutils_commands:/home/ming/ros2_ws/src/install/speech_processor/lib/python3.10/site-packages:/home/ming/ros2_ws/src/install/go2_interfaces/local/lib/python3.10/dist-packages:${PYTHONPATH} /usr/bin/python3 -W ignore:setup.py install is deprecated -W ignore:easy_install command is deprecated setup.py develop --editable --build-directory /home/ming/ros2_ws/src/build/speech_processor/build --no-deps symlink_data
[2.815s] running develop
[3.127s] running egg_info
[3.128s] creating speech_processor.egg-info
[3.128s] writing speech_processor.egg-info/PKG-INFO
[3.128s] writing dependency_links to speech_processor.egg-info/dependency_links.txt
[3.129s] writing entry points to speech_processor.egg-info/entry_points.txt
[3.129s] writing requirements to speech_processor.egg-info/requires.txt
[3.129s] writing top-level names to speech_processor.egg-info/top_level.txt
[3.129s] writing manifest file 'speech_processor.egg-info/SOURCES.txt'
[3.134s] reading manifest file 'speech_processor.egg-info/SOURCES.txt'
[3.136s] writing manifest file 'speech_processor.egg-info/SOURCES.txt'
[3.143s] running build_ext
[3.143s] Creating /home/ming/ros2_ws/src/install/speech_processor/lib/python3.10/site-packages/speech-processor.egg-link (link to .)
[3.146s] Installing audio_manager script to /home/ming/ros2_ws/src/install/speech_processor/lib/speech_processor
[3.147s] Installing speech_synthesizer script to /home/ming/ros2_ws/src/install/speech_processor/lib/speech_processor
[3.148s] Installing tts_node script to /home/ming/ros2_ws/src/install/speech_processor/lib/speech_processor
[3.149s] 
[3.149s] Installed /home/ming/ros2_ws/src/build/speech_processor
[3.150s] running symlink_data
[3.150s] creating /home/ming/ros2_ws/src/install/speech_processor/share/ament_index
[3.151s] creating /home/ming/ros2_ws/src/install/speech_processor/share/ament_index/resource_index
[3.151s] creating /home/ming/ros2_ws/src/install/speech_processor/share/ament_index/resource_index/packages
[3.152s] symbolically linking /home/ming/ros2_ws/src/build/speech_processor/resource/speech_processor -> /home/ming/ros2_ws/src/install/speech_processor/share/ament_index/resource_index/packages
[3.152s] symbolically linking /home/ming/ros2_ws/src/build/speech_processor/package.xml -> /home/ming/ros2_ws/src/install/speech_processor/share/speech_processor
[3.260s] Invoked command in '/home/ming/ros2_ws/src/build/speech_processor' returned '0': AMENT_PREFIX_PATH=/home/ming/ros2_ws/src/install/go2_interfaces:${AMENT_PREFIX_PATH} CMAKE_PREFIX_PATH=/home/ming/ros2_ws/src/install/go2_interfaces:${CMAKE_PREFIX_PATH} LD_LIBRARY_PATH=/home/ming/ros2_ws/src/install/go2_interfaces/lib:${LD_LIBRARY_PATH} PYTHONPATH=/home/ming/ros2_ws/src/build/speech_processor/prefix_override:/usr/lib/python3/dist-packages/colcon_core/task/python/colcon_distutils_commands:/home/ming/ros2_ws/src/install/speech_processor/lib/python3.10/site-packages:/home/ming/ros2_ws/src/install/go2_interfaces/local/lib/python3.10/dist-packages:${PYTHONPATH} /usr/bin/python3 -W ignore:setup.py install is deprecated -W ignore:easy_install command is deprecated setup.py develop --editable --build-directory /home/ming/ros2_ws/src/build/speech_processor/build --no-deps symlink_data
