[0.245s] DEBUG:colcon:Command line arguments: ['/usr/bin/colcon', 'build', '--packages-select', 'champ_base', 'unitree_go2_sim']
[0.245s] DEBUG:colcon:Parsed command line arguments: Namespace(log_base=None, log_level=None, verb_name='build', build_base='build', install_base='install', merge_install=False, symlink_install=False, test_result_base=None, continue_on_error=False, executor='parallel', parallel_workers=6, event_handlers=None, ignore_user_meta=False, metas=['./colcon.meta'], base_paths=['.'], packages_ignore=None, packages_ignore_regex=None, paths=None, packages_up_to=None, packages_up_to_regex=None, packages_above=None, packages_above_and_dependencies=None, packages_above_depth=None, packages_select_by_dep=None, packages_skip_by_dep=None, packages_skip_up_to=None, packages_select_build_failed=False, packages_skip_build_finished=False, packages_select_test_failures=False, packages_skip_test_passed=False, packages_select=['champ_base', 'unitree_go2_sim'], packages_skip=None, packages_select_regex=None, packages_skip_regex=None, packages_start=None, packages_end=None, allow_overriding=[], cmake_args=None, cmake_target=None, cmake_target_skip_unavailable=False, cmake_clean_cache=False, cmake_clean_first=False, cmake_force_configure=False, ament_cmake_args=None, catkin_cmake_args=None, catkin_skip_building_tests=False, verb_parser=<colcon_defaults.argument_parser.defaults.DefaultArgumentsDecorator object at 0xffff8c149de0>, verb_extension=<colcon_core.verb.build.BuildVerb object at 0xffff8c149840>, main=<bound method BuildVerb.main of <colcon_core.verb.build.BuildVerb object at 0xffff8c149840>>)
[0.609s] Level 1:colcon.colcon_core.package_discovery:discover_packages(colcon_meta) check parameters
[0.610s] Level 1:colcon.colcon_core.package_discovery:discover_packages(recursive) check parameters
[0.610s] Level 1:colcon.colcon_core.package_discovery:discover_packages(ignore) check parameters
[0.610s] Level 1:colcon.colcon_core.package_discovery:discover_packages(path) check parameters
[0.610s] Level 1:colcon.colcon_core.package_discovery:discover_packages(colcon_meta) discover
[0.610s] Level 1:colcon.colcon_core.package_discovery:discover_packages(recursive) discover
[0.610s] INFO:colcon.colcon_core.package_discovery:Crawling recursively for packages in '/home/ming/ros2_ws'
[0.611s] Level 1:colcon.colcon_core.package_identification:_identify(.) by extensions ['ignore', 'ignore_ament_install']
[0.611s] Level 1:colcon.colcon_core.package_identification:_identify(.) by extension 'ignore'
[0.611s] Level 1:colcon.colcon_core.package_identification:_identify(.) by extension 'ignore_ament_install'
[0.611s] Level 1:colcon.colcon_core.package_identification:_identify(.) by extensions ['colcon_pkg']
[0.611s] Level 1:colcon.colcon_core.package_identification:_identify(.) by extension 'colcon_pkg'
[0.611s] Level 1:colcon.colcon_core.package_identification:_identify(.) by extensions ['colcon_meta']
[0.611s] Level 1:colcon.colcon_core.package_identification:_identify(.) by extension 'colcon_meta'
[0.611s] Level 1:colcon.colcon_core.package_identification:_identify(.) by extensions ['ros']
[0.611s] Level 1:colcon.colcon_core.package_identification:_identify(.) by extension 'ros'
[0.635s] Level 1:colcon.colcon_core.package_identification:_identify(.) by extensions ['cmake', 'python']
[0.636s] Level 1:colcon.colcon_core.package_identification:_identify(.) by extension 'cmake'
[0.636s] Level 1:colcon.colcon_core.package_identification:_identify(.) by extension 'python'
[0.636s] Level 1:colcon.colcon_core.package_identification:_identify(.) by extensions ['python_setup_py']
[0.636s] Level 1:colcon.colcon_core.package_identification:_identify(.) by extension 'python_setup_py'
[0.636s] Level 1:colcon.colcon_core.package_identification:_identify(build) by extensions ['ignore', 'ignore_ament_install']
[0.637s] Level 1:colcon.colcon_core.package_identification:_identify(build) by extension 'ignore'
[0.637s] Level 1:colcon.colcon_core.package_identification:_identify(build) ignored
[0.637s] Level 1:colcon.colcon_core.package_identification:_identify(install) by extensions ['ignore', 'ignore_ament_install']
[0.637s] Level 1:colcon.colcon_core.package_identification:_identify(install) by extension 'ignore'
[0.637s] Level 1:colcon.colcon_core.package_identification:_identify(install) ignored
[0.638s] Level 1:colcon.colcon_core.package_identification:_identify(log) by extensions ['ignore', 'ignore_ament_install']
[0.638s] Level 1:colcon.colcon_core.package_identification:_identify(log) by extension 'ignore'
[0.638s] Level 1:colcon.colcon_core.package_identification:_identify(log) ignored
[0.638s] Level 1:colcon.colcon_core.package_identification:_identify(src) by extensions ['ignore', 'ignore_ament_install']
[0.638s] Level 1:colcon.colcon_core.package_identification:_identify(src) by extension 'ignore'
[0.638s] Level 1:colcon.colcon_core.package_identification:_identify(src) by extension 'ignore_ament_install'
[0.638s] Level 1:colcon.colcon_core.package_identification:_identify(src) by extensions ['colcon_pkg']
[0.638s] Level 1:colcon.colcon_core.package_identification:_identify(src) by extension 'colcon_pkg'
[0.638s] Level 1:colcon.colcon_core.package_identification:_identify(src) by extensions ['colcon_meta']
[0.639s] Level 1:colcon.colcon_core.package_identification:_identify(src) by extension 'colcon_meta'
[0.639s] Level 1:colcon.colcon_core.package_identification:_identify(src) by extensions ['ros']
[0.639s] Level 1:colcon.colcon_core.package_identification:_identify(src) by extension 'ros'
[0.639s] Level 1:colcon.colcon_core.package_identification:_identify(src) by extensions ['cmake', 'python']
[0.639s] Level 1:colcon.colcon_core.package_identification:_identify(src) by extension 'cmake'
[0.639s] Level 1:colcon.colcon_core.package_identification:_identify(src) by extension 'python'
[0.639s] Level 1:colcon.colcon_core.package_identification:_identify(src) by extensions ['python_setup_py']
[0.639s] Level 1:colcon.colcon_core.package_identification:_identify(src) by extension 'python_setup_py'
[0.639s] Level 1:colcon.colcon_core.package_identification:_identify(src/build) by extensions ['ignore', 'ignore_ament_install']
[0.640s] Level 1:colcon.colcon_core.package_identification:_identify(src/build) by extension 'ignore'
[0.640s] Level 1:colcon.colcon_core.package_identification:_identify(src/build) ignored
[0.640s] Level 1:colcon.colcon_core.package_identification:_identify(src/coco_detector) by extensions ['ignore', 'ignore_ament_install']
[0.640s] Level 1:colcon.colcon_core.package_identification:_identify(src/coco_detector) by extension 'ignore'
[0.640s] Level 1:colcon.colcon_core.package_identification:_identify(src/coco_detector) by extension 'ignore_ament_install'
[0.640s] Level 1:colcon.colcon_core.package_identification:_identify(src/coco_detector) by extensions ['colcon_pkg']
[0.640s] Level 1:colcon.colcon_core.package_identification:_identify(src/coco_detector) by extension 'colcon_pkg'
[0.640s] Level 1:colcon.colcon_core.package_identification:_identify(src/coco_detector) by extensions ['colcon_meta']
[0.640s] Level 1:colcon.colcon_core.package_identification:_identify(src/coco_detector) by extension 'colcon_meta'
[0.640s] Level 1:colcon.colcon_core.package_identification:_identify(src/coco_detector) by extensions ['ros']
[0.640s] Level 1:colcon.colcon_core.package_identification:_identify(src/coco_detector) by extension 'ros'
[0.647s] DEBUG:colcon.colcon_core.package_identification:Package 'src/coco_detector' with type 'ros.ament_python' and name 'coco_detector'
[0.648s] Level 1:colcon.colcon_core.package_identification:_identify(src/docker) by extensions ['ignore', 'ignore_ament_install']
[0.648s] Level 1:colcon.colcon_core.package_identification:_identify(src/docker) by extension 'ignore'
[0.648s] Level 1:colcon.colcon_core.package_identification:_identify(src/docker) by extension 'ignore_ament_install'
[0.649s] Level 1:colcon.colcon_core.package_identification:_identify(src/docker) by extensions ['colcon_pkg']
[0.649s] Level 1:colcon.colcon_core.package_identification:_identify(src/docker) by extension 'colcon_pkg'
[0.649s] Level 1:colcon.colcon_core.package_identification:_identify(src/docker) by extensions ['colcon_meta']
[0.649s] Level 1:colcon.colcon_core.package_identification:_identify(src/docker) by extension 'colcon_meta'
[0.649s] Level 1:colcon.colcon_core.package_identification:_identify(src/docker) by extensions ['ros']
[0.649s] Level 1:colcon.colcon_core.package_identification:_identify(src/docker) by extension 'ros'
[0.649s] Level 1:colcon.colcon_core.package_identification:_identify(src/docker) by extensions ['cmake', 'python']
[0.650s] Level 1:colcon.colcon_core.package_identification:_identify(src/docker) by extension 'cmake'
[0.650s] Level 1:colcon.colcon_core.package_identification:_identify(src/docker) by extension 'python'
[0.650s] Level 1:colcon.colcon_core.package_identification:_identify(src/docker) by extensions ['python_setup_py']
[0.650s] Level 1:colcon.colcon_core.package_identification:_identify(src/docker) by extension 'python_setup_py'
[0.650s] Level 1:colcon.colcon_core.package_identification:_identify(src/docs) by extensions ['ignore', 'ignore_ament_install']
[0.650s] Level 1:colcon.colcon_core.package_identification:_identify(src/docs) by extension 'ignore'
[0.651s] Level 1:colcon.colcon_core.package_identification:_identify(src/docs) by extension 'ignore_ament_install'
[0.651s] Level 1:colcon.colcon_core.package_identification:_identify(src/docs) by extensions ['colcon_pkg']
[0.651s] Level 1:colcon.colcon_core.package_identification:_identify(src/docs) by extension 'colcon_pkg'
[0.651s] Level 1:colcon.colcon_core.package_identification:_identify(src/docs) by extensions ['colcon_meta']
[0.651s] Level 1:colcon.colcon_core.package_identification:_identify(src/docs) by extension 'colcon_meta'
[0.651s] Level 1:colcon.colcon_core.package_identification:_identify(src/docs) by extensions ['ros']
[0.651s] Level 1:colcon.colcon_core.package_identification:_identify(src/docs) by extension 'ros'
[0.651s] Level 1:colcon.colcon_core.package_identification:_identify(src/docs) by extensions ['cmake', 'python']
[0.651s] Level 1:colcon.colcon_core.package_identification:_identify(src/docs) by extension 'cmake'
[0.651s] Level 1:colcon.colcon_core.package_identification:_identify(src/docs) by extension 'python'
[0.651s] Level 1:colcon.colcon_core.package_identification:_identify(src/docs) by extensions ['python_setup_py']
[0.652s] Level 1:colcon.colcon_core.package_identification:_identify(src/docs) by extension 'python_setup_py'
[0.652s] Level 1:colcon.colcon_core.package_identification:_identify(src/go2_interfaces) by extensions ['ignore', 'ignore_ament_install']
[0.652s] Level 1:colcon.colcon_core.package_identification:_identify(src/go2_interfaces) by extension 'ignore'
[0.653s] Level 1:colcon.colcon_core.package_identification:_identify(src/go2_interfaces) by extension 'ignore_ament_install'
[0.653s] Level 1:colcon.colcon_core.package_identification:_identify(src/go2_interfaces) by extensions ['colcon_pkg']
[0.653s] Level 1:colcon.colcon_core.package_identification:_identify(src/go2_interfaces) by extension 'colcon_pkg'
[0.653s] Level 1:colcon.colcon_core.package_identification:_identify(src/go2_interfaces) by extensions ['colcon_meta']
[0.653s] Level 1:colcon.colcon_core.package_identification:_identify(src/go2_interfaces) by extension 'colcon_meta'
[0.653s] Level 1:colcon.colcon_core.package_identification:_identify(src/go2_interfaces) by extensions ['ros']
[0.653s] Level 1:colcon.colcon_core.package_identification:_identify(src/go2_interfaces) by extension 'ros'
[0.655s] DEBUG:colcon.colcon_core.package_identification:Package 'src/go2_interfaces' with type 'ros.ament_cmake' and name 'go2_interfaces'
[0.656s] Level 1:colcon.colcon_core.package_identification:_identify(src/go2_navigation) by extensions ['ignore', 'ignore_ament_install']
[0.656s] Level 1:colcon.colcon_core.package_identification:_identify(src/go2_navigation) by extension 'ignore'
[0.656s] Level 1:colcon.colcon_core.package_identification:_identify(src/go2_navigation) by extension 'ignore_ament_install'
[0.656s] Level 1:colcon.colcon_core.package_identification:_identify(src/go2_navigation) by extensions ['colcon_pkg']
[0.656s] Level 1:colcon.colcon_core.package_identification:_identify(src/go2_navigation) by extension 'colcon_pkg'
[0.656s] Level 1:colcon.colcon_core.package_identification:_identify(src/go2_navigation) by extensions ['colcon_meta']
[0.657s] Level 1:colcon.colcon_core.package_identification:_identify(src/go2_navigation) by extension 'colcon_meta'
[0.657s] Level 1:colcon.colcon_core.package_identification:_identify(src/go2_navigation) by extensions ['ros']
[0.657s] Level 1:colcon.colcon_core.package_identification:_identify(src/go2_navigation) by extension 'ros'
[0.659s] DEBUG:colcon.colcon_core.package_identification:Package 'src/go2_navigation' with type 'ros.ament_python' and name 'go2_navigation'
[0.659s] Level 1:colcon.colcon_core.package_identification:_identify(src/go2_robot_sdk) by extensions ['ignore', 'ignore_ament_install']
[0.659s] Level 1:colcon.colcon_core.package_identification:_identify(src/go2_robot_sdk) by extension 'ignore'
[0.660s] Level 1:colcon.colcon_core.package_identification:_identify(src/go2_robot_sdk) by extension 'ignore_ament_install'
[0.660s] Level 1:colcon.colcon_core.package_identification:_identify(src/go2_robot_sdk) by extensions ['colcon_pkg']
[0.660s] Level 1:colcon.colcon_core.package_identification:_identify(src/go2_robot_sdk) by extension 'colcon_pkg'
[0.660s] Level 1:colcon.colcon_core.package_identification:_identify(src/go2_robot_sdk) by extensions ['colcon_meta']
[0.660s] Level 1:colcon.colcon_core.package_identification:_identify(src/go2_robot_sdk) by extension 'colcon_meta'
[0.660s] Level 1:colcon.colcon_core.package_identification:_identify(src/go2_robot_sdk) by extensions ['ros']
[0.660s] Level 1:colcon.colcon_core.package_identification:_identify(src/go2_robot_sdk) by extension 'ros'
[0.662s] DEBUG:colcon.colcon_core.package_identification:Package 'src/go2_robot_sdk' with type 'ros.ament_python' and name 'go2_robot_sdk'
[0.663s] Level 1:colcon.colcon_core.package_identification:_identify(src/go2_unitree_bridge) by extensions ['ignore', 'ignore_ament_install']
[0.663s] Level 1:colcon.colcon_core.package_identification:_identify(src/go2_unitree_bridge) by extension 'ignore'
[0.663s] Level 1:colcon.colcon_core.package_identification:_identify(src/go2_unitree_bridge) by extension 'ignore_ament_install'
[0.663s] Level 1:colcon.colcon_core.package_identification:_identify(src/go2_unitree_bridge) by extensions ['colcon_pkg']
[0.663s] Level 1:colcon.colcon_core.package_identification:_identify(src/go2_unitree_bridge) by extension 'colcon_pkg'
[0.664s] Level 1:colcon.colcon_core.package_identification:_identify(src/go2_unitree_bridge) by extensions ['colcon_meta']
[0.664s] Level 1:colcon.colcon_core.package_identification:_identify(src/go2_unitree_bridge) by extension 'colcon_meta'
[0.664s] Level 1:colcon.colcon_core.package_identification:_identify(src/go2_unitree_bridge) by extensions ['ros']
[0.664s] Level 1:colcon.colcon_core.package_identification:_identify(src/go2_unitree_bridge) by extension 'ros'
[0.666s] DEBUG:colcon.colcon_core.package_identification:Package 'src/go2_unitree_bridge' with type 'ros.ament_python' and name 'go2_unitree_bridge'
[0.666s] Level 1:colcon.colcon_core.package_identification:_identify(src/install) by extensions ['ignore', 'ignore_ament_install']
[0.666s] Level 1:colcon.colcon_core.package_identification:_identify(src/install) by extension 'ignore'
[0.667s] Level 1:colcon.colcon_core.package_identification:_identify(src/install) ignored
[0.667s] Level 1:colcon.colcon_core.package_identification:_identify(src/launch) by extensions ['ignore', 'ignore_ament_install']
[0.667s] Level 1:colcon.colcon_core.package_identification:_identify(src/launch) by extension 'ignore'
[0.667s] Level 1:colcon.colcon_core.package_identification:_identify(src/launch) by extension 'ignore_ament_install'
[0.667s] Level 1:colcon.colcon_core.package_identification:_identify(src/launch) by extensions ['colcon_pkg']
[0.667s] Level 1:colcon.colcon_core.package_identification:_identify(src/launch) by extension 'colcon_pkg'
[0.667s] Level 1:colcon.colcon_core.package_identification:_identify(src/launch) by extensions ['colcon_meta']
[0.667s] Level 1:colcon.colcon_core.package_identification:_identify(src/launch) by extension 'colcon_meta'
[0.668s] Level 1:colcon.colcon_core.package_identification:_identify(src/launch) by extensions ['ros']
[0.668s] Level 1:colcon.colcon_core.package_identification:_identify(src/launch) by extension 'ros'
[0.668s] Level 1:colcon.colcon_core.package_identification:_identify(src/launch) by extensions ['cmake', 'python']
[0.668s] Level 1:colcon.colcon_core.package_identification:_identify(src/launch) by extension 'cmake'
[0.668s] Level 1:colcon.colcon_core.package_identification:_identify(src/launch) by extension 'python'
[0.668s] Level 1:colcon.colcon_core.package_identification:_identify(src/launch) by extensions ['python_setup_py']
[0.668s] Level 1:colcon.colcon_core.package_identification:_identify(src/launch) by extension 'python_setup_py'
[0.668s] Level 1:colcon.colcon_core.package_identification:_identify(src/launch/__pycache__) by extensions ['ignore', 'ignore_ament_install']
[0.669s] Level 1:colcon.colcon_core.package_identification:_identify(src/launch/__pycache__) by extension 'ignore'
[0.669s] Level 1:colcon.colcon_core.package_identification:_identify(src/launch/__pycache__) by extension 'ignore_ament_install'
[0.669s] Level 1:colcon.colcon_core.package_identification:_identify(src/launch/__pycache__) by extensions ['colcon_pkg']
[0.669s] Level 1:colcon.colcon_core.package_identification:_identify(src/launch/__pycache__) by extension 'colcon_pkg'
[0.669s] Level 1:colcon.colcon_core.package_identification:_identify(src/launch/__pycache__) by extensions ['colcon_meta']
[0.669s] Level 1:colcon.colcon_core.package_identification:_identify(src/launch/__pycache__) by extension 'colcon_meta'
[0.669s] Level 1:colcon.colcon_core.package_identification:_identify(src/launch/__pycache__) by extensions ['ros']
[0.669s] Level 1:colcon.colcon_core.package_identification:_identify(src/launch/__pycache__) by extension 'ros'
[0.669s] Level 1:colcon.colcon_core.package_identification:_identify(src/launch/__pycache__) by extensions ['cmake', 'python']
[0.669s] Level 1:colcon.colcon_core.package_identification:_identify(src/launch/__pycache__) by extension 'cmake'
[0.669s] Level 1:colcon.colcon_core.package_identification:_identify(src/launch/__pycache__) by extension 'python'
[0.670s] Level 1:colcon.colcon_core.package_identification:_identify(src/launch/__pycache__) by extensions ['python_setup_py']
[0.670s] Level 1:colcon.colcon_core.package_identification:_identify(src/launch/__pycache__) by extension 'python_setup_py'
[0.670s] Level 1:colcon.colcon_core.package_identification:_identify(src/lidar_processor) by extensions ['ignore', 'ignore_ament_install']
[0.670s] Level 1:colcon.colcon_core.package_identification:_identify(src/lidar_processor) by extension 'ignore'
[0.670s] Level 1:colcon.colcon_core.package_identification:_identify(src/lidar_processor) by extension 'ignore_ament_install'
[0.670s] Level 1:colcon.colcon_core.package_identification:_identify(src/lidar_processor) by extensions ['colcon_pkg']
[0.670s] Level 1:colcon.colcon_core.package_identification:_identify(src/lidar_processor) by extension 'colcon_pkg'
[0.670s] Level 1:colcon.colcon_core.package_identification:_identify(src/lidar_processor) by extensions ['colcon_meta']
[0.670s] Level 1:colcon.colcon_core.package_identification:_identify(src/lidar_processor) by extension 'colcon_meta'
[0.670s] Level 1:colcon.colcon_core.package_identification:_identify(src/lidar_processor) by extensions ['ros']
[0.670s] Level 1:colcon.colcon_core.package_identification:_identify(src/lidar_processor) by extension 'ros'
[0.672s] DEBUG:colcon.colcon_core.package_identification:Package 'src/lidar_processor' with type 'ros.ament_python' and name 'lidar_processor'
[0.672s] Level 1:colcon.colcon_core.package_identification:_identify(src/lidar_processor_cpp) by extensions ['ignore', 'ignore_ament_install']
[0.673s] Level 1:colcon.colcon_core.package_identification:_identify(src/lidar_processor_cpp) by extension 'ignore'
[0.673s] Level 1:colcon.colcon_core.package_identification:_identify(src/lidar_processor_cpp) by extension 'ignore_ament_install'
[0.673s] Level 1:colcon.colcon_core.package_identification:_identify(src/lidar_processor_cpp) by extensions ['colcon_pkg']
[0.673s] Level 1:colcon.colcon_core.package_identification:_identify(src/lidar_processor_cpp) by extension 'colcon_pkg'
[0.673s] Level 1:colcon.colcon_core.package_identification:_identify(src/lidar_processor_cpp) by extensions ['colcon_meta']
[0.673s] Level 1:colcon.colcon_core.package_identification:_identify(src/lidar_processor_cpp) by extension 'colcon_meta'
[0.673s] Level 1:colcon.colcon_core.package_identification:_identify(src/lidar_processor_cpp) by extensions ['ros']
[0.673s] Level 1:colcon.colcon_core.package_identification:_identify(src/lidar_processor_cpp) by extension 'ros'
[0.675s] DEBUG:colcon.colcon_core.package_identification:Package 'src/lidar_processor_cpp' with type 'ros.ament_cmake' and name 'lidar_processor_cpp'
[0.676s] Level 1:colcon.colcon_core.package_identification:_identify(src/log) by extensions ['ignore', 'ignore_ament_install']
[0.676s] Level 1:colcon.colcon_core.package_identification:_identify(src/log) by extension 'ignore'
[0.676s] Level 1:colcon.colcon_core.package_identification:_identify(src/log) ignored
[0.676s] Level 1:colcon.colcon_core.package_identification:_identify(src/speech_processor) by extensions ['ignore', 'ignore_ament_install']
[0.677s] Level 1:colcon.colcon_core.package_identification:_identify(src/speech_processor) by extension 'ignore'
[0.677s] Level 1:colcon.colcon_core.package_identification:_identify(src/speech_processor) by extension 'ignore_ament_install'
[0.677s] Level 1:colcon.colcon_core.package_identification:_identify(src/speech_processor) by extensions ['colcon_pkg']
[0.677s] Level 1:colcon.colcon_core.package_identification:_identify(src/speech_processor) by extension 'colcon_pkg'
[0.677s] Level 1:colcon.colcon_core.package_identification:_identify(src/speech_processor) by extensions ['colcon_meta']
[0.677s] Level 1:colcon.colcon_core.package_identification:_identify(src/speech_processor) by extension 'colcon_meta'
[0.677s] Level 1:colcon.colcon_core.package_identification:_identify(src/speech_processor) by extensions ['ros']
[0.677s] Level 1:colcon.colcon_core.package_identification:_identify(src/speech_processor) by extension 'ros'
[0.679s] DEBUG:colcon.colcon_core.package_identification:Package 'src/speech_processor' with type 'ros.ament_python' and name 'speech_processor'
[0.679s] Level 1:colcon.colcon_core.package_identification:_identify(src/unitree_go2) by extensions ['ignore', 'ignore_ament_install']
[0.680s] Level 1:colcon.colcon_core.package_identification:_identify(src/unitree_go2) by extension 'ignore'
[0.680s] Level 1:colcon.colcon_core.package_identification:_identify(src/unitree_go2) by extension 'ignore_ament_install'
[0.680s] Level 1:colcon.colcon_core.package_identification:_identify(src/unitree_go2) by extensions ['colcon_pkg']
[0.680s] Level 1:colcon.colcon_core.package_identification:_identify(src/unitree_go2) by extension 'colcon_pkg'
[0.680s] Level 1:colcon.colcon_core.package_identification:_identify(src/unitree_go2) by extensions ['colcon_meta']
[0.680s] Level 1:colcon.colcon_core.package_identification:_identify(src/unitree_go2) by extension 'colcon_meta'
[0.680s] Level 1:colcon.colcon_core.package_identification:_identify(src/unitree_go2) by extensions ['ros']
[0.680s] Level 1:colcon.colcon_core.package_identification:_identify(src/unitree_go2) by extension 'ros'
[0.681s] Level 1:colcon.colcon_core.package_identification:_identify(src/unitree_go2) by extensions ['cmake', 'python']
[0.681s] Level 1:colcon.colcon_core.package_identification:_identify(src/unitree_go2) by extension 'cmake'
[0.681s] Level 1:colcon.colcon_core.package_identification:_identify(src/unitree_go2) by extension 'python'
[0.681s] Level 1:colcon.colcon_core.package_identification:_identify(src/unitree_go2) by extensions ['python_setup_py']
[0.681s] Level 1:colcon.colcon_core.package_identification:_identify(src/unitree_go2) by extension 'python_setup_py'
[0.681s] Level 1:colcon.colcon_core.package_identification:_identify(src/unitree_go2/champ) by extensions ['ignore', 'ignore_ament_install']
[0.681s] Level 1:colcon.colcon_core.package_identification:_identify(src/unitree_go2/champ) by extension 'ignore'
[0.681s] Level 1:colcon.colcon_core.package_identification:_identify(src/unitree_go2/champ) by extension 'ignore_ament_install'
[0.681s] Level 1:colcon.colcon_core.package_identification:_identify(src/unitree_go2/champ) by extensions ['colcon_pkg']
[0.682s] Level 1:colcon.colcon_core.package_identification:_identify(src/unitree_go2/champ) by extension 'colcon_pkg'
[0.682s] Level 1:colcon.colcon_core.package_identification:_identify(src/unitree_go2/champ) by extensions ['colcon_meta']
[0.682s] Level 1:colcon.colcon_core.package_identification:_identify(src/unitree_go2/champ) by extension 'colcon_meta'
[0.682s] Level 1:colcon.colcon_core.package_identification:_identify(src/unitree_go2/champ) by extensions ['ros']
[0.682s] Level 1:colcon.colcon_core.package_identification:_identify(src/unitree_go2/champ) by extension 'ros'
[0.683s] DEBUG:colcon.colcon_core.package_identification:Package 'src/unitree_go2/champ' with type 'ros.ament_cmake' and name 'champ'
[0.683s] Level 1:colcon.colcon_core.package_identification:_identify(src/unitree_go2/champ_base) by extensions ['ignore', 'ignore_ament_install']
[0.683s] Level 1:colcon.colcon_core.package_identification:_identify(src/unitree_go2/champ_base) by extension 'ignore'
[0.683s] Level 1:colcon.colcon_core.package_identification:_identify(src/unitree_go2/champ_base) by extension 'ignore_ament_install'
[0.683s] Level 1:colcon.colcon_core.package_identification:_identify(src/unitree_go2/champ_base) by extensions ['colcon_pkg']
[0.684s] Level 1:colcon.colcon_core.package_identification:_identify(src/unitree_go2/champ_base) by extension 'colcon_pkg'
[0.684s] Level 1:colcon.colcon_core.package_identification:_identify(src/unitree_go2/champ_base) by extensions ['colcon_meta']
[0.684s] Level 1:colcon.colcon_core.package_identification:_identify(src/unitree_go2/champ_base) by extension 'colcon_meta'
[0.684s] Level 1:colcon.colcon_core.package_identification:_identify(src/unitree_go2/champ_base) by extensions ['ros']
[0.684s] Level 1:colcon.colcon_core.package_identification:_identify(src/unitree_go2/champ_base) by extension 'ros'
[0.686s] DEBUG:colcon.colcon_core.package_identification:Package 'src/unitree_go2/champ_base' with type 'ros.ament_cmake' and name 'champ_base'
[0.687s] Level 1:colcon.colcon_core.package_identification:_identify(src/unitree_go2/champ_msgs) by extensions ['ignore', 'ignore_ament_install']
[0.687s] Level 1:colcon.colcon_core.package_identification:_identify(src/unitree_go2/champ_msgs) by extension 'ignore'
[0.687s] Level 1:colcon.colcon_core.package_identification:_identify(src/unitree_go2/champ_msgs) by extension 'ignore_ament_install'
[0.687s] Level 1:colcon.colcon_core.package_identification:_identify(src/unitree_go2/champ_msgs) by extensions ['colcon_pkg']
[0.687s] Level 1:colcon.colcon_core.package_identification:_identify(src/unitree_go2/champ_msgs) by extension 'colcon_pkg'
[0.687s] Level 1:colcon.colcon_core.package_identification:_identify(src/unitree_go2/champ_msgs) by extensions ['colcon_meta']
[0.687s] Level 1:colcon.colcon_core.package_identification:_identify(src/unitree_go2/champ_msgs) by extension 'colcon_meta'
[0.688s] Level 1:colcon.colcon_core.package_identification:_identify(src/unitree_go2/champ_msgs) by extensions ['ros']
[0.688s] Level 1:colcon.colcon_core.package_identification:_identify(src/unitree_go2/champ_msgs) by extension 'ros'
[0.689s] DEBUG:colcon.colcon_core.package_identification:Package 'src/unitree_go2/champ_msgs' with type 'ros.ament_cmake' and name 'champ_msgs'
[0.690s] Level 1:colcon.colcon_core.package_identification:_identify(src/unitree_go2/docs) by extensions ['ignore', 'ignore_ament_install']
[0.690s] Level 1:colcon.colcon_core.package_identification:_identify(src/unitree_go2/docs) by extension 'ignore'
[0.690s] Level 1:colcon.colcon_core.package_identification:_identify(src/unitree_go2/docs) by extension 'ignore_ament_install'
[0.690s] Level 1:colcon.colcon_core.package_identification:_identify(src/unitree_go2/docs) by extensions ['colcon_pkg']
[0.690s] Level 1:colcon.colcon_core.package_identification:_identify(src/unitree_go2/docs) by extension 'colcon_pkg'
[0.690s] Level 1:colcon.colcon_core.package_identification:_identify(src/unitree_go2/docs) by extensions ['colcon_meta']
[0.690s] Level 1:colcon.colcon_core.package_identification:_identify(src/unitree_go2/docs) by extension 'colcon_meta'
[0.691s] Level 1:colcon.colcon_core.package_identification:_identify(src/unitree_go2/docs) by extensions ['ros']
[0.691s] Level 1:colcon.colcon_core.package_identification:_identify(src/unitree_go2/docs) by extension 'ros'
[0.691s] Level 1:colcon.colcon_core.package_identification:_identify(src/unitree_go2/docs) by extensions ['cmake', 'python']
[0.691s] Level 1:colcon.colcon_core.package_identification:_identify(src/unitree_go2/docs) by extension 'cmake'
[0.691s] Level 1:colcon.colcon_core.package_identification:_identify(src/unitree_go2/docs) by extension 'python'
[0.691s] Level 1:colcon.colcon_core.package_identification:_identify(src/unitree_go2/docs) by extensions ['python_setup_py']
[0.691s] Level 1:colcon.colcon_core.package_identification:_identify(src/unitree_go2/docs) by extension 'python_setup_py'
[0.691s] Level 1:colcon.colcon_core.package_identification:_identify(src/unitree_go2/unitree_go2_description) by extensions ['ignore', 'ignore_ament_install']
[0.691s] Level 1:colcon.colcon_core.package_identification:_identify(src/unitree_go2/unitree_go2_description) by extension 'ignore'
[0.692s] Level 1:colcon.colcon_core.package_identification:_identify(src/unitree_go2/unitree_go2_description) by extension 'ignore_ament_install'
[0.692s] Level 1:colcon.colcon_core.package_identification:_identify(src/unitree_go2/unitree_go2_description) by extensions ['colcon_pkg']
[0.692s] Level 1:colcon.colcon_core.package_identification:_identify(src/unitree_go2/unitree_go2_description) by extension 'colcon_pkg'
[0.692s] Level 1:colcon.colcon_core.package_identification:_identify(src/unitree_go2/unitree_go2_description) by extensions ['colcon_meta']
[0.692s] Level 1:colcon.colcon_core.package_identification:_identify(src/unitree_go2/unitree_go2_description) by extension 'colcon_meta'
[0.692s] Level 1:colcon.colcon_core.package_identification:_identify(src/unitree_go2/unitree_go2_description) by extensions ['ros']
[0.692s] Level 1:colcon.colcon_core.package_identification:_identify(src/unitree_go2/unitree_go2_description) by extension 'ros'
[0.693s] DEBUG:colcon.colcon_core.package_identification:Package 'src/unitree_go2/unitree_go2_description' with type 'ros.ament_cmake' and name 'unitree_go2_description'
[0.693s] Level 1:colcon.colcon_core.package_identification:_identify(src/unitree_go2/unitree_go2_sim) by extensions ['ignore', 'ignore_ament_install']
[0.694s] Level 1:colcon.colcon_core.package_identification:_identify(src/unitree_go2/unitree_go2_sim) by extension 'ignore'
[0.694s] Level 1:colcon.colcon_core.package_identification:_identify(src/unitree_go2/unitree_go2_sim) by extension 'ignore_ament_install'
[0.694s] Level 1:colcon.colcon_core.package_identification:_identify(src/unitree_go2/unitree_go2_sim) by extensions ['colcon_pkg']
[0.694s] Level 1:colcon.colcon_core.package_identification:_identify(src/unitree_go2/unitree_go2_sim) by extension 'colcon_pkg'
[0.694s] Level 1:colcon.colcon_core.package_identification:_identify(src/unitree_go2/unitree_go2_sim) by extensions ['colcon_meta']
[0.694s] Level 1:colcon.colcon_core.package_identification:_identify(src/unitree_go2/unitree_go2_sim) by extension 'colcon_meta'
[0.694s] Level 1:colcon.colcon_core.package_identification:_identify(src/unitree_go2/unitree_go2_sim) by extensions ['ros']
[0.694s] Level 1:colcon.colcon_core.package_identification:_identify(src/unitree_go2/unitree_go2_sim) by extension 'ros'
[0.698s] DEBUG:colcon.colcon_core.package_identification:Package 'src/unitree_go2/unitree_go2_sim' with type 'ros.ament_cmake' and name 'unitree_go2_sim'
[0.699s] Level 1:colcon.colcon_core.package_identification:_identify(tts_cache) by extensions ['ignore', 'ignore_ament_install']
[0.699s] Level 1:colcon.colcon_core.package_identification:_identify(tts_cache) by extension 'ignore'
[0.699s] Level 1:colcon.colcon_core.package_identification:_identify(tts_cache) by extension 'ignore_ament_install'
[0.699s] Level 1:colcon.colcon_core.package_identification:_identify(tts_cache) by extensions ['colcon_pkg']
[0.699s] Level 1:colcon.colcon_core.package_identification:_identify(tts_cache) by extension 'colcon_pkg'
[0.699s] Level 1:colcon.colcon_core.package_identification:_identify(tts_cache) by extensions ['colcon_meta']
[0.700s] Level 1:colcon.colcon_core.package_identification:_identify(tts_cache) by extension 'colcon_meta'
[0.700s] Level 1:colcon.colcon_core.package_identification:_identify(tts_cache) by extensions ['ros']
[0.700s] Level 1:colcon.colcon_core.package_identification:_identify(tts_cache) by extension 'ros'
[0.700s] Level 1:colcon.colcon_core.package_identification:_identify(tts_cache) by extensions ['cmake', 'python']
[0.700s] Level 1:colcon.colcon_core.package_identification:_identify(tts_cache) by extension 'cmake'
[0.700s] Level 1:colcon.colcon_core.package_identification:_identify(tts_cache) by extension 'python'
[0.700s] Level 1:colcon.colcon_core.package_identification:_identify(tts_cache) by extensions ['python_setup_py']
[0.700s] Level 1:colcon.colcon_core.package_identification:_identify(tts_cache) by extension 'python_setup_py'
[0.700s] Level 1:colcon.colcon_core.package_discovery:discover_packages(recursive) using defaults
[0.700s] Level 1:colcon.colcon_core.package_discovery:discover_packages(ignore) discover
[0.700s] Level 1:colcon.colcon_core.package_discovery:discover_packages(ignore) using defaults
[0.700s] Level 1:colcon.colcon_core.package_discovery:discover_packages(path) discover
[0.701s] Level 1:colcon.colcon_core.package_discovery:discover_packages(path) using defaults
[0.791s] INFO:colcon.colcon_core.package_selection:Skipping not selected package 'champ' in 'src/unitree_go2/champ'
[0.791s] INFO:colcon.colcon_core.package_selection:Skipping not selected package 'champ_msgs' in 'src/unitree_go2/champ_msgs'
[0.791s] INFO:colcon.colcon_core.package_selection:Skipping not selected package 'coco_detector' in 'src/coco_detector'
[0.791s] INFO:colcon.colcon_core.package_selection:Skipping not selected package 'go2_interfaces' in 'src/go2_interfaces'
[0.791s] INFO:colcon.colcon_core.package_selection:Skipping not selected package 'lidar_processor' in 'src/lidar_processor'
[0.791s] INFO:colcon.colcon_core.package_selection:Skipping not selected package 'lidar_processor_cpp' in 'src/lidar_processor_cpp'
[0.791s] INFO:colcon.colcon_core.package_selection:Skipping not selected package 'unitree_go2_description' in 'src/unitree_go2/unitree_go2_description'
[0.791s] INFO:colcon.colcon_core.package_selection:Skipping not selected package 'go2_robot_sdk' in 'src/go2_robot_sdk'
[0.791s] INFO:colcon.colcon_core.package_selection:Skipping not selected package 'go2_unitree_bridge' in 'src/go2_unitree_bridge'
[0.791s] INFO:colcon.colcon_core.package_selection:Skipping not selected package 'speech_processor' in 'src/speech_processor'
[0.792s] INFO:colcon.colcon_core.package_selection:Skipping not selected package 'go2_navigation' in 'src/go2_navigation'
[0.793s] Level 1:colcon.colcon_core.package_discovery:discover_packages(prefix_path) check parameters
[0.793s] Level 1:colcon.colcon_core.package_discovery:discover_packages(prefix_path) discover
[0.798s] DEBUG:colcon.colcon_installed_package_information.package_discovery:Found 13 installed packages in /home/ming/ros2_ws/install
[0.800s] DEBUG:colcon.colcon_installed_package_information.package_discovery:Found 1 installed packages in /home/ming/install
[0.803s] DEBUG:colcon.colcon_installed_package_information.package_discovery:Found 309 installed packages in /opt/ros/humble
[0.806s] Level 1:colcon.colcon_core.package_discovery:discover_packages(prefix_path) using defaults
[0.882s] WARNING:colcon.colcon_core.package_selection:Some selected packages are already built in one or more underlay workspaces:
	'unitree_go2_sim' is in: /home/ming/ros2_ws/install/unitree_go2_sim
If a package in a merged underlay workspace is overridden and it installs headers, then all packages in the overlay must sort their include directories by workspace order. Failure to do so may result in build failures or undefined behavior at run time.
If the overridden package is used by another package in any underlay, then the overriding package in the overlay must be API and ABI compatible or undefined behavior at run time may occur.

If you understand the risks and want to override a package anyways, add the following to the command line:
	--allow-overriding unitree_go2_sim

This may be promoted to an error in a future release of colcon-override-check.
[0.885s] Level 5:colcon.colcon_core.verb:set package 'unitree_go2_sim' build argument 'cmake_args' from command line to 'None'
[0.885s] Level 5:colcon.colcon_core.verb:set package 'unitree_go2_sim' build argument 'cmake_target' from command line to 'None'
[0.885s] Level 5:colcon.colcon_core.verb:set package 'unitree_go2_sim' build argument 'cmake_target_skip_unavailable' from command line to 'False'
[0.885s] Level 5:colcon.colcon_core.verb:set package 'unitree_go2_sim' build argument 'cmake_clean_cache' from command line to 'False'
[0.885s] Level 5:colcon.colcon_core.verb:set package 'unitree_go2_sim' build argument 'cmake_clean_first' from command line to 'False'
[0.885s] Level 5:colcon.colcon_core.verb:set package 'unitree_go2_sim' build argument 'cmake_force_configure' from command line to 'False'
[0.885s] Level 5:colcon.colcon_core.verb:set package 'unitree_go2_sim' build argument 'ament_cmake_args' from command line to 'None'
[0.885s] Level 5:colcon.colcon_core.verb:set package 'unitree_go2_sim' build argument 'catkin_cmake_args' from command line to 'None'
[0.885s] Level 5:colcon.colcon_core.verb:set package 'unitree_go2_sim' build argument 'catkin_skip_building_tests' from command line to 'False'
[0.885s] DEBUG:colcon.colcon_core.verb:Building package 'unitree_go2_sim' with the following arguments: {'ament_cmake_args': None, 'build_base': '/home/ming/ros2_ws/build/unitree_go2_sim', 'catkin_cmake_args': None, 'catkin_skip_building_tests': False, 'cmake_args': None, 'cmake_clean_cache': False, 'cmake_clean_first': False, 'cmake_force_configure': False, 'cmake_target': None, 'cmake_target_skip_unavailable': False, 'install_base': '/home/ming/ros2_ws/install/unitree_go2_sim', 'merge_install': False, 'path': '/home/ming/ros2_ws/src/unitree_go2/unitree_go2_sim', 'symlink_install': False, 'test_result_base': None}
[0.886s] Level 5:colcon.colcon_core.verb:set package 'champ_base' build argument 'cmake_args' from command line to 'None'
[0.886s] Level 5:colcon.colcon_core.verb:set package 'champ_base' build argument 'cmake_target' from command line to 'None'
[0.886s] Level 5:colcon.colcon_core.verb:set package 'champ_base' build argument 'cmake_target_skip_unavailable' from command line to 'False'
[0.886s] Level 5:colcon.colcon_core.verb:set package 'champ_base' build argument 'cmake_clean_cache' from command line to 'False'
[0.886s] Level 5:colcon.colcon_core.verb:set package 'champ_base' build argument 'cmake_clean_first' from command line to 'False'
[0.886s] Level 5:colcon.colcon_core.verb:set package 'champ_base' build argument 'cmake_force_configure' from command line to 'False'
[0.886s] Level 5:colcon.colcon_core.verb:set package 'champ_base' build argument 'ament_cmake_args' from command line to 'None'
[0.886s] Level 5:colcon.colcon_core.verb:set package 'champ_base' build argument 'catkin_cmake_args' from command line to 'None'
[0.887s] Level 5:colcon.colcon_core.verb:set package 'champ_base' build argument 'catkin_skip_building_tests' from command line to 'False'
[0.887s] DEBUG:colcon.colcon_core.verb:Building package 'champ_base' with the following arguments: {'ament_cmake_args': None, 'build_base': '/home/ming/ros2_ws/build/champ_base', 'catkin_cmake_args': None, 'catkin_skip_building_tests': False, 'cmake_args': None, 'cmake_clean_cache': False, 'cmake_clean_first': False, 'cmake_force_configure': False, 'cmake_target': None, 'cmake_target_skip_unavailable': False, 'install_base': '/home/ming/ros2_ws/install/champ_base', 'merge_install': False, 'path': '/home/ming/ros2_ws/src/unitree_go2/champ_base', 'symlink_install': False, 'test_result_base': None}
[0.887s] INFO:colcon.colcon_core.executor:Executing jobs using 'parallel' executor
[0.890s] DEBUG:colcon.colcon_parallel_executor.executor.parallel:run_until_complete
[0.890s] INFO:colcon.colcon_ros.task.ament_cmake.build:Building ROS package in '/home/ming/ros2_ws/src/unitree_go2/unitree_go2_sim' with build type 'ament_cmake'
[0.891s] INFO:colcon.colcon_cmake.task.cmake.build:Building CMake package in '/home/ming/ros2_ws/src/unitree_go2/unitree_go2_sim'
[0.897s] INFO:colcon.colcon_core.plugin_system:Skipping extension 'colcon_core.shell.bat': Not used on non-Windows systems
[0.897s] INFO:colcon.colcon_core.shell:Skip shell extension 'powershell' for command environment: Not usable outside of PowerShell
[0.897s] DEBUG:colcon.colcon_core.shell:Skip shell extension 'dsv' for command environment
[0.906s] INFO:colcon.colcon_ros.task.ament_cmake.build:Building ROS package in '/home/ming/ros2_ws/src/unitree_go2/champ_base' with build type 'ament_cmake'
[0.907s] INFO:colcon.colcon_cmake.task.cmake.build:Building CMake package in '/home/ming/ros2_ws/src/unitree_go2/champ_base'
[0.907s] INFO:colcon.colcon_core.shell:Skip shell extension 'powershell' for command environment: Not usable outside of PowerShell
[0.907s] DEBUG:colcon.colcon_core.shell:Skip shell extension 'dsv' for command environment
[0.923s] DEBUG:colcon.colcon_core.event_handler.log_command:Invoking command in '/home/ming/ros2_ws/build/unitree_go2_sim': CMAKE_PREFIX_PATH=${CMAKE_PREFIX_PATH}:/home/ming/ros2_ws/install/go2_navigation:/home/ming/ros2_ws/install/go2_unitree_bridge:/home/ming/ros2_ws/install/speech_processor:/home/ming/ros2_ws/install/lidar_processor:/home/ming/ros2_ws/install/go2_robot_sdk:/home/ming/ros2_ws/install/coco_detector:/home/ming/install/go2_navigation:/opt/ros/humble /usr/bin/cmake --build /home/ming/ros2_ws/build/unitree_go2_sim -- -j6 -l6
[0.941s] DEBUG:colcon.colcon_core.event_handler.log_command:Invoking command in '/home/ming/ros2_ws/build/champ_base': CMAKE_PREFIX_PATH=/home/ming/ros2_ws/install/champ_msgs:/home/ming/ros2_ws/install/champ:/home/ming/ros2_ws/install/unitree_go2_sim:/home/ming/ros2_ws/install/unitree_go2_description:/home/ming/ros2_ws/install/lidar_processor_cpp:/home/ming/ros2_ws/install/go2_interfaces:/home/ming/ros2_ws/install/champ_base:/home/ming/ros2_ws/install/go2_navigation:/home/ming/ros2_ws/install/go2_unitree_bridge:/home/ming/ros2_ws/install/speech_processor:/home/ming/ros2_ws/install/lidar_processor:/home/ming/ros2_ws/install/go2_robot_sdk:/home/ming/ros2_ws/install/coco_detector:/home/ming/install/go2_navigation:/opt/ros/humble LD_LIBRARY_PATH=/home/ming/ros2_ws/install/champ_msgs/lib:/home/ming/ros2_ws/install/go2_interfaces/lib:/home/ming/ros2_ws/install/champ_base/lib:/opt/ros/humble/opt/rviz_ogre_vendor/lib:/opt/ros/humble/lib/aarch64-linux-gnu:/opt/ros/humble/lib /usr/bin/cmake --build /home/ming/ros2_ws/build/champ_base -- -j6 -l6
[1.037s] DEBUG:colcon.colcon_core.event_handler.log_command:Invoked command in '/home/ming/ros2_ws/build/unitree_go2_sim' returned '0': CMAKE_PREFIX_PATH=${CMAKE_PREFIX_PATH}:/home/ming/ros2_ws/install/go2_navigation:/home/ming/ros2_ws/install/go2_unitree_bridge:/home/ming/ros2_ws/install/speech_processor:/home/ming/ros2_ws/install/lidar_processor:/home/ming/ros2_ws/install/go2_robot_sdk:/home/ming/ros2_ws/install/coco_detector:/home/ming/install/go2_navigation:/opt/ros/humble /usr/bin/cmake --build /home/ming/ros2_ws/build/unitree_go2_sim -- -j6 -l6
[1.080s] DEBUG:colcon.colcon_core.event_handler.log_command:Invoking command in '/home/ming/ros2_ws/build/unitree_go2_sim': CMAKE_PREFIX_PATH=${CMAKE_PREFIX_PATH}:/home/ming/ros2_ws/install/go2_navigation:/home/ming/ros2_ws/install/go2_unitree_bridge:/home/ming/ros2_ws/install/speech_processor:/home/ming/ros2_ws/install/lidar_processor:/home/ming/ros2_ws/install/go2_robot_sdk:/home/ming/ros2_ws/install/coco_detector:/home/ming/install/go2_navigation:/opt/ros/humble /usr/bin/cmake --install /home/ming/ros2_ws/build/unitree_go2_sim
[1.112s] Level 1:colcon.colcon_core.environment:create_environment_scripts_only(unitree_go2_sim)
[1.117s] DEBUG:colcon.colcon_core.event_handler.log_command:Invoked command in '/home/ming/ros2_ws/build/unitree_go2_sim' returned '0': CMAKE_PREFIX_PATH=${CMAKE_PREFIX_PATH}:/home/ming/ros2_ws/install/go2_navigation:/home/ming/ros2_ws/install/go2_unitree_bridge:/home/ming/ros2_ws/install/speech_processor:/home/ming/ros2_ws/install/lidar_processor:/home/ming/ros2_ws/install/go2_robot_sdk:/home/ming/ros2_ws/install/coco_detector:/home/ming/install/go2_navigation:/opt/ros/humble /usr/bin/cmake --install /home/ming/ros2_ws/build/unitree_go2_sim
[1.121s] Level 1:colcon.colcon_core.environment:checking '/home/ming/ros2_ws/install/unitree_go2_sim' for CMake module files
[1.122s] Level 1:colcon.colcon_core.environment:checking '/home/ming/ros2_ws/install/unitree_go2_sim' for CMake config files
[1.123s] Level 1:colcon.colcon_core.shell:create_environment_hook('unitree_go2_sim', 'cmake_prefix_path')
[1.123s] INFO:colcon.colcon_core.shell:Creating environment hook '/home/ming/ros2_ws/install/unitree_go2_sim/share/unitree_go2_sim/hook/cmake_prefix_path.ps1'
[1.126s] INFO:colcon.colcon_core.shell:Creating environment descriptor '/home/ming/ros2_ws/install/unitree_go2_sim/share/unitree_go2_sim/hook/cmake_prefix_path.dsv'
[1.132s] INFO:colcon.colcon_core.shell:Creating environment hook '/home/ming/ros2_ws/install/unitree_go2_sim/share/unitree_go2_sim/hook/cmake_prefix_path.sh'
[1.135s] Level 1:colcon.colcon_core.environment:checking '/home/ming/ros2_ws/install/unitree_go2_sim/lib'
[1.136s] Level 1:colcon.colcon_core.environment:checking '/home/ming/ros2_ws/install/unitree_go2_sim/bin'
[1.136s] Level 1:colcon.colcon_core.environment:checking '/home/ming/ros2_ws/install/unitree_go2_sim/lib/pkgconfig/unitree_go2_sim.pc'
[1.136s] Level 1:colcon.colcon_core.environment:checking '/home/ming/ros2_ws/install/unitree_go2_sim/lib/python3.10/site-packages'
[1.137s] Level 1:colcon.colcon_core.environment:checking '/home/ming/ros2_ws/install/unitree_go2_sim/bin'
[1.139s] INFO:colcon.colcon_core.shell:Creating package script '/home/ming/ros2_ws/install/unitree_go2_sim/share/unitree_go2_sim/package.ps1'
[1.142s] INFO:colcon.colcon_core.shell:Creating package descriptor '/home/ming/ros2_ws/install/unitree_go2_sim/share/unitree_go2_sim/package.dsv'
[1.143s] INFO:colcon.colcon_core.shell:Creating package script '/home/ming/ros2_ws/install/unitree_go2_sim/share/unitree_go2_sim/package.sh'
[1.145s] INFO:colcon.colcon_core.shell:Creating package script '/home/ming/ros2_ws/install/unitree_go2_sim/share/unitree_go2_sim/package.bash'
[1.147s] INFO:colcon.colcon_core.shell:Creating package script '/home/ming/ros2_ws/install/unitree_go2_sim/share/unitree_go2_sim/package.zsh'
[1.148s] Level 1:colcon.colcon_core.environment:create_file_with_runtime_dependencies(/home/ming/ros2_ws/install/unitree_go2_sim/share/colcon-core/packages/unitree_go2_sim)
[1.150s] Level 1:colcon.colcon_core.environment:create_environment_scripts_only(unitree_go2_sim)
[1.150s] Level 1:colcon.colcon_core.environment:checking '/home/ming/ros2_ws/install/unitree_go2_sim' for CMake module files
[1.151s] Level 1:colcon.colcon_core.environment:checking '/home/ming/ros2_ws/install/unitree_go2_sim' for CMake config files
[1.152s] Level 1:colcon.colcon_core.shell:create_environment_hook('unitree_go2_sim', 'cmake_prefix_path')
[1.152s] INFO:colcon.colcon_core.shell:Creating environment hook '/home/ming/ros2_ws/install/unitree_go2_sim/share/unitree_go2_sim/hook/cmake_prefix_path.ps1'
[1.153s] INFO:colcon.colcon_core.shell:Creating environment descriptor '/home/ming/ros2_ws/install/unitree_go2_sim/share/unitree_go2_sim/hook/cmake_prefix_path.dsv'
[1.155s] INFO:colcon.colcon_core.shell:Creating environment hook '/home/ming/ros2_ws/install/unitree_go2_sim/share/unitree_go2_sim/hook/cmake_prefix_path.sh'
[1.157s] Level 1:colcon.colcon_core.environment:checking '/home/ming/ros2_ws/install/unitree_go2_sim/lib'
[1.157s] Level 1:colcon.colcon_core.environment:checking '/home/ming/ros2_ws/install/unitree_go2_sim/bin'
[1.158s] Level 1:colcon.colcon_core.environment:checking '/home/ming/ros2_ws/install/unitree_go2_sim/lib/pkgconfig/unitree_go2_sim.pc'
[1.158s] Level 1:colcon.colcon_core.environment:checking '/home/ming/ros2_ws/install/unitree_go2_sim/lib/python3.10/site-packages'
[1.159s] Level 1:colcon.colcon_core.environment:checking '/home/ming/ros2_ws/install/unitree_go2_sim/bin'
[1.160s] INFO:colcon.colcon_core.shell:Creating package script '/home/ming/ros2_ws/install/unitree_go2_sim/share/unitree_go2_sim/package.ps1'
[1.162s] INFO:colcon.colcon_core.shell:Creating package descriptor '/home/ming/ros2_ws/install/unitree_go2_sim/share/unitree_go2_sim/package.dsv'
[1.163s] INFO:colcon.colcon_core.shell:Creating package script '/home/ming/ros2_ws/install/unitree_go2_sim/share/unitree_go2_sim/package.sh'
[1.165s] INFO:colcon.colcon_core.shell:Creating package script '/home/ming/ros2_ws/install/unitree_go2_sim/share/unitree_go2_sim/package.bash'
[1.168s] INFO:colcon.colcon_core.shell:Creating package script '/home/ming/ros2_ws/install/unitree_go2_sim/share/unitree_go2_sim/package.zsh'
[1.171s] Level 1:colcon.colcon_core.environment:create_file_with_runtime_dependencies(/home/ming/ros2_ws/install/unitree_go2_sim/share/colcon-core/packages/unitree_go2_sim)
[39.828s] DEBUG:colcon.colcon_core.event_handler.log_command:Invoked command in '/home/ming/ros2_ws/build/champ_base' returned '0': CMAKE_PREFIX_PATH=/home/ming/ros2_ws/install/champ_msgs:/home/ming/ros2_ws/install/champ:/home/ming/ros2_ws/install/unitree_go2_sim:/home/ming/ros2_ws/install/unitree_go2_description:/home/ming/ros2_ws/install/lidar_processor_cpp:/home/ming/ros2_ws/install/go2_interfaces:/home/ming/ros2_ws/install/champ_base:/home/ming/ros2_ws/install/go2_navigation:/home/ming/ros2_ws/install/go2_unitree_bridge:/home/ming/ros2_ws/install/speech_processor:/home/ming/ros2_ws/install/lidar_processor:/home/ming/ros2_ws/install/go2_robot_sdk:/home/ming/ros2_ws/install/coco_detector:/home/ming/install/go2_navigation:/opt/ros/humble LD_LIBRARY_PATH=/home/ming/ros2_ws/install/champ_msgs/lib:/home/ming/ros2_ws/install/go2_interfaces/lib:/home/ming/ros2_ws/install/champ_base/lib:/opt/ros/humble/opt/rviz_ogre_vendor/lib:/opt/ros/humble/lib/aarch64-linux-gnu:/opt/ros/humble/lib /usr/bin/cmake --build /home/ming/ros2_ws/build/champ_base -- -j6 -l6
[39.835s] DEBUG:colcon.colcon_core.event_handler.log_command:Invoking command in '/home/ming/ros2_ws/build/champ_base': CMAKE_PREFIX_PATH=/home/ming/ros2_ws/install/champ_msgs:/home/ming/ros2_ws/install/champ:/home/ming/ros2_ws/install/unitree_go2_sim:/home/ming/ros2_ws/install/unitree_go2_description:/home/ming/ros2_ws/install/lidar_processor_cpp:/home/ming/ros2_ws/install/go2_interfaces:/home/ming/ros2_ws/install/champ_base:/home/ming/ros2_ws/install/go2_navigation:/home/ming/ros2_ws/install/go2_unitree_bridge:/home/ming/ros2_ws/install/speech_processor:/home/ming/ros2_ws/install/lidar_processor:/home/ming/ros2_ws/install/go2_robot_sdk:/home/ming/ros2_ws/install/coco_detector:/home/ming/install/go2_navigation:/opt/ros/humble LD_LIBRARY_PATH=/home/ming/ros2_ws/install/champ_msgs/lib:/home/ming/ros2_ws/install/go2_interfaces/lib:/home/ming/ros2_ws/install/champ_base/lib:/opt/ros/humble/opt/rviz_ogre_vendor/lib:/opt/ros/humble/lib/aarch64-linux-gnu:/opt/ros/humble/lib /usr/bin/cmake --install /home/ming/ros2_ws/build/champ_base
[39.905s] Level 1:colcon.colcon_core.environment:create_environment_scripts_only(champ_base)
[39.905s] Level 1:colcon.colcon_core.environment:checking '/home/ming/ros2_ws/install/champ_base' for CMake module files
[39.907s] Level 1:colcon.colcon_core.environment:checking '/home/ming/ros2_ws/install/champ_base' for CMake config files
[39.907s] Level 1:colcon.colcon_core.shell:create_environment_hook('champ_base', 'cmake_prefix_path')
[39.908s] INFO:colcon.colcon_core.shell:Creating environment hook '/home/ming/ros2_ws/install/champ_base/share/champ_base/hook/cmake_prefix_path.ps1'
[39.909s] DEBUG:colcon.colcon_core.event_handler.log_command:Invoked command in '/home/ming/ros2_ws/build/champ_base' returned '0': CMAKE_PREFIX_PATH=/home/ming/ros2_ws/install/champ_msgs:/home/ming/ros2_ws/install/champ:/home/ming/ros2_ws/install/unitree_go2_sim:/home/ming/ros2_ws/install/unitree_go2_description:/home/ming/ros2_ws/install/lidar_processor_cpp:/home/ming/ros2_ws/install/go2_interfaces:/home/ming/ros2_ws/install/champ_base:/home/ming/ros2_ws/install/go2_navigation:/home/ming/ros2_ws/install/go2_unitree_bridge:/home/ming/ros2_ws/install/speech_processor:/home/ming/ros2_ws/install/lidar_processor:/home/ming/ros2_ws/install/go2_robot_sdk:/home/ming/ros2_ws/install/coco_detector:/home/ming/install/go2_navigation:/opt/ros/humble LD_LIBRARY_PATH=/home/ming/ros2_ws/install/champ_msgs/lib:/home/ming/ros2_ws/install/go2_interfaces/lib:/home/ming/ros2_ws/install/champ_base/lib:/opt/ros/humble/opt/rviz_ogre_vendor/lib:/opt/ros/humble/lib/aarch64-linux-gnu:/opt/ros/humble/lib /usr/bin/cmake --install /home/ming/ros2_ws/build/champ_base
[39.910s] INFO:colcon.colcon_core.shell:Creating environment descriptor '/home/ming/ros2_ws/install/champ_base/share/champ_base/hook/cmake_prefix_path.dsv'
[39.911s] INFO:colcon.colcon_core.shell:Creating environment hook '/home/ming/ros2_ws/install/champ_base/share/champ_base/hook/cmake_prefix_path.sh'
[39.912s] Level 1:colcon.colcon_core.environment:checking '/home/ming/ros2_ws/install/champ_base/lib'
[39.913s] Level 1:colcon.colcon_core.shell:create_environment_hook('champ_base', 'ld_library_path_lib')
[39.913s] INFO:colcon.colcon_core.shell:Creating environment hook '/home/ming/ros2_ws/install/champ_base/share/champ_base/hook/ld_library_path_lib.ps1'
[39.914s] INFO:colcon.colcon_core.shell:Creating environment descriptor '/home/ming/ros2_ws/install/champ_base/share/champ_base/hook/ld_library_path_lib.dsv'
[39.915s] INFO:colcon.colcon_core.shell:Creating environment hook '/home/ming/ros2_ws/install/champ_base/share/champ_base/hook/ld_library_path_lib.sh'
[39.916s] Level 1:colcon.colcon_core.environment:checking '/home/ming/ros2_ws/install/champ_base/bin'
[39.916s] Level 1:colcon.colcon_core.shell:create_environment_hook('champ_base', 'path')
[39.917s] INFO:colcon.colcon_core.shell:Creating environment hook '/home/ming/ros2_ws/install/champ_base/share/champ_base/hook/path.ps1'
[39.918s] INFO:colcon.colcon_core.shell:Creating environment descriptor '/home/ming/ros2_ws/install/champ_base/share/champ_base/hook/path.dsv'
[39.919s] INFO:colcon.colcon_core.shell:Creating environment hook '/home/ming/ros2_ws/install/champ_base/share/champ_base/hook/path.sh'
[39.920s] Level 1:colcon.colcon_core.environment:checking '/home/ming/ros2_ws/install/champ_base/lib/pkgconfig/champ_base.pc'
[39.921s] Level 1:colcon.colcon_core.environment:checking '/home/ming/ros2_ws/install/champ_base/lib/python3.10/site-packages'
[39.921s] Level 1:colcon.colcon_core.environment:checking '/home/ming/ros2_ws/install/champ_base/bin'
[39.921s] Level 1:colcon.colcon_core.shell:create_environment_hook('champ_base', 'pythonscriptspath')
[39.922s] INFO:colcon.colcon_core.shell:Creating environment hook '/home/ming/ros2_ws/install/champ_base/share/champ_base/hook/pythonscriptspath.ps1'
[39.923s] INFO:colcon.colcon_core.shell:Creating environment descriptor '/home/ming/ros2_ws/install/champ_base/share/champ_base/hook/pythonscriptspath.dsv'
[39.924s] INFO:colcon.colcon_core.shell:Creating environment hook '/home/ming/ros2_ws/install/champ_base/share/champ_base/hook/pythonscriptspath.sh'
[39.926s] INFO:colcon.colcon_core.shell:Creating package script '/home/ming/ros2_ws/install/champ_base/share/champ_base/package.ps1'
[39.927s] INFO:colcon.colcon_core.shell:Creating package descriptor '/home/ming/ros2_ws/install/champ_base/share/champ_base/package.dsv'
[39.929s] INFO:colcon.colcon_core.shell:Creating package script '/home/ming/ros2_ws/install/champ_base/share/champ_base/package.sh'
[39.930s] INFO:colcon.colcon_core.shell:Creating package script '/home/ming/ros2_ws/install/champ_base/share/champ_base/package.bash'
[39.931s] INFO:colcon.colcon_core.shell:Creating package script '/home/ming/ros2_ws/install/champ_base/share/champ_base/package.zsh'
[39.932s] Level 1:colcon.colcon_core.environment:create_file_with_runtime_dependencies(/home/ming/ros2_ws/install/champ_base/share/colcon-core/packages/champ_base)
[39.933s] Level 1:colcon.colcon_core.environment:create_environment_scripts_only(champ_base)
[39.933s] Level 1:colcon.colcon_core.environment:checking '/home/ming/ros2_ws/install/champ_base' for CMake module files
[39.934s] Level 1:colcon.colcon_core.environment:checking '/home/ming/ros2_ws/install/champ_base' for CMake config files
[39.935s] Level 1:colcon.colcon_core.shell:create_environment_hook('champ_base', 'cmake_prefix_path')
[39.935s] INFO:colcon.colcon_core.shell:Creating environment hook '/home/ming/ros2_ws/install/champ_base/share/champ_base/hook/cmake_prefix_path.ps1'
[39.936s] INFO:colcon.colcon_core.shell:Creating environment descriptor '/home/ming/ros2_ws/install/champ_base/share/champ_base/hook/cmake_prefix_path.dsv'
[39.937s] INFO:colcon.colcon_core.shell:Creating environment hook '/home/ming/ros2_ws/install/champ_base/share/champ_base/hook/cmake_prefix_path.sh'
[39.938s] Level 1:colcon.colcon_core.environment:checking '/home/ming/ros2_ws/install/champ_base/lib'
[39.939s] Level 1:colcon.colcon_core.shell:create_environment_hook('champ_base', 'ld_library_path_lib')
[39.939s] INFO:colcon.colcon_core.shell:Creating environment hook '/home/ming/ros2_ws/install/champ_base/share/champ_base/hook/ld_library_path_lib.ps1'
[39.940s] INFO:colcon.colcon_core.shell:Creating environment descriptor '/home/ming/ros2_ws/install/champ_base/share/champ_base/hook/ld_library_path_lib.dsv'
[39.941s] INFO:colcon.colcon_core.shell:Creating environment hook '/home/ming/ros2_ws/install/champ_base/share/champ_base/hook/ld_library_path_lib.sh'
[39.942s] Level 1:colcon.colcon_core.environment:checking '/home/ming/ros2_ws/install/champ_base/bin'
[39.942s] Level 1:colcon.colcon_core.shell:create_environment_hook('champ_base', 'path')
[39.942s] INFO:colcon.colcon_core.shell:Creating environment hook '/home/ming/ros2_ws/install/champ_base/share/champ_base/hook/path.ps1'
[39.944s] INFO:colcon.colcon_core.shell:Creating environment descriptor '/home/ming/ros2_ws/install/champ_base/share/champ_base/hook/path.dsv'
[39.944s] INFO:colcon.colcon_core.shell:Creating environment hook '/home/ming/ros2_ws/install/champ_base/share/champ_base/hook/path.sh'
[39.945s] Level 1:colcon.colcon_core.environment:checking '/home/ming/ros2_ws/install/champ_base/lib/pkgconfig/champ_base.pc'
[39.946s] Level 1:colcon.colcon_core.environment:checking '/home/ming/ros2_ws/install/champ_base/lib/python3.10/site-packages'
[39.947s] Level 1:colcon.colcon_core.environment:checking '/home/ming/ros2_ws/install/champ_base/bin'
[39.947s] Level 1:colcon.colcon_core.shell:create_environment_hook('champ_base', 'pythonscriptspath')
[39.947s] INFO:colcon.colcon_core.shell:Creating environment hook '/home/ming/ros2_ws/install/champ_base/share/champ_base/hook/pythonscriptspath.ps1'
[39.948s] INFO:colcon.colcon_core.shell:Creating environment descriptor '/home/ming/ros2_ws/install/champ_base/share/champ_base/hook/pythonscriptspath.dsv'
[39.949s] INFO:colcon.colcon_core.shell:Creating environment hook '/home/ming/ros2_ws/install/champ_base/share/champ_base/hook/pythonscriptspath.sh'
[39.951s] INFO:colcon.colcon_core.shell:Creating package script '/home/ming/ros2_ws/install/champ_base/share/champ_base/package.ps1'
[39.952s] INFO:colcon.colcon_core.shell:Creating package descriptor '/home/ming/ros2_ws/install/champ_base/share/champ_base/package.dsv'
[39.954s] INFO:colcon.colcon_core.shell:Creating package script '/home/ming/ros2_ws/install/champ_base/share/champ_base/package.sh'
[39.955s] INFO:colcon.colcon_core.shell:Creating package script '/home/ming/ros2_ws/install/champ_base/share/champ_base/package.bash'
[39.956s] INFO:colcon.colcon_core.shell:Creating package script '/home/ming/ros2_ws/install/champ_base/share/champ_base/package.zsh'
[39.957s] Level 1:colcon.colcon_core.environment:create_file_with_runtime_dependencies(/home/ming/ros2_ws/install/champ_base/share/colcon-core/packages/champ_base)
[39.959s] DEBUG:colcon.colcon_parallel_executor.executor.parallel:closing loop
[39.959s] DEBUG:colcon.colcon_parallel_executor.executor.parallel:loop closed
[39.960s] DEBUG:colcon.colcon_parallel_executor.executor.parallel:run_until_complete finished with '0'
[39.960s] DEBUG:colcon.colcon_core.event_reactor:joining thread
[39.973s] INFO:colcon.colcon_core.plugin_system:Skipping extension 'colcon_notification.desktop_notification.terminal_notifier': Not used on non-Darwin systems
[39.973s] INFO:colcon.colcon_core.plugin_system:Skipping extension 'colcon_notification.desktop_notification.win32': Not used on non-Windows systems
[39.974s] INFO:colcon.colcon_notification.desktop_notification:Sending desktop notification using 'notify2'
[40.013s] DEBUG:colcon.colcon_core.event_reactor:joined thread
[40.014s] INFO:colcon.colcon_core.shell:Creating prefix script '/home/ming/ros2_ws/install/local_setup.ps1'
[40.017s] INFO:colcon.colcon_core.shell:Creating prefix util module '/home/ming/ros2_ws/install/_local_setup_util_ps1.py'
[40.021s] INFO:colcon.colcon_core.shell:Creating prefix chain script '/home/ming/ros2_ws/install/setup.ps1'
[40.026s] INFO:colcon.colcon_core.shell:Creating prefix script '/home/ming/ros2_ws/install/local_setup.sh'
[40.028s] INFO:colcon.colcon_core.shell:Creating prefix util module '/home/ming/ros2_ws/install/_local_setup_util_sh.py'
[40.029s] INFO:colcon.colcon_core.shell:Creating prefix chain script '/home/ming/ros2_ws/install/setup.sh'
[40.033s] INFO:colcon.colcon_core.shell:Creating prefix script '/home/ming/ros2_ws/install/local_setup.bash'
[40.034s] INFO:colcon.colcon_core.shell:Creating prefix chain script '/home/ming/ros2_ws/install/setup.bash'
[40.038s] INFO:colcon.colcon_core.shell:Creating prefix script '/home/ming/ros2_ws/install/local_setup.zsh'
[40.039s] INFO:colcon.colcon_core.shell:Creating prefix chain script '/home/ming/ros2_ws/install/setup.zsh'
