/home/ming/ros2_ws/install/go2_unitree_bridge/lib/python3.10/site-packages/go2_unitree_bridge/rlsar_scan_node.py
/home/ming/ros2_ws/install/go2_unitree_bridge/lib/python3.10/site-packages/go2_unitree_bridge/bridge_node.py
/home/ming/ros2_ws/install/go2_unitree_bridge/lib/python3.10/site-packages/go2_unitree_bridge/mujoco_bridge_node.py
/home/ming/ros2_ws/install/go2_unitree_bridge/lib/python3.10/site-packages/go2_unitree_bridge/verify_rlsar_sim.py
/home/ming/ros2_ws/install/go2_unitree_bridge/lib/python3.10/site-packages/go2_unitree_bridge/verify_rlsar_nav2.py
/home/ming/ros2_ws/install/go2_unitree_bridge/lib/python3.10/site-packages/go2_unitree_bridge/__init__.py
/home/ming/ros2_ws/install/go2_unitree_bridge/lib/python3.10/site-packages/go2_unitree_bridge/__pycache__/rlsar_scan_node.cpython-310.pyc
/home/ming/ros2_ws/install/go2_unitree_bridge/lib/python3.10/site-packages/go2_unitree_bridge/__pycache__/bridge_node.cpython-310.pyc
/home/ming/ros2_ws/install/go2_unitree_bridge/lib/python3.10/site-packages/go2_unitree_bridge/__pycache__/mujoco_bridge_node.cpython-310.pyc
/home/ming/ros2_ws/install/go2_unitree_bridge/lib/python3.10/site-packages/go2_unitree_bridge/__pycache__/verify_rlsar_sim.cpython-310.pyc
/home/ming/ros2_ws/install/go2_unitree_bridge/lib/python3.10/site-packages/go2_unitree_bridge/__pycache__/verify_rlsar_nav2.cpython-310.pyc
/home/ming/ros2_ws/install/go2_unitree_bridge/lib/python3.10/site-packages/go2_unitree_bridge/__pycache__/__init__.cpython-310.pyc
/home/ming/ros2_ws/install/go2_unitree_bridge/share/ament_index/resource_index/packages/go2_unitree_bridge
/home/ming/ros2_ws/install/go2_unitree_bridge/share/go2_unitree_bridge/package.xml
/home/ming/ros2_ws/install/go2_unitree_bridge/share/go2_unitree_bridge/launch/go2_rlsar_sim.launch.py
/home/ming/ros2_ws/install/go2_unitree_bridge/share/go2_unitree_bridge/launch/go2_unitree_bridge.launch.py
/home/ming/ros2_ws/install/go2_unitree_bridge/share/go2_unitree_bridge/launch/go2_mujoco_bridge.launch.py
/home/ming/ros2_ws/install/go2_unitree_bridge/lib/python3.10/site-packages/go2_unitree_bridge-0.1.0-py3.10.egg-info/entry_points.txt
/home/ming/ros2_ws/install/go2_unitree_bridge/lib/python3.10/site-packages/go2_unitree_bridge-0.1.0-py3.10.egg-info/requires.txt
/home/ming/ros2_ws/install/go2_unitree_bridge/lib/python3.10/site-packages/go2_unitree_bridge-0.1.0-py3.10.egg-info/SOURCES.txt
/home/ming/ros2_ws/install/go2_unitree_bridge/lib/python3.10/site-packages/go2_unitree_bridge-0.1.0-py3.10.egg-info/zip-safe
/home/ming/ros2_ws/install/go2_unitree_bridge/lib/python3.10/site-packages/go2_unitree_bridge-0.1.0-py3.10.egg-info/PKG-INFO
/home/ming/ros2_ws/install/go2_unitree_bridge/lib/python3.10/site-packages/go2_unitree_bridge-0.1.0-py3.10.egg-info/dependency_links.txt
/home/ming/ros2_ws/install/go2_unitree_bridge/lib/python3.10/site-packages/go2_unitree_bridge-0.1.0-py3.10.egg-info/top_level.txt
/home/ming/ros2_ws/install/go2_unitree_bridge/lib/go2_unitree_bridge/go2_mujoco_bridge_node
/home/ming/ros2_ws/install/go2_unitree_bridge/lib/go2_unitree_bridge/go2_unitree_bridge_node
/home/ming/ros2_ws/install/go2_unitree_bridge/lib/go2_unitree_bridge/rlsar_scan_node
/home/ming/ros2_ws/install/go2_unitree_bridge/lib/go2_unitree_bridge/verify_rlsar_nav2
/home/ming/ros2_ws/install/go2_unitree_bridge/lib/go2_unitree_bridge/verify_rlsar_sim
