[2.508s] Invoking command in '/home/ming/ros2_ws/src/go2_unitree_bridge': CMAKE_PREFIX_PATH=/home/ming/ros2_ws/install/unitree_go2_description:/home/ming/ros2_ws/install/unitree_go2_sim:/home/ming/ros2_ws/install/lidar_processor_cpp:/home/ming/ros2_ws/install/go2_interfaces:/home/ming/ros2_ws/install/champ_base:/home/ming/ros2_ws/install/champ_msgs:/home/ming/ros2_ws/install/champ PYTHONPATH=/home/ming/ros2_ws/build/go2_unitree_bridge/prefix_override:/usr/lib/python3/dist-packages/colcon_core/task/python/colcon_distutils_commands:/home/ming/ros2_ws/install/go2_unitree_bridge/lib/python3.10/site-packages:${PYTHONPATH} /usr/bin/python3 -W ignore:setup.py install is deprecated -W ignore:easy_install command is deprecated setup.py egg_info --egg-base ../../build/go2_unitree_bridge build --build-base /home/ming/ros2_ws/build/go2_unitree_bridge/build install --record /home/ming/ros2_ws/build/go2_unitree_bridge/install.log --single-version-externally-managed install_data
[3.171s] running egg_info
[3.173s] writing ../../build/go2_unitree_bridge/go2_unitree_bridge.egg-info/PKG-INFO
[3.174s] writing dependency_links to ../../build/go2_unitree_bridge/go2_unitree_bridge.egg-info/dependency_links.txt
[3.175s] writing entry points to ../../build/go2_unitree_bridge/go2_unitree_bridge.egg-info/entry_points.txt
[3.175s] writing requirements to ../../build/go2_unitree_bridge/go2_unitree_bridge.egg-info/requires.txt
[3.176s] writing top-level names to ../../build/go2_unitree_bridge/go2_unitree_bridge.egg-info/top_level.txt
[3.180s] reading manifest file '../../build/go2_unitree_bridge/go2_unitree_bridge.egg-info/SOURCES.txt'
[3.185s] writing manifest file '../../build/go2_unitree_bridge/go2_unitree_bridge.egg-info/SOURCES.txt'
[3.186s] running build
[3.187s] running build_py
[3.187s] copying go2_unitree_bridge/rlsar_scan_node.py -> /home/ming/ros2_ws/build/go2_unitree_bridge/build/lib/go2_unitree_bridge
[3.191s] running install
[3.192s] running install_lib
[3.197s] copying /home/ming/ros2_ws/build/go2_unitree_bridge/build/lib/go2_unitree_bridge/rlsar_scan_node.py -> /home/ming/ros2_ws/install/go2_unitree_bridge/lib/python3.10/site-packages/go2_unitree_bridge
[3.198s] byte-compiling /home/ming/ros2_ws/install/go2_unitree_bridge/lib/python3.10/site-packages/go2_unitree_bridge/rlsar_scan_node.py to rlsar_scan_node.cpython-310.pyc
[3.201s] running install_data
[3.202s] running install_egg_info
[3.207s] removing '/home/ming/ros2_ws/install/go2_unitree_bridge/lib/python3.10/site-packages/go2_unitree_bridge-0.1.0-py3.10.egg-info' (and everything under it)
[3.208s] Copying ../../build/go2_unitree_bridge/go2_unitree_bridge.egg-info to /home/ming/ros2_ws/install/go2_unitree_bridge/lib/python3.10/site-packages/go2_unitree_bridge-0.1.0-py3.10.egg-info
[3.210s] running install_scripts
[3.256s] Installing go2_mujoco_bridge_node script to /home/ming/ros2_ws/install/go2_unitree_bridge/lib/go2_unitree_bridge
[3.256s] Installing go2_unitree_bridge_node script to /home/ming/ros2_ws/install/go2_unitree_bridge/lib/go2_unitree_bridge
[3.257s] Installing rlsar_scan_node script to /home/ming/ros2_ws/install/go2_unitree_bridge/lib/go2_unitree_bridge
[3.257s] Installing verify_rlsar_sim script to /home/ming/ros2_ws/install/go2_unitree_bridge/lib/go2_unitree_bridge
[3.257s] writing list of installed files to '/home/ming/ros2_ws/build/go2_unitree_bridge/install.log'
[3.346s] Invoked command in '/home/ming/ros2_ws/src/go2_unitree_bridge' returned '0': CMAKE_PREFIX_PATH=/home/ming/ros2_ws/install/unitree_go2_description:/home/ming/ros2_ws/install/unitree_go2_sim:/home/ming/ros2_ws/install/lidar_processor_cpp:/home/ming/ros2_ws/install/go2_interfaces:/home/ming/ros2_ws/install/champ_base:/home/ming/ros2_ws/install/champ_msgs:/home/ming/ros2_ws/install/champ PYTHONPATH=/home/ming/ros2_ws/build/go2_unitree_bridge/prefix_override:/usr/lib/python3/dist-packages/colcon_core/task/python/colcon_distutils_commands:/home/ming/ros2_ws/install/go2_unitree_bridge/lib/python3.10/site-packages:${PYTHONPATH} /usr/bin/python3 -W ignore:setup.py install is deprecated -W ignore:easy_install command is deprecated setup.py egg_info --egg-base ../../build/go2_unitree_bridge build --build-base /home/ming/ros2_ws/build/go2_unitree_bridge/build install --record /home/ming/ros2_ws/build/go2_unitree_bridge/install.log --single-version-externally-managed install_data
