[0.058s] Invoking command in '/home/ming/ros2_ws/build/unitree_go2_description': CMAKE_PREFIX_PATH=${CMAKE_PREFIX_PATH}:/home/ming/ros2_ws/install/speech_processor:/home/ming/ros2_ws/install/lidar_processor:/home/ming/ros2_ws/install/go2_robot_sdk:/home/ming/ros2_ws/install/coco_detector:/opt/ros/humble /usr/bin/cmake /home/ming/ros2_ws/src/unitree_go2/unitree_go2_description -DAMENT_CMAKE_SYMLINK_INSTALL=1 -DCMAKE_INSTALL_PREFIX=/home/ming/ros2_ws/install/unitree_go2_description
[0.246s] -- The C compiler identification is GNU 11.4.0
[0.524s] -- The CXX compiler identification is GNU 11.4.0
[0.525s] -- Detecting C compiler ABI info
[0.754s] -- Detecting C compiler ABI info - done
[0.775s] -- Check for working C compiler: /usr/bin/cc - skipped
[0.776s] -- Detecting C compile features
[0.777s] -- Detecting C compile features - done
[0.784s] -- Detecting CXX compiler ABI info
[1.009s] -- Detecting CXX compiler ABI info - done
[1.058s] -- Check for working CXX compiler: /usr/bin/c++ - skipped
[1.059s] -- Detecting CXX compile features
[1.060s] -- Detecting CXX compile features - done
[1.084s] -- Found ament_cmake: 1.3.13 (/opt/ros/humble/share/ament_cmake/cmake)
[1.819s] -- Found Python3: /usr/bin/python3 (found version "3.10.12") found components: Interpreter 
[2.075s] -- Override CMake install command with custom implementation using symlinks instead of copying resources
[2.757s] -- Configuring done
[2.757s] -- Generating done
[2.757s] -- Build files have been written to: /home/ming/ros2_ws/build/unitree_go2_description
[2.819s] Invoked command in '/home/ming/ros2_ws/build/unitree_go2_description' returned '0': CMAKE_PREFIX_PATH=${CMAKE_PREFIX_PATH}:/home/ming/ros2_ws/install/speech_processor:/home/ming/ros2_ws/install/lidar_processor:/home/ming/ros2_ws/install/go2_robot_sdk:/home/ming/ros2_ws/install/coco_detector:/opt/ros/humble /usr/bin/cmake /home/ming/ros2_ws/src/unitree_go2/unitree_go2_description -DAMENT_CMAKE_SYMLINK_INSTALL=1 -DCMAKE_INSTALL_PREFIX=/home/ming/ros2_ws/install/unitree_go2_description
[2.821s] Invoking command in '/home/ming/ros2_ws/build/unitree_go2_description': CMAKE_PREFIX_PATH=${CMAKE_PREFIX_PATH}:/home/ming/ros2_ws/install/speech_processor:/home/ming/ros2_ws/install/lidar_processor:/home/ming/ros2_ws/install/go2_robot_sdk:/home/ming/ros2_ws/install/coco_detector:/opt/ros/humble /usr/bin/cmake --build /home/ming/ros2_ws/build/unitree_go2_description -- -j6 -l6
[3.429s] Invoked command in '/home/ming/ros2_ws/build/unitree_go2_description' returned '0': CMAKE_PREFIX_PATH=${CMAKE_PREFIX_PATH}:/home/ming/ros2_ws/install/speech_processor:/home/ming/ros2_ws/install/lidar_processor:/home/ming/ros2_ws/install/go2_robot_sdk:/home/ming/ros2_ws/install/coco_detector:/opt/ros/humble /usr/bin/cmake --build /home/ming/ros2_ws/build/unitree_go2_description -- -j6 -l6
[3.433s] Invoking command in '/home/ming/ros2_ws/build/unitree_go2_description': CMAKE_PREFIX_PATH=${CMAKE_PREFIX_PATH}:/home/ming/ros2_ws/install/speech_processor:/home/ming/ros2_ws/install/lidar_processor:/home/ming/ros2_ws/install/go2_robot_sdk:/home/ming/ros2_ws/install/coco_detector:/opt/ros/humble /usr/bin/cmake --install /home/ming/ros2_ws/build/unitree_go2_description
[3.459s] -- Install configuration: ""
[3.459s] -- Execute custom install script
[3.460s] -- Symlinking: /home/ming/ros2_ws/install/unitree_go2_description/share/unitree_go2_description/worlds/default.sdf
[3.470s] -- Symlinking: /home/ming/ros2_ws/install/unitree_go2_description/share/unitree_go2_description/meshes/L1_4D_Lidar.dae
[3.496s] -- Symlinking: /home/ming/ros2_ws/install/unitree_go2_description/share/unitree_go2_description/meshes/VLP16_base_1.dae
[3.521s] -- Symlinking: /home/ming/ros2_ws/install/unitree_go2_description/share/unitree_go2_description/meshes/VLP16_base_2.dae
[3.576s] -- Symlinking: /home/ming/ros2_ws/install/unitree_go2_description/share/unitree_go2_description/meshes/VLP16_scan.dae
[3.577s] -- Symlinking: /home/ming/ros2_ws/install/unitree_go2_description/share/unitree_go2_description/meshes/calf.dae
[3.596s] -- Symlinking: /home/ming/ros2_ws/install/unitree_go2_description/share/unitree_go2_description/meshes/calf_mirror.dae
[3.617s] -- Symlinking: /home/ming/ros2_ws/install/unitree_go2_description/share/unitree_go2_description/meshes/foot.dae
[3.644s] -- Symlinking: /home/ming/ros2_ws/install/unitree_go2_description/share/unitree_go2_description/meshes/hip.dae
[3.678s] -- Symlinking: /home/ming/ros2_ws/install/unitree_go2_description/share/unitree_go2_description/meshes/hokuyo.dae
[3.694s] -- Symlinking: /home/ming/ros2_ws/install/unitree_go2_description/share/unitree_go2_description/meshes/thigh.dae
[3.711s] -- Symlinking: /home/ming/ros2_ws/install/unitree_go2_description/share/unitree_go2_description/meshes/thigh_mirror.dae
[3.730s] -- Symlinking: /home/ming/ros2_ws/install/unitree_go2_description/share/unitree_go2_description/meshes/trunk.dae
[3.771s] -- Symlinking: /home/ming/ros2_ws/install/unitree_go2_description/share/unitree_go2_description/urdf/const.xacro
[3.799s] -- Symlinking: /home/ming/ros2_ws/install/unitree_go2_description/share/unitree_go2_description/urdf/leg.xacro
[3.818s] -- Symlinking: /home/ming/ros2_ws/install/unitree_go2_description/share/unitree_go2_description/urdf/lidar_4D_lidar.xacro
[3.853s] -- Symlinking: /home/ming/ros2_ws/install/unitree_go2_description/share/unitree_go2_description/urdf/materials.xacro
[3.880s] -- Symlinking: /home/ming/ros2_ws/install/unitree_go2_description/share/unitree_go2_description/urdf/realsense_d455.xacro
[3.926s] -- Symlinking: /home/ming/ros2_ws/install/unitree_go2_description/share/unitree_go2_description/urdf/unitree_go2_gazebo.xacro
[3.971s] -- Symlinking: /home/ming/ros2_ws/install/unitree_go2_description/share/unitree_go2_description/urdf/unitree_go2_robot.xacro
[4.044s] -- Symlinking: /home/ming/ros2_ws/install/unitree_go2_description/share/unitree_go2_description/urdf/velodyne.xacro
[4.133s] -- Symlinking: /home/ming/ros2_ws/install/unitree_go2_description/share/ament_index/resource_index/package_run_dependencies/unitree_go2_description
[4.133s] -- Symlinking: /home/ming/ros2_ws/install/unitree_go2_description/share/ament_index/resource_index/parent_prefix_path/unitree_go2_description
[4.143s] -- Symlinking: /home/ming/ros2_ws/install/unitree_go2_description/share/unitree_go2_description/environment/ament_prefix_path.sh
[4.207s] -- Symlinking: /home/ming/ros2_ws/install/unitree_go2_description/share/unitree_go2_description/environment/ament_prefix_path.dsv
[4.260s] -- Symlinking: /home/ming/ros2_ws/install/unitree_go2_description/share/unitree_go2_description/environment/path.sh
[4.309s] -- Symlinking: /home/ming/ros2_ws/install/unitree_go2_description/share/unitree_go2_description/environment/path.dsv
[4.341s] -- Symlinking: /home/ming/ros2_ws/install/unitree_go2_description/share/unitree_go2_description/local_setup.bash
[4.391s] -- Symlinking: /home/ming/ros2_ws/install/unitree_go2_description/share/unitree_go2_description/local_setup.sh
[4.449s] -- Symlinking: /home/ming/ros2_ws/install/unitree_go2_description/share/unitree_go2_description/local_setup.zsh
[4.497s] -- Symlinking: /home/ming/ros2_ws/install/unitree_go2_description/share/unitree_go2_description/local_setup.dsv
[4.513s] -- Symlinking: /home/ming/ros2_ws/install/unitree_go2_description/share/unitree_go2_description/package.dsv
[4.551s] -- Symlinking: /home/ming/ros2_ws/install/unitree_go2_description/share/ament_index/resource_index/packages/unitree_go2_description
[4.595s] -- Symlinking: /home/ming/ros2_ws/install/unitree_go2_description/share/unitree_go2_description/cmake/unitree_go2_descriptionConfig.cmake
[4.639s] -- Symlinking: /home/ming/ros2_ws/install/unitree_go2_description/share/unitree_go2_description/cmake/unitree_go2_descriptionConfig-version.cmake
[4.685s] -- Symlinking: /home/ming/ros2_ws/install/unitree_go2_description/share/unitree_go2_description/package.xml
[4.726s] Invoked command in '/home/ming/ros2_ws/build/unitree_go2_description' returned '0': CMAKE_PREFIX_PATH=${CMAKE_PREFIX_PATH}:/home/ming/ros2_ws/install/speech_processor:/home/ming/ros2_ws/install/lidar_processor:/home/ming/ros2_ws/install/go2_robot_sdk:/home/ming/ros2_ws/install/coco_detector:/opt/ros/humble /usr/bin/cmake --install /home/ming/ros2_ws/build/unitree_go2_description
