[0.025s] Invoking command in '/home/ming/ros2_ws/build/champ_base': CMAKE_PREFIX_PATH=/home/ming/ros2_ws/install/champ_msgs:/home/ming/ros2_ws/install/champ:/home/ming/ros2_ws/install/unitree_go2_sim:/home/ming/ros2_ws/install/unitree_go2_description:/home/ming/ros2_ws/install/lidar_processor_cpp:/home/ming/ros2_ws/install/go2_interfaces:/home/ming/ros2_ws/install/champ_base:/home/ming/ros2_ws/install/go2_navigation:/home/ming/ros2_ws/install/go2_unitree_bridge:/home/ming/ros2_ws/install/speech_processor:/home/ming/ros2_ws/install/lidar_processor:/home/ming/ros2_ws/install/go2_robot_sdk:/home/ming/ros2_ws/install/coco_detector:/home/ming/install/go2_navigation:/opt/ros/humble LD_LIBRARY_PATH=/home/ming/ros2_ws/install/champ_msgs/lib:/home/ming/ros2_ws/install/go2_interfaces/lib:/home/ming/ros2_ws/install/champ_base/lib:/opt/ros/humble/opt/rviz_ogre_vendor/lib:/opt/ros/humble/lib/aarch64-linux-gnu:/opt/ros/humble/lib /usr/bin/cmake --build /home/ming/ros2_ws/build/champ_base -- -j6 -l6
[0.113s] Consolidate compiler generated dependencies of target quadruped_controller
[0.130s] [ 33%] Built target message_relay
[0.130s] [ 33%] Built target state_estimation
[0.139s] [ 41%] Building CXX object CMakeFiles/quadruped_controller.dir/src/quadruped_controller.cpp.o
[0.178s] [ 75%] Built target state_estimation_node
[0.179s] [ 75%] Built target message_relay_node
[29.388s] [ 83%] Linking CXX shared library libquadruped_controller.so
[31.295s] [ 83%] Built target quadruped_controller
[31.355s] [ 91%] Linking CXX executable quadruped_controller_node
[32.245s] [100%] Built target quadruped_controller_node
[32.271s] Invoked command in '/home/ming/ros2_ws/build/champ_base' returned '0': CMAKE_PREFIX_PATH=/home/ming/ros2_ws/install/champ_msgs:/home/ming/ros2_ws/install/champ:/home/ming/ros2_ws/install/unitree_go2_sim:/home/ming/ros2_ws/install/unitree_go2_description:/home/ming/ros2_ws/install/lidar_processor_cpp:/home/ming/ros2_ws/install/go2_interfaces:/home/ming/ros2_ws/install/champ_base:/home/ming/ros2_ws/install/go2_navigation:/home/ming/ros2_ws/install/go2_unitree_bridge:/home/ming/ros2_ws/install/speech_processor:/home/ming/ros2_ws/install/lidar_processor:/home/ming/ros2_ws/install/go2_robot_sdk:/home/ming/ros2_ws/install/coco_detector:/home/ming/install/go2_navigation:/opt/ros/humble LD_LIBRARY_PATH=/home/ming/ros2_ws/install/champ_msgs/lib:/home/ming/ros2_ws/install/go2_interfaces/lib:/home/ming/ros2_ws/install/champ_base/lib:/opt/ros/humble/opt/rviz_ogre_vendor/lib:/opt/ros/humble/lib/aarch64-linux-gnu:/opt/ros/humble/lib /usr/bin/cmake --build /home/ming/ros2_ws/build/champ_base -- -j6 -l6
[32.293s] Invoking command in '/home/ming/ros2_ws/build/champ_base': CMAKE_PREFIX_PATH=/home/ming/ros2_ws/install/champ_msgs:/home/ming/ros2_ws/install/champ:/home/ming/ros2_ws/install/unitree_go2_sim:/home/ming/ros2_ws/install/unitree_go2_description:/home/ming/ros2_ws/install/lidar_processor_cpp:/home/ming/ros2_ws/install/go2_interfaces:/home/ming/ros2_ws/install/champ_base:/home/ming/ros2_ws/install/go2_navigation:/home/ming/ros2_ws/install/go2_unitree_bridge:/home/ming/ros2_ws/install/speech_processor:/home/ming/ros2_ws/install/lidar_processor:/home/ming/ros2_ws/install/go2_robot_sdk:/home/ming/ros2_ws/install/coco_detector:/home/ming/install/go2_navigation:/opt/ros/humble LD_LIBRARY_PATH=/home/ming/ros2_ws/install/champ_msgs/lib:/home/ming/ros2_ws/install/go2_interfaces/lib:/home/ming/ros2_ws/install/champ_base/lib:/opt/ros/humble/opt/rviz_ogre_vendor/lib:/opt/ros/humble/lib/aarch64-linux-gnu:/opt/ros/humble/lib /usr/bin/cmake --install /home/ming/ros2_ws/build/champ_base
[32.312s] -- Install configuration: ""
[32.312s] -- Up-to-date: /home/ming/ros2_ws/install/champ_base/share/champ_base/config
[32.312s] -- Up-to-date: /home/ming/ros2_ws/install/champ_base/share/champ_base/config/velocity_smoother
[32.313s] -- Up-to-date: /home/ming/ros2_ws/install/champ_base/share/champ_base/config/velocity_smoother/velocity_smoother.yaml
[32.313s] -- Up-to-date: /home/ming/ros2_ws/install/champ_base/share/champ_base/config/ekf
[32.313s] -- Up-to-date: /home/ming/ros2_ws/install/champ_base/share/champ_base/config/ekf/base_to_footprint.yaml
[32.313s] -- Up-to-date: /home/ming/ros2_ws/install/champ_base/share/champ_base/config/ekf/footprint_to_odom.yaml
[32.314s] -- Installing: /home/ming/ros2_ws/install/champ_base/lib/libquadruped_controller.so
[32.345s] -- Set runtime path of "/home/ming/ros2_ws/install/champ_base/lib/libquadruped_controller.so" to ""
[32.345s] -- Installing: /home/ming/ros2_ws/install/champ_base/bin/quadruped_controller_node
[32.346s] -- Set runtime path of "/home/ming/ros2_ws/install/champ_base/bin/quadruped_controller_node" to ""
[32.346s] -- Up-to-date: /home/ming/ros2_ws/install/champ_base/lib/libmessage_relay.so
[32.346s] -- Up-to-date: /home/ming/ros2_ws/install/champ_base/bin/message_relay_node
[32.347s] -- Up-to-date: /home/ming/ros2_ws/install/champ_base/lib/libstate_estimation.so
[32.347s] -- Up-to-date: /home/ming/ros2_ws/install/champ_base/bin/state_estimation_node
[32.347s] -- Installing: /home/ming/ros2_ws/install/champ_base/lib/champ_base/quadruped_controller_node
[32.348s] -- Set runtime path of "/home/ming/ros2_ws/install/champ_base/lib/champ_base/quadruped_controller_node" to ""
[32.349s] -- Up-to-date: /home/ming/ros2_ws/install/champ_base/lib/champ_base/message_relay_node
[32.349s] -- Up-to-date: /home/ming/ros2_ws/install/champ_base/lib/champ_base/state_estimation_node
[32.350s] -- Up-to-date: /home/ming/ros2_ws/install/champ_base/share/ament_index/resource_index/package_run_dependencies/champ_base
[32.350s] -- Up-to-date: /home/ming/ros2_ws/install/champ_base/share/ament_index/resource_index/parent_prefix_path/champ_base
[32.351s] -- Up-to-date: /home/ming/ros2_ws/install/champ_base/share/champ_base/environment/ament_prefix_path.sh
[32.351s] -- Up-to-date: /home/ming/ros2_ws/install/champ_base/share/champ_base/environment/ament_prefix_path.dsv
[32.351s] -- Up-to-date: /home/ming/ros2_ws/install/champ_base/share/champ_base/environment/path.sh
[32.351s] -- Up-to-date: /home/ming/ros2_ws/install/champ_base/share/champ_base/environment/path.dsv
[32.351s] -- Up-to-date: /home/ming/ros2_ws/install/champ_base/share/champ_base/local_setup.bash
[32.352s] -- Up-to-date: /home/ming/ros2_ws/install/champ_base/share/champ_base/local_setup.sh
[32.352s] -- Up-to-date: /home/ming/ros2_ws/install/champ_base/share/champ_base/local_setup.zsh
[32.352s] -- Up-to-date: /home/ming/ros2_ws/install/champ_base/share/champ_base/local_setup.dsv
[32.352s] -- Installing: /home/ming/ros2_ws/install/champ_base/share/champ_base/package.dsv
[32.353s] -- Up-to-date: /home/ming/ros2_ws/install/champ_base/share/ament_index/resource_index/packages/champ_base
[32.353s] -- Up-to-date: /home/ming/ros2_ws/install/champ_base/share/champ_base/cmake/ament_cmake_export_include_directories-extras.cmake
[32.354s] -- Up-to-date: /home/ming/ros2_ws/install/champ_base/share/champ_base/cmake/ament_cmake_export_dependencies-extras.cmake
[32.355s] -- Up-to-date: /home/ming/ros2_ws/install/champ_base/share/champ_base/cmake/champ_baseConfig.cmake
[32.355s] -- Up-to-date: /home/ming/ros2_ws/install/champ_base/share/champ_base/cmake/champ_baseConfig-version.cmake
[32.356s] -- Up-to-date: /home/ming/ros2_ws/install/champ_base/share/champ_base/package.xml
[32.357s] Invoked command in '/home/ming/ros2_ws/build/champ_base' returned '0': CMAKE_PREFIX_PATH=/home/ming/ros2_ws/install/champ_msgs:/home/ming/ros2_ws/install/champ:/home/ming/ros2_ws/install/unitree_go2_sim:/home/ming/ros2_ws/install/unitree_go2_description:/home/ming/ros2_ws/install/lidar_processor_cpp:/home/ming/ros2_ws/install/go2_interfaces:/home/ming/ros2_ws/install/champ_base:/home/ming/ros2_ws/install/go2_navigation:/home/ming/ros2_ws/install/go2_unitree_bridge:/home/ming/ros2_ws/install/speech_processor:/home/ming/ros2_ws/install/lidar_processor:/home/ming/ros2_ws/install/go2_robot_sdk:/home/ming/ros2_ws/install/coco_detector:/home/ming/install/go2_navigation:/opt/ros/humble LD_LIBRARY_PATH=/home/ming/ros2_ws/install/champ_msgs/lib:/home/ming/ros2_ws/install/go2_interfaces/lib:/home/ming/ros2_ws/install/champ_base/lib:/opt/ros/humble/opt/rviz_ogre_vendor/lib:/opt/ros/humble/lib/aarch64-linux-gnu:/opt/ros/humble/lib /usr/bin/cmake --install /home/ming/ros2_ws/build/champ_base
