[0.020s] Invoking command in '/home/ming/ros2_ws/build/champ_base': CMAKE_PREFIX_PATH=/home/ming/ros2_ws/install/champ_msgs:/home/ming/ros2_ws/install/champ:/home/ming/ros2_ws/install/unitree_go2_sim:/home/ming/ros2_ws/install/unitree_go2_description:/home/ming/ros2_ws/install/lidar_processor_cpp:/home/ming/ros2_ws/install/go2_interfaces:/home/ming/ros2_ws/install/champ_base:/home/ming/ros2_ws/install/speech_processor:/home/ming/ros2_ws/install/lidar_processor:/home/ming/ros2_ws/install/go2_robot_sdk:/home/ming/ros2_ws/install/go2_navigation:/home/ming/ros2_ws/install/coco_detector:/home/ming/install/go2_navigation:/opt/ros/humble LD_LIBRARY_PATH=/home/ming/ros2_ws/install/champ_msgs/lib:/home/ming/ros2_ws/install/go2_interfaces/lib:/home/ming/ros2_ws/install/champ_base/lib:/opt/ros/humble/opt/rviz_ogre_vendor/lib:/opt/ros/humble/lib/aarch64-linux-gnu:/opt/ros/humble/lib /usr/bin/cmake --build /home/ming/ros2_ws/build/champ_base -- -j6 -l6
[0.106s] Consolidate compiler generated dependencies of target quadruped_controller
[0.122s] [ 16%] Built target state_estimation
[0.123s] [ 33%] Built target message_relay
[0.163s] [ 50%] Built target quadruped_controller
[0.178s] [ 83%] Built target state_estimation_node
[0.179s] [ 83%] Built target message_relay_node
[0.191s] [100%] Built target quadruped_controller_node
[0.214s] Invoked command in '/home/ming/ros2_ws/build/champ_base' returned '0': CMAKE_PREFIX_PATH=/home/ming/ros2_ws/install/champ_msgs:/home/ming/ros2_ws/install/champ:/home/ming/ros2_ws/install/unitree_go2_sim:/home/ming/ros2_ws/install/unitree_go2_description:/home/ming/ros2_ws/install/lidar_processor_cpp:/home/ming/ros2_ws/install/go2_interfaces:/home/ming/ros2_ws/install/champ_base:/home/ming/ros2_ws/install/speech_processor:/home/ming/ros2_ws/install/lidar_processor:/home/ming/ros2_ws/install/go2_robot_sdk:/home/ming/ros2_ws/install/go2_navigation:/home/ming/ros2_ws/install/coco_detector:/home/ming/install/go2_navigation:/opt/ros/humble LD_LIBRARY_PATH=/home/ming/ros2_ws/install/champ_msgs/lib:/home/ming/ros2_ws/install/go2_interfaces/lib:/home/ming/ros2_ws/install/champ_base/lib:/opt/ros/humble/opt/rviz_ogre_vendor/lib:/opt/ros/humble/lib/aarch64-linux-gnu:/opt/ros/humble/lib /usr/bin/cmake --build /home/ming/ros2_ws/build/champ_base -- -j6 -l6
[0.217s] Invoking command in '/home/ming/ros2_ws/build/champ_base': CMAKE_PREFIX_PATH=/home/ming/ros2_ws/install/champ_msgs:/home/ming/ros2_ws/install/champ:/home/ming/ros2_ws/install/unitree_go2_sim:/home/ming/ros2_ws/install/unitree_go2_description:/home/ming/ros2_ws/install/lidar_processor_cpp:/home/ming/ros2_ws/install/go2_interfaces:/home/ming/ros2_ws/install/champ_base:/home/ming/ros2_ws/install/speech_processor:/home/ming/ros2_ws/install/lidar_processor:/home/ming/ros2_ws/install/go2_robot_sdk:/home/ming/ros2_ws/install/go2_navigation:/home/ming/ros2_ws/install/coco_detector:/home/ming/install/go2_navigation:/opt/ros/humble LD_LIBRARY_PATH=/home/ming/ros2_ws/install/champ_msgs/lib:/home/ming/ros2_ws/install/go2_interfaces/lib:/home/ming/ros2_ws/install/champ_base/lib:/opt/ros/humble/opt/rviz_ogre_vendor/lib:/opt/ros/humble/lib/aarch64-linux-gnu:/opt/ros/humble/lib /usr/bin/cmake --install /home/ming/ros2_ws/build/champ_base
[0.236s] -- Install configuration: ""
[0.236s] -- Up-to-date: /home/ming/ros2_ws/install/champ_base/share/champ_base/config
[0.236s] -- Up-to-date: /home/ming/ros2_ws/install/champ_base/share/champ_base/config/velocity_smoother
[0.236s] -- Up-to-date: /home/ming/ros2_ws/install/champ_base/share/champ_base/config/velocity_smoother/velocity_smoother.yaml
[0.236s] -- Up-to-date: /home/ming/ros2_ws/install/champ_base/share/champ_base/config/ekf
[0.236s] -- Up-to-date: /home/ming/ros2_ws/install/champ_base/share/champ_base/config/ekf/base_to_footprint.yaml
[0.237s] -- Up-to-date: /home/ming/ros2_ws/install/champ_base/share/champ_base/config/ekf/footprint_to_odom.yaml
[0.237s] -- Up-to-date: /home/ming/ros2_ws/install/champ_base/lib/libquadruped_controller.so
[0.237s] -- Up-to-date: /home/ming/ros2_ws/install/champ_base/bin/quadruped_controller_node
[0.237s] -- Up-to-date: /home/ming/ros2_ws/install/champ_base/lib/libmessage_relay.so
[0.237s] -- Up-to-date: /home/ming/ros2_ws/install/champ_base/bin/message_relay_node
[0.238s] -- Up-to-date: /home/ming/ros2_ws/install/champ_base/lib/libstate_estimation.so
[0.238s] -- Up-to-date: /home/ming/ros2_ws/install/champ_base/bin/state_estimation_node
[0.239s] -- Up-to-date: /home/ming/ros2_ws/install/champ_base/lib/champ_base/quadruped_controller_node
[0.239s] -- Up-to-date: /home/ming/ros2_ws/install/champ_base/lib/champ_base/message_relay_node
[0.240s] -- Up-to-date: /home/ming/ros2_ws/install/champ_base/lib/champ_base/state_estimation_node
[0.241s] -- Up-to-date: /home/ming/ros2_ws/install/champ_base/share/ament_index/resource_index/package_run_dependencies/champ_base
[0.241s] -- Up-to-date: /home/ming/ros2_ws/install/champ_base/share/ament_index/resource_index/parent_prefix_path/champ_base
[0.241s] -- Up-to-date: /home/ming/ros2_ws/install/champ_base/share/champ_base/environment/ament_prefix_path.sh
[0.241s] -- Up-to-date: /home/ming/ros2_ws/install/champ_base/share/champ_base/environment/ament_prefix_path.dsv
[0.242s] -- Up-to-date: /home/ming/ros2_ws/install/champ_base/share/champ_base/environment/path.sh
[0.242s] -- Up-to-date: /home/ming/ros2_ws/install/champ_base/share/champ_base/environment/path.dsv
[0.242s] -- Up-to-date: /home/ming/ros2_ws/install/champ_base/share/champ_base/local_setup.bash
[0.242s] -- Up-to-date: /home/ming/ros2_ws/install/champ_base/share/champ_base/local_setup.sh
[0.243s] -- Up-to-date: /home/ming/ros2_ws/install/champ_base/share/champ_base/local_setup.zsh
[0.243s] -- Up-to-date: /home/ming/ros2_ws/install/champ_base/share/champ_base/local_setup.dsv
[0.243s] -- Installing: /home/ming/ros2_ws/install/champ_base/share/champ_base/package.dsv
[0.243s] -- Up-to-date: /home/ming/ros2_ws/install/champ_base/share/ament_index/resource_index/packages/champ_base
[0.243s] -- Up-to-date: /home/ming/ros2_ws/install/champ_base/share/champ_base/cmake/ament_cmake_export_include_directories-extras.cmake
[0.243s] -- Up-to-date: /home/ming/ros2_ws/install/champ_base/share/champ_base/cmake/ament_cmake_export_dependencies-extras.cmake
[0.243s] -- Up-to-date: /home/ming/ros2_ws/install/champ_base/share/champ_base/cmake/champ_baseConfig.cmake
[0.243s] -- Up-to-date: /home/ming/ros2_ws/install/champ_base/share/champ_base/cmake/champ_baseConfig-version.cmake
[0.243s] -- Up-to-date: /home/ming/ros2_ws/install/champ_base/share/champ_base/package.xml
[0.246s] Invoked command in '/home/ming/ros2_ws/build/champ_base' returned '0': CMAKE_PREFIX_PATH=/home/ming/ros2_ws/install/champ_msgs:/home/ming/ros2_ws/install/champ:/home/ming/ros2_ws/install/unitree_go2_sim:/home/ming/ros2_ws/install/unitree_go2_description:/home/ming/ros2_ws/install/lidar_processor_cpp:/home/ming/ros2_ws/install/go2_interfaces:/home/ming/ros2_ws/install/champ_base:/home/ming/ros2_ws/install/speech_processor:/home/ming/ros2_ws/install/lidar_processor:/home/ming/ros2_ws/install/go2_robot_sdk:/home/ming/ros2_ws/install/go2_navigation:/home/ming/ros2_ws/install/coco_detector:/home/ming/install/go2_navigation:/opt/ros/humble LD_LIBRARY_PATH=/home/ming/ros2_ws/install/champ_msgs/lib:/home/ming/ros2_ws/install/go2_interfaces/lib:/home/ming/ros2_ws/install/champ_base/lib:/opt/ros/humble/opt/rviz_ogre_vendor/lib:/opt/ros/humble/lib/aarch64-linux-gnu:/opt/ros/humble/lib /usr/bin/cmake --install /home/ming/ros2_ws/build/champ_base
