[0.021s] Invoking command in '/home/ming/ros2_ws/build/champ_base': AMENT_PREFIX_PATH=/home/ming/ros2_ws/install/champ_msgs:/home/ming/ros2_ws/install/champ:${AMENT_PREFIX_PATH} CMAKE_PREFIX_PATH=/home/ming/ros2_ws/install/champ_msgs:/home/ming/ros2_ws/install/champ:/home/ming/ros2_ws/install/lidar_processor_cpp:/home/ming/ros2_ws/install/go2_interfaces:/home/ming/ros2_ws/install/speech_processor:/home/ming/ros2_ws/install/lidar_processor:/home/ming/ros2_ws/install/go2_robot_sdk:/home/ming/ros2_ws/install/coco_detector:/opt/ros/humble LD_LIBRARY_PATH=/home/ming/ros2_ws/install/champ_msgs/lib:${LD_LIBRARY_PATH} PYTHONPATH=/home/ming/ros2_ws/install/champ_msgs/local/lib/python3.10/dist-packages:${PYTHONPATH} /usr/bin/cmake /home/ming/ros2_ws/src/unitree_go2/champ_base -DAMENT_CMAKE_SYMLINK_INSTALL=1 -DCMAKE_INSTALL_PREFIX=/home/ming/ros2_ws/install/champ_base
[0.125s] -- The C compiler identification is GNU 11.4.0
[0.230s] -- The CXX compiler identification is GNU 11.4.0
[0.252s] -- Detecting C compiler ABI info
[0.394s] -- Detecting C compiler ABI info - done
[0.417s] -- Check for working C compiler: /usr/bin/cc - skipped
[0.418s] -- Detecting C compile features
[0.419s] -- Detecting C compile features - done
[0.430s] -- Detecting CXX compiler ABI info
[0.585s] -- Detecting CXX compiler ABI info - done
[0.611s] -- Check for working CXX compiler: /usr/bin/c++ - skipped
[0.612s] -- Detecting CXX compile features
[0.614s] -- Detecting CXX compile features - done
[0.619s] -- Found ament_cmake: 1.3.13 (/opt/ros/humble/share/ament_cmake/cmake)
[1.072s] -- Found Python3: /usr/bin/python3 (found version "3.10.12") found components: Interpreter 
[1.227s] -- Override CMake install command with custom implementation using symlinks instead of copying resources
[1.316s] -- Found rclcpp: 16.0.18 (/opt/ros/humble/share/rclcpp/cmake)
[1.397s] -- Found rosidl_generator_c: 3.1.8 (/opt/ros/humble/share/rosidl_generator_c/cmake)
[1.407s] -- Found rosidl_adapter: 3.1.8 (/opt/ros/humble/share/rosidl_adapter/cmake)
[1.423s] -- Found rosidl_generator_cpp: 3.1.8 (/opt/ros/humble/share/rosidl_generator_cpp/cmake)
[1.444s] -- Using all available rosidl_typesupport_c: rosidl_typesupport_fastrtps_c;rosidl_typesupport_introspection_c
[1.475s] -- Using all available rosidl_typesupport_cpp: rosidl_typesupport_fastrtps_cpp;rosidl_typesupport_introspection_cpp
[1.557s] -- Found rmw_implementation_cmake: 6.1.2 (/opt/ros/humble/share/rmw_implementation_cmake/cmake)
[1.562s] -- Found rmw_cyclonedds_cpp: 1.3.4 (/opt/ros/humble/share/rmw_cyclonedds_cpp/cmake)
[1.604s] -- Using RMW implementation 'rmw_cyclonedds_cpp' as default
[1.621s] -- Looking for pthread.h
[1.758s] -- Looking for pthread.h - found
[1.758s] -- Performing Test CMAKE_HAVE_LIBC_PTHREAD
[1.902s] -- Performing Test CMAKE_HAVE_LIBC_PTHREAD - Success
[1.904s] -- Found Threads: TRUE  
[2.034s] -- Found rclpy: 3.3.20 (/opt/ros/humble/share/rclpy/cmake)
[2.034s] -- Found champ_msgs: 0.1.0 (/home/ming/ros2_ws/install/champ_msgs/share/champ_msgs/cmake)
[2.090s] -- Found visualization_msgs: 4.9.1 (/opt/ros/humble/share/visualization_msgs/cmake)
[2.159s] -- Found trajectory_msgs: 4.9.1 (/opt/ros/humble/share/trajectory_msgs/cmake)
[2.191s] -- Found nav_msgs: 4.9.1 (/opt/ros/humble/share/nav_msgs/cmake)
[2.222s] -- Found tf2_ros: 0.25.19 (/opt/ros/humble/share/tf2_ros/cmake)
[2.411s] -- Found urdf: 2.6.1 (/opt/ros/humble/share/urdf/cmake)
[2.463s] -- Found champ: 0.1.0 (/home/ming/ros2_ws/install/champ/share/champ/cmake)
[2.668s] -- Configuring done
[2.754s] -- Generating done
[2.782s] -- Build files have been written to: /home/ming/ros2_ws/build/champ_base
[2.810s] Invoked command in '/home/ming/ros2_ws/build/champ_base' returned '0': AMENT_PREFIX_PATH=/home/ming/ros2_ws/install/champ_msgs:/home/ming/ros2_ws/install/champ:${AMENT_PREFIX_PATH} CMAKE_PREFIX_PATH=/home/ming/ros2_ws/install/champ_msgs:/home/ming/ros2_ws/install/champ:/home/ming/ros2_ws/install/lidar_processor_cpp:/home/ming/ros2_ws/install/go2_interfaces:/home/ming/ros2_ws/install/speech_processor:/home/ming/ros2_ws/install/lidar_processor:/home/ming/ros2_ws/install/go2_robot_sdk:/home/ming/ros2_ws/install/coco_detector:/opt/ros/humble LD_LIBRARY_PATH=/home/ming/ros2_ws/install/champ_msgs/lib:${LD_LIBRARY_PATH} PYTHONPATH=/home/ming/ros2_ws/install/champ_msgs/local/lib/python3.10/dist-packages:${PYTHONPATH} /usr/bin/cmake /home/ming/ros2_ws/src/unitree_go2/champ_base -DAMENT_CMAKE_SYMLINK_INSTALL=1 -DCMAKE_INSTALL_PREFIX=/home/ming/ros2_ws/install/champ_base
[2.812s] Invoking command in '/home/ming/ros2_ws/build/champ_base': AMENT_PREFIX_PATH=/home/ming/ros2_ws/install/champ_msgs:/home/ming/ros2_ws/install/champ:${AMENT_PREFIX_PATH} CMAKE_PREFIX_PATH=/home/ming/ros2_ws/install/champ_msgs:/home/ming/ros2_ws/install/champ:/home/ming/ros2_ws/install/lidar_processor_cpp:/home/ming/ros2_ws/install/go2_interfaces:/home/ming/ros2_ws/install/speech_processor:/home/ming/ros2_ws/install/lidar_processor:/home/ming/ros2_ws/install/go2_robot_sdk:/home/ming/ros2_ws/install/coco_detector:/opt/ros/humble LD_LIBRARY_PATH=/home/ming/ros2_ws/install/champ_msgs/lib:${LD_LIBRARY_PATH} PYTHONPATH=/home/ming/ros2_ws/install/champ_msgs/local/lib/python3.10/dist-packages:${PYTHONPATH} /usr/bin/cmake --build /home/ming/ros2_ws/build/champ_base -- -j6 -l6
[2.915s] [ 16%] Building CXX object CMakeFiles/quadruped_controller.dir/src/quadruped_controller.cpp.o
[2.915s] [ 16%] Building CXX object CMakeFiles/message_relay.dir/src/message_relay.cpp.o
[2.916s] [ 25%] Building CXX object CMakeFiles/state_estimation.dir/src/state_estimation.cpp.o
[29.801s] [ 33%] Linking CXX shared library libquadruped_controller.so
[31.483s] [ 33%] Built target quadruped_controller
[31.529s] [ 41%] Building CXX object CMakeFiles/quadruped_controller_node.dir/src/quadruped_controller_node.cpp.o
[38.302s] [ 50%] Linking CXX shared library libmessage_relay.so
[38.650s] [ 58%] Linking CXX executable quadruped_controller_node
[39.703s] [ 58%] Built target quadruped_controller_node
[41.095s] [ 58%] Built target message_relay
[41.143s] [ 66%] Building CXX object CMakeFiles/message_relay_node.dir/src/message_relay_node.cpp.o
[43.665s] [ 75%] Linking CXX shared library libstate_estimation.so
[46.339s] [ 75%] Built target state_estimation
[46.381s] [ 83%] Building CXX object CMakeFiles/state_estimation_node.dir/src/state_estimation_node.cpp.o
[49.103s] [ 91%] Linking CXX executable message_relay_node
[50.214s] [ 91%] Built target message_relay_node
[60.146s] [100%] Linking CXX executable state_estimation_node
[61.365s] [100%] Built target state_estimation_node
[61.388s] Invoked command in '/home/ming/ros2_ws/build/champ_base' returned '0': AMENT_PREFIX_PATH=/home/ming/ros2_ws/install/champ_msgs:/home/ming/ros2_ws/install/champ:${AMENT_PREFIX_PATH} CMAKE_PREFIX_PATH=/home/ming/ros2_ws/install/champ_msgs:/home/ming/ros2_ws/install/champ:/home/ming/ros2_ws/install/lidar_processor_cpp:/home/ming/ros2_ws/install/go2_interfaces:/home/ming/ros2_ws/install/speech_processor:/home/ming/ros2_ws/install/lidar_processor:/home/ming/ros2_ws/install/go2_robot_sdk:/home/ming/ros2_ws/install/coco_detector:/opt/ros/humble LD_LIBRARY_PATH=/home/ming/ros2_ws/install/champ_msgs/lib:${LD_LIBRARY_PATH} PYTHONPATH=/home/ming/ros2_ws/install/champ_msgs/local/lib/python3.10/dist-packages:${PYTHONPATH} /usr/bin/cmake --build /home/ming/ros2_ws/build/champ_base -- -j6 -l6
[61.392s] Invoking command in '/home/ming/ros2_ws/build/champ_base': AMENT_PREFIX_PATH=/home/ming/ros2_ws/install/champ_msgs:/home/ming/ros2_ws/install/champ:${AMENT_PREFIX_PATH} CMAKE_PREFIX_PATH=/home/ming/ros2_ws/install/champ_msgs:/home/ming/ros2_ws/install/champ:/home/ming/ros2_ws/install/lidar_processor_cpp:/home/ming/ros2_ws/install/go2_interfaces:/home/ming/ros2_ws/install/speech_processor:/home/ming/ros2_ws/install/lidar_processor:/home/ming/ros2_ws/install/go2_robot_sdk:/home/ming/ros2_ws/install/coco_detector:/opt/ros/humble LD_LIBRARY_PATH=/home/ming/ros2_ws/install/champ_msgs/lib:${LD_LIBRARY_PATH} PYTHONPATH=/home/ming/ros2_ws/install/champ_msgs/local/lib/python3.10/dist-packages:${PYTHONPATH} /usr/bin/cmake --install /home/ming/ros2_ws/build/champ_base
[61.407s] -- Install configuration: ""
[61.408s] -- Execute custom install script
[61.409s] -- Symlinking: /home/ming/ros2_ws/install/champ_base/share/champ_base/config/ekf/base_to_footprint.yaml
[61.425s] -- Symlinking: /home/ming/ros2_ws/install/champ_base/share/champ_base/config/ekf/footprint_to_odom.yaml
[61.442s] -- Symlinking: /home/ming/ros2_ws/install/champ_base/share/champ_base/config/velocity_smoother/velocity_smoother.yaml
[61.459s] -- Symlinking: /home/ming/ros2_ws/install/champ_base/lib/libquadruped_controller.so
[61.479s] -- Symlinking: /home/ming/ros2_ws/install/champ_base/bin/quadruped_controller_node
[61.497s] -- Symlinking: /home/ming/ros2_ws/install/champ_base/lib/libmessage_relay.so
[61.513s] -- Symlinking: /home/ming/ros2_ws/install/champ_base/bin/message_relay_node
[61.529s] -- Symlinking: /home/ming/ros2_ws/install/champ_base/lib/libstate_estimation.so
[61.549s] -- Symlinking: /home/ming/ros2_ws/install/champ_base/bin/state_estimation_node
[61.567s] -- Symlinking: /home/ming/ros2_ws/install/champ_base/lib/champ_base/quadruped_controller_node
[61.587s] -- Symlinking: /home/ming/ros2_ws/install/champ_base/lib/champ_base/message_relay_node
[61.604s] -- Symlinking: /home/ming/ros2_ws/install/champ_base/lib/champ_base/state_estimation_node
[61.624s] -- Symlinking: /home/ming/ros2_ws/install/champ_base/share/ament_index/resource_index/package_run_dependencies/champ_base
[61.642s] -- Symlinking: /home/ming/ros2_ws/install/champ_base/share/ament_index/resource_index/parent_prefix_path/champ_base
[61.662s] -- Symlinking: /home/ming/ros2_ws/install/champ_base/share/champ_base/environment/ament_prefix_path.sh
[61.680s] -- Symlinking: /home/ming/ros2_ws/install/champ_base/share/champ_base/environment/ament_prefix_path.dsv
[61.700s] -- Symlinking: /home/ming/ros2_ws/install/champ_base/share/champ_base/environment/path.sh
[61.718s] -- Symlinking: /home/ming/ros2_ws/install/champ_base/share/champ_base/environment/path.dsv
[61.738s] -- Symlinking: /home/ming/ros2_ws/install/champ_base/share/champ_base/local_setup.bash
[61.757s] -- Symlinking: /home/ming/ros2_ws/install/champ_base/share/champ_base/local_setup.sh
[61.775s] -- Symlinking: /home/ming/ros2_ws/install/champ_base/share/champ_base/local_setup.zsh
[61.793s] -- Symlinking: /home/ming/ros2_ws/install/champ_base/share/champ_base/local_setup.dsv
[61.812s] -- Symlinking: /home/ming/ros2_ws/install/champ_base/share/champ_base/package.dsv
[61.833s] -- Symlinking: /home/ming/ros2_ws/install/champ_base/share/ament_index/resource_index/packages/champ_base
[61.855s] -- Symlinking: /home/ming/ros2_ws/install/champ_base/share/champ_base/cmake/ament_cmake_export_include_directories-extras.cmake
[61.874s] -- Symlinking: /home/ming/ros2_ws/install/champ_base/share/champ_base/cmake/ament_cmake_export_dependencies-extras.cmake
[61.891s] -- Symlinking: /home/ming/ros2_ws/install/champ_base/share/champ_base/cmake/champ_baseConfig.cmake
[61.908s] -- Symlinking: /home/ming/ros2_ws/install/champ_base/share/champ_base/cmake/champ_baseConfig-version.cmake
[61.928s] -- Symlinking: /home/ming/ros2_ws/install/champ_base/share/champ_base/package.xml
[61.952s] Invoked command in '/home/ming/ros2_ws/build/champ_base' returned '0': AMENT_PREFIX_PATH=/home/ming/ros2_ws/install/champ_msgs:/home/ming/ros2_ws/install/champ:${AMENT_PREFIX_PATH} CMAKE_PREFIX_PATH=/home/ming/ros2_ws/install/champ_msgs:/home/ming/ros2_ws/install/champ:/home/ming/ros2_ws/install/lidar_processor_cpp:/home/ming/ros2_ws/install/go2_interfaces:/home/ming/ros2_ws/install/speech_processor:/home/ming/ros2_ws/install/lidar_processor:/home/ming/ros2_ws/install/go2_robot_sdk:/home/ming/ros2_ws/install/coco_detector:/opt/ros/humble LD_LIBRARY_PATH=/home/ming/ros2_ws/install/champ_msgs/lib:${LD_LIBRARY_PATH} PYTHONPATH=/home/ming/ros2_ws/install/champ_msgs/local/lib/python3.10/dist-packages:${PYTHONPATH} /usr/bin/cmake --install /home/ming/ros2_ws/build/champ_base
