[2.242s] Invoking command in '/home/ming/ros2_ws/build/lidar_processor': PYTHONPATH=/home/ming/ros2_ws/build/lidar_processor/prefix_override:/usr/lib/python3/dist-packages/colcon_core/task/python/colcon_distutils_commands:/home/ming/ros2_ws/install/lidar_processor/lib/python3.10/site-packages:${PYTHONPATH} /usr/bin/python3 -W ignore:setup.py install is deprecated -W ignore:easy_install command is deprecated setup.py develop --editable --build-directory /home/ming/ros2_ws/build/lidar_processor/build --no-deps symlink_data
[2.903s] running develop
[3.323s] running egg_info
[3.324s] creating lidar_processor.egg-info
[3.324s] writing lidar_processor.egg-info/PKG-INFO
[3.325s] writing dependency_links to lidar_processor.egg-info/dependency_links.txt
[3.325s] writing entry points to lidar_processor.egg-info/entry_points.txt
[3.325s] writing requirements to lidar_processor.egg-info/requires.txt
[3.325s] writing top-level names to lidar_processor.egg-info/top_level.txt
[3.325s] writing manifest file 'lidar_processor.egg-info/SOURCES.txt'
[3.329s] reading manifest file 'lidar_processor.egg-info/SOURCES.txt'
[3.331s] writing manifest file 'lidar_processor.egg-info/SOURCES.txt'
[3.335s] running build_ext
[3.335s] Creating /home/ming/ros2_ws/install/lidar_processor/lib/python3.10/site-packages/lidar-processor.egg-link (link to .)
[3.337s] Installing lidar_to_pointcloud script to /home/ming/ros2_ws/install/lidar_processor/lib/lidar_processor
[3.338s] Installing pointcloud_aggregator script to /home/ming/ros2_ws/install/lidar_processor/lib/lidar_processor
[3.338s] 
[3.338s] Installed /home/ming/ros2_ws/build/lidar_processor
[3.338s] running symlink_data
[3.339s] creating /home/ming/ros2_ws/install/lidar_processor/share/ament_index
[3.339s] creating /home/ming/ros2_ws/install/lidar_processor/share/ament_index/resource_index
[3.339s] creating /home/ming/ros2_ws/install/lidar_processor/share/ament_index/resource_index/packages
[3.339s] symbolically linking /home/ming/ros2_ws/build/lidar_processor/resource/lidar_processor -> /home/ming/ros2_ws/install/lidar_processor/share/ament_index/resource_index/packages
[3.339s] symbolically linking /home/ming/ros2_ws/build/lidar_processor/package.xml -> /home/ming/ros2_ws/install/lidar_processor/share/lidar_processor
[3.469s] Invoked command in '/home/ming/ros2_ws/build/lidar_processor' returned '0': PYTHONPATH=/home/ming/ros2_ws/build/lidar_processor/prefix_override:/usr/lib/python3/dist-packages/colcon_core/task/python/colcon_distutils_commands:/home/ming/ros2_ws/install/lidar_processor/lib/python3.10/site-packages:${PYTHONPATH} /usr/bin/python3 -W ignore:setup.py install is deprecated -W ignore:easy_install command is deprecated setup.py develop --editable --build-directory /home/ming/ros2_ws/build/lidar_processor/build --no-deps symlink_data
