[0.224s] DEBUG:colcon:Command line arguments: ['/usr/bin/colcon', 'build', '--packages-select', 'go2_navigation']
[0.224s] DEBUG:colcon:Parsed command line arguments: Namespace(log_base=None, log_level=None, verb_name='build', build_base='build', install_base='install', merge_install=False, symlink_install=False, test_result_base=None, continue_on_error=False, executor='parallel', parallel_workers=6, event_handlers=None, ignore_user_meta=False, metas=['./colcon.meta'], base_paths=['.'], packages_ignore=None, packages_ignore_regex=None, paths=None, packages_up_to=None, packages_up_to_regex=None, packages_above=None, packages_above_and_dependencies=None, packages_above_depth=None, packages_select_by_dep=None, packages_skip_by_dep=None, packages_skip_up_to=None, packages_select_build_failed=False, packages_skip_build_finished=False, packages_select_test_failures=False, packages_skip_test_passed=False, packages_select=['go2_navigation'], packages_skip=None, packages_select_regex=None, packages_skip_regex=None, packages_start=None, packages_end=None, allow_overriding=[], cmake_args=None, cmake_target=None, cmake_target_skip_unavailable=False, cmake_clean_cache=False, cmake_clean_first=False, cmake_force_configure=False, ament_cmake_args=None, catkin_cmake_args=None, catkin_skip_building_tests=False, verb_parser=<colcon_defaults.argument_parser.defaults.DefaultArgumentsDecorator object at 0xffff8f73d390>, verb_extension=<colcon_core.verb.build.BuildVerb object at 0xffff8f73ce50>, main=<bound method BuildVerb.main of <colcon_core.verb.build.BuildVerb object at 0xffff8f73ce50>>)
[0.551s] Level 1:colcon.colcon_core.package_discovery:discover_packages(colcon_meta) check parameters
[0.551s] Level 1:colcon.colcon_core.package_discovery:discover_packages(recursive) check parameters
[0.552s] Level 1:colcon.colcon_core.package_discovery:discover_packages(ignore) check parameters
[0.552s] Level 1:colcon.colcon_core.package_discovery:discover_packages(path) check parameters
[0.552s] Level 1:colcon.colcon_core.package_discovery:discover_packages(colcon_meta) discover
[0.552s] Level 1:colcon.colcon_core.package_discovery:discover_packages(recursive) discover
[0.552s] INFO:colcon.colcon_core.package_discovery:Crawling recursively for packages in '/home/ming/ros2_ws'
[0.552s] Level 1:colcon.colcon_core.package_identification:_identify(.) by extensions ['ignore', 'ignore_ament_install']
[0.552s] Level 1:colcon.colcon_core.package_identification:_identify(.) by extension 'ignore'
[0.553s] Level 1:colcon.colcon_core.package_identification:_identify(.) by extension 'ignore_ament_install'
[0.553s] Level 1:colcon.colcon_core.package_identification:_identify(.) by extensions ['colcon_pkg']
[0.553s] Level 1:colcon.colcon_core.package_identification:_identify(.) by extension 'colcon_pkg'
[0.553s] Level 1:colcon.colcon_core.package_identification:_identify(.) by extensions ['colcon_meta']
[0.553s] Level 1:colcon.colcon_core.package_identification:_identify(.) by extension 'colcon_meta'
[0.553s] Level 1:colcon.colcon_core.package_identification:_identify(.) by extensions ['ros']
[0.553s] Level 1:colcon.colcon_core.package_identification:_identify(.) by extension 'ros'
[0.576s] Level 1:colcon.colcon_core.package_identification:_identify(.) by extensions ['cmake', 'python']
[0.576s] Level 1:colcon.colcon_core.package_identification:_identify(.) by extension 'cmake'
[0.576s] Level 1:colcon.colcon_core.package_identification:_identify(.) by extension 'python'
[0.576s] Level 1:colcon.colcon_core.package_identification:_identify(.) by extensions ['python_setup_py']
[0.576s] Level 1:colcon.colcon_core.package_identification:_identify(.) by extension 'python_setup_py'
[0.577s] Level 1:colcon.colcon_core.package_identification:_identify(build) by extensions ['ignore', 'ignore_ament_install']
[0.577s] Level 1:colcon.colcon_core.package_identification:_identify(build) by extension 'ignore'
[0.577s] Level 1:colcon.colcon_core.package_identification:_identify(build) ignored
[0.577s] Level 1:colcon.colcon_core.package_identification:_identify(install) by extensions ['ignore', 'ignore_ament_install']
[0.578s] Level 1:colcon.colcon_core.package_identification:_identify(install) by extension 'ignore'
[0.578s] Level 1:colcon.colcon_core.package_identification:_identify(install) ignored
[0.578s] Level 1:colcon.colcon_core.package_identification:_identify(log) by extensions ['ignore', 'ignore_ament_install']
[0.578s] Level 1:colcon.colcon_core.package_identification:_identify(log) by extension 'ignore'
[0.578s] Level 1:colcon.colcon_core.package_identification:_identify(log) ignored
[0.578s] Level 1:colcon.colcon_core.package_identification:_identify(src) by extensions ['ignore', 'ignore_ament_install']
[0.578s] Level 1:colcon.colcon_core.package_identification:_identify(src) by extension 'ignore'
[0.579s] Level 1:colcon.colcon_core.package_identification:_identify(src) by extension 'ignore_ament_install'
[0.579s] Level 1:colcon.colcon_core.package_identification:_identify(src) by extensions ['colcon_pkg']
[0.579s] Level 1:colcon.colcon_core.package_identification:_identify(src) by extension 'colcon_pkg'
[0.579s] Level 1:colcon.colcon_core.package_identification:_identify(src) by extensions ['colcon_meta']
[0.579s] Level 1:colcon.colcon_core.package_identification:_identify(src) by extension 'colcon_meta'
[0.579s] Level 1:colcon.colcon_core.package_identification:_identify(src) by extensions ['ros']
[0.579s] Level 1:colcon.colcon_core.package_identification:_identify(src) by extension 'ros'
[0.579s] Level 1:colcon.colcon_core.package_identification:_identify(src) by extensions ['cmake', 'python']
[0.579s] Level 1:colcon.colcon_core.package_identification:_identify(src) by extension 'cmake'
[0.579s] Level 1:colcon.colcon_core.package_identification:_identify(src) by extension 'python'
[0.579s] Level 1:colcon.colcon_core.package_identification:_identify(src) by extensions ['python_setup_py']
[0.579s] Level 1:colcon.colcon_core.package_identification:_identify(src) by extension 'python_setup_py'
[0.580s] Level 1:colcon.colcon_core.package_identification:_identify(src/build) by extensions ['ignore', 'ignore_ament_install']
[0.580s] Level 1:colcon.colcon_core.package_identification:_identify(src/build) by extension 'ignore'
[0.580s] Level 1:colcon.colcon_core.package_identification:_identify(src/build) ignored
[0.580s] Level 1:colcon.colcon_core.package_identification:_identify(src/coco_detector) by extensions ['ignore', 'ignore_ament_install']
[0.580s] Level 1:colcon.colcon_core.package_identification:_identify(src/coco_detector) by extension 'ignore'
[0.580s] Level 1:colcon.colcon_core.package_identification:_identify(src/coco_detector) by extension 'ignore_ament_install'
[0.580s] Level 1:colcon.colcon_core.package_identification:_identify(src/coco_detector) by extensions ['colcon_pkg']
[0.580s] Level 1:colcon.colcon_core.package_identification:_identify(src/coco_detector) by extension 'colcon_pkg'
[0.581s] Level 1:colcon.colcon_core.package_identification:_identify(src/coco_detector) by extensions ['colcon_meta']
[0.581s] Level 1:colcon.colcon_core.package_identification:_identify(src/coco_detector) by extension 'colcon_meta'
[0.581s] Level 1:colcon.colcon_core.package_identification:_identify(src/coco_detector) by extensions ['ros']
[0.581s] Level 1:colcon.colcon_core.package_identification:_identify(src/coco_detector) by extension 'ros'
[0.585s] DEBUG:colcon.colcon_core.package_identification:Package 'src/coco_detector' with type 'ros.ament_python' and name 'coco_detector'
[0.586s] Level 1:colcon.colcon_core.package_identification:_identify(src/docker) by extensions ['ignore', 'ignore_ament_install']
[0.586s] Level 1:colcon.colcon_core.package_identification:_identify(src/docker) by extension 'ignore'
[0.586s] Level 1:colcon.colcon_core.package_identification:_identify(src/docker) by extension 'ignore_ament_install'
[0.586s] Level 1:colcon.colcon_core.package_identification:_identify(src/docker) by extensions ['colcon_pkg']
[0.586s] Level 1:colcon.colcon_core.package_identification:_identify(src/docker) by extension 'colcon_pkg'
[0.587s] Level 1:colcon.colcon_core.package_identification:_identify(src/docker) by extensions ['colcon_meta']
[0.587s] Level 1:colcon.colcon_core.package_identification:_identify(src/docker) by extension 'colcon_meta'
[0.587s] Level 1:colcon.colcon_core.package_identification:_identify(src/docker) by extensions ['ros']
[0.587s] Level 1:colcon.colcon_core.package_identification:_identify(src/docker) by extension 'ros'
[0.587s] Level 1:colcon.colcon_core.package_identification:_identify(src/docker) by extensions ['cmake', 'python']
[0.587s] Level 1:colcon.colcon_core.package_identification:_identify(src/docker) by extension 'cmake'
[0.587s] Level 1:colcon.colcon_core.package_identification:_identify(src/docker) by extension 'python'
[0.587s] Level 1:colcon.colcon_core.package_identification:_identify(src/docker) by extensions ['python_setup_py']
[0.587s] Level 1:colcon.colcon_core.package_identification:_identify(src/docker) by extension 'python_setup_py'
[0.587s] Level 1:colcon.colcon_core.package_identification:_identify(src/docs) by extensions ['ignore', 'ignore_ament_install']
[0.588s] Level 1:colcon.colcon_core.package_identification:_identify(src/docs) by extension 'ignore'
[0.588s] Level 1:colcon.colcon_core.package_identification:_identify(src/docs) by extension 'ignore_ament_install'
[0.588s] Level 1:colcon.colcon_core.package_identification:_identify(src/docs) by extensions ['colcon_pkg']
[0.588s] Level 1:colcon.colcon_core.package_identification:_identify(src/docs) by extension 'colcon_pkg'
[0.588s] Level 1:colcon.colcon_core.package_identification:_identify(src/docs) by extensions ['colcon_meta']
[0.588s] Level 1:colcon.colcon_core.package_identification:_identify(src/docs) by extension 'colcon_meta'
[0.588s] Level 1:colcon.colcon_core.package_identification:_identify(src/docs) by extensions ['ros']
[0.588s] Level 1:colcon.colcon_core.package_identification:_identify(src/docs) by extension 'ros'
[0.588s] Level 1:colcon.colcon_core.package_identification:_identify(src/docs) by extensions ['cmake', 'python']
[0.588s] Level 1:colcon.colcon_core.package_identification:_identify(src/docs) by extension 'cmake'
[0.588s] Level 1:colcon.colcon_core.package_identification:_identify(src/docs) by extension 'python'
[0.588s] Level 1:colcon.colcon_core.package_identification:_identify(src/docs) by extensions ['python_setup_py']
[0.589s] Level 1:colcon.colcon_core.package_identification:_identify(src/docs) by extension 'python_setup_py'
[0.589s] Level 1:colcon.colcon_core.package_identification:_identify(src/go2_interfaces) by extensions ['ignore', 'ignore_ament_install']
[0.589s] Level 1:colcon.colcon_core.package_identification:_identify(src/go2_interfaces) by extension 'ignore'
[0.589s] Level 1:colcon.colcon_core.package_identification:_identify(src/go2_interfaces) by extension 'ignore_ament_install'
[0.589s] Level 1:colcon.colcon_core.package_identification:_identify(src/go2_interfaces) by extensions ['colcon_pkg']
[0.589s] Level 1:colcon.colcon_core.package_identification:_identify(src/go2_interfaces) by extension 'colcon_pkg'
[0.589s] Level 1:colcon.colcon_core.package_identification:_identify(src/go2_interfaces) by extensions ['colcon_meta']
[0.589s] Level 1:colcon.colcon_core.package_identification:_identify(src/go2_interfaces) by extension 'colcon_meta'
[0.589s] Level 1:colcon.colcon_core.package_identification:_identify(src/go2_interfaces) by extensions ['ros']
[0.589s] Level 1:colcon.colcon_core.package_identification:_identify(src/go2_interfaces) by extension 'ros'
[0.591s] DEBUG:colcon.colcon_core.package_identification:Package 'src/go2_interfaces' with type 'ros.ament_cmake' and name 'go2_interfaces'
[0.591s] Level 1:colcon.colcon_core.package_identification:_identify(src/go2_navigation) by extensions ['ignore', 'ignore_ament_install']
[0.591s] Level 1:colcon.colcon_core.package_identification:_identify(src/go2_navigation) by extension 'ignore'
[0.591s] Level 1:colcon.colcon_core.package_identification:_identify(src/go2_navigation) by extension 'ignore_ament_install'
[0.591s] Level 1:colcon.colcon_core.package_identification:_identify(src/go2_navigation) by extensions ['colcon_pkg']
[0.591s] Level 1:colcon.colcon_core.package_identification:_identify(src/go2_navigation) by extension 'colcon_pkg'
[0.591s] Level 1:colcon.colcon_core.package_identification:_identify(src/go2_navigation) by extensions ['colcon_meta']
[0.591s] Level 1:colcon.colcon_core.package_identification:_identify(src/go2_navigation) by extension 'colcon_meta'
[0.592s] Level 1:colcon.colcon_core.package_identification:_identify(src/go2_navigation) by extensions ['ros']
[0.592s] Level 1:colcon.colcon_core.package_identification:_identify(src/go2_navigation) by extension 'ros'
[0.593s] DEBUG:colcon.colcon_core.package_identification:Package 'src/go2_navigation' with type 'ros.ament_python' and name 'go2_navigation'
[0.593s] Level 1:colcon.colcon_core.package_identification:_identify(src/go2_robot_sdk) by extensions ['ignore', 'ignore_ament_install']
[0.593s] Level 1:colcon.colcon_core.package_identification:_identify(src/go2_robot_sdk) by extension 'ignore'
[0.594s] Level 1:colcon.colcon_core.package_identification:_identify(src/go2_robot_sdk) by extension 'ignore_ament_install'
[0.594s] Level 1:colcon.colcon_core.package_identification:_identify(src/go2_robot_sdk) by extensions ['colcon_pkg']
[0.594s] Level 1:colcon.colcon_core.package_identification:_identify(src/go2_robot_sdk) by extension 'colcon_pkg'
[0.594s] Level 1:colcon.colcon_core.package_identification:_identify(src/go2_robot_sdk) by extensions ['colcon_meta']
[0.594s] Level 1:colcon.colcon_core.package_identification:_identify(src/go2_robot_sdk) by extension 'colcon_meta'
[0.594s] Level 1:colcon.colcon_core.package_identification:_identify(src/go2_robot_sdk) by extensions ['ros']
[0.594s] Level 1:colcon.colcon_core.package_identification:_identify(src/go2_robot_sdk) by extension 'ros'
[0.595s] DEBUG:colcon.colcon_core.package_identification:Package 'src/go2_robot_sdk' with type 'ros.ament_python' and name 'go2_robot_sdk'
[0.596s] Level 1:colcon.colcon_core.package_identification:_identify(src/install) by extensions ['ignore', 'ignore_ament_install']
[0.596s] Level 1:colcon.colcon_core.package_identification:_identify(src/install) by extension 'ignore'
[0.596s] Level 1:colcon.colcon_core.package_identification:_identify(src/install) ignored
[0.596s] Level 1:colcon.colcon_core.package_identification:_identify(src/launch) by extensions ['ignore', 'ignore_ament_install']
[0.596s] Level 1:colcon.colcon_core.package_identification:_identify(src/launch) by extension 'ignore'
[0.596s] Level 1:colcon.colcon_core.package_identification:_identify(src/launch) by extension 'ignore_ament_install'
[0.597s] Level 1:colcon.colcon_core.package_identification:_identify(src/launch) by extensions ['colcon_pkg']
[0.597s] Level 1:colcon.colcon_core.package_identification:_identify(src/launch) by extension 'colcon_pkg'
[0.597s] Level 1:colcon.colcon_core.package_identification:_identify(src/launch) by extensions ['colcon_meta']
[0.597s] Level 1:colcon.colcon_core.package_identification:_identify(src/launch) by extension 'colcon_meta'
[0.597s] Level 1:colcon.colcon_core.package_identification:_identify(src/launch) by extensions ['ros']
[0.597s] Level 1:colcon.colcon_core.package_identification:_identify(src/launch) by extension 'ros'
[0.597s] Level 1:colcon.colcon_core.package_identification:_identify(src/launch) by extensions ['cmake', 'python']
[0.597s] Level 1:colcon.colcon_core.package_identification:_identify(src/launch) by extension 'cmake'
[0.597s] Level 1:colcon.colcon_core.package_identification:_identify(src/launch) by extension 'python'
[0.597s] Level 1:colcon.colcon_core.package_identification:_identify(src/launch) by extensions ['python_setup_py']
[0.597s] Level 1:colcon.colcon_core.package_identification:_identify(src/launch) by extension 'python_setup_py'
[0.598s] Level 1:colcon.colcon_core.package_identification:_identify(src/launch/__pycache__) by extensions ['ignore', 'ignore_ament_install']
[0.598s] Level 1:colcon.colcon_core.package_identification:_identify(src/launch/__pycache__) by extension 'ignore'
[0.598s] Level 1:colcon.colcon_core.package_identification:_identify(src/launch/__pycache__) by extension 'ignore_ament_install'
[0.598s] Level 1:colcon.colcon_core.package_identification:_identify(src/launch/__pycache__) by extensions ['colcon_pkg']
[0.598s] Level 1:colcon.colcon_core.package_identification:_identify(src/launch/__pycache__) by extension 'colcon_pkg'
[0.598s] Level 1:colcon.colcon_core.package_identification:_identify(src/launch/__pycache__) by extensions ['colcon_meta']
[0.598s] Level 1:colcon.colcon_core.package_identification:_identify(src/launch/__pycache__) by extension 'colcon_meta'
[0.598s] Level 1:colcon.colcon_core.package_identification:_identify(src/launch/__pycache__) by extensions ['ros']
[0.598s] Level 1:colcon.colcon_core.package_identification:_identify(src/launch/__pycache__) by extension 'ros'
[0.598s] Level 1:colcon.colcon_core.package_identification:_identify(src/launch/__pycache__) by extensions ['cmake', 'python']
[0.598s] Level 1:colcon.colcon_core.package_identification:_identify(src/launch/__pycache__) by extension 'cmake'
[0.599s] Level 1:colcon.colcon_core.package_identification:_identify(src/launch/__pycache__) by extension 'python'
[0.599s] Level 1:colcon.colcon_core.package_identification:_identify(src/launch/__pycache__) by extensions ['python_setup_py']
[0.599s] Level 1:colcon.colcon_core.package_identification:_identify(src/launch/__pycache__) by extension 'python_setup_py'
[0.599s] Level 1:colcon.colcon_core.package_identification:_identify(src/lidar_processor) by extensions ['ignore', 'ignore_ament_install']
[0.599s] Level 1:colcon.colcon_core.package_identification:_identify(src/lidar_processor) by extension 'ignore'
[0.599s] Level 1:colcon.colcon_core.package_identification:_identify(src/lidar_processor) by extension 'ignore_ament_install'
[0.599s] Level 1:colcon.colcon_core.package_identification:_identify(src/lidar_processor) by extensions ['colcon_pkg']
[0.599s] Level 1:colcon.colcon_core.package_identification:_identify(src/lidar_processor) by extension 'colcon_pkg'
[0.599s] Level 1:colcon.colcon_core.package_identification:_identify(src/lidar_processor) by extensions ['colcon_meta']
[0.599s] Level 1:colcon.colcon_core.package_identification:_identify(src/lidar_processor) by extension 'colcon_meta'
[0.599s] Level 1:colcon.colcon_core.package_identification:_identify(src/lidar_processor) by extensions ['ros']
[0.600s] Level 1:colcon.colcon_core.package_identification:_identify(src/lidar_processor) by extension 'ros'
[0.601s] DEBUG:colcon.colcon_core.package_identification:Package 'src/lidar_processor' with type 'ros.ament_python' and name 'lidar_processor'
[0.601s] Level 1:colcon.colcon_core.package_identification:_identify(src/lidar_processor_cpp) by extensions ['ignore', 'ignore_ament_install']
[0.601s] Level 1:colcon.colcon_core.package_identification:_identify(src/lidar_processor_cpp) by extension 'ignore'
[0.601s] Level 1:colcon.colcon_core.package_identification:_identify(src/lidar_processor_cpp) by extension 'ignore_ament_install'
[0.601s] Level 1:colcon.colcon_core.package_identification:_identify(src/lidar_processor_cpp) by extensions ['colcon_pkg']
[0.602s] Level 1:colcon.colcon_core.package_identification:_identify(src/lidar_processor_cpp) by extension 'colcon_pkg'
[0.602s] Level 1:colcon.colcon_core.package_identification:_identify(src/lidar_processor_cpp) by extensions ['colcon_meta']
[0.602s] Level 1:colcon.colcon_core.package_identification:_identify(src/lidar_processor_cpp) by extension 'colcon_meta'
[0.602s] Level 1:colcon.colcon_core.package_identification:_identify(src/lidar_processor_cpp) by extensions ['ros']
[0.602s] Level 1:colcon.colcon_core.package_identification:_identify(src/lidar_processor_cpp) by extension 'ros'
[0.604s] DEBUG:colcon.colcon_core.package_identification:Package 'src/lidar_processor_cpp' with type 'ros.ament_cmake' and name 'lidar_processor_cpp'
[0.604s] Level 1:colcon.colcon_core.package_identification:_identify(src/log) by extensions ['ignore', 'ignore_ament_install']
[0.604s] Level 1:colcon.colcon_core.package_identification:_identify(src/log) by extension 'ignore'
[0.604s] Level 1:colcon.colcon_core.package_identification:_identify(src/log) ignored
[0.604s] Level 1:colcon.colcon_core.package_identification:_identify(src/speech_processor) by extensions ['ignore', 'ignore_ament_install']
[0.604s] Level 1:colcon.colcon_core.package_identification:_identify(src/speech_processor) by extension 'ignore'
[0.604s] Level 1:colcon.colcon_core.package_identification:_identify(src/speech_processor) by extension 'ignore_ament_install'
[0.605s] Level 1:colcon.colcon_core.package_identification:_identify(src/speech_processor) by extensions ['colcon_pkg']
[0.605s] Level 1:colcon.colcon_core.package_identification:_identify(src/speech_processor) by extension 'colcon_pkg'
[0.605s] Level 1:colcon.colcon_core.package_identification:_identify(src/speech_processor) by extensions ['colcon_meta']
[0.605s] Level 1:colcon.colcon_core.package_identification:_identify(src/speech_processor) by extension 'colcon_meta'
[0.605s] Level 1:colcon.colcon_core.package_identification:_identify(src/speech_processor) by extensions ['ros']
[0.605s] Level 1:colcon.colcon_core.package_identification:_identify(src/speech_processor) by extension 'ros'
[0.606s] DEBUG:colcon.colcon_core.package_identification:Package 'src/speech_processor' with type 'ros.ament_python' and name 'speech_processor'
[0.606s] Level 1:colcon.colcon_core.package_identification:_identify(src/unitree_go2) by extensions ['ignore', 'ignore_ament_install']
[0.607s] Level 1:colcon.colcon_core.package_identification:_identify(src/unitree_go2) by extension 'ignore'
[0.607s] Level 1:colcon.colcon_core.package_identification:_identify(src/unitree_go2) by extension 'ignore_ament_install'
[0.607s] Level 1:colcon.colcon_core.package_identification:_identify(src/unitree_go2) by extensions ['colcon_pkg']
[0.607s] Level 1:colcon.colcon_core.package_identification:_identify(src/unitree_go2) by extension 'colcon_pkg'
[0.607s] Level 1:colcon.colcon_core.package_identification:_identify(src/unitree_go2) by extensions ['colcon_meta']
[0.607s] Level 1:colcon.colcon_core.package_identification:_identify(src/unitree_go2) by extension 'colcon_meta'
[0.607s] Level 1:colcon.colcon_core.package_identification:_identify(src/unitree_go2) by extensions ['ros']
[0.607s] Level 1:colcon.colcon_core.package_identification:_identify(src/unitree_go2) by extension 'ros'
[0.607s] Level 1:colcon.colcon_core.package_identification:_identify(src/unitree_go2) by extensions ['cmake', 'python']
[0.607s] Level 1:colcon.colcon_core.package_identification:_identify(src/unitree_go2) by extension 'cmake'
[0.607s] Level 1:colcon.colcon_core.package_identification:_identify(src/unitree_go2) by extension 'python'
[0.607s] Level 1:colcon.colcon_core.package_identification:_identify(src/unitree_go2) by extensions ['python_setup_py']
[0.608s] Level 1:colcon.colcon_core.package_identification:_identify(src/unitree_go2) by extension 'python_setup_py'
[0.608s] Level 1:colcon.colcon_core.package_identification:_identify(src/unitree_go2/champ) by extensions ['ignore', 'ignore_ament_install']
[0.608s] Level 1:colcon.colcon_core.package_identification:_identify(src/unitree_go2/champ) by extension 'ignore'
[0.608s] Level 1:colcon.colcon_core.package_identification:_identify(src/unitree_go2/champ) by extension 'ignore_ament_install'
[0.608s] Level 1:colcon.colcon_core.package_identification:_identify(src/unitree_go2/champ) by extensions ['colcon_pkg']
[0.608s] Level 1:colcon.colcon_core.package_identification:_identify(src/unitree_go2/champ) by extension 'colcon_pkg'
[0.608s] Level 1:colcon.colcon_core.package_identification:_identify(src/unitree_go2/champ) by extensions ['colcon_meta']
[0.608s] Level 1:colcon.colcon_core.package_identification:_identify(src/unitree_go2/champ) by extension 'colcon_meta'
[0.608s] Level 1:colcon.colcon_core.package_identification:_identify(src/unitree_go2/champ) by extensions ['ros']
[0.608s] Level 1:colcon.colcon_core.package_identification:_identify(src/unitree_go2/champ) by extension 'ros'
[0.609s] DEBUG:colcon.colcon_core.package_identification:Package 'src/unitree_go2/champ' with type 'ros.ament_cmake' and name 'champ'
[0.609s] Level 1:colcon.colcon_core.package_identification:_identify(src/unitree_go2/champ_base) by extensions ['ignore', 'ignore_ament_install']
[0.610s] Level 1:colcon.colcon_core.package_identification:_identify(src/unitree_go2/champ_base) by extension 'ignore'
[0.610s] Level 1:colcon.colcon_core.package_identification:_identify(src/unitree_go2/champ_base) by extension 'ignore_ament_install'
[0.610s] Level 1:colcon.colcon_core.package_identification:_identify(src/unitree_go2/champ_base) by extensions ['colcon_pkg']
[0.610s] Level 1:colcon.colcon_core.package_identification:_identify(src/unitree_go2/champ_base) by extension 'colcon_pkg'
[0.610s] Level 1:colcon.colcon_core.package_identification:_identify(src/unitree_go2/champ_base) by extensions ['colcon_meta']
[0.610s] Level 1:colcon.colcon_core.package_identification:_identify(src/unitree_go2/champ_base) by extension 'colcon_meta'
[0.610s] Level 1:colcon.colcon_core.package_identification:_identify(src/unitree_go2/champ_base) by extensions ['ros']
[0.610s] Level 1:colcon.colcon_core.package_identification:_identify(src/unitree_go2/champ_base) by extension 'ros'
[0.612s] DEBUG:colcon.colcon_core.package_identification:Package 'src/unitree_go2/champ_base' with type 'ros.ament_cmake' and name 'champ_base'
[0.612s] Level 1:colcon.colcon_core.package_identification:_identify(src/unitree_go2/champ_msgs) by extensions ['ignore', 'ignore_ament_install']
[0.613s] Level 1:colcon.colcon_core.package_identification:_identify(src/unitree_go2/champ_msgs) by extension 'ignore'
[0.613s] Level 1:colcon.colcon_core.package_identification:_identify(src/unitree_go2/champ_msgs) by extension 'ignore_ament_install'
[0.613s] Level 1:colcon.colcon_core.package_identification:_identify(src/unitree_go2/champ_msgs) by extensions ['colcon_pkg']
[0.613s] Level 1:colcon.colcon_core.package_identification:_identify(src/unitree_go2/champ_msgs) by extension 'colcon_pkg'
[0.613s] Level 1:colcon.colcon_core.package_identification:_identify(src/unitree_go2/champ_msgs) by extensions ['colcon_meta']
[0.613s] Level 1:colcon.colcon_core.package_identification:_identify(src/unitree_go2/champ_msgs) by extension 'colcon_meta'
[0.613s] Level 1:colcon.colcon_core.package_identification:_identify(src/unitree_go2/champ_msgs) by extensions ['ros']
[0.613s] Level 1:colcon.colcon_core.package_identification:_identify(src/unitree_go2/champ_msgs) by extension 'ros'
[0.614s] DEBUG:colcon.colcon_core.package_identification:Package 'src/unitree_go2/champ_msgs' with type 'ros.ament_cmake' and name 'champ_msgs'
[0.615s] Level 1:colcon.colcon_core.package_identification:_identify(src/unitree_go2/docs) by extensions ['ignore', 'ignore_ament_install']
[0.615s] Level 1:colcon.colcon_core.package_identification:_identify(src/unitree_go2/docs) by extension 'ignore'
[0.615s] Level 1:colcon.colcon_core.package_identification:_identify(src/unitree_go2/docs) by extension 'ignore_ament_install'
[0.615s] Level 1:colcon.colcon_core.package_identification:_identify(src/unitree_go2/docs) by extensions ['colcon_pkg']
[0.615s] Level 1:colcon.colcon_core.package_identification:_identify(src/unitree_go2/docs) by extension 'colcon_pkg'
[0.615s] Level 1:colcon.colcon_core.package_identification:_identify(src/unitree_go2/docs) by extensions ['colcon_meta']
[0.615s] Level 1:colcon.colcon_core.package_identification:_identify(src/unitree_go2/docs) by extension 'colcon_meta'
[0.615s] Level 1:colcon.colcon_core.package_identification:_identify(src/unitree_go2/docs) by extensions ['ros']
[0.615s] Level 1:colcon.colcon_core.package_identification:_identify(src/unitree_go2/docs) by extension 'ros'
[0.616s] Level 1:colcon.colcon_core.package_identification:_identify(src/unitree_go2/docs) by extensions ['cmake', 'python']
[0.616s] Level 1:colcon.colcon_core.package_identification:_identify(src/unitree_go2/docs) by extension 'cmake'
[0.616s] Level 1:colcon.colcon_core.package_identification:_identify(src/unitree_go2/docs) by extension 'python'
[0.616s] Level 1:colcon.colcon_core.package_identification:_identify(src/unitree_go2/docs) by extensions ['python_setup_py']
[0.616s] Level 1:colcon.colcon_core.package_identification:_identify(src/unitree_go2/docs) by extension 'python_setup_py'
[0.616s] Level 1:colcon.colcon_core.package_identification:_identify(src/unitree_go2/unitree_go2_description) by extensions ['ignore', 'ignore_ament_install']
[0.616s] Level 1:colcon.colcon_core.package_identification:_identify(src/unitree_go2/unitree_go2_description) by extension 'ignore'
[0.616s] Level 1:colcon.colcon_core.package_identification:_identify(src/unitree_go2/unitree_go2_description) by extension 'ignore_ament_install'
[0.616s] Level 1:colcon.colcon_core.package_identification:_identify(src/unitree_go2/unitree_go2_description) by extensions ['colcon_pkg']
[0.616s] Level 1:colcon.colcon_core.package_identification:_identify(src/unitree_go2/unitree_go2_description) by extension 'colcon_pkg'
[0.617s] Level 1:colcon.colcon_core.package_identification:_identify(src/unitree_go2/unitree_go2_description) by extensions ['colcon_meta']
[0.617s] Level 1:colcon.colcon_core.package_identification:_identify(src/unitree_go2/unitree_go2_description) by extension 'colcon_meta'
[0.617s] Level 1:colcon.colcon_core.package_identification:_identify(src/unitree_go2/unitree_go2_description) by extensions ['ros']
[0.617s] Level 1:colcon.colcon_core.package_identification:_identify(src/unitree_go2/unitree_go2_description) by extension 'ros'
[0.618s] DEBUG:colcon.colcon_core.package_identification:Package 'src/unitree_go2/unitree_go2_description' with type 'ros.ament_cmake' and name 'unitree_go2_description'
[0.618s] Level 1:colcon.colcon_core.package_identification:_identify(src/unitree_go2/unitree_go2_sim) by extensions ['ignore', 'ignore_ament_install']
[0.618s] Level 1:colcon.colcon_core.package_identification:_identify(src/unitree_go2/unitree_go2_sim) by extension 'ignore'
[0.618s] Level 1:colcon.colcon_core.package_identification:_identify(src/unitree_go2/unitree_go2_sim) by extension 'ignore_ament_install'
[0.618s] Level 1:colcon.colcon_core.package_identification:_identify(src/unitree_go2/unitree_go2_sim) by extensions ['colcon_pkg']
[0.619s] Level 1:colcon.colcon_core.package_identification:_identify(src/unitree_go2/unitree_go2_sim) by extension 'colcon_pkg'
[0.619s] Level 1:colcon.colcon_core.package_identification:_identify(src/unitree_go2/unitree_go2_sim) by extensions ['colcon_meta']
[0.619s] Level 1:colcon.colcon_core.package_identification:_identify(src/unitree_go2/unitree_go2_sim) by extension 'colcon_meta'
[0.619s] Level 1:colcon.colcon_core.package_identification:_identify(src/unitree_go2/unitree_go2_sim) by extensions ['ros']
[0.619s] Level 1:colcon.colcon_core.package_identification:_identify(src/unitree_go2/unitree_go2_sim) by extension 'ros'
[0.620s] DEBUG:colcon.colcon_core.package_identification:Package 'src/unitree_go2/unitree_go2_sim' with type 'ros.ament_cmake' and name 'unitree_go2_sim'
[0.620s] Level 1:colcon.colcon_core.package_identification:_identify(tts_cache) by extensions ['ignore', 'ignore_ament_install']
[0.620s] Level 1:colcon.colcon_core.package_identification:_identify(tts_cache) by extension 'ignore'
[0.620s] Level 1:colcon.colcon_core.package_identification:_identify(tts_cache) by extension 'ignore_ament_install'
[0.620s] Level 1:colcon.colcon_core.package_identification:_identify(tts_cache) by extensions ['colcon_pkg']
[0.620s] Level 1:colcon.colcon_core.package_identification:_identify(tts_cache) by extension 'colcon_pkg'
[0.620s] Level 1:colcon.colcon_core.package_identification:_identify(tts_cache) by extensions ['colcon_meta']
[0.621s] Level 1:colcon.colcon_core.package_identification:_identify(tts_cache) by extension 'colcon_meta'
[0.621s] Level 1:colcon.colcon_core.package_identification:_identify(tts_cache) by extensions ['ros']
[0.621s] Level 1:colcon.colcon_core.package_identification:_identify(tts_cache) by extension 'ros'
[0.621s] Level 1:colcon.colcon_core.package_identification:_identify(tts_cache) by extensions ['cmake', 'python']
[0.621s] Level 1:colcon.colcon_core.package_identification:_identify(tts_cache) by extension 'cmake'
[0.621s] Level 1:colcon.colcon_core.package_identification:_identify(tts_cache) by extension 'python'
[0.621s] Level 1:colcon.colcon_core.package_identification:_identify(tts_cache) by extensions ['python_setup_py']
[0.621s] Level 1:colcon.colcon_core.package_identification:_identify(tts_cache) by extension 'python_setup_py'
[0.621s] Level 1:colcon.colcon_core.package_discovery:discover_packages(recursive) using defaults
[0.621s] Level 1:colcon.colcon_core.package_discovery:discover_packages(ignore) discover
[0.621s] Level 1:colcon.colcon_core.package_discovery:discover_packages(ignore) using defaults
[0.621s] Level 1:colcon.colcon_core.package_discovery:discover_packages(path) discover
[0.621s] Level 1:colcon.colcon_core.package_discovery:discover_packages(path) using defaults
[0.695s] INFO:colcon.colcon_core.package_selection:Skipping not selected package 'champ' in 'src/unitree_go2/champ'
[0.695s] INFO:colcon.colcon_core.package_selection:Skipping not selected package 'champ_msgs' in 'src/unitree_go2/champ_msgs'
[0.696s] INFO:colcon.colcon_core.package_selection:Skipping not selected package 'coco_detector' in 'src/coco_detector'
[0.696s] INFO:colcon.colcon_core.package_selection:Skipping not selected package 'go2_interfaces' in 'src/go2_interfaces'
[0.696s] INFO:colcon.colcon_core.package_selection:Skipping not selected package 'lidar_processor' in 'src/lidar_processor'
[0.696s] INFO:colcon.colcon_core.package_selection:Skipping not selected package 'lidar_processor_cpp' in 'src/lidar_processor_cpp'
[0.696s] INFO:colcon.colcon_core.package_selection:Skipping not selected package 'unitree_go2_description' in 'src/unitree_go2/unitree_go2_description'
[0.696s] INFO:colcon.colcon_core.package_selection:Skipping not selected package 'unitree_go2_sim' in 'src/unitree_go2/unitree_go2_sim'
[0.696s] INFO:colcon.colcon_core.package_selection:Skipping not selected package 'champ_base' in 'src/unitree_go2/champ_base'
[0.696s] INFO:colcon.colcon_core.package_selection:Skipping not selected package 'go2_robot_sdk' in 'src/go2_robot_sdk'
[0.696s] INFO:colcon.colcon_core.package_selection:Skipping not selected package 'speech_processor' in 'src/speech_processor'
[0.697s] Level 1:colcon.colcon_core.package_discovery:discover_packages(prefix_path) check parameters
[0.697s] Level 1:colcon.colcon_core.package_discovery:discover_packages(prefix_path) discover
[0.702s] DEBUG:colcon.colcon_installed_package_information.package_discovery:Found 12 installed packages in /home/ming/ros2_ws/install
[0.705s] DEBUG:colcon.colcon_installed_package_information.package_discovery:Found 258 installed packages in /opt/ros/humble
[0.707s] Level 1:colcon.colcon_core.package_discovery:discover_packages(prefix_path) using defaults
[0.769s] Level 5:colcon.colcon_core.verb:set package 'go2_navigation' build argument 'cmake_args' from command line to 'None'
[0.769s] Level 5:colcon.colcon_core.verb:set package 'go2_navigation' build argument 'cmake_target' from command line to 'None'
[0.769s] Level 5:colcon.colcon_core.verb:set package 'go2_navigation' build argument 'cmake_target_skip_unavailable' from command line to 'False'
[0.769s] Level 5:colcon.colcon_core.verb:set package 'go2_navigation' build argument 'cmake_clean_cache' from command line to 'False'
[0.769s] Level 5:colcon.colcon_core.verb:set package 'go2_navigation' build argument 'cmake_clean_first' from command line to 'False'
[0.769s] Level 5:colcon.colcon_core.verb:set package 'go2_navigation' build argument 'cmake_force_configure' from command line to 'False'
[0.769s] Level 5:colcon.colcon_core.verb:set package 'go2_navigation' build argument 'ament_cmake_args' from command line to 'None'
[0.769s] Level 5:colcon.colcon_core.verb:set package 'go2_navigation' build argument 'catkin_cmake_args' from command line to 'None'
[0.770s] Level 5:colcon.colcon_core.verb:set package 'go2_navigation' build argument 'catkin_skip_building_tests' from command line to 'False'
[0.770s] DEBUG:colcon.colcon_core.verb:Building package 'go2_navigation' with the following arguments: {'ament_cmake_args': None, 'build_base': '/home/ming/ros2_ws/build/go2_navigation', 'catkin_cmake_args': None, 'catkin_skip_building_tests': False, 'cmake_args': None, 'cmake_clean_cache': False, 'cmake_clean_first': False, 'cmake_force_configure': False, 'cmake_target': None, 'cmake_target_skip_unavailable': False, 'install_base': '/home/ming/ros2_ws/install/go2_navigation', 'merge_install': False, 'path': '/home/ming/ros2_ws/src/go2_navigation', 'symlink_install': False, 'test_result_base': None}
[0.770s] INFO:colcon.colcon_core.executor:Executing jobs using 'parallel' executor
[0.772s] DEBUG:colcon.colcon_parallel_executor.executor.parallel:run_until_complete
[0.773s] INFO:colcon.colcon_ros.task.ament_python.build:Building ROS package in '/home/ming/ros2_ws/src/go2_navigation' with build type 'ament_python'
[0.773s] Level 1:colcon.colcon_core.shell:create_environment_hook('go2_navigation', 'ament_prefix_path')
[0.777s] INFO:colcon.colcon_core.plugin_system:Skipping extension 'colcon_core.shell.bat': Not used on non-Windows systems
[0.778s] INFO:colcon.colcon_core.shell:Creating environment hook '/home/ming/ros2_ws/install/go2_navigation/share/go2_navigation/hook/ament_prefix_path.ps1'
[0.779s] INFO:colcon.colcon_core.shell:Creating environment descriptor '/home/ming/ros2_ws/install/go2_navigation/share/go2_navigation/hook/ament_prefix_path.dsv'
[0.780s] INFO:colcon.colcon_core.shell:Creating environment hook '/home/ming/ros2_ws/install/go2_navigation/share/go2_navigation/hook/ament_prefix_path.sh'
[0.782s] INFO:colcon.colcon_core.shell:Skip shell extension 'powershell' for command environment: Not usable outside of PowerShell
[0.782s] DEBUG:colcon.colcon_core.shell:Skip shell extension 'dsv' for command environment
[1.323s] INFO:colcon.colcon_core.task.python.build:Building Python package in '/home/ming/ros2_ws/src/go2_navigation'
[1.324s] INFO:colcon.colcon_core.shell:Skip shell extension 'powershell' for command environment: Not usable outside of PowerShell
[1.324s] DEBUG:colcon.colcon_core.shell:Skip shell extension 'dsv' for command environment
[2.059s] DEBUG:colcon.colcon_core.event_handler.log_command:Invoking command in '/home/ming/ros2_ws/src/go2_navigation': PYTHONPATH=/home/ming/ros2_ws/build/go2_navigation/prefix_override:/usr/lib/python3/dist-packages/colcon_core/task/python/colcon_distutils_commands:/home/ming/ros2_ws/install/go2_navigation/lib/python3.10/site-packages:${PYTHONPATH} /usr/bin/python3 -W ignore:setup.py install is deprecated -W ignore:easy_install command is deprecated setup.py egg_info --egg-base ../../build/go2_navigation build --build-base /home/ming/ros2_ws/build/go2_navigation/build install --record /home/ming/ros2_ws/build/go2_navigation/install.log --single-version-externally-managed install_data
[2.684s] DEBUG:colcon.colcon_core.event_handler.log_command:Invoked command in '/home/ming/ros2_ws/src/go2_navigation' returned '0': PYTHONPATH=/home/ming/ros2_ws/build/go2_navigation/prefix_override:/usr/lib/python3/dist-packages/colcon_core/task/python/colcon_distutils_commands:/home/ming/ros2_ws/install/go2_navigation/lib/python3.10/site-packages:${PYTHONPATH} /usr/bin/python3 -W ignore:setup.py install is deprecated -W ignore:easy_install command is deprecated setup.py egg_info --egg-base ../../build/go2_navigation build --build-base /home/ming/ros2_ws/build/go2_navigation/build install --record /home/ming/ros2_ws/build/go2_navigation/install.log --single-version-externally-managed install_data
[2.693s] Level 1:colcon.colcon_core.environment:checking '/home/ming/ros2_ws/install/go2_navigation' for CMake module files
[2.695s] Level 1:colcon.colcon_core.environment:checking '/home/ming/ros2_ws/install/go2_navigation' for CMake config files
[2.698s] Level 1:colcon.colcon_core.environment:checking '/home/ming/ros2_ws/install/go2_navigation/lib'
[2.698s] Level 1:colcon.colcon_core.environment:checking '/home/ming/ros2_ws/install/go2_navigation/bin'
[2.699s] Level 1:colcon.colcon_core.shell:create_environment_hook('go2_navigation', 'path')
[2.701s] INFO:colcon.colcon_core.shell:Creating environment hook '/home/ming/ros2_ws/install/go2_navigation/share/go2_navigation/hook/path.ps1'
[2.703s] INFO:colcon.colcon_core.shell:Creating environment descriptor '/home/ming/ros2_ws/install/go2_navigation/share/go2_navigation/hook/path.dsv'
[2.705s] INFO:colcon.colcon_core.shell:Creating environment hook '/home/ming/ros2_ws/install/go2_navigation/share/go2_navigation/hook/path.sh'
[2.707s] Level 1:colcon.colcon_core.environment:checking '/home/ming/ros2_ws/install/go2_navigation/lib/pkgconfig/go2_navigation.pc'
[2.708s] Level 1:colcon.colcon_core.environment:checking '/home/ming/ros2_ws/install/go2_navigation/lib/python3.10/site-packages'
[2.708s] Level 1:colcon.colcon_core.shell:create_environment_hook('go2_navigation', 'pythonpath')
[2.709s] INFO:colcon.colcon_core.shell:Creating environment hook '/home/ming/ros2_ws/install/go2_navigation/share/go2_navigation/hook/pythonpath.ps1'
[2.710s] INFO:colcon.colcon_core.shell:Creating environment descriptor '/home/ming/ros2_ws/install/go2_navigation/share/go2_navigation/hook/pythonpath.dsv'
[2.711s] INFO:colcon.colcon_core.shell:Creating environment hook '/home/ming/ros2_ws/install/go2_navigation/share/go2_navigation/hook/pythonpath.sh'
[2.714s] Level 1:colcon.colcon_core.environment:checking '/home/ming/ros2_ws/install/go2_navigation/bin'
[2.714s] Level 1:colcon.colcon_core.shell:create_environment_hook('go2_navigation', 'pythonscriptspath')
[2.715s] INFO:colcon.colcon_core.shell:Creating environment hook '/home/ming/ros2_ws/install/go2_navigation/share/go2_navigation/hook/pythonscriptspath.ps1'
[2.717s] INFO:colcon.colcon_core.shell:Creating environment descriptor '/home/ming/ros2_ws/install/go2_navigation/share/go2_navigation/hook/pythonscriptspath.dsv'
[2.718s] INFO:colcon.colcon_core.shell:Creating environment hook '/home/ming/ros2_ws/install/go2_navigation/share/go2_navigation/hook/pythonscriptspath.sh'
[2.719s] Level 1:colcon.colcon_core.environment:create_environment_scripts_only(go2_navigation)
[2.721s] INFO:colcon.colcon_core.shell:Creating package script '/home/ming/ros2_ws/install/go2_navigation/share/go2_navigation/package.ps1'
[2.725s] INFO:colcon.colcon_core.shell:Creating package descriptor '/home/ming/ros2_ws/install/go2_navigation/share/go2_navigation/package.dsv'
[2.728s] INFO:colcon.colcon_core.shell:Creating package script '/home/ming/ros2_ws/install/go2_navigation/share/go2_navigation/package.sh'
[2.731s] INFO:colcon.colcon_core.shell:Creating package script '/home/ming/ros2_ws/install/go2_navigation/share/go2_navigation/package.bash'
[2.734s] INFO:colcon.colcon_core.shell:Creating package script '/home/ming/ros2_ws/install/go2_navigation/share/go2_navigation/package.zsh'
[2.736s] Level 1:colcon.colcon_core.environment:create_file_with_runtime_dependencies(/home/ming/ros2_ws/install/go2_navigation/share/colcon-core/packages/go2_navigation)
[2.738s] DEBUG:colcon.colcon_parallel_executor.executor.parallel:closing loop
[2.739s] DEBUG:colcon.colcon_parallel_executor.executor.parallel:loop closed
[2.739s] DEBUG:colcon.colcon_parallel_executor.executor.parallel:run_until_complete finished with '0'
[2.740s] DEBUG:colcon.colcon_core.event_reactor:joining thread
[2.760s] INFO:colcon.colcon_core.plugin_system:Skipping extension 'colcon_notification.desktop_notification.terminal_notifier': Not used on non-Darwin systems
[2.760s] INFO:colcon.colcon_core.plugin_system:Skipping extension 'colcon_notification.desktop_notification.win32': Not used on non-Windows systems
[2.760s] INFO:colcon.colcon_notification.desktop_notification:Sending desktop notification using 'notify2'
[2.797s] DEBUG:colcon.colcon_core.event_reactor:joined thread
[2.798s] INFO:colcon.colcon_core.shell:Creating prefix script '/home/ming/ros2_ws/install/local_setup.ps1'
[2.802s] INFO:colcon.colcon_core.shell:Creating prefix util module '/home/ming/ros2_ws/install/_local_setup_util_ps1.py'
[2.807s] INFO:colcon.colcon_core.shell:Creating prefix chain script '/home/ming/ros2_ws/install/setup.ps1'
[2.813s] INFO:colcon.colcon_core.shell:Creating prefix script '/home/ming/ros2_ws/install/local_setup.sh'
[2.814s] INFO:colcon.colcon_core.shell:Creating prefix util module '/home/ming/ros2_ws/install/_local_setup_util_sh.py'
[2.815s] INFO:colcon.colcon_core.shell:Creating prefix chain script '/home/ming/ros2_ws/install/setup.sh'
[2.821s] INFO:colcon.colcon_core.shell:Creating prefix script '/home/ming/ros2_ws/install/local_setup.bash'
[2.823s] INFO:colcon.colcon_core.shell:Creating prefix chain script '/home/ming/ros2_ws/install/setup.bash'
[2.830s] INFO:colcon.colcon_core.shell:Creating prefix script '/home/ming/ros2_ws/install/local_setup.zsh'
[2.831s] INFO:colcon.colcon_core.shell:Creating prefix chain script '/home/ming/ros2_ws/install/setup.zsh'
