[0.022s] Invoking command in '/home/ming/ros2_ws/build/champ_base': CMAKE_PREFIX_PATH=/home/ming/ros2_ws/install/champ_msgs:/home/ming/ros2_ws/install/champ:/home/ming/ros2_ws/install/unitree_go2_sim:/home/ming/ros2_ws/install/unitree_go2_description:/home/ming/ros2_ws/install/lidar_processor_cpp:/home/ming/ros2_ws/install/go2_interfaces:/home/ming/ros2_ws/install/champ_base:/home/ming/ros2_ws/install/speech_processor:/home/ming/ros2_ws/install/lidar_processor:/home/ming/ros2_ws/install/go2_robot_sdk:/home/ming/ros2_ws/install/go2_navigation:/home/ming/ros2_ws/install/coco_detector:/home/ming/install/go2_navigation:/opt/ros/humble LD_LIBRARY_PATH=/home/ming/ros2_ws/install/champ_msgs/lib:/home/ming/ros2_ws/install/go2_interfaces/lib:/home/ming/ros2_ws/install/champ_base/lib:/opt/ros/humble/opt/rviz_ogre_vendor/lib:/opt/ros/humble/lib/aarch64-linux-gnu:/opt/ros/humble/lib PS1=\[\e]0;\u@\h: \w\a\]${debian_chroot:+($debian_chroot)}\[\033[01;32m\]\u@\h\[\033[00m\]:\[\033[01;34m\]\w\[\033[00m\]\$ /usr/bin/cmake /home/ming/ros2_ws/src/unitree_go2/champ_base -DCMAKE_INSTALL_PREFIX=/home/ming/ros2_ws/install/champ_base
[0.244s] -- The C compiler identification is GNU 11.4.0
[0.405s] -- The CXX compiler identification is GNU 11.4.0
[0.425s] -- Detecting C compiler ABI info
[0.681s] -- Detecting C compiler ABI info - done
[0.693s] -- Check for working C compiler: /usr/bin/cc - skipped
[0.702s] -- Detecting C compile features
[0.703s] -- Detecting C compile features - done
[0.712s] -- Detecting CXX compiler ABI info
[0.994s] -- Detecting CXX compiler ABI info - done
[1.026s] -- Check for working CXX compiler: /usr/bin/c++ - skipped
[1.026s] -- Detecting CXX compile features
[1.026s] -- Detecting CXX compile features - done
[1.033s] -- Found ament_cmake: 1.3.13 (/opt/ros/humble/share/ament_cmake/cmake)
[1.963s] -- Found Python3: /usr/bin/python3 (found version "3.10.12") found components: Interpreter 
[2.397s] -- Found rclcpp: 16.0.18 (/opt/ros/humble/share/rclcpp/cmake)
[2.493s] -- Found rosidl_generator_c: 3.1.8 (/opt/ros/humble/share/rosidl_generator_c/cmake)
[2.506s] -- Found rosidl_adapter: 3.1.8 (/opt/ros/humble/share/rosidl_adapter/cmake)
[2.529s] -- Found rosidl_generator_cpp: 3.1.8 (/opt/ros/humble/share/rosidl_generator_cpp/cmake)
[2.557s] -- Using all available rosidl_typesupport_c: rosidl_typesupport_fastrtps_c;rosidl_typesupport_introspection_c
[2.596s] -- Using all available rosidl_typesupport_cpp: rosidl_typesupport_fastrtps_cpp;rosidl_typesupport_introspection_cpp
[2.707s] -- Found rmw_implementation_cmake: 6.1.2 (/opt/ros/humble/share/rmw_implementation_cmake/cmake)
[2.715s] -- Found rmw_fastrtps_cpp: 6.2.10 (/opt/ros/humble/share/rmw_fastrtps_cpp/cmake)
[3.182s] -- Found OpenSSL: /usr/lib/aarch64-linux-gnu/libcrypto.so (found version "3.0.2")  
[3.290s] -- Found FastRTPS: /opt/ros/humble/include  
[3.382s] -- Using RMW implementation 'rmw_fastrtps_cpp' as default
[3.402s] -- Looking for pthread.h
[3.661s] -- Looking for pthread.h - found
[3.662s] -- Performing Test CMAKE_HAVE_LIBC_PTHREAD
[3.896s] -- Performing Test CMAKE_HAVE_LIBC_PTHREAD - Success
[3.898s] -- Found Threads: TRUE  
[4.065s] -- Found rclpy: 3.3.20 (/opt/ros/humble/share/rclpy/cmake)
[4.067s] -- Found champ_msgs: 0.1.0 (/home/ming/ros2_ws/install/champ_msgs/share/champ_msgs/cmake)
[4.150s] -- Found visualization_msgs: 4.9.1 (/opt/ros/humble/share/visualization_msgs/cmake)
[4.333s] -- Found trajectory_msgs: 4.9.1 (/opt/ros/humble/share/trajectory_msgs/cmake)
[4.426s] -- Found nav_msgs: 4.9.1 (/opt/ros/humble/share/nav_msgs/cmake)
[4.490s] -- Found tf2_ros: 0.25.19 (/opt/ros/humble/share/tf2_ros/cmake)
[4.722s] -- Found urdf: 2.6.1 (/opt/ros/humble/share/urdf/cmake)
[4.831s] -- Found champ: 0.1.0 (/home/ming/ros2_ws/install/champ/share/champ/cmake)
[5.272s] -- Configuring done
[5.457s] -- Generating done
[5.494s] -- Build files have been written to: /home/ming/ros2_ws/build/champ_base
[5.534s] Invoked command in '/home/ming/ros2_ws/build/champ_base' returned '0': CMAKE_PREFIX_PATH=/home/ming/ros2_ws/install/champ_msgs:/home/ming/ros2_ws/install/champ:/home/ming/ros2_ws/install/unitree_go2_sim:/home/ming/ros2_ws/install/unitree_go2_description:/home/ming/ros2_ws/install/lidar_processor_cpp:/home/ming/ros2_ws/install/go2_interfaces:/home/ming/ros2_ws/install/champ_base:/home/ming/ros2_ws/install/speech_processor:/home/ming/ros2_ws/install/lidar_processor:/home/ming/ros2_ws/install/go2_robot_sdk:/home/ming/ros2_ws/install/go2_navigation:/home/ming/ros2_ws/install/coco_detector:/home/ming/install/go2_navigation:/opt/ros/humble LD_LIBRARY_PATH=/home/ming/ros2_ws/install/champ_msgs/lib:/home/ming/ros2_ws/install/go2_interfaces/lib:/home/ming/ros2_ws/install/champ_base/lib:/opt/ros/humble/opt/rviz_ogre_vendor/lib:/opt/ros/humble/lib/aarch64-linux-gnu:/opt/ros/humble/lib PS1=\[\e]0;\u@\h: \w\a\]${debian_chroot:+($debian_chroot)}\[\033[01;32m\]\u@\h\[\033[00m\]:\[\033[01;34m\]\w\[\033[00m\]\$ /usr/bin/cmake /home/ming/ros2_ws/src/unitree_go2/champ_base -DCMAKE_INSTALL_PREFIX=/home/ming/ros2_ws/install/champ_base
[5.535s] Invoking command in '/home/ming/ros2_ws/build/champ_base': CMAKE_PREFIX_PATH=/home/ming/ros2_ws/install/champ_msgs:/home/ming/ros2_ws/install/champ:/home/ming/ros2_ws/install/unitree_go2_sim:/home/ming/ros2_ws/install/unitree_go2_description:/home/ming/ros2_ws/install/lidar_processor_cpp:/home/ming/ros2_ws/install/go2_interfaces:/home/ming/ros2_ws/install/champ_base:/home/ming/ros2_ws/install/speech_processor:/home/ming/ros2_ws/install/lidar_processor:/home/ming/ros2_ws/install/go2_robot_sdk:/home/ming/ros2_ws/install/go2_navigation:/home/ming/ros2_ws/install/coco_detector:/home/ming/install/go2_navigation:/opt/ros/humble LD_LIBRARY_PATH=/home/ming/ros2_ws/install/champ_msgs/lib:/home/ming/ros2_ws/install/go2_interfaces/lib:/home/ming/ros2_ws/install/champ_base/lib:/opt/ros/humble/opt/rviz_ogre_vendor/lib:/opt/ros/humble/lib/aarch64-linux-gnu:/opt/ros/humble/lib PS1=\[\e]0;\u@\h: \w\a\]${debian_chroot:+($debian_chroot)}\[\033[01;32m\]\u@\h\[\033[00m\]:\[\033[01;34m\]\w\[\033[00m\]\$ /usr/bin/cmake --build /home/ming/ros2_ws/build/champ_base -- -j6 -l6
[5.677s] [  8%] [32mBuilding CXX object CMakeFiles/message_relay.dir/src/message_relay.cpp.o[0m
[5.695s] [ 16%] [32mBuilding CXX object CMakeFiles/state_estimation.dir/src/state_estimation.cpp.o[0m
[5.741s] [ 25%] [32mBuilding CXX object CMakeFiles/quadruped_controller.dir/src/quadruped_controller.cpp.o[0m
[46.260s] [ 33%] [32m[1mLinking CXX shared library libquadruped_controller.so[0m
[48.056s] [ 33%] Built target quadruped_controller
[53.107s] [ 41%] [32m[1mLinking CXX shared library libmessage_relay.so[0m
[55.212s] [ 41%] Built target message_relay
[58.752s] [ 50%] [32m[1mLinking CXX shared library libstate_estimation.so[0m
[61.107s] [ 50%] Built target state_estimation
[61.155s] [ 66%] [32mBuilding CXX object CMakeFiles/quadruped_controller_node.dir/src/quadruped_controller_node.cpp.o[0m
[61.156s] [ 66%] [32mBuilding CXX object CMakeFiles/message_relay_node.dir/src/message_relay_node.cpp.o[0m
[68.635s] [ 75%] [32m[1mLinking CXX executable quadruped_controller_node[0m
[69.048s] [ 83%] [32m[1mLinking CXX executable message_relay_node[0m
[69.438s] [ 83%] Built target quadruped_controller_node
[69.489s] [ 91%] [32mBuilding CXX object CMakeFiles/state_estimation_node.dir/src/state_estimation_node.cpp.o[0m
[70.050s] [ 91%] Built target message_relay_node
[81.965s] [100%] [32m[1mLinking CXX executable state_estimation_node[0m
[83.097s] [100%] Built target state_estimation_node
[83.126s] Invoked command in '/home/ming/ros2_ws/build/champ_base' returned '0': CMAKE_PREFIX_PATH=/home/ming/ros2_ws/install/champ_msgs:/home/ming/ros2_ws/install/champ:/home/ming/ros2_ws/install/unitree_go2_sim:/home/ming/ros2_ws/install/unitree_go2_description:/home/ming/ros2_ws/install/lidar_processor_cpp:/home/ming/ros2_ws/install/go2_interfaces:/home/ming/ros2_ws/install/champ_base:/home/ming/ros2_ws/install/speech_processor:/home/ming/ros2_ws/install/lidar_processor:/home/ming/ros2_ws/install/go2_robot_sdk:/home/ming/ros2_ws/install/go2_navigation:/home/ming/ros2_ws/install/coco_detector:/home/ming/install/go2_navigation:/opt/ros/humble LD_LIBRARY_PATH=/home/ming/ros2_ws/install/champ_msgs/lib:/home/ming/ros2_ws/install/go2_interfaces/lib:/home/ming/ros2_ws/install/champ_base/lib:/opt/ros/humble/opt/rviz_ogre_vendor/lib:/opt/ros/humble/lib/aarch64-linux-gnu:/opt/ros/humble/lib PS1=\[\e]0;\u@\h: \w\a\]${debian_chroot:+($debian_chroot)}\[\033[01;32m\]\u@\h\[\033[00m\]:\[\033[01;34m\]\w\[\033[00m\]\$ /usr/bin/cmake --build /home/ming/ros2_ws/build/champ_base -- -j6 -l6
[83.134s] Invoking command in '/home/ming/ros2_ws/build/champ_base': CMAKE_PREFIX_PATH=/home/ming/ros2_ws/install/champ_msgs:/home/ming/ros2_ws/install/champ:/home/ming/ros2_ws/install/unitree_go2_sim:/home/ming/ros2_ws/install/unitree_go2_description:/home/ming/ros2_ws/install/lidar_processor_cpp:/home/ming/ros2_ws/install/go2_interfaces:/home/ming/ros2_ws/install/champ_base:/home/ming/ros2_ws/install/speech_processor:/home/ming/ros2_ws/install/lidar_processor:/home/ming/ros2_ws/install/go2_robot_sdk:/home/ming/ros2_ws/install/go2_navigation:/home/ming/ros2_ws/install/coco_detector:/home/ming/install/go2_navigation:/opt/ros/humble LD_LIBRARY_PATH=/home/ming/ros2_ws/install/champ_msgs/lib:/home/ming/ros2_ws/install/go2_interfaces/lib:/home/ming/ros2_ws/install/champ_base/lib:/opt/ros/humble/opt/rviz_ogre_vendor/lib:/opt/ros/humble/lib/aarch64-linux-gnu:/opt/ros/humble/lib PS1=\[\e]0;\u@\h: \w\a\]${debian_chroot:+($debian_chroot)}\[\033[01;32m\]\u@\h\[\033[00m\]:\[\033[01;34m\]\w\[\033[00m\]\$ /usr/bin/cmake --install /home/ming/ros2_ws/build/champ_base
[83.152s] -- Install configuration: ""
[83.152s] -- Installing: /home/ming/ros2_ws/install/champ_base/share/champ_base/config
[83.152s] -- Installing: /home/ming/ros2_ws/install/champ_base/share/champ_base/config/velocity_smoother
[83.153s] -- Installing: /home/ming/ros2_ws/install/champ_base/share/champ_base/config/velocity_smoother/velocity_smoother.yaml
[83.153s] -- Installing: /home/ming/ros2_ws/install/champ_base/share/champ_base/config/ekf
[83.155s] -- Installing: /home/ming/ros2_ws/install/champ_base/share/champ_base/config/ekf/base_to_footprint.yaml
[83.157s] -- Installing: /home/ming/ros2_ws/install/champ_base/share/champ_base/config/ekf/footprint_to_odom.yaml
[83.158s] -- Installing: /home/ming/ros2_ws/install/champ_base/lib/libquadruped_controller.so
[83.181s] -- Set runtime path of "/home/ming/ros2_ws/install/champ_base/lib/libquadruped_controller.so" to ""
[83.181s] -- Installing: /home/ming/ros2_ws/install/champ_base/bin/quadruped_controller_node
[83.182s] -- Set runtime path of "/home/ming/ros2_ws/install/champ_base/bin/quadruped_controller_node" to ""
[83.182s] -- Installing: /home/ming/ros2_ws/install/champ_base/lib/libmessage_relay.so
[83.210s] -- Set runtime path of "/home/ming/ros2_ws/install/champ_base/lib/libmessage_relay.so" to ""
[83.210s] -- Installing: /home/ming/ros2_ws/install/champ_base/bin/message_relay_node
[83.211s] -- Set runtime path of "/home/ming/ros2_ws/install/champ_base/bin/message_relay_node" to ""
[83.211s] -- Installing: /home/ming/ros2_ws/install/champ_base/lib/libstate_estimation.so
[83.241s] -- Set runtime path of "/home/ming/ros2_ws/install/champ_base/lib/libstate_estimation.so" to ""
[83.242s] -- Installing: /home/ming/ros2_ws/install/champ_base/bin/state_estimation_node
[83.242s] -- Set runtime path of "/home/ming/ros2_ws/install/champ_base/bin/state_estimation_node" to ""
[83.242s] -- Installing: /home/ming/ros2_ws/install/champ_base/lib/champ_base/quadruped_controller_node
[83.243s] -- Set runtime path of "/home/ming/ros2_ws/install/champ_base/lib/champ_base/quadruped_controller_node" to ""
[83.243s] -- Installing: /home/ming/ros2_ws/install/champ_base/lib/champ_base/message_relay_node
[83.244s] -- Set runtime path of "/home/ming/ros2_ws/install/champ_base/lib/champ_base/message_relay_node" to ""
[83.244s] -- Installing: /home/ming/ros2_ws/install/champ_base/lib/champ_base/state_estimation_node
[83.245s] -- Set runtime path of "/home/ming/ros2_ws/install/champ_base/lib/champ_base/state_estimation_node" to ""
[83.248s] -- Installing: /home/ming/ros2_ws/install/champ_base/share/ament_index/resource_index/package_run_dependencies/champ_base
[83.249s] -- Installing: /home/ming/ros2_ws/install/champ_base/share/ament_index/resource_index/parent_prefix_path/champ_base
[83.249s] -- Installing: /home/ming/ros2_ws/install/champ_base/share/champ_base/environment/ament_prefix_path.sh
[83.250s] -- Installing: /home/ming/ros2_ws/install/champ_base/share/champ_base/environment/ament_prefix_path.dsv
[83.251s] -- Installing: /home/ming/ros2_ws/install/champ_base/share/champ_base/environment/path.sh
[83.251s] -- Installing: /home/ming/ros2_ws/install/champ_base/share/champ_base/environment/path.dsv
[83.251s] -- Installing: /home/ming/ros2_ws/install/champ_base/share/champ_base/local_setup.bash
[83.252s] -- Installing: /home/ming/ros2_ws/install/champ_base/share/champ_base/local_setup.sh
[83.253s] -- Installing: /home/ming/ros2_ws/install/champ_base/share/champ_base/local_setup.zsh
[83.253s] -- Installing: /home/ming/ros2_ws/install/champ_base/share/champ_base/local_setup.dsv
[83.254s] -- Installing: /home/ming/ros2_ws/install/champ_base/share/champ_base/package.dsv
[83.255s] -- Installing: /home/ming/ros2_ws/install/champ_base/share/ament_index/resource_index/packages/champ_base
[83.255s] -- Installing: /home/ming/ros2_ws/install/champ_base/share/champ_base/cmake/ament_cmake_export_include_directories-extras.cmake
[83.256s] -- Installing: /home/ming/ros2_ws/install/champ_base/share/champ_base/cmake/ament_cmake_export_dependencies-extras.cmake
[83.257s] -- Installing: /home/ming/ros2_ws/install/champ_base/share/champ_base/cmake/champ_baseConfig.cmake
[83.258s] -- Installing: /home/ming/ros2_ws/install/champ_base/share/champ_base/cmake/champ_baseConfig-version.cmake
[83.258s] -- Installing: /home/ming/ros2_ws/install/champ_base/share/champ_base/package.xml
[83.266s] Invoked command in '/home/ming/ros2_ws/build/champ_base' returned '0': CMAKE_PREFIX_PATH=/home/ming/ros2_ws/install/champ_msgs:/home/ming/ros2_ws/install/champ:/home/ming/ros2_ws/install/unitree_go2_sim:/home/ming/ros2_ws/install/unitree_go2_description:/home/ming/ros2_ws/install/lidar_processor_cpp:/home/ming/ros2_ws/install/go2_interfaces:/home/ming/ros2_ws/install/champ_base:/home/ming/ros2_ws/install/speech_processor:/home/ming/ros2_ws/install/lidar_processor:/home/ming/ros2_ws/install/go2_robot_sdk:/home/ming/ros2_ws/install/go2_navigation:/home/ming/ros2_ws/install/coco_detector:/home/ming/install/go2_navigation:/opt/ros/humble LD_LIBRARY_PATH=/home/ming/ros2_ws/install/champ_msgs/lib:/home/ming/ros2_ws/install/go2_interfaces/lib:/home/ming/ros2_ws/install/champ_base/lib:/opt/ros/humble/opt/rviz_ogre_vendor/lib:/opt/ros/humble/lib/aarch64-linux-gnu:/opt/ros/humble/lib PS1=\[\e]0;\u@\h: \w\a\]${debian_chroot:+($debian_chroot)}\[\033[01;32m\]\u@\h\[\033[00m\]:\[\033[01;34m\]\w\[\033[00m\]\$ /usr/bin/cmake --install /home/ming/ros2_ws/build/champ_base
