[1.831s] Invoking command in '/home/ming/ros2_ws/build/go2_robot_sdk': CMAKE_PREFIX_PATH=/home/ming/ros2_ws/install/go2_interfaces:/home/ming/ros2_ws/install/unitree_go2_sim:/home/ming/ros2_ws/install/unitree_go2_description:/home/ming/ros2_ws/install/lidar_processor_cpp:/home/ming/ros2_ws/install/champ_base:/home/ming/ros2_ws/install/champ_msgs:/home/ming/ros2_ws/install/champ PYTHONPATH=/home/ming/ros2_ws/build/go2_robot_sdk/prefix_override:/usr/lib/python3/dist-packages/colcon_core/task/python/colcon_distutils_commands:/home/ming/ros2_ws/install/go2_robot_sdk/lib/python3.10/site-packages:${PYTHONPATH} /usr/bin/python3 -W ignore:setup.py install is deprecated -W ignore:easy_install command is deprecated setup.py develop --editable --build-directory /home/ming/ros2_ws/build/go2_robot_sdk/build --no-deps symlink_data --force
[2.381s] running develop
[2.721s] running egg_info
[2.722s] writing go2_robot_sdk.egg-info/PKG-INFO
[2.722s] writing dependency_links to go2_robot_sdk.egg-info/dependency_links.txt
[2.723s] writing entry points to go2_robot_sdk.egg-info/entry_points.txt
[2.723s] writing requirements to go2_robot_sdk.egg-info/requires.txt
[2.723s] writing top-level names to go2_robot_sdk.egg-info/top_level.txt
[2.730s] reading manifest file 'go2_robot_sdk.egg-info/SOURCES.txt'
[2.734s] writing manifest file 'go2_robot_sdk.egg-info/SOURCES.txt'
[2.737s] running build_ext
[2.737s] Creating /home/ming/ros2_ws/install/go2_robot_sdk/lib/python3.10/site-packages/go2-robot-sdk.egg-link (link to .)
[2.739s] Installing go2_driver_node script to /home/ming/ros2_ws/install/go2_robot_sdk/bin
[2.740s] 
[2.740s] Installed /home/ming/ros2_ws/build/go2_robot_sdk
[2.740s] running symlink_data
[2.740s] symbolically linking /home/ming/ros2_ws/build/go2_robot_sdk/resource/go2_robot_sdk -> /home/ming/ros2_ws/install/go2_robot_sdk/share/ament_index/resource_index/packages
[2.741s] symbolically linking /home/ming/ros2_ws/build/go2_robot_sdk/package.xml -> /home/ming/ros2_ws/install/go2_robot_sdk/share/go2_robot_sdk
[2.741s] symbolically linking /home/ming/ros2_ws/build/go2_robot_sdk/launch/robot.launch.py -> /home/ming/ros2_ws/install/go2_robot_sdk/share/go2_robot_sdk/launch
[2.742s] symbolically linking /home/ming/ros2_ws/build/go2_robot_sdk/launch/webrtc_web.launch.py -> /home/ming/ros2_ws/install/go2_robot_sdk/share/go2_robot_sdk/launch
[2.743s] symbolically linking /home/ming/ros2_ws/build/go2_robot_sdk/launch/robot_cpp.launch.py -> /home/ming/ros2_ws/install/go2_robot_sdk/share/go2_robot_sdk/launch
[2.743s] symbolically linking /home/ming/ros2_ws/build/go2_robot_sdk/urdf/go2_with_realsense.urdf -> /home/ming/ros2_ws/install/go2_robot_sdk/share/go2_robot_sdk/urdf
[2.744s] symbolically linking /home/ming/ros2_ws/build/go2_robot_sdk/urdf/go2.urdf -> /home/ming/ros2_ws/install/go2_robot_sdk/share/go2_robot_sdk/urdf
[2.745s] symbolically linking /home/ming/ros2_ws/build/go2_robot_sdk/urdf/go2_on_steroids.urdf -> /home/ming/ros2_ws/install/go2_robot_sdk/share/go2_robot_sdk/urdf
[2.745s] symbolically linking /home/ming/ros2_ws/build/go2_robot_sdk/urdf/multi_go2.urdf -> /home/ming/ros2_ws/install/go2_robot_sdk/share/go2_robot_sdk/urdf
[2.747s] symbolically linking /home/ming/ros2_ws/build/go2_robot_sdk/dae/thigh_mirror.dae -> /home/ming/ros2_ws/install/go2_robot_sdk/share/go2_robot_sdk/dae
[2.749s] symbolically linking /home/ming/ros2_ws/build/go2_robot_sdk/dae/calf_mirror.dae -> /home/ming/ros2_ws/install/go2_robot_sdk/share/go2_robot_sdk/dae
[2.751s] symbolically linking /home/ming/ros2_ws/build/go2_robot_sdk/dae/hip.dae -> /home/ming/ros2_ws/install/go2_robot_sdk/share/go2_robot_sdk/dae
[2.753s] symbolically linking /home/ming/ros2_ws/build/go2_robot_sdk/dae/calf.dae -> /home/ming/ros2_ws/install/go2_robot_sdk/share/go2_robot_sdk/dae
[2.755s] symbolically linking /home/ming/ros2_ws/build/go2_robot_sdk/dae/thigh.dae -> /home/ming/ros2_ws/install/go2_robot_sdk/share/go2_robot_sdk/dae
[2.756s] symbolically linking /home/ming/ros2_ws/build/go2_robot_sdk/dae/foot.dae -> /home/ming/ros2_ws/install/go2_robot_sdk/share/go2_robot_sdk/dae
[2.759s] symbolically linking /home/ming/ros2_ws/build/go2_robot_sdk/dae/base.dae -> /home/ming/ros2_ws/install/go2_robot_sdk/share/go2_robot_sdk/dae
[2.759s] symbolically linking /home/ming/ros2_ws/build/go2_robot_sdk/meshes/base.STL -> /home/ming/ros2_ws/install/go2_robot_sdk/share/go2_robot_sdk/meshes
[2.760s] symbolically linking /home/ming/ros2_ws/build/go2_robot_sdk/meshes/left_d_camera.STL -> /home/ming/ros2_ws/install/go2_robot_sdk/share/go2_robot_sdk/meshes
[2.761s] symbolically linking /home/ming/ros2_ws/build/go2_robot_sdk/meshes/front_d_camera.STL -> /home/ming/ros2_ws/install/go2_robot_sdk/share/go2_robot_sdk/meshes
[2.762s] symbolically linking /home/ming/ros2_ws/build/go2_robot_sdk/meshes/right_d_camera.STL -> /home/ming/ros2_ws/install/go2_robot_sdk/share/go2_robot_sdk/meshes
[2.763s] symbolically linking /home/ming/ros2_ws/build/go2_robot_sdk/meshes/lidar_link.STL -> /home/ming/ros2_ws/install/go2_robot_sdk/share/go2_robot_sdk/meshes
[2.763s] symbolically linking /home/ming/ros2_ws/build/go2_robot_sdk/config/cyclonedds_config.rviz -> /home/ming/ros2_ws/install/go2_robot_sdk/share/go2_robot_sdk/config
[2.764s] symbolically linking /home/ming/ros2_ws/build/go2_robot_sdk/config/twist_mux.yaml -> /home/ming/ros2_ws/install/go2_robot_sdk/share/go2_robot_sdk/config
[2.764s] symbolically linking /home/ming/ros2_ws/build/go2_robot_sdk/config/single_robot_conf.rviz -> /home/ming/ros2_ws/install/go2_robot_sdk/share/go2_robot_sdk/config
[2.765s] symbolically linking /home/ming/ros2_ws/build/go2_robot_sdk/config/nav2_params.yaml -> /home/ming/ros2_ws/install/go2_robot_sdk/share/go2_robot_sdk/config
[2.765s] symbolically linking /home/ming/ros2_ws/build/go2_robot_sdk/config/joystick.yaml -> /home/ming/ros2_ws/install/go2_robot_sdk/share/go2_robot_sdk/config
[2.766s] symbolically linking /home/ming/ros2_ws/build/go2_robot_sdk/config/mapper_params_online_async.yaml -> /home/ming/ros2_ws/install/go2_robot_sdk/share/go2_robot_sdk/config
[2.766s] symbolically linking /home/ming/ros2_ws/build/go2_robot_sdk/config/multi_robot_conf.rviz -> /home/ming/ros2_ws/install/go2_robot_sdk/share/go2_robot_sdk/config
[2.767s] symbolically linking /home/ming/ros2_ws/build/go2_robot_sdk/calibration/front_camera_1080.yaml -> /home/ming/ros2_ws/install/go2_robot_sdk/share/go2_robot_sdk/calibration
[2.768s] symbolically linking /home/ming/ros2_ws/build/go2_robot_sdk/calibration/front_camera_720.yaml -> /home/ming/ros2_ws/install/go2_robot_sdk/share/go2_robot_sdk/calibration
[2.768s] symbolically linking /home/ming/ros2_ws/build/go2_robot_sdk/external_lib/libvoxel.wasm -> /home/ming/ros2_ws/install/go2_robot_sdk/share/go2_robot_sdk/external_lib
[2.769s] symbolically linking /home/ming/ros2_ws/build/go2_robot_sdk/external_lib/aioice/src/aioice/py.typed -> /home/ming/ros2_ws/install/go2_robot_sdk/share/go2_robot_sdk/external_lib/aioice
[2.770s] symbolically linking /home/ming/ros2_ws/build/go2_robot_sdk/external_lib/aioice/src/aioice/stun.py -> /home/ming/ros2_ws/install/go2_robot_sdk/share/go2_robot_sdk/external_lib/aioice
[2.770s] symbolically linking /home/ming/ros2_ws/build/go2_robot_sdk/external_lib/aioice/src/aioice/candidate.py -> /home/ming/ros2_ws/install/go2_robot_sdk/share/go2_robot_sdk/external_lib/aioice
[2.771s] symbolically linking /home/ming/ros2_ws/build/go2_robot_sdk/external_lib/aioice/src/aioice/ice.py -> /home/ming/ros2_ws/install/go2_robot_sdk/share/go2_robot_sdk/external_lib/aioice
[2.771s] symbolically linking /home/ming/ros2_ws/build/go2_robot_sdk/external_lib/aioice/src/aioice/mdns.py -> /home/ming/ros2_ws/install/go2_robot_sdk/share/go2_robot_sdk/external_lib/aioice
[2.772s] symbolically linking /home/ming/ros2_ws/build/go2_robot_sdk/external_lib/aioice/src/aioice/turn.py -> /home/ming/ros2_ws/install/go2_robot_sdk/share/go2_robot_sdk/external_lib/aioice
[2.772s] symbolically linking /home/ming/ros2_ws/build/go2_robot_sdk/external_lib/aioice/src/aioice/__init__.py -> /home/ming/ros2_ws/install/go2_robot_sdk/share/go2_robot_sdk/external_lib/aioice
[2.773s] symbolically linking /home/ming/ros2_ws/build/go2_robot_sdk/external_lib/aioice/src/aioice/utils.py -> /home/ming/ros2_ws/install/go2_robot_sdk/share/go2_robot_sdk/external_lib/aioice
[2.868s] Invoked command in '/home/ming/ros2_ws/build/go2_robot_sdk' returned '0': CMAKE_PREFIX_PATH=/home/ming/ros2_ws/install/go2_interfaces:/home/ming/ros2_ws/install/unitree_go2_sim:/home/ming/ros2_ws/install/unitree_go2_description:/home/ming/ros2_ws/install/lidar_processor_cpp:/home/ming/ros2_ws/install/champ_base:/home/ming/ros2_ws/install/champ_msgs:/home/ming/ros2_ws/install/champ PYTHONPATH=/home/ming/ros2_ws/build/go2_robot_sdk/prefix_override:/usr/lib/python3/dist-packages/colcon_core/task/python/colcon_distutils_commands:/home/ming/ros2_ws/install/go2_robot_sdk/lib/python3.10/site-packages:${PYTHONPATH} /usr/bin/python3 -W ignore:setup.py install is deprecated -W ignore:easy_install command is deprecated setup.py develop --editable --build-directory /home/ming/ros2_ws/build/go2_robot_sdk/build --no-deps symlink_data --force
