[2.266s] Invoking command in '/home/ming/ros2_ws/build/coco_detector': PYTHONPATH=/home/ming/ros2_ws/build/coco_detector/prefix_override:/usr/lib/python3/dist-packages/colcon_core/task/python/colcon_distutils_commands:/home/ming/ros2_ws/install/coco_detector/lib/python3.10/site-packages:${PYTHONPATH} /usr/bin/python3 -W ignore:setup.py install is deprecated -W ignore:easy_install command is deprecated setup.py develop --editable --build-directory /home/ming/ros2_ws/build/coco_detector/build --no-deps symlink_data
[2.941s] running develop
[3.290s] running egg_info
[3.290s] creating coco_detector.egg-info
[3.292s] writing coco_detector.egg-info/PKG-INFO
[3.293s] writing dependency_links to coco_detector.egg-info/dependency_links.txt
[3.294s] writing entry points to coco_detector.egg-info/entry_points.txt
[3.295s] writing requirements to coco_detector.egg-info/requires.txt
[3.295s] writing top-level names to coco_detector.egg-info/top_level.txt
[3.296s] writing manifest file 'coco_detector.egg-info/SOURCES.txt'
[3.301s] reading manifest file 'coco_detector.egg-info/SOURCES.txt'
[3.302s] writing manifest file 'coco_detector.egg-info/SOURCES.txt'
[3.306s] running build_ext
[3.307s] Creating /home/ming/ros2_ws/install/coco_detector/lib/python3.10/site-packages/coco-detector.egg-link (link to .)
[3.309s] Installing coco_detector_node script to /home/ming/ros2_ws/install/coco_detector/lib/coco_detector
[3.310s] 
[3.310s] Installed /home/ming/ros2_ws/build/coco_detector
[3.312s] running symlink_data
[3.312s] creating /home/ming/ros2_ws/install/coco_detector/share/ament_index
[3.313s] creating /home/ming/ros2_ws/install/coco_detector/share/ament_index/resource_index
[3.313s] creating /home/ming/ros2_ws/install/coco_detector/share/ament_index/resource_index/packages
[3.313s] symbolically linking /home/ming/ros2_ws/build/coco_detector/resource/coco_detector -> /home/ming/ros2_ws/install/coco_detector/share/ament_index/resource_index/packages
[3.314s] symbolically linking /home/ming/ros2_ws/build/coco_detector/package.xml -> /home/ming/ros2_ws/install/coco_detector/share/coco_detector
[3.413s] Invoked command in '/home/ming/ros2_ws/build/coco_detector' returned '0': PYTHONPATH=/home/ming/ros2_ws/build/coco_detector/prefix_override:/usr/lib/python3/dist-packages/colcon_core/task/python/colcon_distutils_commands:/home/ming/ros2_ws/install/coco_detector/lib/python3.10/site-packages:${PYTHONPATH} /usr/bin/python3 -W ignore:setup.py install is deprecated -W ignore:easy_install command is deprecated setup.py develop --editable --build-directory /home/ming/ros2_ws/build/coco_detector/build --no-deps symlink_data
