running egg_info
writing ../../build/go2_unitree_bridge/go2_unitree_bridge.egg-info/PKG-INFO
writing dependency_links to ../../build/go2_unitree_bridge/go2_unitree_bridge.egg-info/dependency_links.txt
writing entry points to ../../build/go2_unitree_bridge/go2_unitree_bridge.egg-info/entry_points.txt
writing requirements to ../../build/go2_unitree_bridge/go2_unitree_bridge.egg-info/requires.txt
writing top-level names to ../../build/go2_unitree_bridge/go2_unitree_bridge.egg-info/top_level.txt
reading manifest file '../../build/go2_unitree_bridge/go2_unitree_bridge.egg-info/SOURCES.txt'
writing manifest file '../../build/go2_unitree_bridge/go2_unitree_bridge.egg-info/SOURCES.txt'
running build
running build_py
copying go2_unitree_bridge/mujoco_bridge_node.py -> /home/ming/ros2_ws/build/go2_unitree_bridge/build/lib/go2_unitree_bridge
running install
running install_lib
copying /home/ming/ros2_ws/build/go2_unitree_bridge/build/lib/go2_unitree_bridge/mujoco_bridge_node.py -> /home/ming/ros2_ws/install/go2_unitree_bridge/lib/python3.10/site-packages/go2_unitree_bridge
byte-compiling /home/ming/ros2_ws/install/go2_unitree_bridge/lib/python3.10/site-packages/go2_unitree_bridge/mujoco_bridge_node.py to mujoco_bridge_node.cpython-310.pyc
running install_data
running install_egg_info
removing '/home/ming/ros2_ws/install/go2_unitree_bridge/lib/python3.10/site-packages/go2_unitree_bridge-0.1.0-py3.10.egg-info' (and everything under it)
Copying ../../build/go2_unitree_bridge/go2_unitree_bridge.egg-info to /home/ming/ros2_ws/install/go2_unitree_bridge/lib/python3.10/site-packages/go2_unitree_bridge-0.1.0-py3.10.egg-info
running install_scripts
Installing go2_mujoco_bridge_node script to /home/ming/ros2_ws/install/go2_unitree_bridge/lib/go2_unitree_bridge
Installing go2_unitree_bridge_node script to /home/ming/ros2_ws/install/go2_unitree_bridge/lib/go2_unitree_bridge
writing list of installed files to '/home/ming/ros2_ws/build/go2_unitree_bridge/install.log'
