[3.355s] Invoking command in '/home/ming/ros2_ws/src/speech_processor': CMAKE_PREFIX_PATH=/home/ming/ros2_ws/install/go2_interfaces:/home/ming/ros2_ws/install/unitree_go2_sim:/home/ming/ros2_ws/install/unitree_go2_description:/home/ming/ros2_ws/install/lidar_processor_cpp:/home/ming/ros2_ws/install/champ_base:/home/ming/ros2_ws/install/champ_msgs:/home/ming/ros2_ws/install/champ PS1=\[\e]0;\u@\h: \w\a\]${debian_chroot:+($debian_chroot)}\[\033[01;32m\]\u@\h\[\033[00m\]:\[\033[01;34m\]\w\[\033[00m\]\$ PYTHONPATH=/home/ming/ros2_ws/build/speech_processor/prefix_override:/usr/lib/python3/dist-packages/colcon_core/task/python/colcon_distutils_commands:/home/ming/ros2_ws/install/speech_processor/lib/python3.10/site-packages:${PYTHONPATH} /usr/bin/python3 -W ignore:setup.py install is deprecated -W ignore:easy_install command is deprecated setup.py egg_info --egg-base ../../build/speech_processor build --build-base /home/ming/ros2_ws/build/speech_processor/build install --record /home/ming/ros2_ws/build/speech_processor/install.log --single-version-externally-managed install_data
[3.864s] running egg_info
[3.865s] creating ../../build/speech_processor/speech_processor.egg-info
[3.865s] writing ../../build/speech_processor/speech_processor.egg-info/PKG-INFO
[3.866s] writing dependency_links to ../../build/speech_processor/speech_processor.egg-info/dependency_links.txt
[3.866s] writing entry points to ../../build/speech_processor/speech_processor.egg-info/entry_points.txt
[3.866s] writing requirements to ../../build/speech_processor/speech_processor.egg-info/requires.txt
[3.867s] writing top-level names to ../../build/speech_processor/speech_processor.egg-info/top_level.txt
[3.867s] writing manifest file '../../build/speech_processor/speech_processor.egg-info/SOURCES.txt'
[3.879s] reading manifest file '../../build/speech_processor/speech_processor.egg-info/SOURCES.txt'
[3.880s] writing manifest file '../../build/speech_processor/speech_processor.egg-info/SOURCES.txt'
[3.881s] running build
[3.881s] running build_py
[3.882s] creating /home/ming/ros2_ws/build/speech_processor/build
[3.882s] creating /home/ming/ros2_ws/build/speech_processor/build/lib
[3.882s] creating /home/ming/ros2_ws/build/speech_processor/build/lib/speech_processor
[3.883s] copying speech_processor/tts_node.py -> /home/ming/ros2_ws/build/speech_processor/build/lib/speech_processor
[3.885s] copying speech_processor/__init__.py -> /home/ming/ros2_ws/build/speech_processor/build/lib/speech_processor
[3.886s] running install
[3.887s] running install_lib
[3.889s] creating /home/ming/ros2_ws/install/speech_processor/lib/python3.10/site-packages/speech_processor
[3.889s] copying /home/ming/ros2_ws/build/speech_processor/build/lib/speech_processor/tts_node.py -> /home/ming/ros2_ws/install/speech_processor/lib/python3.10/site-packages/speech_processor
[3.890s] copying /home/ming/ros2_ws/build/speech_processor/build/lib/speech_processor/__init__.py -> /home/ming/ros2_ws/install/speech_processor/lib/python3.10/site-packages/speech_processor
[3.891s] byte-compiling /home/ming/ros2_ws/install/speech_processor/lib/python3.10/site-packages/speech_processor/tts_node.py to tts_node.cpython-310.pyc
[3.897s] byte-compiling /home/ming/ros2_ws/install/speech_processor/lib/python3.10/site-packages/speech_processor/__init__.py to __init__.cpython-310.pyc
[3.898s] running install_data
[3.898s] creating /home/ming/ros2_ws/install/speech_processor/share/ament_index
[3.898s] creating /home/ming/ros2_ws/install/speech_processor/share/ament_index/resource_index
[3.899s] creating /home/ming/ros2_ws/install/speech_processor/share/ament_index/resource_index/packages
[3.900s] copying resource/speech_processor -> /home/ming/ros2_ws/install/speech_processor/share/ament_index/resource_index/packages
[3.900s] copying package.xml -> /home/ming/ros2_ws/install/speech_processor/share/speech_processor
[3.901s] running install_egg_info
[3.904s] Copying ../../build/speech_processor/speech_processor.egg-info to /home/ming/ros2_ws/install/speech_processor/lib/python3.10/site-packages/speech_processor-1.0.0-py3.10.egg-info
[3.906s] running install_scripts
[3.949s] Installing audio_manager script to /home/ming/ros2_ws/install/speech_processor/lib/speech_processor
[3.950s] Installing speech_synthesizer script to /home/ming/ros2_ws/install/speech_processor/lib/speech_processor
[3.950s] Installing tts_node script to /home/ming/ros2_ws/install/speech_processor/lib/speech_processor
[3.950s] writing list of installed files to '/home/ming/ros2_ws/build/speech_processor/install.log'
[4.028s] Invoked command in '/home/ming/ros2_ws/src/speech_processor' returned '0': CMAKE_PREFIX_PATH=/home/ming/ros2_ws/install/go2_interfaces:/home/ming/ros2_ws/install/unitree_go2_sim:/home/ming/ros2_ws/install/unitree_go2_description:/home/ming/ros2_ws/install/lidar_processor_cpp:/home/ming/ros2_ws/install/champ_base:/home/ming/ros2_ws/install/champ_msgs:/home/ming/ros2_ws/install/champ PS1=\[\e]0;\u@\h: \w\a\]${debian_chroot:+($debian_chroot)}\[\033[01;32m\]\u@\h\[\033[00m\]:\[\033[01;34m\]\w\[\033[00m\]\$ PYTHONPATH=/home/ming/ros2_ws/build/speech_processor/prefix_override:/usr/lib/python3/dist-packages/colcon_core/task/python/colcon_distutils_commands:/home/ming/ros2_ws/install/speech_processor/lib/python3.10/site-packages:${PYTHONPATH} /usr/bin/python3 -W ignore:setup.py install is deprecated -W ignore:easy_install command is deprecated setup.py egg_info --egg-base ../../build/speech_processor build --build-base /home/ming/ros2_ws/build/speech_processor/build install --record /home/ming/ros2_ws/build/speech_processor/install.log --single-version-externally-managed install_data
