[0.044s] Invoking command in '/home/ming/ros2_ws/build/go2_interfaces': CMAKE_PREFIX_PATH=${CMAKE_PREFIX_PATH}:/home/ming/ros2_ws/install/speech_processor:/home/ming/ros2_ws/install/lidar_processor:/home/ming/ros2_ws/install/go2_robot_sdk:/home/ming/ros2_ws/install/coco_detector:/opt/ros/humble PS1=\[\e]0;\u@\h: \w\a\]${debian_chroot:+($debian_chroot)}\[\033[01;32m\]\u@\h\[\033[00m\]:\[\033[01;34m\]\w\[\033[00m\]\$ /usr/bin/cmake --build /home/ming/ros2_ws/build/go2_interfaces -- -j6 -l6
[1.096s] [  0%] Built target go2_interfaces__cpp
[1.097s] [  0%] Built target ament_cmake_python_symlink_go2_interfaces
[1.097s] [ 12%] Built target go2_interfaces__rosidl_generator_c
[1.097s] [ 24%] Built target go2_interfaces__rosidl_typesupport_cpp
[1.097s] [ 49%] Built target go2_interfaces__rosidl_typesupport_introspection_cpp
[1.097s] [ 48%] Built target go2_interfaces__rosidl_typesupport_fastrtps_cpp
[1.097s] [ 62%] Built target go2_interfaces__rosidl_typesupport_introspection_c
[1.097s] [ 74%] Built target go2_interfaces__rosidl_typesupport_fastrtps_c
[1.098s] [ 86%] Built target go2_interfaces__rosidl_typesupport_c
[1.098s] [ 86%] Built target go2_interfaces
[1.098s] [ 86%] Built target go2_interfaces__py
[1.098s] [ 98%] Built target go2_interfaces__rosidl_generator_py
[1.098s] [100%] Built target go2_interfaces__rosidl_typesupport_c__pyext
[1.098s] [100%] Built target go2_interfaces__rosidl_typesupport_fastrtps_c__pyext
[1.098s] [100%] Built target go2_interfaces__rosidl_typesupport_introspection_c__pyext
[1.098s] running egg_info
[1.098s] writing go2_interfaces.egg-info/PKG-INFO
[1.098s] writing dependency_links to go2_interfaces.egg-info/dependency_links.txt
[1.099s] writing top-level names to go2_interfaces.egg-info/top_level.txt
[1.099s] reading manifest file 'go2_interfaces.egg-info/SOURCES.txt'
[1.099s] writing manifest file 'go2_interfaces.egg-info/SOURCES.txt'
[1.099s] [100%] Built target ament_cmake_python_build_go2_interfaces_egg
[1.099s] Invoked command in '/home/ming/ros2_ws/build/go2_interfaces' returned '0': CMAKE_PREFIX_PATH=${CMAKE_PREFIX_PATH}:/home/ming/ros2_ws/install/speech_processor:/home/ming/ros2_ws/install/lidar_processor:/home/ming/ros2_ws/install/go2_robot_sdk:/home/ming/ros2_ws/install/coco_detector:/opt/ros/humble PS1=\[\e]0;\u@\h: \w\a\]${debian_chroot:+($debian_chroot)}\[\033[01;32m\]\u@\h\[\033[00m\]:\[\033[01;34m\]\w\[\033[00m\]\$ /usr/bin/cmake --build /home/ming/ros2_ws/build/go2_interfaces -- -j6 -l6
[1.119s] Invoking command in '/home/ming/ros2_ws/build/go2_interfaces': CMAKE_PREFIX_PATH=${CMAKE_PREFIX_PATH}:/home/ming/ros2_ws/install/speech_processor:/home/ming/ros2_ws/install/lidar_processor:/home/ming/ros2_ws/install/go2_robot_sdk:/home/ming/ros2_ws/install/coco_detector:/opt/ros/humble PS1=\[\e]0;\u@\h: \w\a\]${debian_chroot:+($debian_chroot)}\[\033[01;32m\]\u@\h\[\033[00m\]:\[\033[01;34m\]\w\[\033[00m\]\$ /usr/bin/cmake --install /home/ming/ros2_ws/build/go2_interfaces
[1.134s] -- Install configuration: ""
[1.136s] -- Execute custom install script
[1.136s] -- Up-to-date symlink: /home/ming/ros2_ws/install/go2_interfaces/share/ament_index/resource_index/rosidl_interfaces/go2_interfaces
[1.139s] -- Up-to-date symlink: /home/ming/ros2_ws/install/go2_interfaces/include/go2_interfaces/go2_interfaces/msg/audio_data.h
[1.140s] -- Up-to-date symlink: /home/ming/ros2_ws/install/go2_interfaces/include/go2_interfaces/go2_interfaces/msg/bms_cmd.h
[1.141s] -- Up-to-date symlink: /home/ming/ros2_ws/install/go2_interfaces/include/go2_interfaces/go2_interfaces/msg/bms_state.h
[1.142s] -- Up-to-date symlink: /home/ming/ros2_ws/install/go2_interfaces/include/go2_interfaces/go2_interfaces/msg/detail/audio_data__functions.h
[1.143s] -- Up-to-date symlink: /home/ming/ros2_ws/install/go2_interfaces/include/go2_interfaces/go2_interfaces/msg/detail/audio_data__struct.h
[1.144s] -- Up-to-date symlink: /home/ming/ros2_ws/install/go2_interfaces/include/go2_interfaces/go2_interfaces/msg/detail/audio_data__type_support.h
[1.144s] -- Up-to-date symlink: /home/ming/ros2_ws/install/go2_interfaces/include/go2_interfaces/go2_interfaces/msg/detail/bms_cmd__functions.h
[1.145s] -- Up-to-date symlink: /home/ming/ros2_ws/install/go2_interfaces/include/go2_interfaces/go2_interfaces/msg/detail/bms_cmd__struct.h
[1.146s] -- Up-to-date symlink: /home/ming/ros2_ws/install/go2_interfaces/include/go2_interfaces/go2_interfaces/msg/detail/bms_cmd__type_support.h
[1.147s] -- Up-to-date symlink: /home/ming/ros2_ws/install/go2_interfaces/include/go2_interfaces/go2_interfaces/msg/detail/bms_state__functions.h
[1.147s] -- Up-to-date symlink: /home/ming/ros2_ws/install/go2_interfaces/include/go2_interfaces/go2_interfaces/msg/detail/bms_state__struct.h
[1.148s] -- Up-to-date symlink: /home/ming/ros2_ws/install/go2_interfaces/include/go2_interfaces/go2_interfaces/msg/detail/bms_state__type_support.h
[1.149s] -- Up-to-date symlink: /home/ming/ros2_ws/install/go2_interfaces/include/go2_interfaces/go2_interfaces/msg/detail/error__functions.h
[1.149s] -- Up-to-date symlink: /home/ming/ros2_ws/install/go2_interfaces/include/go2_interfaces/go2_interfaces/msg/detail/error__struct.h
[1.150s] -- Up-to-date symlink: /home/ming/ros2_ws/install/go2_interfaces/include/go2_interfaces/go2_interfaces/msg/detail/error__type_support.h
[1.151s] -- Up-to-date symlink: /home/ming/ros2_ws/install/go2_interfaces/include/go2_interfaces/go2_interfaces/msg/detail/go2_cmd__functions.h
[1.152s] -- Up-to-date symlink: /home/ming/ros2_ws/install/go2_interfaces/include/go2_interfaces/go2_interfaces/msg/detail/go2_cmd__struct.h
[1.152s] -- Up-to-date symlink: /home/ming/ros2_ws/install/go2_interfaces/include/go2_interfaces/go2_interfaces/msg/detail/go2_cmd__type_support.h
[1.153s] -- Up-to-date symlink: /home/ming/ros2_ws/install/go2_interfaces/include/go2_interfaces/go2_interfaces/msg/detail/go2_front_video_data__functions.h
[1.154s] -- Up-to-date symlink: /home/ming/ros2_ws/install/go2_interfaces/include/go2_interfaces/go2_interfaces/msg/detail/go2_front_video_data__struct.h
[1.155s] -- Up-to-date symlink: /home/ming/ros2_ws/install/go2_interfaces/include/go2_interfaces/go2_interfaces/msg/detail/go2_front_video_data__type_support.h
[1.156s] -- Up-to-date symlink: /home/ming/ros2_ws/install/go2_interfaces/include/go2_interfaces/go2_interfaces/msg/detail/go2_move__functions.h
[1.156s] -- Up-to-date symlink: /home/ming/ros2_ws/install/go2_interfaces/include/go2_interfaces/go2_interfaces/msg/detail/go2_move__struct.h
[1.157s] -- Up-to-date symlink: /home/ming/ros2_ws/install/go2_interfaces/include/go2_interfaces/go2_interfaces/msg/detail/go2_move__type_support.h
[1.158s] -- Up-to-date symlink: /home/ming/ros2_ws/install/go2_interfaces/include/go2_interfaces/go2_interfaces/msg/detail/go2_rpy_cmd__functions.h
[1.159s] -- Up-to-date symlink: /home/ming/ros2_ws/install/go2_interfaces/include/go2_interfaces/go2_interfaces/msg/detail/go2_rpy_cmd__struct.h
[1.159s] -- Up-to-date symlink: /home/ming/ros2_ws/install/go2_interfaces/include/go2_interfaces/go2_interfaces/msg/detail/go2_rpy_cmd__type_support.h
[1.160s] -- Up-to-date symlink: /home/ming/ros2_ws/install/go2_interfaces/include/go2_interfaces/go2_interfaces/msg/detail/go2_state__functions.h
[1.161s] -- Up-to-date symlink: /home/ming/ros2_ws/install/go2_interfaces/include/go2_interfaces/go2_interfaces/msg/detail/go2_state__struct.h
[1.161s] -- Up-to-date symlink: /home/ming/ros2_ws/install/go2_interfaces/include/go2_interfaces/go2_interfaces/msg/detail/go2_state__type_support.h
[1.162s] -- Up-to-date symlink: /home/ming/ros2_ws/install/go2_interfaces/include/go2_interfaces/go2_interfaces/msg/detail/height_map__functions.h
[1.163s] -- Up-to-date symlink: /home/ming/ros2_ws/install/go2_interfaces/include/go2_interfaces/go2_interfaces/msg/detail/height_map__struct.h
[1.163s] -- Up-to-date symlink: /home/ming/ros2_ws/install/go2_interfaces/include/go2_interfaces/go2_interfaces/msg/detail/height_map__type_support.h
[1.164s] -- Up-to-date symlink: /home/ming/ros2_ws/install/go2_interfaces/include/go2_interfaces/go2_interfaces/msg/detail/imu__functions.h
[1.165s] -- Up-to-date symlink: /home/ming/ros2_ws/install/go2_interfaces/include/go2_interfaces/go2_interfaces/msg/detail/imu__struct.h
[1.165s] -- Up-to-date symlink: /home/ming/ros2_ws/install/go2_interfaces/include/go2_interfaces/go2_interfaces/msg/detail/imu__type_support.h
[1.166s] -- Up-to-date symlink: /home/ming/ros2_ws/install/go2_interfaces/include/go2_interfaces/go2_interfaces/msg/detail/interface_config__functions.h
[1.167s] -- Up-to-date symlink: /home/ming/ros2_ws/install/go2_interfaces/include/go2_interfaces/go2_interfaces/msg/detail/interface_config__struct.h
[1.167s] -- Up-to-date symlink: /home/ming/ros2_ws/install/go2_interfaces/include/go2_interfaces/go2_interfaces/msg/detail/interface_config__type_support.h
[1.168s] -- Up-to-date symlink: /home/ming/ros2_ws/install/go2_interfaces/include/go2_interfaces/go2_interfaces/msg/detail/lidar_state__functions.h
[1.169s] -- Up-to-date symlink: /home/ming/ros2_ws/install/go2_interfaces/include/go2_interfaces/go2_interfaces/msg/detail/lidar_state__struct.h
[1.169s] -- Up-to-date symlink: /home/ming/ros2_ws/install/go2_interfaces/include/go2_interfaces/go2_interfaces/msg/detail/lidar_state__type_support.h
[1.170s] -- Up-to-date symlink: /home/ming/ros2_ws/install/go2_interfaces/include/go2_interfaces/go2_interfaces/msg/detail/low_cmd__functions.h
[1.171s] -- Up-to-date symlink: /home/ming/ros2_ws/install/go2_interfaces/include/go2_interfaces/go2_interfaces/msg/detail/low_cmd__struct.h
[1.172s] -- Up-to-date symlink: /home/ming/ros2_ws/install/go2_interfaces/include/go2_interfaces/go2_interfaces/msg/detail/low_cmd__type_support.h
[1.172s] -- Up-to-date symlink: /home/ming/ros2_ws/install/go2_interfaces/include/go2_interfaces/go2_interfaces/msg/detail/low_state__functions.h
[1.173s] -- Up-to-date symlink: /home/ming/ros2_ws/install/go2_interfaces/include/go2_interfaces/go2_interfaces/msg/detail/low_state__struct.h
[1.174s] -- Up-to-date symlink: /home/ming/ros2_ws/install/go2_interfaces/include/go2_interfaces/go2_interfaces/msg/detail/low_state__type_support.h
[1.175s] -- Up-to-date symlink: /home/ming/ros2_ws/install/go2_interfaces/include/go2_interfaces/go2_interfaces/msg/detail/motor_cmd__functions.h
[1.175s] -- Up-to-date symlink: /home/ming/ros2_ws/install/go2_interfaces/include/go2_interfaces/go2_interfaces/msg/detail/motor_cmd__struct.h
[1.176s] -- Up-to-date symlink: /home/ming/ros2_ws/install/go2_interfaces/include/go2_interfaces/go2_interfaces/msg/detail/motor_cmd__type_support.h
[1.177s] -- Up-to-date symlink: /home/ming/ros2_ws/install/go2_interfaces/include/go2_interfaces/go2_interfaces/msg/detail/motor_cmds__functions.h
[1.177s] -- Up-to-date symlink: /home/ming/ros2_ws/install/go2_interfaces/include/go2_interfaces/go2_interfaces/msg/detail/motor_cmds__struct.h
[1.178s] -- Up-to-date symlink: /home/ming/ros2_ws/install/go2_interfaces/include/go2_interfaces/go2_interfaces/msg/detail/motor_cmds__type_support.h
[1.179s] -- Up-to-date symlink: /home/ming/ros2_ws/install/go2_interfaces/include/go2_interfaces/go2_interfaces/msg/detail/motor_state__functions.h
[1.180s] -- Up-to-date symlink: /home/ming/ros2_ws/install/go2_interfaces/include/go2_interfaces/go2_interfaces/msg/detail/motor_state__struct.h
[1.180s] -- Up-to-date symlink: /home/ming/ros2_ws/install/go2_interfaces/include/go2_interfaces/go2_interfaces/msg/detail/motor_state__type_support.h
[1.181s] -- Up-to-date symlink: /home/ming/ros2_ws/install/go2_interfaces/include/go2_interfaces/go2_interfaces/msg/detail/motor_states__functions.h
[1.182s] -- Up-to-date symlink: /home/ming/ros2_ws/install/go2_interfaces/include/go2_interfaces/go2_interfaces/msg/detail/motor_states__struct.h
[1.182s] -- Up-to-date symlink: /home/ming/ros2_ws/install/go2_interfaces/include/go2_interfaces/go2_interfaces/msg/detail/motor_states__type_support.h
[1.183s] -- Up-to-date symlink: /home/ming/ros2_ws/install/go2_interfaces/include/go2_interfaces/go2_interfaces/msg/detail/path_point__functions.h
[1.184s] -- Up-to-date symlink: /home/ming/ros2_ws/install/go2_interfaces/include/go2_interfaces/go2_interfaces/msg/detail/path_point__struct.h
[1.185s] -- Up-to-date symlink: /home/ming/ros2_ws/install/go2_interfaces/include/go2_interfaces/go2_interfaces/msg/detail/path_point__type_support.h
[1.185s] -- Up-to-date symlink: /home/ming/ros2_ws/install/go2_interfaces/include/go2_interfaces/go2_interfaces/msg/detail/req__functions.h
[1.186s] -- Up-to-date symlink: /home/ming/ros2_ws/install/go2_interfaces/include/go2_interfaces/go2_interfaces/msg/detail/req__struct.h
[1.187s] -- Up-to-date symlink: /home/ming/ros2_ws/install/go2_interfaces/include/go2_interfaces/go2_interfaces/msg/detail/req__type_support.h
[1.187s] -- Up-to-date symlink: /home/ming/ros2_ws/install/go2_interfaces/include/go2_interfaces/go2_interfaces/msg/detail/res__functions.h
[1.188s] -- Up-to-date symlink: /home/ming/ros2_ws/install/go2_interfaces/include/go2_interfaces/go2_interfaces/msg/detail/res__struct.h
[1.189s] -- Up-to-date symlink: /home/ming/ros2_ws/install/go2_interfaces/include/go2_interfaces/go2_interfaces/msg/detail/res__type_support.h
[1.190s] -- Up-to-date symlink: /home/ming/ros2_ws/install/go2_interfaces/include/go2_interfaces/go2_interfaces/msg/detail/sport_mode_cmd__functions.h
[1.191s] -- Up-to-date symlink: /home/ming/ros2_ws/install/go2_interfaces/include/go2_interfaces/go2_interfaces/msg/detail/sport_mode_cmd__struct.h
[1.192s] -- Up-to-date symlink: /home/ming/ros2_ws/install/go2_interfaces/include/go2_interfaces/go2_interfaces/msg/detail/sport_mode_cmd__type_support.h
[1.192s] -- Up-to-date symlink: /home/ming/ros2_ws/install/go2_interfaces/include/go2_interfaces/go2_interfaces/msg/detail/sport_mode_state__functions.h
[1.193s] -- Up-to-date symlink: /home/ming/ros2_ws/install/go2_interfaces/include/go2_interfaces/go2_interfaces/msg/detail/sport_mode_state__struct.h
[1.194s] -- Up-to-date symlink: /home/ming/ros2_ws/install/go2_interfaces/include/go2_interfaces/go2_interfaces/msg/detail/sport_mode_state__type_support.h
[1.195s] -- Up-to-date symlink: /home/ming/ros2_ws/install/go2_interfaces/include/go2_interfaces/go2_interfaces/msg/detail/time_spec__functions.h
[1.195s] -- Up-to-date symlink: /home/ming/ros2_ws/install/go2_interfaces/include/go2_interfaces/go2_interfaces/msg/detail/time_spec__struct.h
[1.195s] -- Up-to-date symlink: /home/ming/ros2_ws/install/go2_interfaces/include/go2_interfaces/go2_interfaces/msg/detail/time_spec__type_support.h
[1.196s] -- Up-to-date symlink: /home/ming/ros2_ws/install/go2_interfaces/include/go2_interfaces/go2_interfaces/msg/detail/uwb_state__functions.h
[1.196s] -- Up-to-date symlink: /home/ming/ros2_ws/install/go2_interfaces/include/go2_interfaces/go2_interfaces/msg/detail/uwb_state__struct.h
[1.197s] -- Up-to-date symlink: /home/ming/ros2_ws/install/go2_interfaces/include/go2_interfaces/go2_interfaces/msg/detail/uwb_state__type_support.h
[1.198s] -- Up-to-date symlink: /home/ming/ros2_ws/install/go2_interfaces/include/go2_interfaces/go2_interfaces/msg/detail/uwb_switch__functions.h
[1.198s] -- Up-to-date symlink: /home/ming/ros2_ws/install/go2_interfaces/include/go2_interfaces/go2_interfaces/msg/detail/uwb_switch__struct.h
[1.198s] -- Up-to-date symlink: /home/ming/ros2_ws/install/go2_interfaces/include/go2_interfaces/go2_interfaces/msg/detail/uwb_switch__type_support.h
[1.199s] -- Up-to-date symlink: /home/ming/ros2_ws/install/go2_interfaces/include/go2_interfaces/go2_interfaces/msg/detail/voxel_height_map_state__functions.h
[1.200s] -- Up-to-date symlink: /home/ming/ros2_ws/install/go2_interfaces/include/go2_interfaces/go2_interfaces/msg/detail/voxel_height_map_state__struct.h
[1.200s] -- Up-to-date symlink: /home/ming/ros2_ws/install/go2_interfaces/include/go2_interfaces/go2_interfaces/msg/detail/voxel_height_map_state__type_support.h
[1.200s] -- Up-to-date symlink: /home/ming/ros2_ws/install/go2_interfaces/include/go2_interfaces/go2_interfaces/msg/detail/voxel_map_compressed__functions.h
[1.201s] -- Up-to-date symlink: /home/ming/ros2_ws/install/go2_interfaces/include/go2_interfaces/go2_interfaces/msg/detail/voxel_map_compressed__struct.h
[1.201s] -- Up-to-date symlink: /home/ming/ros2_ws/install/go2_interfaces/include/go2_interfaces/go2_interfaces/msg/detail/voxel_map_compressed__type_support.h
[1.201s] -- Up-to-date symlink: /home/ming/ros2_ws/install/go2_interfaces/include/go2_interfaces/go2_interfaces/msg/detail/web_rtc_req__functions.h
[1.202s] -- Up-to-date symlink: /home/ming/ros2_ws/install/go2_interfaces/include/go2_interfaces/go2_interfaces/msg/detail/web_rtc_req__struct.h
[1.202s] -- Up-to-date symlink: /home/ming/ros2_ws/install/go2_interfaces/include/go2_interfaces/go2_interfaces/msg/detail/web_rtc_req__type_support.h
[1.203s] -- Up-to-date symlink: /home/ming/ros2_ws/install/go2_interfaces/include/go2_interfaces/go2_interfaces/msg/detail/wireless_controller__functions.h
[1.204s] -- Up-to-date symlink: /home/ming/ros2_ws/install/go2_interfaces/include/go2_interfaces/go2_interfaces/msg/detail/wireless_controller__struct.h
[1.204s] -- Up-to-date symlink: /home/ming/ros2_ws/install/go2_interfaces/include/go2_interfaces/go2_interfaces/msg/detail/wireless_controller__type_support.h
[1.205s] -- Up-to-date symlink: /home/ming/ros2_ws/install/go2_interfaces/include/go2_interfaces/go2_interfaces/msg/error.h
[1.205s] -- Up-to-date symlink: /home/ming/ros2_ws/install/go2_interfaces/include/go2_interfaces/go2_interfaces/msg/go2_cmd.h
[1.206s] -- Up-to-date symlink: /home/ming/ros2_ws/install/go2_interfaces/include/go2_interfaces/go2_interfaces/msg/go2_front_video_data.h
[1.207s] -- Up-to-date symlink: /home/ming/ros2_ws/install/go2_interfaces/include/go2_interfaces/go2_interfaces/msg/go2_move.h
[1.207s] -- Up-to-date symlink: /home/ming/ros2_ws/install/go2_interfaces/include/go2_interfaces/go2_interfaces/msg/go2_rpy_cmd.h
[1.208s] -- Up-to-date symlink: /home/ming/ros2_ws/install/go2_interfaces/include/go2_interfaces/go2_interfaces/msg/go2_state.h
[1.208s] -- Up-to-date symlink: /home/ming/ros2_ws/install/go2_interfaces/include/go2_interfaces/go2_interfaces/msg/height_map.h
[1.209s] -- Up-to-date symlink: /home/ming/ros2_ws/install/go2_interfaces/include/go2_interfaces/go2_interfaces/msg/imu.h
[1.209s] -- Up-to-date symlink: /home/ming/ros2_ws/install/go2_interfaces/include/go2_interfaces/go2_interfaces/msg/interface_config.h
[1.210s] -- Up-to-date symlink: /home/ming/ros2_ws/install/go2_interfaces/include/go2_interfaces/go2_interfaces/msg/lidar_state.h
[1.211s] -- Up-to-date symlink: /home/ming/ros2_ws/install/go2_interfaces/include/go2_interfaces/go2_interfaces/msg/low_cmd.h
[1.212s] -- Up-to-date symlink: /home/ming/ros2_ws/install/go2_interfaces/include/go2_interfaces/go2_interfaces/msg/low_state.h
[1.212s] -- Up-to-date symlink: /home/ming/ros2_ws/install/go2_interfaces/include/go2_interfaces/go2_interfaces/msg/motor_cmd.h
[1.213s] -- Up-to-date symlink: /home/ming/ros2_ws/install/go2_interfaces/include/go2_interfaces/go2_interfaces/msg/motor_cmds.h
[1.214s] -- Up-to-date symlink: /home/ming/ros2_ws/install/go2_interfaces/include/go2_interfaces/go2_interfaces/msg/motor_state.h
[1.214s] -- Up-to-date symlink: /home/ming/ros2_ws/install/go2_interfaces/include/go2_interfaces/go2_interfaces/msg/motor_states.h
[1.215s] -- Up-to-date symlink: /home/ming/ros2_ws/install/go2_interfaces/include/go2_interfaces/go2_interfaces/msg/path_point.h
[1.215s] -- Up-to-date symlink: /home/ming/ros2_ws/install/go2_interfaces/include/go2_interfaces/go2_interfaces/msg/req.h
[1.222s] -- Up-to-date symlink: /home/ming/ros2_ws/install/go2_interfaces/include/go2_interfaces/go2_interfaces/msg/res.h
[1.223s] -- Up-to-date symlink: /home/ming/ros2_ws/install/go2_interfaces/include/go2_interfaces/go2_interfaces/msg/rosidl_generator_c__visibility_control.h
[1.223s] -- Up-to-date symlink: /home/ming/ros2_ws/install/go2_interfaces/include/go2_interfaces/go2_interfaces/msg/sport_mode_cmd.h
[1.223s] -- Up-to-date symlink: /home/ming/ros2_ws/install/go2_interfaces/include/go2_interfaces/go2_interfaces/msg/sport_mode_state.h
[1.223s] -- Up-to-date symlink: /home/ming/ros2_ws/install/go2_interfaces/include/go2_interfaces/go2_interfaces/msg/time_spec.h
[1.223s] -- Up-to-date symlink: /home/ming/ros2_ws/install/go2_interfaces/include/go2_interfaces/go2_interfaces/msg/uwb_state.h
[1.223s] -- Up-to-date symlink: /home/ming/ros2_ws/install/go2_interfaces/include/go2_interfaces/go2_interfaces/msg/uwb_switch.h
[1.224s] -- Up-to-date symlink: /home/ming/ros2_ws/install/go2_interfaces/include/go2_interfaces/go2_interfaces/msg/voxel_height_map_state.h
[1.224s] -- Up-to-date symlink: /home/ming/ros2_ws/install/go2_interfaces/include/go2_interfaces/go2_interfaces/msg/voxel_map_compressed.h
[1.224s] -- Up-to-date symlink: /home/ming/ros2_ws/install/go2_interfaces/include/go2_interfaces/go2_interfaces/msg/web_rtc_req.h
[1.224s] -- Up-to-date symlink: /home/ming/ros2_ws/install/go2_interfaces/include/go2_interfaces/go2_interfaces/msg/wireless_controller.h
[1.224s] -- Up-to-date symlink: /home/ming/ros2_ws/install/go2_interfaces/share/go2_interfaces/environment/library_path.sh
[1.224s] -- Up-to-date symlink: /home/ming/ros2_ws/install/go2_interfaces/share/go2_interfaces/environment/library_path.dsv
[1.224s] -- Up-to-date symlink: /home/ming/ros2_ws/install/go2_interfaces/include/go2_interfaces/go2_interfaces/msg/detail/audio_data__rosidl_typesupport_fastrtps_c.h
[1.225s] -- Up-to-date symlink: /home/ming/ros2_ws/install/go2_interfaces/include/go2_interfaces/go2_interfaces/msg/detail/bms_cmd__rosidl_typesupport_fastrtps_c.h
[1.225s] -- Up-to-date symlink: /home/ming/ros2_ws/install/go2_interfaces/include/go2_interfaces/go2_interfaces/msg/detail/bms_state__rosidl_typesupport_fastrtps_c.h
[1.225s] -- Up-to-date symlink: /home/ming/ros2_ws/install/go2_interfaces/include/go2_interfaces/go2_interfaces/msg/detail/error__rosidl_typesupport_fastrtps_c.h
[1.225s] -- Up-to-date symlink: /home/ming/ros2_ws/install/go2_interfaces/include/go2_interfaces/go2_interfaces/msg/detail/go2_cmd__rosidl_typesupport_fastrtps_c.h
[1.226s] -- Up-to-date symlink: /home/ming/ros2_ws/install/go2_interfaces/include/go2_interfaces/go2_interfaces/msg/detail/go2_front_video_data__rosidl_typesupport_fastrtps_c.h
[1.226s] -- Up-to-date symlink: /home/ming/ros2_ws/install/go2_interfaces/include/go2_interfaces/go2_interfaces/msg/detail/go2_move__rosidl_typesupport_fastrtps_c.h
[1.226s] -- Up-to-date symlink: /home/ming/ros2_ws/install/go2_interfaces/include/go2_interfaces/go2_interfaces/msg/detail/go2_rpy_cmd__rosidl_typesupport_fastrtps_c.h
[1.226s] -- Up-to-date symlink: /home/ming/ros2_ws/install/go2_interfaces/include/go2_interfaces/go2_interfaces/msg/detail/go2_state__rosidl_typesupport_fastrtps_c.h
[1.229s] -- Up-to-date symlink: /home/ming/ros2_ws/install/go2_interfaces/include/go2_interfaces/go2_interfaces/msg/detail/height_map__rosidl_typesupport_fastrtps_c.h
[1.229s] -- Up-to-date symlink: /home/ming/ros2_ws/install/go2_interfaces/include/go2_interfaces/go2_interfaces/msg/detail/imu__rosidl_typesupport_fastrtps_c.h
[1.230s] -- Up-to-date symlink: /home/ming/ros2_ws/install/go2_interfaces/include/go2_interfaces/go2_interfaces/msg/detail/interface_config__rosidl_typesupport_fastrtps_c.h
[1.230s] -- Up-to-date symlink: /home/ming/ros2_ws/install/go2_interfaces/include/go2_interfaces/go2_interfaces/msg/detail/lidar_state__rosidl_typesupport_fastrtps_c.h
[1.230s] -- Up-to-date symlink: /home/ming/ros2_ws/install/go2_interfaces/include/go2_interfaces/go2_interfaces/msg/detail/low_cmd__rosidl_typesupport_fastrtps_c.h
[1.230s] -- Up-to-date symlink: /home/ming/ros2_ws/install/go2_interfaces/include/go2_interfaces/go2_interfaces/msg/detail/low_state__rosidl_typesupport_fastrtps_c.h
[1.230s] -- Up-to-date symlink: /home/ming/ros2_ws/install/go2_interfaces/include/go2_interfaces/go2_interfaces/msg/detail/motor_cmd__rosidl_typesupport_fastrtps_c.h
[1.231s] -- Up-to-date symlink: /home/ming/ros2_ws/install/go2_interfaces/include/go2_interfaces/go2_interfaces/msg/detail/motor_cmds__rosidl_typesupport_fastrtps_c.h
[1.231s] -- Up-to-date symlink: /home/ming/ros2_ws/install/go2_interfaces/include/go2_interfaces/go2_interfaces/msg/detail/motor_state__rosidl_typesupport_fastrtps_c.h
[1.231s] -- Up-to-date symlink: /home/ming/ros2_ws/install/go2_interfaces/include/go2_interfaces/go2_interfaces/msg/detail/motor_states__rosidl_typesupport_fastrtps_c.h
[1.231s] -- Up-to-date symlink: /home/ming/ros2_ws/install/go2_interfaces/include/go2_interfaces/go2_interfaces/msg/detail/path_point__rosidl_typesupport_fastrtps_c.h
[1.231s] -- Up-to-date symlink: /home/ming/ros2_ws/install/go2_interfaces/include/go2_interfaces/go2_interfaces/msg/detail/req__rosidl_typesupport_fastrtps_c.h
[1.232s] -- Up-to-date symlink: /home/ming/ros2_ws/install/go2_interfaces/include/go2_interfaces/go2_interfaces/msg/detail/res__rosidl_typesupport_fastrtps_c.h
[1.232s] -- Up-to-date symlink: /home/ming/ros2_ws/install/go2_interfaces/include/go2_interfaces/go2_interfaces/msg/detail/sport_mode_cmd__rosidl_typesupport_fastrtps_c.h
[1.232s] -- Up-to-date symlink: /home/ming/ros2_ws/install/go2_interfaces/include/go2_interfaces/go2_interfaces/msg/detail/sport_mode_state__rosidl_typesupport_fastrtps_c.h
[1.232s] -- Up-to-date symlink: /home/ming/ros2_ws/install/go2_interfaces/include/go2_interfaces/go2_interfaces/msg/detail/time_spec__rosidl_typesupport_fastrtps_c.h
[1.232s] -- Up-to-date symlink: /home/ming/ros2_ws/install/go2_interfaces/include/go2_interfaces/go2_interfaces/msg/detail/uwb_state__rosidl_typesupport_fastrtps_c.h
[1.232s] -- Up-to-date symlink: /home/ming/ros2_ws/install/go2_interfaces/include/go2_interfaces/go2_interfaces/msg/detail/uwb_switch__rosidl_typesupport_fastrtps_c.h
[1.233s] -- Up-to-date symlink: /home/ming/ros2_ws/install/go2_interfaces/include/go2_interfaces/go2_interfaces/msg/detail/voxel_height_map_state__rosidl_typesupport_fastrtps_c.h
[1.234s] -- Up-to-date symlink: /home/ming/ros2_ws/install/go2_interfaces/include/go2_interfaces/go2_interfaces/msg/detail/voxel_map_compressed__rosidl_typesupport_fastrtps_c.h
[1.234s] -- Up-to-date symlink: /home/ming/ros2_ws/install/go2_interfaces/include/go2_interfaces/go2_interfaces/msg/detail/web_rtc_req__rosidl_typesupport_fastrtps_c.h
[1.234s] -- Up-to-date symlink: /home/ming/ros2_ws/install/go2_interfaces/include/go2_interfaces/go2_interfaces/msg/detail/wireless_controller__rosidl_typesupport_fastrtps_c.h
[1.234s] -- Up-to-date symlink: /home/ming/ros2_ws/install/go2_interfaces/include/go2_interfaces/go2_interfaces/msg/rosidl_typesupport_fastrtps_c__visibility_control.h
[1.235s] -- Up-to-date symlink: /home/ming/ros2_ws/install/go2_interfaces/include/go2_interfaces/go2_interfaces/msg/audio_data.hpp
[1.235s] -- Up-to-date symlink: /home/ming/ros2_ws/install/go2_interfaces/include/go2_interfaces/go2_interfaces/msg/bms_cmd.hpp
[1.235s] -- Up-to-date symlink: /home/ming/ros2_ws/install/go2_interfaces/include/go2_interfaces/go2_interfaces/msg/bms_state.hpp
[1.236s] -- Up-to-date symlink: /home/ming/ros2_ws/install/go2_interfaces/include/go2_interfaces/go2_interfaces/msg/detail/audio_data__builder.hpp
[1.236s] -- Up-to-date symlink: /home/ming/ros2_ws/install/go2_interfaces/include/go2_interfaces/go2_interfaces/msg/detail/audio_data__struct.hpp
[1.237s] -- Up-to-date symlink: /home/ming/ros2_ws/install/go2_interfaces/include/go2_interfaces/go2_interfaces/msg/detail/audio_data__traits.hpp
[1.238s] -- Up-to-date symlink: /home/ming/ros2_ws/install/go2_interfaces/include/go2_interfaces/go2_interfaces/msg/detail/audio_data__type_support.hpp
[1.238s] -- Up-to-date symlink: /home/ming/ros2_ws/install/go2_interfaces/include/go2_interfaces/go2_interfaces/msg/detail/bms_cmd__builder.hpp
[1.239s] -- Up-to-date symlink: /home/ming/ros2_ws/install/go2_interfaces/include/go2_interfaces/go2_interfaces/msg/detail/bms_cmd__struct.hpp
[1.239s] -- Up-to-date symlink: /home/ming/ros2_ws/install/go2_interfaces/include/go2_interfaces/go2_interfaces/msg/detail/bms_cmd__traits.hpp
[1.239s] -- Up-to-date symlink: /home/ming/ros2_ws/install/go2_interfaces/include/go2_interfaces/go2_interfaces/msg/detail/bms_cmd__type_support.hpp
[1.240s] -- Up-to-date symlink: /home/ming/ros2_ws/install/go2_interfaces/include/go2_interfaces/go2_interfaces/msg/detail/bms_state__builder.hpp
[1.240s] -- Up-to-date symlink: /home/ming/ros2_ws/install/go2_interfaces/include/go2_interfaces/go2_interfaces/msg/detail/bms_state__struct.hpp
[1.240s] -- Up-to-date symlink: /home/ming/ros2_ws/install/go2_interfaces/include/go2_interfaces/go2_interfaces/msg/detail/bms_state__traits.hpp
[1.240s] -- Up-to-date symlink: /home/ming/ros2_ws/install/go2_interfaces/include/go2_interfaces/go2_interfaces/msg/detail/bms_state__type_support.hpp
[1.241s] -- Up-to-date symlink: /home/ming/ros2_ws/install/go2_interfaces/include/go2_interfaces/go2_interfaces/msg/detail/error__builder.hpp
[1.241s] -- Up-to-date symlink: /home/ming/ros2_ws/install/go2_interfaces/include/go2_interfaces/go2_interfaces/msg/detail/error__struct.hpp
[1.241s] -- Up-to-date symlink: /home/ming/ros2_ws/install/go2_interfaces/include/go2_interfaces/go2_interfaces/msg/detail/error__traits.hpp
[1.241s] -- Up-to-date symlink: /home/ming/ros2_ws/install/go2_interfaces/include/go2_interfaces/go2_interfaces/msg/detail/error__type_support.hpp
[1.242s] -- Up-to-date symlink: /home/ming/ros2_ws/install/go2_interfaces/include/go2_interfaces/go2_interfaces/msg/detail/go2_cmd__builder.hpp
[1.242s] -- Up-to-date symlink: /home/ming/ros2_ws/install/go2_interfaces/include/go2_interfaces/go2_interfaces/msg/detail/go2_cmd__struct.hpp
[1.242s] -- Up-to-date symlink: /home/ming/ros2_ws/install/go2_interfaces/include/go2_interfaces/go2_interfaces/msg/detail/go2_cmd__traits.hpp
[1.242s] -- Up-to-date symlink: /home/ming/ros2_ws/install/go2_interfaces/include/go2_interfaces/go2_interfaces/msg/detail/go2_cmd__type_support.hpp
[1.243s] -- Up-to-date symlink: /home/ming/ros2_ws/install/go2_interfaces/include/go2_interfaces/go2_interfaces/msg/detail/go2_front_video_data__builder.hpp
[1.243s] -- Up-to-date symlink: /home/ming/ros2_ws/install/go2_interfaces/include/go2_interfaces/go2_interfaces/msg/detail/go2_front_video_data__struct.hpp
[1.243s] -- Up-to-date symlink: /home/ming/ros2_ws/install/go2_interfaces/include/go2_interfaces/go2_interfaces/msg/detail/go2_front_video_data__traits.hpp
[1.243s] -- Up-to-date symlink: /home/ming/ros2_ws/install/go2_interfaces/include/go2_interfaces/go2_interfaces/msg/detail/go2_front_video_data__type_support.hpp
[1.244s] -- Up-to-date symlink: /home/ming/ros2_ws/install/go2_interfaces/include/go2_interfaces/go2_interfaces/msg/detail/go2_move__builder.hpp
[1.244s] -- Up-to-date symlink: /home/ming/ros2_ws/install/go2_interfaces/include/go2_interfaces/go2_interfaces/msg/detail/go2_move__struct.hpp
[1.244s] -- Up-to-date symlink: /home/ming/ros2_ws/install/go2_interfaces/include/go2_interfaces/go2_interfaces/msg/detail/go2_move__traits.hpp
[1.245s] -- Up-to-date symlink: /home/ming/ros2_ws/install/go2_interfaces/include/go2_interfaces/go2_interfaces/msg/detail/go2_move__type_support.hpp
[1.245s] -- Up-to-date symlink: /home/ming/ros2_ws/install/go2_interfaces/include/go2_interfaces/go2_interfaces/msg/detail/go2_rpy_cmd__builder.hpp
[1.245s] -- Up-to-date symlink: /home/ming/ros2_ws/install/go2_interfaces/include/go2_interfaces/go2_interfaces/msg/detail/go2_rpy_cmd__struct.hpp
[1.245s] -- Up-to-date symlink: /home/ming/ros2_ws/install/go2_interfaces/include/go2_interfaces/go2_interfaces/msg/detail/go2_rpy_cmd__traits.hpp
[1.245s] -- Up-to-date symlink: /home/ming/ros2_ws/install/go2_interfaces/include/go2_interfaces/go2_interfaces/msg/detail/go2_rpy_cmd__type_support.hpp
[1.246s] -- Up-to-date symlink: /home/ming/ros2_ws/install/go2_interfaces/include/go2_interfaces/go2_interfaces/msg/detail/go2_state__builder.hpp
[1.246s] -- Up-to-date symlink: /home/ming/ros2_ws/install/go2_interfaces/include/go2_interfaces/go2_interfaces/msg/detail/go2_state__struct.hpp
[1.246s] -- Up-to-date symlink: /home/ming/ros2_ws/install/go2_interfaces/include/go2_interfaces/go2_interfaces/msg/detail/go2_state__traits.hpp
[1.247s] -- Up-to-date symlink: /home/ming/ros2_ws/install/go2_interfaces/include/go2_interfaces/go2_interfaces/msg/detail/go2_state__type_support.hpp
[1.248s] -- Up-to-date symlink: /home/ming/ros2_ws/install/go2_interfaces/include/go2_interfaces/go2_interfaces/msg/detail/height_map__builder.hpp
[1.248s] -- Up-to-date symlink: /home/ming/ros2_ws/install/go2_interfaces/include/go2_interfaces/go2_interfaces/msg/detail/height_map__struct.hpp
[1.248s] -- Up-to-date symlink: /home/ming/ros2_ws/install/go2_interfaces/include/go2_interfaces/go2_interfaces/msg/detail/height_map__traits.hpp
[1.249s] -- Up-to-date symlink: /home/ming/ros2_ws/install/go2_interfaces/include/go2_interfaces/go2_interfaces/msg/detail/height_map__type_support.hpp
[1.249s] -- Up-to-date symlink: /home/ming/ros2_ws/install/go2_interfaces/include/go2_interfaces/go2_interfaces/msg/detail/imu__builder.hpp
[1.249s] -- Up-to-date symlink: /home/ming/ros2_ws/install/go2_interfaces/include/go2_interfaces/go2_interfaces/msg/detail/imu__struct.hpp
[1.250s] -- Up-to-date symlink: /home/ming/ros2_ws/install/go2_interfaces/include/go2_interfaces/go2_interfaces/msg/detail/imu__traits.hpp
[1.250s] -- Up-to-date symlink: /home/ming/ros2_ws/install/go2_interfaces/include/go2_interfaces/go2_interfaces/msg/detail/imu__type_support.hpp
[1.250s] -- Up-to-date symlink: /home/ming/ros2_ws/install/go2_interfaces/include/go2_interfaces/go2_interfaces/msg/detail/interface_config__builder.hpp
[1.250s] -- Up-to-date symlink: /home/ming/ros2_ws/install/go2_interfaces/include/go2_interfaces/go2_interfaces/msg/detail/interface_config__struct.hpp
[1.250s] -- Up-to-date symlink: /home/ming/ros2_ws/install/go2_interfaces/include/go2_interfaces/go2_interfaces/msg/detail/interface_config__traits.hpp
[1.251s] -- Up-to-date symlink: /home/ming/ros2_ws/install/go2_interfaces/include/go2_interfaces/go2_interfaces/msg/detail/interface_config__type_support.hpp
[1.251s] -- Up-to-date symlink: /home/ming/ros2_ws/install/go2_interfaces/include/go2_interfaces/go2_interfaces/msg/detail/lidar_state__builder.hpp
[1.251s] -- Up-to-date symlink: /home/ming/ros2_ws/install/go2_interfaces/include/go2_interfaces/go2_interfaces/msg/detail/lidar_state__struct.hpp
[1.251s] -- Up-to-date symlink: /home/ming/ros2_ws/install/go2_interfaces/include/go2_interfaces/go2_interfaces/msg/detail/lidar_state__traits.hpp
[1.251s] -- Up-to-date symlink: /home/ming/ros2_ws/install/go2_interfaces/include/go2_interfaces/go2_interfaces/msg/detail/lidar_state__type_support.hpp
[1.251s] -- Up-to-date symlink: /home/ming/ros2_ws/install/go2_interfaces/include/go2_interfaces/go2_interfaces/msg/detail/low_cmd__builder.hpp
[1.251s] -- Up-to-date symlink: /home/ming/ros2_ws/install/go2_interfaces/include/go2_interfaces/go2_interfaces/msg/detail/low_cmd__struct.hpp
[1.251s] -- Up-to-date symlink: /home/ming/ros2_ws/install/go2_interfaces/include/go2_interfaces/go2_interfaces/msg/detail/low_cmd__traits.hpp
[1.252s] -- Up-to-date symlink: /home/ming/ros2_ws/install/go2_interfaces/include/go2_interfaces/go2_interfaces/msg/detail/low_cmd__type_support.hpp
[1.252s] -- Up-to-date symlink: /home/ming/ros2_ws/install/go2_interfaces/include/go2_interfaces/go2_interfaces/msg/detail/low_state__builder.hpp
[1.252s] -- Up-to-date symlink: /home/ming/ros2_ws/install/go2_interfaces/include/go2_interfaces/go2_interfaces/msg/detail/low_state__struct.hpp
[1.254s] -- Up-to-date symlink: /home/ming/ros2_ws/install/go2_interfaces/include/go2_interfaces/go2_interfaces/msg/detail/low_state__traits.hpp
[1.254s] -- Up-to-date symlink: /home/ming/ros2_ws/install/go2_interfaces/include/go2_interfaces/go2_interfaces/msg/detail/low_state__type_support.hpp
[1.260s] -- Up-to-date symlink: /home/ming/ros2_ws/install/go2_interfaces/include/go2_interfaces/go2_interfaces/msg/detail/motor_cmd__builder.hpp
[1.260s] -- Up-to-date symlink: /home/ming/ros2_ws/install/go2_interfaces/include/go2_interfaces/go2_interfaces/msg/detail/motor_cmd__struct.hpp
[1.260s] -- Up-to-date symlink: /home/ming/ros2_ws/install/go2_interfaces/include/go2_interfaces/go2_interfaces/msg/detail/motor_cmd__traits.hpp
[1.261s] -- Up-to-date symlink: /home/ming/ros2_ws/install/go2_interfaces/include/go2_interfaces/go2_interfaces/msg/detail/motor_cmd__type_support.hpp
[1.261s] -- Up-to-date symlink: /home/ming/ros2_ws/install/go2_interfaces/include/go2_interfaces/go2_interfaces/msg/detail/motor_cmds__builder.hpp
[1.261s] -- Up-to-date symlink: /home/ming/ros2_ws/install/go2_interfaces/include/go2_interfaces/go2_interfaces/msg/detail/motor_cmds__struct.hpp
[1.261s] -- Up-to-date symlink: /home/ming/ros2_ws/install/go2_interfaces/include/go2_interfaces/go2_interfaces/msg/detail/motor_cmds__traits.hpp
[1.262s] -- Up-to-date symlink: /home/ming/ros2_ws/install/go2_interfaces/include/go2_interfaces/go2_interfaces/msg/detail/motor_cmds__type_support.hpp
[1.262s] -- Up-to-date symlink: /home/ming/ros2_ws/install/go2_interfaces/include/go2_interfaces/go2_interfaces/msg/detail/motor_state__builder.hpp
[1.262s] -- Up-to-date symlink: /home/ming/ros2_ws/install/go2_interfaces/include/go2_interfaces/go2_interfaces/msg/detail/motor_state__struct.hpp
[1.262s] -- Up-to-date symlink: /home/ming/ros2_ws/install/go2_interfaces/include/go2_interfaces/go2_interfaces/msg/detail/motor_state__traits.hpp
[1.262s] -- Up-to-date symlink: /home/ming/ros2_ws/install/go2_interfaces/include/go2_interfaces/go2_interfaces/msg/detail/motor_state__type_support.hpp
[1.262s] -- Up-to-date symlink: /home/ming/ros2_ws/install/go2_interfaces/include/go2_interfaces/go2_interfaces/msg/detail/motor_states__builder.hpp
[1.263s] -- Up-to-date symlink: /home/ming/ros2_ws/install/go2_interfaces/include/go2_interfaces/go2_interfaces/msg/detail/motor_states__struct.hpp
[1.263s] -- Up-to-date symlink: /home/ming/ros2_ws/install/go2_interfaces/include/go2_interfaces/go2_interfaces/msg/detail/motor_states__traits.hpp
[1.263s] -- Up-to-date symlink: /home/ming/ros2_ws/install/go2_interfaces/include/go2_interfaces/go2_interfaces/msg/detail/motor_states__type_support.hpp
[1.263s] -- Up-to-date symlink: /home/ming/ros2_ws/install/go2_interfaces/include/go2_interfaces/go2_interfaces/msg/detail/path_point__builder.hpp
[1.263s] -- Up-to-date symlink: /home/ming/ros2_ws/install/go2_interfaces/include/go2_interfaces/go2_interfaces/msg/detail/path_point__struct.hpp
[1.264s] -- Up-to-date symlink: /home/ming/ros2_ws/install/go2_interfaces/include/go2_interfaces/go2_interfaces/msg/detail/path_point__traits.hpp
[1.264s] -- Up-to-date symlink: /home/ming/ros2_ws/install/go2_interfaces/include/go2_interfaces/go2_interfaces/msg/detail/path_point__type_support.hpp
[1.264s] -- Up-to-date symlink: /home/ming/ros2_ws/install/go2_interfaces/include/go2_interfaces/go2_interfaces/msg/detail/req__builder.hpp
[1.264s] -- Up-to-date symlink: /home/ming/ros2_ws/install/go2_interfaces/include/go2_interfaces/go2_interfaces/msg/detail/req__struct.hpp
[1.264s] -- Up-to-date symlink: /home/ming/ros2_ws/install/go2_interfaces/include/go2_interfaces/go2_interfaces/msg/detail/req__traits.hpp
[1.264s] -- Up-to-date symlink: /home/ming/ros2_ws/install/go2_interfaces/include/go2_interfaces/go2_interfaces/msg/detail/req__type_support.hpp
[1.265s] -- Up-to-date symlink: /home/ming/ros2_ws/install/go2_interfaces/include/go2_interfaces/go2_interfaces/msg/detail/res__builder.hpp
[1.265s] -- Up-to-date symlink: /home/ming/ros2_ws/install/go2_interfaces/include/go2_interfaces/go2_interfaces/msg/detail/res__struct.hpp
[1.265s] -- Up-to-date symlink: /home/ming/ros2_ws/install/go2_interfaces/include/go2_interfaces/go2_interfaces/msg/detail/res__traits.hpp
[1.265s] -- Up-to-date symlink: /home/ming/ros2_ws/install/go2_interfaces/include/go2_interfaces/go2_interfaces/msg/detail/res__type_support.hpp
[1.265s] -- Up-to-date symlink: /home/ming/ros2_ws/install/go2_interfaces/include/go2_interfaces/go2_interfaces/msg/detail/sport_mode_cmd__builder.hpp
[1.265s] -- Up-to-date symlink: /home/ming/ros2_ws/install/go2_interfaces/include/go2_interfaces/go2_interfaces/msg/detail/sport_mode_cmd__struct.hpp
[1.266s] -- Up-to-date symlink: /home/ming/ros2_ws/install/go2_interfaces/include/go2_interfaces/go2_interfaces/msg/detail/sport_mode_cmd__traits.hpp
[1.266s] -- Up-to-date symlink: /home/ming/ros2_ws/install/go2_interfaces/include/go2_interfaces/go2_interfaces/msg/detail/sport_mode_cmd__type_support.hpp
[1.266s] -- Up-to-date symlink: /home/ming/ros2_ws/install/go2_interfaces/include/go2_interfaces/go2_interfaces/msg/detail/sport_mode_state__builder.hpp
[1.266s] -- Up-to-date symlink: /home/ming/ros2_ws/install/go2_interfaces/include/go2_interfaces/go2_interfaces/msg/detail/sport_mode_state__struct.hpp
[1.266s] -- Up-to-date symlink: /home/ming/ros2_ws/install/go2_interfaces/include/go2_interfaces/go2_interfaces/msg/detail/sport_mode_state__traits.hpp
[1.266s] -- Up-to-date symlink: /home/ming/ros2_ws/install/go2_interfaces/include/go2_interfaces/go2_interfaces/msg/detail/sport_mode_state__type_support.hpp
[1.267s] -- Up-to-date symlink: /home/ming/ros2_ws/install/go2_interfaces/include/go2_interfaces/go2_interfaces/msg/detail/time_spec__builder.hpp
[1.267s] -- Up-to-date symlink: /home/ming/ros2_ws/install/go2_interfaces/include/go2_interfaces/go2_interfaces/msg/detail/time_spec__struct.hpp
[1.267s] -- Up-to-date symlink: /home/ming/ros2_ws/install/go2_interfaces/include/go2_interfaces/go2_interfaces/msg/detail/time_spec__traits.hpp
[1.267s] -- Up-to-date symlink: /home/ming/ros2_ws/install/go2_interfaces/include/go2_interfaces/go2_interfaces/msg/detail/time_spec__type_support.hpp
[1.267s] -- Up-to-date symlink: /home/ming/ros2_ws/install/go2_interfaces/include/go2_interfaces/go2_interfaces/msg/detail/uwb_state__builder.hpp
[1.268s] -- Up-to-date symlink: /home/ming/ros2_ws/install/go2_interfaces/include/go2_interfaces/go2_interfaces/msg/detail/uwb_state__struct.hpp
[1.268s] -- Up-to-date symlink: /home/ming/ros2_ws/install/go2_interfaces/include/go2_interfaces/go2_interfaces/msg/detail/uwb_state__traits.hpp
[1.268s] -- Up-to-date symlink: /home/ming/ros2_ws/install/go2_interfaces/include/go2_interfaces/go2_interfaces/msg/detail/uwb_state__type_support.hpp
[1.268s] -- Up-to-date symlink: /home/ming/ros2_ws/install/go2_interfaces/include/go2_interfaces/go2_interfaces/msg/detail/uwb_switch__builder.hpp
[1.268s] -- Up-to-date symlink: /home/ming/ros2_ws/install/go2_interfaces/include/go2_interfaces/go2_interfaces/msg/detail/uwb_switch__struct.hpp
[1.268s] -- Up-to-date symlink: /home/ming/ros2_ws/install/go2_interfaces/include/go2_interfaces/go2_interfaces/msg/detail/uwb_switch__traits.hpp
[1.268s] -- Up-to-date symlink: /home/ming/ros2_ws/install/go2_interfaces/include/go2_interfaces/go2_interfaces/msg/detail/uwb_switch__type_support.hpp
[1.269s] -- Up-to-date symlink: /home/ming/ros2_ws/install/go2_interfaces/include/go2_interfaces/go2_interfaces/msg/detail/voxel_height_map_state__builder.hpp
[1.269s] -- Up-to-date symlink: /home/ming/ros2_ws/install/go2_interfaces/include/go2_interfaces/go2_interfaces/msg/detail/voxel_height_map_state__struct.hpp
[1.269s] -- Up-to-date symlink: /home/ming/ros2_ws/install/go2_interfaces/include/go2_interfaces/go2_interfaces/msg/detail/voxel_height_map_state__traits.hpp
[1.269s] -- Up-to-date symlink: /home/ming/ros2_ws/install/go2_interfaces/include/go2_interfaces/go2_interfaces/msg/detail/voxel_height_map_state__type_support.hpp
[1.269s] -- Up-to-date symlink: /home/ming/ros2_ws/install/go2_interfaces/include/go2_interfaces/go2_interfaces/msg/detail/voxel_map_compressed__builder.hpp
[1.270s] -- Up-to-date symlink: /home/ming/ros2_ws/install/go2_interfaces/include/go2_interfaces/go2_interfaces/msg/detail/voxel_map_compressed__struct.hpp
[1.270s] -- Up-to-date symlink: /home/ming/ros2_ws/install/go2_interfaces/include/go2_interfaces/go2_interfaces/msg/detail/voxel_map_compressed__traits.hpp
[1.270s] -- Up-to-date symlink: /home/ming/ros2_ws/install/go2_interfaces/include/go2_interfaces/go2_interfaces/msg/detail/voxel_map_compressed__type_support.hpp
[1.271s] -- Up-to-date symlink: /home/ming/ros2_ws/install/go2_interfaces/include/go2_interfaces/go2_interfaces/msg/detail/web_rtc_req__builder.hpp
[1.271s] -- Up-to-date symlink: /home/ming/ros2_ws/install/go2_interfaces/include/go2_interfaces/go2_interfaces/msg/detail/web_rtc_req__struct.hpp
[1.271s] -- Up-to-date symlink: /home/ming/ros2_ws/install/go2_interfaces/include/go2_interfaces/go2_interfaces/msg/detail/web_rtc_req__traits.hpp
[1.272s] -- Up-to-date symlink: /home/ming/ros2_ws/install/go2_interfaces/include/go2_interfaces/go2_interfaces/msg/detail/web_rtc_req__type_support.hpp
[1.272s] -- Up-to-date symlink: /home/ming/ros2_ws/install/go2_interfaces/include/go2_interfaces/go2_interfaces/msg/detail/wireless_controller__builder.hpp
[1.273s] -- Up-to-date symlink: /home/ming/ros2_ws/install/go2_interfaces/include/go2_interfaces/go2_interfaces/msg/detail/wireless_controller__struct.hpp
[1.273s] -- Up-to-date symlink: /home/ming/ros2_ws/install/go2_interfaces/include/go2_interfaces/go2_interfaces/msg/detail/wireless_controller__traits.hpp
[1.273s] -- Up-to-date symlink: /home/ming/ros2_ws/install/go2_interfaces/include/go2_interfaces/go2_interfaces/msg/detail/wireless_controller__type_support.hpp
[1.274s] -- Up-to-date symlink: /home/ming/ros2_ws/install/go2_interfaces/include/go2_interfaces/go2_interfaces/msg/error.hpp
[1.274s] -- Up-to-date symlink: /home/ming/ros2_ws/install/go2_interfaces/include/go2_interfaces/go2_interfaces/msg/go2_cmd.hpp
[1.274s] -- Up-to-date symlink: /home/ming/ros2_ws/install/go2_interfaces/include/go2_interfaces/go2_interfaces/msg/go2_front_video_data.hpp
[1.275s] -- Up-to-date symlink: /home/ming/ros2_ws/install/go2_interfaces/include/go2_interfaces/go2_interfaces/msg/go2_move.hpp
[1.275s] -- Up-to-date symlink: /home/ming/ros2_ws/install/go2_interfaces/include/go2_interfaces/go2_interfaces/msg/go2_rpy_cmd.hpp
[1.276s] -- Up-to-date symlink: /home/ming/ros2_ws/install/go2_interfaces/include/go2_interfaces/go2_interfaces/msg/go2_state.hpp
[1.276s] -- Up-to-date symlink: /home/ming/ros2_ws/install/go2_interfaces/include/go2_interfaces/go2_interfaces/msg/height_map.hpp
[1.276s] -- Up-to-date symlink: /home/ming/ros2_ws/install/go2_interfaces/include/go2_interfaces/go2_interfaces/msg/imu.hpp
[1.277s] -- Up-to-date symlink: /home/ming/ros2_ws/install/go2_interfaces/include/go2_interfaces/go2_interfaces/msg/interface_config.hpp
[1.277s] -- Up-to-date symlink: /home/ming/ros2_ws/install/go2_interfaces/include/go2_interfaces/go2_interfaces/msg/lidar_state.hpp
[1.278s] -- Up-to-date symlink: /home/ming/ros2_ws/install/go2_interfaces/include/go2_interfaces/go2_interfaces/msg/low_cmd.hpp
[1.278s] -- Up-to-date symlink: /home/ming/ros2_ws/install/go2_interfaces/include/go2_interfaces/go2_interfaces/msg/low_state.hpp
[1.279s] -- Up-to-date symlink: /home/ming/ros2_ws/install/go2_interfaces/include/go2_interfaces/go2_interfaces/msg/motor_cmd.hpp
[1.280s] -- Up-to-date symlink: /home/ming/ros2_ws/install/go2_interfaces/include/go2_interfaces/go2_interfaces/msg/motor_cmds.hpp
[1.280s] -- Up-to-date symlink: /home/ming/ros2_ws/install/go2_interfaces/include/go2_interfaces/go2_interfaces/msg/motor_state.hpp
[1.281s] -- Up-to-date symlink: /home/ming/ros2_ws/install/go2_interfaces/include/go2_interfaces/go2_interfaces/msg/motor_states.hpp
[1.282s] -- Up-to-date symlink: /home/ming/ros2_ws/install/go2_interfaces/include/go2_interfaces/go2_interfaces/msg/path_point.hpp
[1.282s] -- Up-to-date symlink: /home/ming/ros2_ws/install/go2_interfaces/include/go2_interfaces/go2_interfaces/msg/req.hpp
[1.283s] -- Up-to-date symlink: /home/ming/ros2_ws/install/go2_interfaces/include/go2_interfaces/go2_interfaces/msg/res.hpp
[1.283s] -- Up-to-date symlink: /home/ming/ros2_ws/install/go2_interfaces/include/go2_interfaces/go2_interfaces/msg/rosidl_generator_cpp__visibility_control.hpp
[1.284s] -- Up-to-date symlink: /home/ming/ros2_ws/install/go2_interfaces/include/go2_interfaces/go2_interfaces/msg/sport_mode_cmd.hpp
[1.284s] -- Up-to-date symlink: /home/ming/ros2_ws/install/go2_interfaces/include/go2_interfaces/go2_interfaces/msg/sport_mode_state.hpp
[1.284s] -- Up-to-date symlink: /home/ming/ros2_ws/install/go2_interfaces/include/go2_interfaces/go2_interfaces/msg/time_spec.hpp
[1.285s] -- Up-to-date symlink: /home/ming/ros2_ws/install/go2_interfaces/include/go2_interfaces/go2_interfaces/msg/uwb_state.hpp
[1.285s] -- Up-to-date symlink: /home/ming/ros2_ws/install/go2_interfaces/include/go2_interfaces/go2_interfaces/msg/uwb_switch.hpp
[1.286s] -- Up-to-date symlink: /home/ming/ros2_ws/install/go2_interfaces/include/go2_interfaces/go2_interfaces/msg/voxel_height_map_state.hpp
[1.286s] -- Up-to-date symlink: /home/ming/ros2_ws/install/go2_interfaces/include/go2_interfaces/go2_interfaces/msg/voxel_map_compressed.hpp
[1.287s] -- Up-to-date symlink: /home/ming/ros2_ws/install/go2_interfaces/include/go2_interfaces/go2_interfaces/msg/web_rtc_req.hpp
[1.287s] -- Up-to-date symlink: /home/ming/ros2_ws/install/go2_interfaces/include/go2_interfaces/go2_interfaces/msg/wireless_controller.hpp
[1.289s] -- Up-to-date symlink: /home/ming/ros2_ws/install/go2_interfaces/include/go2_interfaces/go2_interfaces/msg/detail/audio_data__rosidl_typesupport_fastrtps_cpp.hpp
[1.290s] -- Up-to-date symlink: /home/ming/ros2_ws/install/go2_interfaces/include/go2_interfaces/go2_interfaces/msg/detail/bms_cmd__rosidl_typesupport_fastrtps_cpp.hpp
[1.291s] -- Up-to-date symlink: /home/ming/ros2_ws/install/go2_interfaces/include/go2_interfaces/go2_interfaces/msg/detail/bms_state__rosidl_typesupport_fastrtps_cpp.hpp
[1.293s] -- Up-to-date symlink: /home/ming/ros2_ws/install/go2_interfaces/include/go2_interfaces/go2_interfaces/msg/detail/error__rosidl_typesupport_fastrtps_cpp.hpp
[1.297s] -- Up-to-date symlink: /home/ming/ros2_ws/install/go2_interfaces/include/go2_interfaces/go2_interfaces/msg/detail/go2_cmd__rosidl_typesupport_fastrtps_cpp.hpp
[1.297s] -- Up-to-date symlink: /home/ming/ros2_ws/install/go2_interfaces/include/go2_interfaces/go2_interfaces/msg/detail/go2_front_video_data__rosidl_typesupport_fastrtps_cpp.hpp
[1.298s] -- Up-to-date symlink: /home/ming/ros2_ws/install/go2_interfaces/include/go2_interfaces/go2_interfaces/msg/detail/go2_move__rosidl_typesupport_fastrtps_cpp.hpp
[1.298s] -- Up-to-date symlink: /home/ming/ros2_ws/install/go2_interfaces/include/go2_interfaces/go2_interfaces/msg/detail/go2_rpy_cmd__rosidl_typesupport_fastrtps_cpp.hpp
[1.298s] -- Up-to-date symlink: /home/ming/ros2_ws/install/go2_interfaces/include/go2_interfaces/go2_interfaces/msg/detail/go2_state__rosidl_typesupport_fastrtps_cpp.hpp
[1.298s] -- Up-to-date symlink: /home/ming/ros2_ws/install/go2_interfaces/include/go2_interfaces/go2_interfaces/msg/detail/height_map__rosidl_typesupport_fastrtps_cpp.hpp
[1.298s] -- Up-to-date symlink: /home/ming/ros2_ws/install/go2_interfaces/include/go2_interfaces/go2_interfaces/msg/detail/imu__rosidl_typesupport_fastrtps_cpp.hpp
[1.299s] -- Up-to-date symlink: /home/ming/ros2_ws/install/go2_interfaces/include/go2_interfaces/go2_interfaces/msg/detail/interface_config__rosidl_typesupport_fastrtps_cpp.hpp
[1.299s] -- Up-to-date symlink: /home/ming/ros2_ws/install/go2_interfaces/include/go2_interfaces/go2_interfaces/msg/detail/lidar_state__rosidl_typesupport_fastrtps_cpp.hpp
[1.299s] -- Up-to-date symlink: /home/ming/ros2_ws/install/go2_interfaces/include/go2_interfaces/go2_interfaces/msg/detail/low_cmd__rosidl_typesupport_fastrtps_cpp.hpp
[1.300s] -- Up-to-date symlink: /home/ming/ros2_ws/install/go2_interfaces/include/go2_interfaces/go2_interfaces/msg/detail/low_state__rosidl_typesupport_fastrtps_cpp.hpp
[1.301s] -- Up-to-date symlink: /home/ming/ros2_ws/install/go2_interfaces/include/go2_interfaces/go2_interfaces/msg/detail/motor_cmd__rosidl_typesupport_fastrtps_cpp.hpp
[1.301s] -- Up-to-date symlink: /home/ming/ros2_ws/install/go2_interfaces/include/go2_interfaces/go2_interfaces/msg/detail/motor_cmds__rosidl_typesupport_fastrtps_cpp.hpp
[1.301s] -- Up-to-date symlink: /home/ming/ros2_ws/install/go2_interfaces/include/go2_interfaces/go2_interfaces/msg/detail/motor_state__rosidl_typesupport_fastrtps_cpp.hpp
[1.302s] -- Up-to-date symlink: /home/ming/ros2_ws/install/go2_interfaces/include/go2_interfaces/go2_interfaces/msg/detail/motor_states__rosidl_typesupport_fastrtps_cpp.hpp
[1.302s] -- Up-to-date symlink: /home/ming/ros2_ws/install/go2_interfaces/include/go2_interfaces/go2_interfaces/msg/detail/path_point__rosidl_typesupport_fastrtps_cpp.hpp
[1.302s] -- Up-to-date symlink: /home/ming/ros2_ws/install/go2_interfaces/include/go2_interfaces/go2_interfaces/msg/detail/req__rosidl_typesupport_fastrtps_cpp.hpp
[1.302s] -- Up-to-date symlink: /home/ming/ros2_ws/install/go2_interfaces/include/go2_interfaces/go2_interfaces/msg/detail/res__rosidl_typesupport_fastrtps_cpp.hpp
[1.303s] -- Up-to-date symlink: /home/ming/ros2_ws/install/go2_interfaces/include/go2_interfaces/go2_interfaces/msg/detail/sport_mode_cmd__rosidl_typesupport_fastrtps_cpp.hpp
[1.303s] -- Up-to-date symlink: /home/ming/ros2_ws/install/go2_interfaces/include/go2_interfaces/go2_interfaces/msg/detail/sport_mode_state__rosidl_typesupport_fastrtps_cpp.hpp
[1.303s] -- Up-to-date symlink: /home/ming/ros2_ws/install/go2_interfaces/include/go2_interfaces/go2_interfaces/msg/detail/time_spec__rosidl_typesupport_fastrtps_cpp.hpp
[1.303s] -- Up-to-date symlink: /home/ming/ros2_ws/install/go2_interfaces/include/go2_interfaces/go2_interfaces/msg/detail/uwb_state__rosidl_typesupport_fastrtps_cpp.hpp
[1.303s] -- Up-to-date symlink: /home/ming/ros2_ws/install/go2_interfaces/include/go2_interfaces/go2_interfaces/msg/detail/uwb_switch__rosidl_typesupport_fastrtps_cpp.hpp
[1.303s] -- Up-to-date symlink: /home/ming/ros2_ws/install/go2_interfaces/include/go2_interfaces/go2_interfaces/msg/detail/voxel_height_map_state__rosidl_typesupport_fastrtps_cpp.hpp
[1.303s] -- Up-to-date symlink: /home/ming/ros2_ws/install/go2_interfaces/include/go2_interfaces/go2_interfaces/msg/detail/voxel_map_compressed__rosidl_typesupport_fastrtps_cpp.hpp
[1.303s] -- Up-to-date symlink: /home/ming/ros2_ws/install/go2_interfaces/include/go2_interfaces/go2_interfaces/msg/detail/web_rtc_req__rosidl_typesupport_fastrtps_cpp.hpp
[1.304s] -- Up-to-date symlink: /home/ming/ros2_ws/install/go2_interfaces/include/go2_interfaces/go2_interfaces/msg/detail/wireless_controller__rosidl_typesupport_fastrtps_cpp.hpp
[1.304s] -- Up-to-date symlink: /home/ming/ros2_ws/install/go2_interfaces/include/go2_interfaces/go2_interfaces/msg/rosidl_typesupport_fastrtps_cpp__visibility_control.h
[1.304s] -- Up-to-date symlink: /home/ming/ros2_ws/install/go2_interfaces/include/go2_interfaces/go2_interfaces/msg/detail/audio_data__rosidl_typesupport_introspection_c.h
[1.304s] -- Up-to-date symlink: /home/ming/ros2_ws/install/go2_interfaces/include/go2_interfaces/go2_interfaces/msg/detail/bms_cmd__rosidl_typesupport_introspection_c.h
[1.305s] -- Up-to-date symlink: /home/ming/ros2_ws/install/go2_interfaces/include/go2_interfaces/go2_interfaces/msg/detail/bms_state__rosidl_typesupport_introspection_c.h
[1.305s] -- Up-to-date symlink: /home/ming/ros2_ws/install/go2_interfaces/include/go2_interfaces/go2_interfaces/msg/detail/error__rosidl_typesupport_introspection_c.h
[1.306s] -- Up-to-date symlink: /home/ming/ros2_ws/install/go2_interfaces/include/go2_interfaces/go2_interfaces/msg/detail/go2_cmd__rosidl_typesupport_introspection_c.h
[1.306s] -- Up-to-date symlink: /home/ming/ros2_ws/install/go2_interfaces/include/go2_interfaces/go2_interfaces/msg/detail/go2_front_video_data__rosidl_typesupport_introspection_c.h
[1.306s] -- Up-to-date symlink: /home/ming/ros2_ws/install/go2_interfaces/include/go2_interfaces/go2_interfaces/msg/detail/go2_move__rosidl_typesupport_introspection_c.h
[1.307s] -- Up-to-date symlink: /home/ming/ros2_ws/install/go2_interfaces/include/go2_interfaces/go2_interfaces/msg/detail/go2_rpy_cmd__rosidl_typesupport_introspection_c.h
[1.307s] -- Up-to-date symlink: /home/ming/ros2_ws/install/go2_interfaces/include/go2_interfaces/go2_interfaces/msg/detail/go2_state__rosidl_typesupport_introspection_c.h
[1.307s] -- Up-to-date symlink: /home/ming/ros2_ws/install/go2_interfaces/include/go2_interfaces/go2_interfaces/msg/detail/height_map__rosidl_typesupport_introspection_c.h
[1.308s] -- Up-to-date symlink: /home/ming/ros2_ws/install/go2_interfaces/include/go2_interfaces/go2_interfaces/msg/detail/imu__rosidl_typesupport_introspection_c.h
[1.308s] -- Up-to-date symlink: /home/ming/ros2_ws/install/go2_interfaces/include/go2_interfaces/go2_interfaces/msg/detail/interface_config__rosidl_typesupport_introspection_c.h
[1.308s] -- Up-to-date symlink: /home/ming/ros2_ws/install/go2_interfaces/include/go2_interfaces/go2_interfaces/msg/detail/lidar_state__rosidl_typesupport_introspection_c.h
[1.309s] -- Up-to-date symlink: /home/ming/ros2_ws/install/go2_interfaces/include/go2_interfaces/go2_interfaces/msg/detail/low_cmd__rosidl_typesupport_introspection_c.h
[1.309s] -- Up-to-date symlink: /home/ming/ros2_ws/install/go2_interfaces/include/go2_interfaces/go2_interfaces/msg/detail/low_state__rosidl_typesupport_introspection_c.h
[1.310s] -- Up-to-date symlink: /home/ming/ros2_ws/install/go2_interfaces/include/go2_interfaces/go2_interfaces/msg/detail/motor_cmd__rosidl_typesupport_introspection_c.h
[1.310s] -- Up-to-date symlink: /home/ming/ros2_ws/install/go2_interfaces/include/go2_interfaces/go2_interfaces/msg/detail/motor_cmds__rosidl_typesupport_introspection_c.h
[1.310s] -- Up-to-date symlink: /home/ming/ros2_ws/install/go2_interfaces/include/go2_interfaces/go2_interfaces/msg/detail/motor_state__rosidl_typesupport_introspection_c.h
[1.311s] -- Up-to-date symlink: /home/ming/ros2_ws/install/go2_interfaces/include/go2_interfaces/go2_interfaces/msg/detail/motor_states__rosidl_typesupport_introspection_c.h
[1.311s] -- Up-to-date symlink: /home/ming/ros2_ws/install/go2_interfaces/include/go2_interfaces/go2_interfaces/msg/detail/path_point__rosidl_typesupport_introspection_c.h
[1.311s] -- Up-to-date symlink: /home/ming/ros2_ws/install/go2_interfaces/include/go2_interfaces/go2_interfaces/msg/detail/req__rosidl_typesupport_introspection_c.h
[1.312s] -- Up-to-date symlink: /home/ming/ros2_ws/install/go2_interfaces/include/go2_interfaces/go2_interfaces/msg/detail/res__rosidl_typesupport_introspection_c.h
[1.312s] -- Up-to-date symlink: /home/ming/ros2_ws/install/go2_interfaces/include/go2_interfaces/go2_interfaces/msg/detail/sport_mode_cmd__rosidl_typesupport_introspection_c.h
[1.313s] -- Up-to-date symlink: /home/ming/ros2_ws/install/go2_interfaces/include/go2_interfaces/go2_interfaces/msg/detail/sport_mode_state__rosidl_typesupport_introspection_c.h
[1.313s] -- Up-to-date symlink: /home/ming/ros2_ws/install/go2_interfaces/include/go2_interfaces/go2_interfaces/msg/detail/time_spec__rosidl_typesupport_introspection_c.h
[1.313s] -- Up-to-date symlink: /home/ming/ros2_ws/install/go2_interfaces/include/go2_interfaces/go2_interfaces/msg/detail/uwb_state__rosidl_typesupport_introspection_c.h
[1.314s] -- Up-to-date symlink: /home/ming/ros2_ws/install/go2_interfaces/include/go2_interfaces/go2_interfaces/msg/detail/uwb_switch__rosidl_typesupport_introspection_c.h
[1.314s] -- Up-to-date symlink: /home/ming/ros2_ws/install/go2_interfaces/include/go2_interfaces/go2_interfaces/msg/detail/voxel_height_map_state__rosidl_typesupport_introspection_c.h
[1.314s] -- Up-to-date symlink: /home/ming/ros2_ws/install/go2_interfaces/include/go2_interfaces/go2_interfaces/msg/detail/voxel_map_compressed__rosidl_typesupport_introspection_c.h
[1.315s] -- Up-to-date symlink: /home/ming/ros2_ws/install/go2_interfaces/include/go2_interfaces/go2_interfaces/msg/detail/web_rtc_req__rosidl_typesupport_introspection_c.h
[1.315s] -- Up-to-date symlink: /home/ming/ros2_ws/install/go2_interfaces/include/go2_interfaces/go2_interfaces/msg/detail/wireless_controller__rosidl_typesupport_introspection_c.h
[1.316s] -- Up-to-date symlink: /home/ming/ros2_ws/install/go2_interfaces/include/go2_interfaces/go2_interfaces/msg/rosidl_typesupport_introspection_c__visibility_control.h
[1.317s] -- Up-to-date symlink: /home/ming/ros2_ws/install/go2_interfaces/include/go2_interfaces/go2_interfaces/msg/detail/audio_data__rosidl_typesupport_introspection_cpp.hpp
[1.318s] -- Up-to-date symlink: /home/ming/ros2_ws/install/go2_interfaces/include/go2_interfaces/go2_interfaces/msg/detail/bms_cmd__rosidl_typesupport_introspection_cpp.hpp
[1.318s] -- Up-to-date symlink: /home/ming/ros2_ws/install/go2_interfaces/include/go2_interfaces/go2_interfaces/msg/detail/bms_state__rosidl_typesupport_introspection_cpp.hpp
[1.319s] -- Up-to-date symlink: /home/ming/ros2_ws/install/go2_interfaces/include/go2_interfaces/go2_interfaces/msg/detail/error__rosidl_typesupport_introspection_cpp.hpp
[1.319s] -- Up-to-date symlink: /home/ming/ros2_ws/install/go2_interfaces/include/go2_interfaces/go2_interfaces/msg/detail/go2_cmd__rosidl_typesupport_introspection_cpp.hpp
[1.320s] -- Up-to-date symlink: /home/ming/ros2_ws/install/go2_interfaces/include/go2_interfaces/go2_interfaces/msg/detail/go2_front_video_data__rosidl_typesupport_introspection_cpp.hpp
[1.320s] -- Up-to-date symlink: /home/ming/ros2_ws/install/go2_interfaces/include/go2_interfaces/go2_interfaces/msg/detail/go2_move__rosidl_typesupport_introspection_cpp.hpp
[1.320s] -- Up-to-date symlink: /home/ming/ros2_ws/install/go2_interfaces/include/go2_interfaces/go2_interfaces/msg/detail/go2_rpy_cmd__rosidl_typesupport_introspection_cpp.hpp
[1.321s] -- Up-to-date symlink: /home/ming/ros2_ws/install/go2_interfaces/include/go2_interfaces/go2_interfaces/msg/detail/go2_state__rosidl_typesupport_introspection_cpp.hpp
[1.321s] -- Up-to-date symlink: /home/ming/ros2_ws/install/go2_interfaces/include/go2_interfaces/go2_interfaces/msg/detail/height_map__rosidl_typesupport_introspection_cpp.hpp
[1.323s] -- Up-to-date symlink: /home/ming/ros2_ws/install/go2_interfaces/include/go2_interfaces/go2_interfaces/msg/detail/imu__rosidl_typesupport_introspection_cpp.hpp
[1.363s] -- Up-to-date symlink: /home/ming/ros2_ws/install/go2_interfaces/include/go2_interfaces/go2_interfaces/msg/detail/interface_config__rosidl_typesupport_introspection_cpp.hpp
[1.363s] -- Up-to-date symlink: /home/ming/ros2_ws/install/go2_interfaces/include/go2_interfaces/go2_interfaces/msg/detail/lidar_state__rosidl_typesupport_introspection_cpp.hpp
[1.363s] -- Up-to-date symlink: /home/ming/ros2_ws/install/go2_interfaces/include/go2_interfaces/go2_interfaces/msg/detail/low_cmd__rosidl_typesupport_introspection_cpp.hpp
[1.363s] -- Up-to-date symlink: /home/ming/ros2_ws/install/go2_interfaces/include/go2_interfaces/go2_interfaces/msg/detail/low_state__rosidl_typesupport_introspection_cpp.hpp
[1.363s] -- Up-to-date symlink: /home/ming/ros2_ws/install/go2_interfaces/include/go2_interfaces/go2_interfaces/msg/detail/motor_cmd__rosidl_typesupport_introspection_cpp.hpp
[1.363s] -- Up-to-date symlink: /home/ming/ros2_ws/install/go2_interfaces/include/go2_interfaces/go2_interfaces/msg/detail/motor_cmds__rosidl_typesupport_introspection_cpp.hpp
[1.364s] -- Up-to-date symlink: /home/ming/ros2_ws/install/go2_interfaces/include/go2_interfaces/go2_interfaces/msg/detail/motor_state__rosidl_typesupport_introspection_cpp.hpp
[1.364s] -- Up-to-date symlink: /home/ming/ros2_ws/install/go2_interfaces/include/go2_interfaces/go2_interfaces/msg/detail/motor_states__rosidl_typesupport_introspection_cpp.hpp
[1.364s] -- Up-to-date symlink: /home/ming/ros2_ws/install/go2_interfaces/include/go2_interfaces/go2_interfaces/msg/detail/path_point__rosidl_typesupport_introspection_cpp.hpp
[1.364s] -- Up-to-date symlink: /home/ming/ros2_ws/install/go2_interfaces/include/go2_interfaces/go2_interfaces/msg/detail/req__rosidl_typesupport_introspection_cpp.hpp
[1.364s] -- Up-to-date symlink: /home/ming/ros2_ws/install/go2_interfaces/include/go2_interfaces/go2_interfaces/msg/detail/res__rosidl_typesupport_introspection_cpp.hpp
[1.364s] -- Up-to-date symlink: /home/ming/ros2_ws/install/go2_interfaces/include/go2_interfaces/go2_interfaces/msg/detail/sport_mode_cmd__rosidl_typesupport_introspection_cpp.hpp
[1.364s] -- Up-to-date symlink: /home/ming/ros2_ws/install/go2_interfaces/include/go2_interfaces/go2_interfaces/msg/detail/sport_mode_state__rosidl_typesupport_introspection_cpp.hpp
[1.364s] -- Up-to-date symlink: /home/ming/ros2_ws/install/go2_interfaces/include/go2_interfaces/go2_interfaces/msg/detail/time_spec__rosidl_typesupport_introspection_cpp.hpp
[1.365s] -- Up-to-date symlink: /home/ming/ros2_ws/install/go2_interfaces/include/go2_interfaces/go2_interfaces/msg/detail/uwb_state__rosidl_typesupport_introspection_cpp.hpp
[1.365s] -- Up-to-date symlink: /home/ming/ros2_ws/install/go2_interfaces/include/go2_interfaces/go2_interfaces/msg/detail/uwb_switch__rosidl_typesupport_introspection_cpp.hpp
[1.365s] -- Up-to-date symlink: /home/ming/ros2_ws/install/go2_interfaces/include/go2_interfaces/go2_interfaces/msg/detail/voxel_height_map_state__rosidl_typesupport_introspection_cpp.hpp
[1.365s] -- Up-to-date symlink: /home/ming/ros2_ws/install/go2_interfaces/include/go2_interfaces/go2_interfaces/msg/detail/voxel_map_compressed__rosidl_typesupport_introspection_cpp.hpp
[1.365s] -- Up-to-date symlink: /home/ming/ros2_ws/install/go2_interfaces/include/go2_interfaces/go2_interfaces/msg/detail/web_rtc_req__rosidl_typesupport_introspection_cpp.hpp
[1.365s] -- Up-to-date symlink: /home/ming/ros2_ws/install/go2_interfaces/include/go2_interfaces/go2_interfaces/msg/detail/wireless_controller__rosidl_typesupport_introspection_cpp.hpp
[1.365s] -- Up-to-date symlink: /home/ming/ros2_ws/install/go2_interfaces/share/go2_interfaces/environment/pythonpath.sh
[1.366s] -- Up-to-date symlink: /home/ming/ros2_ws/install/go2_interfaces/share/go2_interfaces/environment/pythonpath.dsv
[1.366s] -- Up-to-date symlink: /home/ming/ros2_ws/install/go2_interfaces/local/lib/python3.10/dist-packages/go2_interfaces-0.0.0-py3.10.egg-info/PKG-INFO
[1.366s] -- Up-to-date symlink: /home/ming/ros2_ws/install/go2_interfaces/local/lib/python3.10/dist-packages/go2_interfaces-0.0.0-py3.10.egg-info/SOURCES.txt
[1.366s] -- Up-to-date symlink: /home/ming/ros2_ws/install/go2_interfaces/local/lib/python3.10/dist-packages/go2_interfaces-0.0.0-py3.10.egg-info/dependency_links.txt
[1.366s] -- Up-to-date symlink: /home/ming/ros2_ws/install/go2_interfaces/local/lib/python3.10/dist-packages/go2_interfaces-0.0.0-py3.10.egg-info/top_level.txt
[1.366s] -- Up-to-date symlink: /home/ming/ros2_ws/install/go2_interfaces/local/lib/python3.10/dist-packages/go2_interfaces/__init__.py
[1.366s] -- Up-to-date symlink: /home/ming/ros2_ws/install/go2_interfaces/local/lib/python3.10/dist-packages/go2_interfaces/_go2_interfaces_s.ep.rosidl_typesupport_c.c
[1.366s] -- Up-to-date symlink: /home/ming/ros2_ws/install/go2_interfaces/local/lib/python3.10/dist-packages/go2_interfaces/_go2_interfaces_s.ep.rosidl_typesupport_fastrtps_c.c
[1.366s] -- Up-to-date symlink: /home/ming/ros2_ws/install/go2_interfaces/local/lib/python3.10/dist-packages/go2_interfaces/_go2_interfaces_s.ep.rosidl_typesupport_introspection_c.c
[1.366s] -- Up-to-date symlink: /home/ming/ros2_ws/install/go2_interfaces/local/lib/python3.10/dist-packages/go2_interfaces/go2_interfaces_s__rosidl_typesupport_c.cpython-310-aarch64-linux-gnu.so
[1.367s] -- Up-to-date symlink: /home/ming/ros2_ws/install/go2_interfaces/local/lib/python3.10/dist-packages/go2_interfaces/go2_interfaces_s__rosidl_typesupport_fastrtps_c.cpython-310-aarch64-linux-gnu.so
[1.367s] -- Up-to-date symlink: /home/ming/ros2_ws/install/go2_interfaces/local/lib/python3.10/dist-packages/go2_interfaces/go2_interfaces_s__rosidl_typesupport_introspection_c.cpython-310-aarch64-linux-gnu.so
[1.367s] -- Up-to-date symlink: /home/ming/ros2_ws/install/go2_interfaces/local/lib/python3.10/dist-packages/go2_interfaces/libgo2_interfaces__rosidl_generator_py.so
[1.367s] -- Up-to-date symlink: /home/ming/ros2_ws/install/go2_interfaces/local/lib/python3.10/dist-packages/go2_interfaces/msg/__init__.py
[1.367s] -- Up-to-date symlink: /home/ming/ros2_ws/install/go2_interfaces/local/lib/python3.10/dist-packages/go2_interfaces/msg/_audio_data.py
[1.367s] -- Up-to-date symlink: /home/ming/ros2_ws/install/go2_interfaces/local/lib/python3.10/dist-packages/go2_interfaces/msg/_audio_data_s.c
[1.367s] -- Up-to-date symlink: /home/ming/ros2_ws/install/go2_interfaces/local/lib/python3.10/dist-packages/go2_interfaces/msg/_bms_cmd.py
[1.367s] -- Up-to-date symlink: /home/ming/ros2_ws/install/go2_interfaces/local/lib/python3.10/dist-packages/go2_interfaces/msg/_bms_cmd_s.c
[1.367s] -- Up-to-date symlink: /home/ming/ros2_ws/install/go2_interfaces/local/lib/python3.10/dist-packages/go2_interfaces/msg/_bms_state.py
[1.367s] -- Up-to-date symlink: /home/ming/ros2_ws/install/go2_interfaces/local/lib/python3.10/dist-packages/go2_interfaces/msg/_bms_state_s.c
[1.368s] -- Up-to-date symlink: /home/ming/ros2_ws/install/go2_interfaces/local/lib/python3.10/dist-packages/go2_interfaces/msg/_error.py
[1.368s] -- Up-to-date symlink: /home/ming/ros2_ws/install/go2_interfaces/local/lib/python3.10/dist-packages/go2_interfaces/msg/_error_s.c
[1.368s] -- Up-to-date symlink: /home/ming/ros2_ws/install/go2_interfaces/local/lib/python3.10/dist-packages/go2_interfaces/msg/_go2_cmd.py
[1.368s] -- Up-to-date symlink: /home/ming/ros2_ws/install/go2_interfaces/local/lib/python3.10/dist-packages/go2_interfaces/msg/_go2_cmd_s.c
[1.368s] -- Up-to-date symlink: /home/ming/ros2_ws/install/go2_interfaces/local/lib/python3.10/dist-packages/go2_interfaces/msg/_go2_front_video_data.py
[1.368s] -- Up-to-date symlink: /home/ming/ros2_ws/install/go2_interfaces/local/lib/python3.10/dist-packages/go2_interfaces/msg/_go2_front_video_data_s.c
[1.368s] -- Up-to-date symlink: /home/ming/ros2_ws/install/go2_interfaces/local/lib/python3.10/dist-packages/go2_interfaces/msg/_go2_move.py
[1.368s] -- Up-to-date symlink: /home/ming/ros2_ws/install/go2_interfaces/local/lib/python3.10/dist-packages/go2_interfaces/msg/_go2_move_s.c
[1.368s] -- Up-to-date symlink: /home/ming/ros2_ws/install/go2_interfaces/local/lib/python3.10/dist-packages/go2_interfaces/msg/_go2_rpy_cmd.py
[1.368s] -- Up-to-date symlink: /home/ming/ros2_ws/install/go2_interfaces/local/lib/python3.10/dist-packages/go2_interfaces/msg/_go2_rpy_cmd_s.c
[1.369s] -- Up-to-date symlink: /home/ming/ros2_ws/install/go2_interfaces/local/lib/python3.10/dist-packages/go2_interfaces/msg/_go2_state.py
[1.369s] -- Up-to-date symlink: /home/ming/ros2_ws/install/go2_interfaces/local/lib/python3.10/dist-packages/go2_interfaces/msg/_go2_state_s.c
[1.369s] -- Up-to-date symlink: /home/ming/ros2_ws/install/go2_interfaces/local/lib/python3.10/dist-packages/go2_interfaces/msg/_height_map.py
[1.369s] -- Up-to-date symlink: /home/ming/ros2_ws/install/go2_interfaces/local/lib/python3.10/dist-packages/go2_interfaces/msg/_height_map_s.c
[1.369s] -- Up-to-date symlink: /home/ming/ros2_ws/install/go2_interfaces/local/lib/python3.10/dist-packages/go2_interfaces/msg/_imu.py
[1.369s] -- Up-to-date symlink: /home/ming/ros2_ws/install/go2_interfaces/local/lib/python3.10/dist-packages/go2_interfaces/msg/_imu_s.c
[1.369s] -- Up-to-date symlink: /home/ming/ros2_ws/install/go2_interfaces/local/lib/python3.10/dist-packages/go2_interfaces/msg/_interface_config.py
[1.369s] -- Up-to-date symlink: /home/ming/ros2_ws/install/go2_interfaces/local/lib/python3.10/dist-packages/go2_interfaces/msg/_interface_config_s.c
[1.369s] -- Up-to-date symlink: /home/ming/ros2_ws/install/go2_interfaces/local/lib/python3.10/dist-packages/go2_interfaces/msg/_lidar_state.py
[1.370s] -- Up-to-date symlink: /home/ming/ros2_ws/install/go2_interfaces/local/lib/python3.10/dist-packages/go2_interfaces/msg/_lidar_state_s.c
[1.370s] -- Up-to-date symlink: /home/ming/ros2_ws/install/go2_interfaces/local/lib/python3.10/dist-packages/go2_interfaces/msg/_low_cmd.py
[1.370s] -- Up-to-date symlink: /home/ming/ros2_ws/install/go2_interfaces/local/lib/python3.10/dist-packages/go2_interfaces/msg/_low_cmd_s.c
[1.370s] -- Up-to-date symlink: /home/ming/ros2_ws/install/go2_interfaces/local/lib/python3.10/dist-packages/go2_interfaces/msg/_low_state.py
[1.370s] -- Up-to-date symlink: /home/ming/ros2_ws/install/go2_interfaces/local/lib/python3.10/dist-packages/go2_interfaces/msg/_low_state_s.c
[1.370s] -- Up-to-date symlink: /home/ming/ros2_ws/install/go2_interfaces/local/lib/python3.10/dist-packages/go2_interfaces/msg/_motor_cmd.py
[1.370s] -- Up-to-date symlink: /home/ming/ros2_ws/install/go2_interfaces/local/lib/python3.10/dist-packages/go2_interfaces/msg/_motor_cmd_s.c
[1.370s] -- Up-to-date symlink: /home/ming/ros2_ws/install/go2_interfaces/local/lib/python3.10/dist-packages/go2_interfaces/msg/_motor_cmds.py
[1.370s] -- Up-to-date symlink: /home/ming/ros2_ws/install/go2_interfaces/local/lib/python3.10/dist-packages/go2_interfaces/msg/_motor_cmds_s.c
[1.370s] -- Up-to-date symlink: /home/ming/ros2_ws/install/go2_interfaces/local/lib/python3.10/dist-packages/go2_interfaces/msg/_motor_state.py
[1.371s] -- Up-to-date symlink: /home/ming/ros2_ws/install/go2_interfaces/local/lib/python3.10/dist-packages/go2_interfaces/msg/_motor_state_s.c
[1.371s] -- Up-to-date symlink: /home/ming/ros2_ws/install/go2_interfaces/local/lib/python3.10/dist-packages/go2_interfaces/msg/_motor_states.py
[1.371s] -- Up-to-date symlink: /home/ming/ros2_ws/install/go2_interfaces/local/lib/python3.10/dist-packages/go2_interfaces/msg/_motor_states_s.c
[1.371s] -- Up-to-date symlink: /home/ming/ros2_ws/install/go2_interfaces/local/lib/python3.10/dist-packages/go2_interfaces/msg/_path_point.py
[1.371s] -- Up-to-date symlink: /home/ming/ros2_ws/install/go2_interfaces/local/lib/python3.10/dist-packages/go2_interfaces/msg/_path_point_s.c
[1.371s] -- Up-to-date symlink: /home/ming/ros2_ws/install/go2_interfaces/local/lib/python3.10/dist-packages/go2_interfaces/msg/_req.py
[1.371s] -- Up-to-date symlink: /home/ming/ros2_ws/install/go2_interfaces/local/lib/python3.10/dist-packages/go2_interfaces/msg/_req_s.c
[1.371s] -- Up-to-date symlink: /home/ming/ros2_ws/install/go2_interfaces/local/lib/python3.10/dist-packages/go2_interfaces/msg/_res.py
[1.371s] -- Up-to-date symlink: /home/ming/ros2_ws/install/go2_interfaces/local/lib/python3.10/dist-packages/go2_interfaces/msg/_res_s.c
[1.371s] -- Up-to-date symlink: /home/ming/ros2_ws/install/go2_interfaces/local/lib/python3.10/dist-packages/go2_interfaces/msg/_sport_mode_cmd.py
[1.372s] -- Up-to-date symlink: /home/ming/ros2_ws/install/go2_interfaces/local/lib/python3.10/dist-packages/go2_interfaces/msg/_sport_mode_cmd_s.c
[1.372s] -- Up-to-date symlink: /home/ming/ros2_ws/install/go2_interfaces/local/lib/python3.10/dist-packages/go2_interfaces/msg/_sport_mode_state.py
[1.372s] -- Up-to-date symlink: /home/ming/ros2_ws/install/go2_interfaces/local/lib/python3.10/dist-packages/go2_interfaces/msg/_sport_mode_state_s.c
[1.372s] -- Up-to-date symlink: /home/ming/ros2_ws/install/go2_interfaces/local/lib/python3.10/dist-packages/go2_interfaces/msg/_time_spec.py
[1.372s] -- Up-to-date symlink: /home/ming/ros2_ws/install/go2_interfaces/local/lib/python3.10/dist-packages/go2_interfaces/msg/_time_spec_s.c
[1.372s] -- Up-to-date symlink: /home/ming/ros2_ws/install/go2_interfaces/local/lib/python3.10/dist-packages/go2_interfaces/msg/_uwb_state.py
[1.372s] -- Up-to-date symlink: /home/ming/ros2_ws/install/go2_interfaces/local/lib/python3.10/dist-packages/go2_interfaces/msg/_uwb_state_s.c
[1.372s] -- Up-to-date symlink: /home/ming/ros2_ws/install/go2_interfaces/local/lib/python3.10/dist-packages/go2_interfaces/msg/_uwb_switch.py
[1.372s] -- Up-to-date symlink: /home/ming/ros2_ws/install/go2_interfaces/local/lib/python3.10/dist-packages/go2_interfaces/msg/_uwb_switch_s.c
[1.372s] -- Up-to-date symlink: /home/ming/ros2_ws/install/go2_interfaces/local/lib/python3.10/dist-packages/go2_interfaces/msg/_voxel_height_map_state.py
[1.373s] -- Up-to-date symlink: /home/ming/ros2_ws/install/go2_interfaces/local/lib/python3.10/dist-packages/go2_interfaces/msg/_voxel_height_map_state_s.c
[1.373s] -- Up-to-date symlink: /home/ming/ros2_ws/install/go2_interfaces/local/lib/python3.10/dist-packages/go2_interfaces/msg/_voxel_map_compressed.py
[1.373s] -- Up-to-date symlink: /home/ming/ros2_ws/install/go2_interfaces/local/lib/python3.10/dist-packages/go2_interfaces/msg/_voxel_map_compressed_s.c
[1.373s] -- Up-to-date symlink: /home/ming/ros2_ws/install/go2_interfaces/local/lib/python3.10/dist-packages/go2_interfaces/msg/_web_rtc_req.py
[1.373s] -- Up-to-date symlink: /home/ming/ros2_ws/install/go2_interfaces/local/lib/python3.10/dist-packages/go2_interfaces/msg/_web_rtc_req_s.c
[1.373s] -- Up-to-date symlink: /home/ming/ros2_ws/install/go2_interfaces/local/lib/python3.10/dist-packages/go2_interfaces/msg/_wireless_controller.py
[1.373s] -- Up-to-date symlink: /home/ming/ros2_ws/install/go2_interfaces/local/lib/python3.10/dist-packages/go2_interfaces/msg/_wireless_controller_s.c
[1.373s] -- Up-to-date symlink: /home/ming/ros2_ws/install/go2_interfaces/local/lib/python3.10/dist-packages/go2_interfaces/go2_interfaces_s__rosidl_typesupport_fastrtps_c.cpython-310-aarch64-linux-gnu.so
[1.373s] -- Up-to-date symlink: /home/ming/ros2_ws/install/go2_interfaces/local/lib/python3.10/dist-packages/go2_interfaces/go2_interfaces_s__rosidl_typesupport_introspection_c.cpython-310-aarch64-linux-gnu.so
[1.374s] -- Up-to-date symlink: /home/ming/ros2_ws/install/go2_interfaces/local/lib/python3.10/dist-packages/go2_interfaces/go2_interfaces_s__rosidl_typesupport_c.cpython-310-aarch64-linux-gnu.so
[1.374s] -- Up-to-date symlink: /home/ming/ros2_ws/install/go2_interfaces/share/go2_interfaces/msg/Go2Cmd.idl
[1.374s] -- Up-to-date symlink: /home/ming/ros2_ws/install/go2_interfaces/share/go2_interfaces/msg/Go2State.idl
[1.374s] -- Up-to-date symlink: /home/ming/ros2_ws/install/go2_interfaces/share/go2_interfaces/msg/Go2Move.idl
[1.374s] -- Up-to-date symlink: /home/ming/ros2_ws/install/go2_interfaces/share/go2_interfaces/msg/Go2RpyCmd.idl
[1.374s] -- Up-to-date symlink: /home/ming/ros2_ws/install/go2_interfaces/share/go2_interfaces/msg/IMU.idl
[1.374s] -- Up-to-date symlink: /home/ming/ros2_ws/install/go2_interfaces/share/go2_interfaces/msg/AudioData.idl
[1.374s] -- Up-to-date symlink: /home/ming/ros2_ws/install/go2_interfaces/share/go2_interfaces/msg/BmsCmd.idl
[1.374s] -- Up-to-date symlink: /home/ming/ros2_ws/install/go2_interfaces/share/go2_interfaces/msg/BmsState.idl
[1.374s] -- Up-to-date symlink: /home/ming/ros2_ws/install/go2_interfaces/share/go2_interfaces/msg/Error.idl
[1.375s] -- Up-to-date symlink: /home/ming/ros2_ws/install/go2_interfaces/share/go2_interfaces/msg/Go2FrontVideoData.idl
[1.375s] -- Up-to-date symlink: /home/ming/ros2_ws/install/go2_interfaces/share/go2_interfaces/msg/HeightMap.idl
[1.375s] -- Up-to-date symlink: /home/ming/ros2_ws/install/go2_interfaces/share/go2_interfaces/msg/InterfaceConfig.idl
[1.375s] -- Up-to-date symlink: /home/ming/ros2_ws/install/go2_interfaces/share/go2_interfaces/msg/LidarState.idl
[1.375s] -- Up-to-date symlink: /home/ming/ros2_ws/install/go2_interfaces/share/go2_interfaces/msg/LowCmd.idl
[1.375s] -- Up-to-date symlink: /home/ming/ros2_ws/install/go2_interfaces/share/go2_interfaces/msg/LowState.idl
[1.375s] -- Up-to-date symlink: /home/ming/ros2_ws/install/go2_interfaces/share/go2_interfaces/msg/MotorCmd.idl
[1.375s] -- Up-to-date symlink: /home/ming/ros2_ws/install/go2_interfaces/share/go2_interfaces/msg/MotorCmds.idl
[1.375s] -- Up-to-date symlink: /home/ming/ros2_ws/install/go2_interfaces/share/go2_interfaces/msg/MotorState.idl
[1.375s] -- Up-to-date symlink: /home/ming/ros2_ws/install/go2_interfaces/share/go2_interfaces/msg/MotorStates.idl
[1.376s] -- Up-to-date symlink: /home/ming/ros2_ws/install/go2_interfaces/share/go2_interfaces/msg/PathPoint.idl
[1.376s] -- Up-to-date symlink: /home/ming/ros2_ws/install/go2_interfaces/share/go2_interfaces/msg/Req.idl
[1.376s] -- Up-to-date symlink: /home/ming/ros2_ws/install/go2_interfaces/share/go2_interfaces/msg/Res.idl
[1.376s] -- Up-to-date symlink: /home/ming/ros2_ws/install/go2_interfaces/share/go2_interfaces/msg/SportModeCmd.idl
[1.376s] -- Up-to-date symlink: /home/ming/ros2_ws/install/go2_interfaces/share/go2_interfaces/msg/SportModeState.idl
[1.376s] -- Up-to-date symlink: /home/ming/ros2_ws/install/go2_interfaces/share/go2_interfaces/msg/TimeSpec.idl
[1.376s] -- Up-to-date symlink: /home/ming/ros2_ws/install/go2_interfaces/share/go2_interfaces/msg/UwbState.idl
[1.376s] -- Up-to-date symlink: /home/ming/ros2_ws/install/go2_interfaces/share/go2_interfaces/msg/UwbSwitch.idl
[1.376s] -- Up-to-date symlink: /home/ming/ros2_ws/install/go2_interfaces/share/go2_interfaces/msg/VoxelMapCompressed.idl
[1.376s] -- Up-to-date symlink: /home/ming/ros2_ws/install/go2_interfaces/share/go2_interfaces/msg/VoxelHeightMapState.idl
[1.377s] -- Up-to-date symlink: /home/ming/ros2_ws/install/go2_interfaces/share/go2_interfaces/msg/WebRtcReq.idl
[1.377s] -- Up-to-date symlink: /home/ming/ros2_ws/install/go2_interfaces/share/go2_interfaces/msg/WirelessController.idl
[1.377s] -- Up-to-date symlink: /home/ming/ros2_ws/install/go2_interfaces/share/go2_interfaces/msg/Go2Cmd.msg
[1.377s] -- Up-to-date symlink: /home/ming/ros2_ws/install/go2_interfaces/share/go2_interfaces/msg/Go2State.msg
[1.377s] -- Up-to-date symlink: /home/ming/ros2_ws/install/go2_interfaces/share/go2_interfaces/msg/Go2Move.msg
[1.377s] -- Up-to-date symlink: /home/ming/ros2_ws/install/go2_interfaces/share/go2_interfaces/msg/Go2RpyCmd.msg
[1.377s] -- Up-to-date symlink: /home/ming/ros2_ws/install/go2_interfaces/share/go2_interfaces/msg/IMU.msg
[1.377s] -- Up-to-date symlink: /home/ming/ros2_ws/install/go2_interfaces/share/go2_interfaces/msg/AudioData.msg
[1.377s] -- Up-to-date symlink: /home/ming/ros2_ws/install/go2_interfaces/share/go2_interfaces/msg/BmsCmd.msg
[1.377s] -- Up-to-date symlink: /home/ming/ros2_ws/install/go2_interfaces/share/go2_interfaces/msg/BmsState.msg
[1.378s] -- Up-to-date symlink: /home/ming/ros2_ws/install/go2_interfaces/share/go2_interfaces/msg/Error.msg
[1.378s] -- Up-to-date symlink: /home/ming/ros2_ws/install/go2_interfaces/share/go2_interfaces/msg/Go2FrontVideoData.msg
[1.378s] -- Up-to-date symlink: /home/ming/ros2_ws/install/go2_interfaces/share/go2_interfaces/msg/HeightMap.msg
[1.378s] -- Up-to-date symlink: /home/ming/ros2_ws/install/go2_interfaces/share/go2_interfaces/msg/InterfaceConfig.msg
[1.378s] -- Up-to-date symlink: /home/ming/ros2_ws/install/go2_interfaces/share/go2_interfaces/msg/LidarState.msg
[1.378s] -- Up-to-date symlink: /home/ming/ros2_ws/install/go2_interfaces/share/go2_interfaces/msg/LowCmd.msg
[1.378s] -- Up-to-date symlink: /home/ming/ros2_ws/install/go2_interfaces/share/go2_interfaces/msg/LowState.msg
[1.378s] -- Up-to-date symlink: /home/ming/ros2_ws/install/go2_interfaces/share/go2_interfaces/msg/MotorCmd.msg
[1.378s] -- Up-to-date symlink: /home/ming/ros2_ws/install/go2_interfaces/share/go2_interfaces/msg/MotorCmds.msg
[1.378s] -- Up-to-date symlink: /home/ming/ros2_ws/install/go2_interfaces/share/go2_interfaces/msg/MotorState.msg
[1.379s] -- Up-to-date symlink: /home/ming/ros2_ws/install/go2_interfaces/share/go2_interfaces/msg/MotorStates.msg
[1.379s] -- Up-to-date symlink: /home/ming/ros2_ws/install/go2_interfaces/share/go2_interfaces/msg/PathPoint.msg
[1.379s] -- Up-to-date symlink: /home/ming/ros2_ws/install/go2_interfaces/share/go2_interfaces/msg/Req.msg
[1.379s] -- Up-to-date symlink: /home/ming/ros2_ws/install/go2_interfaces/share/go2_interfaces/msg/Res.msg
[1.379s] -- Up-to-date symlink: /home/ming/ros2_ws/install/go2_interfaces/share/go2_interfaces/msg/SportModeCmd.msg
[1.379s] -- Up-to-date symlink: /home/ming/ros2_ws/install/go2_interfaces/share/go2_interfaces/msg/SportModeState.msg
[1.379s] -- Up-to-date symlink: /home/ming/ros2_ws/install/go2_interfaces/share/go2_interfaces/msg/TimeSpec.msg
[1.379s] -- Up-to-date symlink: /home/ming/ros2_ws/install/go2_interfaces/share/go2_interfaces/msg/UwbState.msg
[1.379s] -- Up-to-date symlink: /home/ming/ros2_ws/install/go2_interfaces/share/go2_interfaces/msg/UwbSwitch.msg
[1.379s] -- Up-to-date symlink: /home/ming/ros2_ws/install/go2_interfaces/share/go2_interfaces/msg/VoxelMapCompressed.msg
[1.380s] -- Up-to-date symlink: /home/ming/ros2_ws/install/go2_interfaces/share/go2_interfaces/msg/VoxelHeightMapState.msg
[1.380s] -- Up-to-date symlink: /home/ming/ros2_ws/install/go2_interfaces/share/go2_interfaces/msg/WebRtcReq.msg
[1.380s] -- Up-to-date symlink: /home/ming/ros2_ws/install/go2_interfaces/share/go2_interfaces/msg/WirelessController.msg
[1.380s] -- Up-to-date symlink: /home/ming/ros2_ws/install/go2_interfaces/share/ament_index/resource_index/package_run_dependencies/go2_interfaces
[1.380s] -- Up-to-date symlink: /home/ming/ros2_ws/install/go2_interfaces/share/ament_index/resource_index/parent_prefix_path/go2_interfaces
[1.380s] -- Up-to-date symlink: /home/ming/ros2_ws/install/go2_interfaces/share/go2_interfaces/environment/ament_prefix_path.sh
[1.380s] -- Up-to-date symlink: /home/ming/ros2_ws/install/go2_interfaces/share/go2_interfaces/environment/ament_prefix_path.dsv
[1.380s] -- Up-to-date symlink: /home/ming/ros2_ws/install/go2_interfaces/share/go2_interfaces/environment/path.sh
[1.380s] -- Up-to-date symlink: /home/ming/ros2_ws/install/go2_interfaces/share/go2_interfaces/environment/path.dsv
[1.380s] -- Up-to-date symlink: /home/ming/ros2_ws/install/go2_interfaces/share/go2_interfaces/local_setup.bash
[1.381s] -- Up-to-date symlink: /home/ming/ros2_ws/install/go2_interfaces/share/go2_interfaces/local_setup.sh
[1.381s] -- Up-to-date symlink: /home/ming/ros2_ws/install/go2_interfaces/share/go2_interfaces/local_setup.zsh
[1.381s] -- Up-to-date symlink: /home/ming/ros2_ws/install/go2_interfaces/share/go2_interfaces/local_setup.dsv
[1.382s] -- Symlinking: /home/ming/ros2_ws/install/go2_interfaces/share/go2_interfaces/package.dsv
[1.382s] -- Up-to-date symlink: /home/ming/ros2_ws/install/go2_interfaces/share/ament_index/resource_index/packages/go2_interfaces
[1.382s] -- Up-to-date symlink: /home/ming/ros2_ws/install/go2_interfaces/share/go2_interfaces/cmake/rosidl_cmake-extras.cmake
[1.382s] -- Up-to-date symlink: /home/ming/ros2_ws/install/go2_interfaces/share/go2_interfaces/cmake/ament_cmake_export_dependencies-extras.cmake
[1.383s] -- Up-to-date symlink: /home/ming/ros2_ws/install/go2_interfaces/share/go2_interfaces/cmake/ament_cmake_export_include_directories-extras.cmake
[1.383s] -- Up-to-date symlink: /home/ming/ros2_ws/install/go2_interfaces/share/go2_interfaces/cmake/ament_cmake_export_libraries-extras.cmake
[1.384s] -- Up-to-date symlink: /home/ming/ros2_ws/install/go2_interfaces/share/go2_interfaces/cmake/ament_cmake_export_targets-extras.cmake
[1.385s] -- Up-to-date symlink: /home/ming/ros2_ws/install/go2_interfaces/share/go2_interfaces/cmake/rosidl_cmake_export_typesupport_targets-extras.cmake
[1.385s] -- Up-to-date symlink: /home/ming/ros2_ws/install/go2_interfaces/share/go2_interfaces/cmake/rosidl_cmake_export_typesupport_libraries-extras.cmake
[1.386s] -- Up-to-date symlink: /home/ming/ros2_ws/install/go2_interfaces/share/go2_interfaces/cmake/go2_interfacesConfig.cmake
[1.386s] -- Up-to-date symlink: /home/ming/ros2_ws/install/go2_interfaces/share/go2_interfaces/cmake/go2_interfacesConfig-version.cmake
[1.387s] -- Up-to-date symlink: /home/ming/ros2_ws/install/go2_interfaces/share/go2_interfaces/package.xml
[1.387s] -- Up-to-date: /home/ming/ros2_ws/install/go2_interfaces/lib/libgo2_interfaces__rosidl_generator_c.so
[1.388s] -- Up-to-date: /home/ming/ros2_ws/install/go2_interfaces/lib/libgo2_interfaces__rosidl_typesupport_fastrtps_c.so
[1.389s] -- Up-to-date: /home/ming/ros2_ws/install/go2_interfaces/lib/libgo2_interfaces__rosidl_typesupport_fastrtps_cpp.so
[1.390s] -- Up-to-date: /home/ming/ros2_ws/install/go2_interfaces/lib/libgo2_interfaces__rosidl_typesupport_introspection_c.so
[1.391s] -- Up-to-date: /home/ming/ros2_ws/install/go2_interfaces/lib/libgo2_interfaces__rosidl_typesupport_c.so
[1.392s] -- Up-to-date: /home/ming/ros2_ws/install/go2_interfaces/lib/libgo2_interfaces__rosidl_typesupport_introspection_cpp.so
[1.393s] -- Up-to-date: /home/ming/ros2_ws/install/go2_interfaces/lib/libgo2_interfaces__rosidl_typesupport_cpp.so
[1.474s] Listing '/home/ming/ros2_ws/install/go2_interfaces/local/lib/python3.10/dist-packages/go2_interfaces'...
[1.474s] Listing '/home/ming/ros2_ws/install/go2_interfaces/local/lib/python3.10/dist-packages/go2_interfaces/msg'...
[1.484s] -- Up-to-date: /home/ming/ros2_ws/install/go2_interfaces/lib/libgo2_interfaces__rosidl_generator_py.so
[1.485s] -- Up-to-date: /home/ming/ros2_ws/install/go2_interfaces/share/go2_interfaces/cmake/export_go2_interfaces__rosidl_generator_cExport.cmake
[1.486s] -- Up-to-date: /home/ming/ros2_ws/install/go2_interfaces/share/go2_interfaces/cmake/export_go2_interfaces__rosidl_generator_cExport-noconfig.cmake
[1.486s] -- Up-to-date: /home/ming/ros2_ws/install/go2_interfaces/share/go2_interfaces/cmake/export_go2_interfaces__rosidl_typesupport_fastrtps_cExport.cmake
[1.487s] -- Up-to-date: /home/ming/ros2_ws/install/go2_interfaces/share/go2_interfaces/cmake/export_go2_interfaces__rosidl_typesupport_fastrtps_cExport-noconfig.cmake
[1.488s] -- Up-to-date: /home/ming/ros2_ws/install/go2_interfaces/share/go2_interfaces/cmake/export_go2_interfaces__rosidl_generator_cppExport.cmake
[1.488s] -- Up-to-date: /home/ming/ros2_ws/install/go2_interfaces/share/go2_interfaces/cmake/export_go2_interfaces__rosidl_typesupport_fastrtps_cppExport.cmake
[1.489s] -- Up-to-date: /home/ming/ros2_ws/install/go2_interfaces/share/go2_interfaces/cmake/export_go2_interfaces__rosidl_typesupport_fastrtps_cppExport-noconfig.cmake
[1.490s] -- Up-to-date: /home/ming/ros2_ws/install/go2_interfaces/share/go2_interfaces/cmake/go2_interfaces__rosidl_typesupport_introspection_cExport.cmake
[1.491s] -- Up-to-date: /home/ming/ros2_ws/install/go2_interfaces/share/go2_interfaces/cmake/go2_interfaces__rosidl_typesupport_introspection_cExport-noconfig.cmake
[1.491s] -- Up-to-date: /home/ming/ros2_ws/install/go2_interfaces/share/go2_interfaces/cmake/go2_interfaces__rosidl_typesupport_cExport.cmake
[1.492s] -- Up-to-date: /home/ming/ros2_ws/install/go2_interfaces/share/go2_interfaces/cmake/go2_interfaces__rosidl_typesupport_cExport-noconfig.cmake
[1.493s] -- Up-to-date: /home/ming/ros2_ws/install/go2_interfaces/share/go2_interfaces/cmake/go2_interfaces__rosidl_typesupport_introspection_cppExport.cmake
[1.495s] -- Up-to-date: /home/ming/ros2_ws/install/go2_interfaces/share/go2_interfaces/cmake/go2_interfaces__rosidl_typesupport_introspection_cppExport-noconfig.cmake
[1.495s] -- Up-to-date: /home/ming/ros2_ws/install/go2_interfaces/share/go2_interfaces/cmake/go2_interfaces__rosidl_typesupport_cppExport.cmake
[1.496s] -- Up-to-date: /home/ming/ros2_ws/install/go2_interfaces/share/go2_interfaces/cmake/go2_interfaces__rosidl_typesupport_cppExport-noconfig.cmake
[1.496s] -- Up-to-date: /home/ming/ros2_ws/install/go2_interfaces/share/go2_interfaces/cmake/export_go2_interfaces__rosidl_generator_pyExport.cmake
[1.496s] -- Up-to-date: /home/ming/ros2_ws/install/go2_interfaces/share/go2_interfaces/cmake/export_go2_interfaces__rosidl_generator_pyExport-noconfig.cmake
[1.500s] Invoked command in '/home/ming/ros2_ws/build/go2_interfaces' returned '0': CMAKE_PREFIX_PATH=${CMAKE_PREFIX_PATH}:/home/ming/ros2_ws/install/speech_processor:/home/ming/ros2_ws/install/lidar_processor:/home/ming/ros2_ws/install/go2_robot_sdk:/home/ming/ros2_ws/install/coco_detector:/opt/ros/humble PS1=\[\e]0;\u@\h: \w\a\]${debian_chroot:+($debian_chroot)}\[\033[01;32m\]\u@\h\[\033[00m\]:\[\033[01;34m\]\w\[\033[00m\]\$ /usr/bin/cmake --install /home/ming/ros2_ws/build/go2_interfaces
