[0.054s] Invoking command in '/home/ming/ros2_ws/build/champ_base': CMAKE_PREFIX_PATH=/home/ming/ros2_ws/install/champ_msgs:/home/ming/ros2_ws/install/champ:/home/ming/ros2_ws/install/unitree_go2_sim:/home/ming/ros2_ws/install/unitree_go2_description:/home/ming/ros2_ws/install/lidar_processor_cpp:/home/ming/ros2_ws/install/go2_interfaces:/home/ming/ros2_ws/install/champ_base:/home/ming/ros2_ws/install/go2_navigation:/home/ming/ros2_ws/install/go2_unitree_bridge:/home/ming/ros2_ws/install/speech_processor:/home/ming/ros2_ws/install/lidar_processor:/home/ming/ros2_ws/install/go2_robot_sdk:/home/ming/ros2_ws/install/coco_detector:/home/ming/install/go2_navigation:/opt/ros/humble LD_LIBRARY_PATH=/home/ming/ros2_ws/install/champ_msgs/lib:/home/ming/ros2_ws/install/go2_interfaces/lib:/home/ming/ros2_ws/install/champ_base/lib:/opt/ros/humble/opt/rviz_ogre_vendor/lib:/opt/ros/humble/lib/aarch64-linux-gnu:/opt/ros/humble/lib /usr/bin/cmake --build /home/ming/ros2_ws/build/champ_base -- -j6 -l6
[0.165s] Consolidate compiler generated dependencies of target quadruped_controller
[0.222s] [  8%] Building CXX object CMakeFiles/quadruped_controller.dir/src/quadruped_controller.cpp.o
[37.727s] [ 16%] Linking CXX shared library libquadruped_controller.so
[40.178s] [ 16%] Built target quadruped_controller
[40.252s] [ 33%] Built target state_estimation
[40.332s] [ 41%] Linking CXX executable quadruped_controller_node
[41.672s] [ 50%] Built target quadruped_controller_node
[41.762s] [ 66%] Built target state_estimation_node
[41.832s] [ 83%] Built target message_relay
[41.911s] [100%] Built target message_relay_node
[41.938s] Invoked command in '/home/ming/ros2_ws/build/champ_base' returned '0': CMAKE_PREFIX_PATH=/home/ming/ros2_ws/install/champ_msgs:/home/ming/ros2_ws/install/champ:/home/ming/ros2_ws/install/unitree_go2_sim:/home/ming/ros2_ws/install/unitree_go2_description:/home/ming/ros2_ws/install/lidar_processor_cpp:/home/ming/ros2_ws/install/go2_interfaces:/home/ming/ros2_ws/install/champ_base:/home/ming/ros2_ws/install/go2_navigation:/home/ming/ros2_ws/install/go2_unitree_bridge:/home/ming/ros2_ws/install/speech_processor:/home/ming/ros2_ws/install/lidar_processor:/home/ming/ros2_ws/install/go2_robot_sdk:/home/ming/ros2_ws/install/coco_detector:/home/ming/install/go2_navigation:/opt/ros/humble LD_LIBRARY_PATH=/home/ming/ros2_ws/install/champ_msgs/lib:/home/ming/ros2_ws/install/go2_interfaces/lib:/home/ming/ros2_ws/install/champ_base/lib:/opt/ros/humble/opt/rviz_ogre_vendor/lib:/opt/ros/humble/lib/aarch64-linux-gnu:/opt/ros/humble/lib /usr/bin/cmake --build /home/ming/ros2_ws/build/champ_base -- -j6 -l6
[41.968s] Invoking command in '/home/ming/ros2_ws/build/champ_base': CMAKE_PREFIX_PATH=/home/ming/ros2_ws/install/champ_msgs:/home/ming/ros2_ws/install/champ:/home/ming/ros2_ws/install/unitree_go2_sim:/home/ming/ros2_ws/install/unitree_go2_description:/home/ming/ros2_ws/install/lidar_processor_cpp:/home/ming/ros2_ws/install/go2_interfaces:/home/ming/ros2_ws/install/champ_base:/home/ming/ros2_ws/install/go2_navigation:/home/ming/ros2_ws/install/go2_unitree_bridge:/home/ming/ros2_ws/install/speech_processor:/home/ming/ros2_ws/install/lidar_processor:/home/ming/ros2_ws/install/go2_robot_sdk:/home/ming/ros2_ws/install/coco_detector:/home/ming/install/go2_navigation:/opt/ros/humble LD_LIBRARY_PATH=/home/ming/ros2_ws/install/champ_msgs/lib:/home/ming/ros2_ws/install/go2_interfaces/lib:/home/ming/ros2_ws/install/champ_base/lib:/opt/ros/humble/opt/rviz_ogre_vendor/lib:/opt/ros/humble/lib/aarch64-linux-gnu:/opt/ros/humble/lib /usr/bin/cmake --install /home/ming/ros2_ws/build/champ_base
[41.988s] -- Install configuration: ""
[41.988s] -- Up-to-date: /home/ming/ros2_ws/install/champ_base/share/champ_base/config
[41.989s] -- Up-to-date: /home/ming/ros2_ws/install/champ_base/share/champ_base/config/velocity_smoother
[41.989s] -- Up-to-date: /home/ming/ros2_ws/install/champ_base/share/champ_base/config/velocity_smoother/velocity_smoother.yaml
[41.989s] -- Up-to-date: /home/ming/ros2_ws/install/champ_base/share/champ_base/config/ekf
[41.989s] -- Up-to-date: /home/ming/ros2_ws/install/champ_base/share/champ_base/config/ekf/base_to_footprint.yaml
[41.989s] -- Up-to-date: /home/ming/ros2_ws/install/champ_base/share/champ_base/config/ekf/footprint_to_odom.yaml
[41.989s] -- Installing: /home/ming/ros2_ws/install/champ_base/lib/libquadruped_controller.so
[42.014s] -- Set runtime path of "/home/ming/ros2_ws/install/champ_base/lib/libquadruped_controller.so" to ""
[42.015s] -- Installing: /home/ming/ros2_ws/install/champ_base/bin/quadruped_controller_node
[42.018s] -- Set runtime path of "/home/ming/ros2_ws/install/champ_base/bin/quadruped_controller_node" to ""
[42.018s] -- Up-to-date: /home/ming/ros2_ws/install/champ_base/lib/libmessage_relay.so
[42.018s] -- Up-to-date: /home/ming/ros2_ws/install/champ_base/bin/message_relay_node
[42.019s] -- Up-to-date: /home/ming/ros2_ws/install/champ_base/lib/libstate_estimation.so
[42.019s] -- Up-to-date: /home/ming/ros2_ws/install/champ_base/bin/state_estimation_node
[42.019s] -- Installing: /home/ming/ros2_ws/install/champ_base/lib/champ_base/quadruped_controller_node
[42.020s] -- Set runtime path of "/home/ming/ros2_ws/install/champ_base/lib/champ_base/quadruped_controller_node" to ""
[42.020s] -- Up-to-date: /home/ming/ros2_ws/install/champ_base/lib/champ_base/message_relay_node
[42.021s] -- Up-to-date: /home/ming/ros2_ws/install/champ_base/lib/champ_base/state_estimation_node
[42.021s] -- Up-to-date: /home/ming/ros2_ws/install/champ_base/share/ament_index/resource_index/package_run_dependencies/champ_base
[42.024s] -- Up-to-date: /home/ming/ros2_ws/install/champ_base/share/ament_index/resource_index/parent_prefix_path/champ_base
[42.024s] -- Up-to-date: /home/ming/ros2_ws/install/champ_base/share/champ_base/environment/ament_prefix_path.sh
[42.025s] -- Up-to-date: /home/ming/ros2_ws/install/champ_base/share/champ_base/environment/ament_prefix_path.dsv
[42.025s] -- Up-to-date: /home/ming/ros2_ws/install/champ_base/share/champ_base/environment/path.sh
[42.025s] -- Up-to-date: /home/ming/ros2_ws/install/champ_base/share/champ_base/environment/path.dsv
[42.025s] -- Up-to-date: /home/ming/ros2_ws/install/champ_base/share/champ_base/local_setup.bash
[42.026s] -- Up-to-date: /home/ming/ros2_ws/install/champ_base/share/champ_base/local_setup.sh
[42.026s] -- Up-to-date: /home/ming/ros2_ws/install/champ_base/share/champ_base/local_setup.zsh
[42.026s] -- Up-to-date: /home/ming/ros2_ws/install/champ_base/share/champ_base/local_setup.dsv
[42.026s] -- Installing: /home/ming/ros2_ws/install/champ_base/share/champ_base/package.dsv
[42.026s] -- Up-to-date: /home/ming/ros2_ws/install/champ_base/share/ament_index/resource_index/packages/champ_base
[42.026s] -- Up-to-date: /home/ming/ros2_ws/install/champ_base/share/champ_base/cmake/ament_cmake_export_include_directories-extras.cmake
[42.026s] -- Up-to-date: /home/ming/ros2_ws/install/champ_base/share/champ_base/cmake/ament_cmake_export_dependencies-extras.cmake
[42.026s] -- Up-to-date: /home/ming/ros2_ws/install/champ_base/share/champ_base/cmake/champ_baseConfig.cmake
[42.026s] -- Up-to-date: /home/ming/ros2_ws/install/champ_base/share/champ_base/cmake/champ_baseConfig-version.cmake
[42.027s] -- Up-to-date: /home/ming/ros2_ws/install/champ_base/share/champ_base/package.xml
[42.031s] Invoked command in '/home/ming/ros2_ws/build/champ_base' returned '0': CMAKE_PREFIX_PATH=/home/ming/ros2_ws/install/champ_msgs:/home/ming/ros2_ws/install/champ:/home/ming/ros2_ws/install/unitree_go2_sim:/home/ming/ros2_ws/install/unitree_go2_description:/home/ming/ros2_ws/install/lidar_processor_cpp:/home/ming/ros2_ws/install/go2_interfaces:/home/ming/ros2_ws/install/champ_base:/home/ming/ros2_ws/install/go2_navigation:/home/ming/ros2_ws/install/go2_unitree_bridge:/home/ming/ros2_ws/install/speech_processor:/home/ming/ros2_ws/install/lidar_processor:/home/ming/ros2_ws/install/go2_robot_sdk:/home/ming/ros2_ws/install/coco_detector:/home/ming/install/go2_navigation:/opt/ros/humble LD_LIBRARY_PATH=/home/ming/ros2_ws/install/champ_msgs/lib:/home/ming/ros2_ws/install/go2_interfaces/lib:/home/ming/ros2_ws/install/champ_base/lib:/opt/ros/humble/opt/rviz_ogre_vendor/lib:/opt/ros/humble/lib/aarch64-linux-gnu:/opt/ros/humble/lib /usr/bin/cmake --install /home/ming/ros2_ws/build/champ_base
