running egg_info
creating ../../build/go2_unitree_bridge/go2_unitree_bridge.egg-info
writing ../../build/go2_unitree_bridge/go2_unitree_bridge.egg-info/PKG-INFO
writing dependency_links to ../../build/go2_unitree_bridge/go2_unitree_bridge.egg-info/dependency_links.txt
writing entry points to ../../build/go2_unitree_bridge/go2_unitree_bridge.egg-info/entry_points.txt
writing requirements to ../../build/go2_unitree_bridge/go2_unitree_bridge.egg-info/requires.txt
writing top-level names to ../../build/go2_unitree_bridge/go2_unitree_bridge.egg-info/top_level.txt
writing manifest file '../../build/go2_unitree_bridge/go2_unitree_bridge.egg-info/SOURCES.txt'
reading manifest file '../../build/go2_unitree_bridge/go2_unitree_bridge.egg-info/SOURCES.txt'
writing manifest file '../../build/go2_unitree_bridge/go2_unitree_bridge.egg-info/SOURCES.txt'
running build
running build_py
creating /home/ming/ros2_ws/build/go2_unitree_bridge/build
creating /home/ming/ros2_ws/build/go2_unitree_bridge/build/lib
creating /home/ming/ros2_ws/build/go2_unitree_bridge/build/lib/go2_unitree_bridge
copying go2_unitree_bridge/bridge_node.py -> /home/ming/ros2_ws/build/go2_unitree_bridge/build/lib/go2_unitree_bridge
copying go2_unitree_bridge/__init__.py -> /home/ming/ros2_ws/build/go2_unitree_bridge/build/lib/go2_unitree_bridge
running install
running install_lib
creating /home/ming/ros2_ws/install/go2_unitree_bridge/lib/python3.10/site-packages/go2_unitree_bridge
copying /home/ming/ros2_ws/build/go2_unitree_bridge/build/lib/go2_unitree_bridge/bridge_node.py -> /home/ming/ros2_ws/install/go2_unitree_bridge/lib/python3.10/site-packages/go2_unitree_bridge
copying /home/ming/ros2_ws/build/go2_unitree_bridge/build/lib/go2_unitree_bridge/__init__.py -> /home/ming/ros2_ws/install/go2_unitree_bridge/lib/python3.10/site-packages/go2_unitree_bridge
byte-compiling /home/ming/ros2_ws/install/go2_unitree_bridge/lib/python3.10/site-packages/go2_unitree_bridge/bridge_node.py to bridge_node.cpython-310.pyc
byte-compiling /home/ming/ros2_ws/install/go2_unitree_bridge/lib/python3.10/site-packages/go2_unitree_bridge/__init__.py to __init__.cpython-310.pyc
running install_data
creating /home/ming/ros2_ws/install/go2_unitree_bridge/share
creating /home/ming/ros2_ws/install/go2_unitree_bridge/share/ament_index
creating /home/ming/ros2_ws/install/go2_unitree_bridge/share/ament_index/resource_index
creating /home/ming/ros2_ws/install/go2_unitree_bridge/share/ament_index/resource_index/packages
copying resource/go2_unitree_bridge -> /home/ming/ros2_ws/install/go2_unitree_bridge/share/ament_index/resource_index/packages
creating /home/ming/ros2_ws/install/go2_unitree_bridge/share/go2_unitree_bridge
copying package.xml -> /home/ming/ros2_ws/install/go2_unitree_bridge/share/go2_unitree_bridge
creating /home/ming/ros2_ws/install/go2_unitree_bridge/share/go2_unitree_bridge/launch
copying launch/go2_unitree_bridge.launch.py -> /home/ming/ros2_ws/install/go2_unitree_bridge/share/go2_unitree_bridge/launch
running install_egg_info
Copying ../../build/go2_unitree_bridge/go2_unitree_bridge.egg-info to /home/ming/ros2_ws/install/go2_unitree_bridge/lib/python3.10/site-packages/go2_unitree_bridge-0.1.0-py3.10.egg-info
running install_scripts
Installing go2_unitree_bridge_node script to /home/ming/ros2_ws/install/go2_unitree_bridge/lib/go2_unitree_bridge
writing list of installed files to '/home/ming/ros2_ws/build/go2_unitree_bridge/install.log'
