[1.276s] Invoking command in '/home/ming/ros2_ws/src/go2_unitree_bridge': PYTHONPATH=/home/ming/ros2_ws/build/go2_unitree_bridge/prefix_override:/usr/lib/python3/dist-packages/colcon_core/task/python/colcon_distutils_commands:/home/ming/ros2_ws/install/go2_unitree_bridge/lib/python3.10/site-packages:${PYTHONPATH} /usr/bin/python3 -W ignore:setup.py install is deprecated -W ignore:easy_install command is deprecated setup.py egg_info --egg-base ../../build/go2_unitree_bridge build --build-base /home/ming/ros2_ws/build/go2_unitree_bridge/build install --record /home/ming/ros2_ws/build/go2_unitree_bridge/install.log --single-version-externally-managed install_data
[1.759s] running egg_info
[1.762s] creating ../../build/go2_unitree_bridge/go2_unitree_bridge.egg-info
[1.762s] writing ../../build/go2_unitree_bridge/go2_unitree_bridge.egg-info/PKG-INFO
[1.763s] writing dependency_links to ../../build/go2_unitree_bridge/go2_unitree_bridge.egg-info/dependency_links.txt
[1.763s] writing entry points to ../../build/go2_unitree_bridge/go2_unitree_bridge.egg-info/entry_points.txt
[1.764s] writing requirements to ../../build/go2_unitree_bridge/go2_unitree_bridge.egg-info/requires.txt
[1.764s] writing top-level names to ../../build/go2_unitree_bridge/go2_unitree_bridge.egg-info/top_level.txt
[1.764s] writing manifest file '../../build/go2_unitree_bridge/go2_unitree_bridge.egg-info/SOURCES.txt'
[1.766s] reading manifest file '../../build/go2_unitree_bridge/go2_unitree_bridge.egg-info/SOURCES.txt'
[1.768s] writing manifest file '../../build/go2_unitree_bridge/go2_unitree_bridge.egg-info/SOURCES.txt'
[1.768s] running build
[1.769s] running build_py
[1.769s] creating /home/ming/ros2_ws/build/go2_unitree_bridge/build
[1.769s] creating /home/ming/ros2_ws/build/go2_unitree_bridge/build/lib
[1.769s] creating /home/ming/ros2_ws/build/go2_unitree_bridge/build/lib/go2_unitree_bridge
[1.770s] copying go2_unitree_bridge/bridge_node.py -> /home/ming/ros2_ws/build/go2_unitree_bridge/build/lib/go2_unitree_bridge
[1.770s] copying go2_unitree_bridge/__init__.py -> /home/ming/ros2_ws/build/go2_unitree_bridge/build/lib/go2_unitree_bridge
[1.770s] running install
[1.771s] running install_lib
[1.771s] creating /home/ming/ros2_ws/install/go2_unitree_bridge/lib/python3.10/site-packages/go2_unitree_bridge
[1.772s] copying /home/ming/ros2_ws/build/go2_unitree_bridge/build/lib/go2_unitree_bridge/bridge_node.py -> /home/ming/ros2_ws/install/go2_unitree_bridge/lib/python3.10/site-packages/go2_unitree_bridge
[1.772s] copying /home/ming/ros2_ws/build/go2_unitree_bridge/build/lib/go2_unitree_bridge/__init__.py -> /home/ming/ros2_ws/install/go2_unitree_bridge/lib/python3.10/site-packages/go2_unitree_bridge
[1.773s] byte-compiling /home/ming/ros2_ws/install/go2_unitree_bridge/lib/python3.10/site-packages/go2_unitree_bridge/bridge_node.py to bridge_node.cpython-310.pyc
[1.775s] byte-compiling /home/ming/ros2_ws/install/go2_unitree_bridge/lib/python3.10/site-packages/go2_unitree_bridge/__init__.py to __init__.cpython-310.pyc
[1.776s] running install_data
[1.776s] creating /home/ming/ros2_ws/install/go2_unitree_bridge/share
[1.777s] creating /home/ming/ros2_ws/install/go2_unitree_bridge/share/ament_index
[1.777s] creating /home/ming/ros2_ws/install/go2_unitree_bridge/share/ament_index/resource_index
[1.777s] creating /home/ming/ros2_ws/install/go2_unitree_bridge/share/ament_index/resource_index/packages
[1.777s] copying resource/go2_unitree_bridge -> /home/ming/ros2_ws/install/go2_unitree_bridge/share/ament_index/resource_index/packages
[1.778s] creating /home/ming/ros2_ws/install/go2_unitree_bridge/share/go2_unitree_bridge
[1.778s] copying package.xml -> /home/ming/ros2_ws/install/go2_unitree_bridge/share/go2_unitree_bridge
[1.778s] creating /home/ming/ros2_ws/install/go2_unitree_bridge/share/go2_unitree_bridge/launch
[1.778s] copying launch/go2_unitree_bridge.launch.py -> /home/ming/ros2_ws/install/go2_unitree_bridge/share/go2_unitree_bridge/launch
[1.779s] running install_egg_info
[1.780s] Copying ../../build/go2_unitree_bridge/go2_unitree_bridge.egg-info to /home/ming/ros2_ws/install/go2_unitree_bridge/lib/python3.10/site-packages/go2_unitree_bridge-0.1.0-py3.10.egg-info
[1.782s] running install_scripts
[1.820s] Installing go2_unitree_bridge_node script to /home/ming/ros2_ws/install/go2_unitree_bridge/lib/go2_unitree_bridge
[1.821s] writing list of installed files to '/home/ming/ros2_ws/build/go2_unitree_bridge/install.log'
[1.884s] Invoked command in '/home/ming/ros2_ws/src/go2_unitree_bridge' returned '0': PYTHONPATH=/home/ming/ros2_ws/build/go2_unitree_bridge/prefix_override:/usr/lib/python3/dist-packages/colcon_core/task/python/colcon_distutils_commands:/home/ming/ros2_ws/install/go2_unitree_bridge/lib/python3.10/site-packages:${PYTHONPATH} /usr/bin/python3 -W ignore:setup.py install is deprecated -W ignore:easy_install command is deprecated setup.py egg_info --egg-base ../../build/go2_unitree_bridge build --build-base /home/ming/ros2_ws/build/go2_unitree_bridge/build install --record /home/ming/ros2_ws/build/go2_unitree_bridge/install.log --single-version-externally-managed install_data
