[0.065s] Invoking command in '/home/ming/ros2_ws/build/lidar_processor_cpp': CMAKE_PREFIX_PATH=${CMAKE_PREFIX_PATH}:/home/ming/ros2_ws/install/speech_processor:/home/ming/ros2_ws/install/lidar_processor:/home/ming/ros2_ws/install/go2_robot_sdk:/home/ming/ros2_ws/install/go2_navigation:/home/ming/ros2_ws/install/coco_detector:/home/ming/install/go2_navigation:/opt/ros/humble /usr/bin/cmake /home/ming/ros2_ws/src/lidar_processor_cpp -DCMAKE_INSTALL_PREFIX=/home/ming/ros2_ws/install/lidar_processor_cpp
[0.114s] -- Found ament_cmake: 1.3.13 (/opt/ros/humble/share/ament_cmake/cmake)
[0.621s] -- Override CMake install command with custom implementation using symlinks instead of copying resources
[0.635s] -- Found rclcpp: 16.0.18 (/opt/ros/humble/share/rclcpp/cmake)
[0.695s] -- Found rosidl_generator_c: 3.1.8 (/opt/ros/humble/share/rosidl_generator_c/cmake)
[0.695s] -- Found rosidl_adapter: 3.1.8 (/opt/ros/humble/share/rosidl_adapter/cmake)
[0.706s] -- Found rosidl_generator_cpp: 3.1.8 (/opt/ros/humble/share/rosidl_generator_cpp/cmake)
[0.725s] -- Using all available rosidl_typesupport_c: rosidl_typesupport_fastrtps_c;rosidl_typesupport_introspection_c
[0.749s] -- Using all available rosidl_typesupport_cpp: rosidl_typesupport_fastrtps_cpp;rosidl_typesupport_introspection_cpp
[0.814s] -- Found rmw_implementation_cmake: 6.1.2 (/opt/ros/humble/share/rmw_implementation_cmake/cmake)
[0.818s] -- Found rmw_cyclonedds_cpp: 1.3.4 (/opt/ros/humble/share/rmw_cyclonedds_cpp/cmake)
[0.851s] -- Using RMW implementation 'rmw_cyclonedds_cpp' as default
[0.948s] -- Found sensor_msgs: 4.9.1 (/opt/ros/humble/share/sensor_msgs/cmake)
[1.018s] -- Found pcl_ros: 2.4.5 (/opt/ros/humble/share/pcl_ros/cmake)
[1.151s] -- Eigen found (include: /usr/include/eigen3, version: 3.4.0)
[1.315s] -- FLANN found (include: /usr/include, lib: /usr/lib/aarch64-linux-gnu/libflann_cpp.so)
[3.345s] -- OpenNI found (version: 1.5.4.0, include: /usr/include/ni, lib: /usr/lib/libOpenNI.so;libusb::libusb)
[3.366s] -- OpenNI2 found (version: 2.2.0.33, include: /usr/include/openni2, lib: /usr/lib/aarch64-linux-gnu/libOpenNI2.so;libusb::libusb)
[3.885s] -- Eigen found (include: /usr/include/eigen3, version: 3.4.0)
[3.911s] -- OpenNI found (version: 1.5.4.0, include: /usr/include/ni, lib: /usr/lib/libOpenNI.so;libusb::libusb)
[3.938s] -- OpenNI2 found (version: 2.2.0.33, include: /usr/include/openni2, lib: /usr/lib/aarch64-linux-gnu/libOpenNI2.so;libusb::libusb)
[4.302s] -- Found Qhull version 8.0.2
[4.762s] -- OpenNI found (version: 1.5.4.0, include: /usr/include/ni, lib: /usr/lib/libOpenNI.so;libusb::libusb)
[5.206s] -- Found eigen3_cmake_module: 0.1.1 (/opt/ros/humble/share/eigen3_cmake_module/cmake)
[5.221s] -- Ensuring Eigen3 include directory is part of orocos-kdl CMake target
[5.566s] -- Found ament_lint_auto: 0.12.15 (/opt/ros/humble/share/ament_lint_auto/cmake)
[5.759s] -- Added test 'cppcheck' to perform static code analysis on C / C++ code
[5.760s] -- Configured cppcheck include dirs: /home/ming/ros2_ws/src/lidar_processor_cpp/include
[5.760s] -- Configured cppcheck exclude dirs and/or files: 
[5.765s] -- Added test 'lint_cmake' to check CMake code style
[5.769s] -- Added test 'uncrustify' to check C / C++ code style
[5.769s] -- Configured uncrustify additional arguments: 
[5.771s] -- Added test 'xmllint' to check XML markup files
[5.773s] -- Configuring done
[6.077s] -- Generating done
[6.126s] -- Build files have been written to: /home/ming/ros2_ws/build/lidar_processor_cpp
[6.187s] Invoked command in '/home/ming/ros2_ws/build/lidar_processor_cpp' returned '0': CMAKE_PREFIX_PATH=${CMAKE_PREFIX_PATH}:/home/ming/ros2_ws/install/speech_processor:/home/ming/ros2_ws/install/lidar_processor:/home/ming/ros2_ws/install/go2_robot_sdk:/home/ming/ros2_ws/install/go2_navigation:/home/ming/ros2_ws/install/coco_detector:/home/ming/install/go2_navigation:/opt/ros/humble /usr/bin/cmake /home/ming/ros2_ws/src/lidar_processor_cpp -DCMAKE_INSTALL_PREFIX=/home/ming/ros2_ws/install/lidar_processor_cpp
[6.188s] Invoking command in '/home/ming/ros2_ws/build/lidar_processor_cpp': CMAKE_PREFIX_PATH=${CMAKE_PREFIX_PATH}:/home/ming/ros2_ws/install/speech_processor:/home/ming/ros2_ws/install/lidar_processor:/home/ming/ros2_ws/install/go2_robot_sdk:/home/ming/ros2_ws/install/go2_navigation:/home/ming/ros2_ws/install/coco_detector:/home/ming/install/go2_navigation:/opt/ros/humble /usr/bin/cmake --build /home/ming/ros2_ws/build/lidar_processor_cpp -- -j6 -l6
[6.324s] [35m[1mConsolidate compiler generated dependencies of target pointcloud_aggregator_node[0m
[6.354s] [35m[1mConsolidate compiler generated dependencies of target lidar_to_pointcloud_node[0m
[6.542s] [ 50%] [32m[1mLinking CXX executable lidar_to_pointcloud_node[0m
[6.542s] [ 50%] [32m[1mLinking CXX executable pointcloud_aggregator_node[0m
[11.332s] [ 75%] Built target pointcloud_aggregator_node
[11.444s] [100%] Built target lidar_to_pointcloud_node
[11.984s] Invoked command in '/home/ming/ros2_ws/build/lidar_processor_cpp' returned '0': CMAKE_PREFIX_PATH=${CMAKE_PREFIX_PATH}:/home/ming/ros2_ws/install/speech_processor:/home/ming/ros2_ws/install/lidar_processor:/home/ming/ros2_ws/install/go2_robot_sdk:/home/ming/ros2_ws/install/go2_navigation:/home/ming/ros2_ws/install/coco_detector:/home/ming/install/go2_navigation:/opt/ros/humble /usr/bin/cmake --build /home/ming/ros2_ws/build/lidar_processor_cpp -- -j6 -l6
[11.985s] Invoking command in '/home/ming/ros2_ws/build/lidar_processor_cpp': CMAKE_PREFIX_PATH=${CMAKE_PREFIX_PATH}:/home/ming/ros2_ws/install/speech_processor:/home/ming/ros2_ws/install/lidar_processor:/home/ming/ros2_ws/install/go2_robot_sdk:/home/ming/ros2_ws/install/go2_navigation:/home/ming/ros2_ws/install/coco_detector:/home/ming/install/go2_navigation:/opt/ros/humble /usr/bin/cmake --install /home/ming/ros2_ws/build/lidar_processor_cpp
[11.997s] -- Install configuration: ""
[11.998s] -- Execute custom install script
[11.999s] -- Up-to-date symlink: /home/ming/ros2_ws/install/lidar_processor_cpp/lib/lidar_processor_cpp/lidar_to_pointcloud_node
[11.999s] -- Up-to-date symlink: /home/ming/ros2_ws/install/lidar_processor_cpp/lib/lidar_processor_cpp/pointcloud_aggregator_node
[11.999s] -- Up-to-date symlink: /home/ming/ros2_ws/install/lidar_processor_cpp/include//lidar_processor_cpp/lidar_to_pointcloud_node.hpp
[12.000s] -- Up-to-date symlink: /home/ming/ros2_ws/install/lidar_processor_cpp/include//lidar_processor_cpp/pointcloud_aggregator_node.hpp
[12.000s] -- Up-to-date symlink: /home/ming/ros2_ws/install/lidar_processor_cpp/share/ament_index/resource_index/package_run_dependencies/lidar_processor_cpp
[12.000s] -- Up-to-date symlink: /home/ming/ros2_ws/install/lidar_processor_cpp/share/ament_index/resource_index/parent_prefix_path/lidar_processor_cpp
[12.001s] -- Up-to-date symlink: /home/ming/ros2_ws/install/lidar_processor_cpp/share/lidar_processor_cpp/environment/ament_prefix_path.sh
[12.001s] -- Up-to-date symlink: /home/ming/ros2_ws/install/lidar_processor_cpp/share/lidar_processor_cpp/environment/ament_prefix_path.dsv
[12.001s] -- Up-to-date symlink: /home/ming/ros2_ws/install/lidar_processor_cpp/share/lidar_processor_cpp/environment/path.sh
[12.002s] -- Up-to-date symlink: /home/ming/ros2_ws/install/lidar_processor_cpp/share/lidar_processor_cpp/environment/path.dsv
[12.002s] -- Up-to-date symlink: /home/ming/ros2_ws/install/lidar_processor_cpp/share/lidar_processor_cpp/local_setup.bash
[12.017s] -- Up-to-date symlink: /home/ming/ros2_ws/install/lidar_processor_cpp/share/lidar_processor_cpp/local_setup.sh
[12.017s] -- Up-to-date symlink: /home/ming/ros2_ws/install/lidar_processor_cpp/share/lidar_processor_cpp/local_setup.zsh
[12.018s] -- Up-to-date symlink: /home/ming/ros2_ws/install/lidar_processor_cpp/share/lidar_processor_cpp/local_setup.dsv
[12.018s] -- Symlinking: /home/ming/ros2_ws/install/lidar_processor_cpp/share/lidar_processor_cpp/package.dsv
[12.027s] -- Up-to-date symlink: /home/ming/ros2_ws/install/lidar_processor_cpp/share/ament_index/resource_index/packages/lidar_processor_cpp
[12.027s] -- Up-to-date symlink: /home/ming/ros2_ws/install/lidar_processor_cpp/share/lidar_processor_cpp/cmake/lidar_processor_cppConfig.cmake
[12.028s] -- Up-to-date symlink: /home/ming/ros2_ws/install/lidar_processor_cpp/share/lidar_processor_cpp/cmake/lidar_processor_cppConfig-version.cmake
[12.028s] -- Up-to-date symlink: /home/ming/ros2_ws/install/lidar_processor_cpp/share/lidar_processor_cpp/package.xml
[12.033s] Invoked command in '/home/ming/ros2_ws/build/lidar_processor_cpp' returned '0': CMAKE_PREFIX_PATH=${CMAKE_PREFIX_PATH}:/home/ming/ros2_ws/install/speech_processor:/home/ming/ros2_ws/install/lidar_processor:/home/ming/ros2_ws/install/go2_robot_sdk:/home/ming/ros2_ws/install/go2_navigation:/home/ming/ros2_ws/install/coco_detector:/home/ming/install/go2_navigation:/opt/ros/humble /usr/bin/cmake --install /home/ming/ros2_ws/build/lidar_processor_cpp
