[0.033s] Invoking command in '/home/ming/ros2_ws/src/build/unitree_go2_sim': CMAKE_PREFIX_PATH=${CMAKE_PREFIX_PATH}:/home/ming/ros2_ws/install/speech_processor:/home/ming/ros2_ws/install/lidar_processor:/home/ming/ros2_ws/install/go2_robot_sdk:/home/ming/ros2_ws/install/coco_detector:/opt/ros/humble /usr/bin/cmake /home/ming/ros2_ws/src/unitree_go2/unitree_go2_sim -DAMENT_CMAKE_SYMLINK_INSTALL=1 -DCMAKE_INSTALL_PREFIX=/home/ming/ros2_ws/src/install/unitree_go2_sim
[1.145s] -- The C compiler identification is GNU 11.4.0
[1.145s] -- The CXX compiler identification is GNU 11.4.0
[1.145s] -- Detecting C compiler ABI info
[1.145s] -- Detecting C compiler ABI info - done
[1.145s] -- Check for working C compiler: /usr/bin/cc - skipped
[1.146s] -- Detecting C compile features
[1.146s] -- Detecting C compile features - done
[1.146s] -- Detecting CXX compiler ABI info
[1.146s] -- Detecting CXX compiler ABI info - done
[1.146s] -- Check for working CXX compiler: /usr/bin/c++ - skipped
[1.146s] -- Detecting CXX compile features
[1.146s] -- Detecting CXX compile features - done
[1.146s] -- Found ament_cmake: 1.3.13 (/opt/ros/humble/share/ament_cmake/cmake)
[1.540s] -- Found Python3: /usr/bin/python3 (found version "3.10.12") found components: Interpreter 
[1.708s] -- Override CMake install command with custom implementation using symlinks instead of copying resources
[1.962s] -- Configuring done
[2.029s] -- Generating done
[2.033s] -- Build files have been written to: /home/ming/ros2_ws/src/build/unitree_go2_sim
[2.078s] Invoked command in '/home/ming/ros2_ws/src/build/unitree_go2_sim' returned '0': CMAKE_PREFIX_PATH=${CMAKE_PREFIX_PATH}:/home/ming/ros2_ws/install/speech_processor:/home/ming/ros2_ws/install/lidar_processor:/home/ming/ros2_ws/install/go2_robot_sdk:/home/ming/ros2_ws/install/coco_detector:/opt/ros/humble /usr/bin/cmake /home/ming/ros2_ws/src/unitree_go2/unitree_go2_sim -DAMENT_CMAKE_SYMLINK_INSTALL=1 -DCMAKE_INSTALL_PREFIX=/home/ming/ros2_ws/src/install/unitree_go2_sim
[2.083s] Invoking command in '/home/ming/ros2_ws/src/build/unitree_go2_sim': CMAKE_PREFIX_PATH=${CMAKE_PREFIX_PATH}:/home/ming/ros2_ws/install/speech_processor:/home/ming/ros2_ws/install/lidar_processor:/home/ming/ros2_ws/install/go2_robot_sdk:/home/ming/ros2_ws/install/coco_detector:/opt/ros/humble /usr/bin/cmake --build /home/ming/ros2_ws/src/build/unitree_go2_sim -- -j6 -l6
[2.180s] Invoked command in '/home/ming/ros2_ws/src/build/unitree_go2_sim' returned '0': CMAKE_PREFIX_PATH=${CMAKE_PREFIX_PATH}:/home/ming/ros2_ws/install/speech_processor:/home/ming/ros2_ws/install/lidar_processor:/home/ming/ros2_ws/install/go2_robot_sdk:/home/ming/ros2_ws/install/coco_detector:/opt/ros/humble /usr/bin/cmake --build /home/ming/ros2_ws/src/build/unitree_go2_sim -- -j6 -l6
[2.181s] Invoking command in '/home/ming/ros2_ws/src/build/unitree_go2_sim': CMAKE_PREFIX_PATH=${CMAKE_PREFIX_PATH}:/home/ming/ros2_ws/install/speech_processor:/home/ming/ros2_ws/install/lidar_processor:/home/ming/ros2_ws/install/go2_robot_sdk:/home/ming/ros2_ws/install/coco_detector:/opt/ros/humble /usr/bin/cmake --install /home/ming/ros2_ws/src/build/unitree_go2_sim
[2.211s] -- Install configuration: ""
[2.212s] -- Execute custom install script
[2.220s] -- Symlinking: /home/ming/ros2_ws/src/install/unitree_go2_sim/share/unitree_go2_sim/launch/unitree_go2_launch.py
[2.281s] -- Symlinking: /home/ming/ros2_ws/src/install/unitree_go2_sim/share/unitree_go2_sim/config/gait/gait.yaml
[2.317s] -- Symlinking: /home/ming/ros2_ws/src/install/unitree_go2_sim/share/unitree_go2_sim/config/joints/joints.yaml
[2.346s] -- Symlinking: /home/ming/ros2_ws/src/install/unitree_go2_sim/share/unitree_go2_sim/config/links/links.yaml
[2.372s] -- Symlinking: /home/ming/ros2_ws/src/install/unitree_go2_sim/share/unitree_go2_sim/config/ros_control/ros_control.yaml
[2.392s] -- Symlinking: /home/ming/ros2_ws/src/install/unitree_go2_sim/share/unitree_go2_sim/rviz/rviz.rviz
[2.428s] -- Symlinking: /home/ming/ros2_ws/src/install/unitree_go2_sim/share/ament_index/resource_index/package_run_dependencies/unitree_go2_sim
[2.445s] -- Symlinking: /home/ming/ros2_ws/src/install/unitree_go2_sim/share/ament_index/resource_index/parent_prefix_path/unitree_go2_sim
[2.465s] -- Symlinking: /home/ming/ros2_ws/src/install/unitree_go2_sim/share/unitree_go2_sim/environment/ament_prefix_path.sh
[2.481s] -- Symlinking: /home/ming/ros2_ws/src/install/unitree_go2_sim/share/unitree_go2_sim/environment/ament_prefix_path.dsv
[2.500s] -- Symlinking: /home/ming/ros2_ws/src/install/unitree_go2_sim/share/unitree_go2_sim/environment/path.sh
[2.529s] -- Symlinking: /home/ming/ros2_ws/src/install/unitree_go2_sim/share/unitree_go2_sim/environment/path.dsv
[2.556s] -- Symlinking: /home/ming/ros2_ws/src/install/unitree_go2_sim/share/unitree_go2_sim/local_setup.bash
[2.575s] -- Symlinking: /home/ming/ros2_ws/src/install/unitree_go2_sim/share/unitree_go2_sim/local_setup.sh
[2.597s] -- Symlinking: /home/ming/ros2_ws/src/install/unitree_go2_sim/share/unitree_go2_sim/local_setup.zsh
[2.650s] -- Symlinking: /home/ming/ros2_ws/src/install/unitree_go2_sim/share/unitree_go2_sim/local_setup.dsv
[2.684s] -- Symlinking: /home/ming/ros2_ws/src/install/unitree_go2_sim/share/unitree_go2_sim/package.dsv
[2.711s] -- Symlinking: /home/ming/ros2_ws/src/install/unitree_go2_sim/share/ament_index/resource_index/packages/unitree_go2_sim
[2.732s] -- Symlinking: /home/ming/ros2_ws/src/install/unitree_go2_sim/share/unitree_go2_sim/cmake/unitree_go2_simConfig.cmake
[2.760s] -- Symlinking: /home/ming/ros2_ws/src/install/unitree_go2_sim/share/unitree_go2_sim/cmake/unitree_go2_simConfig-version.cmake
[2.779s] -- Symlinking: /home/ming/ros2_ws/src/install/unitree_go2_sim/share/unitree_go2_sim/package.xml
[2.817s] Invoked command in '/home/ming/ros2_ws/src/build/unitree_go2_sim' returned '0': CMAKE_PREFIX_PATH=${CMAKE_PREFIX_PATH}:/home/ming/ros2_ws/install/speech_processor:/home/ming/ros2_ws/install/lidar_processor:/home/ming/ros2_ws/install/go2_robot_sdk:/home/ming/ros2_ws/install/coco_detector:/opt/ros/humble /usr/bin/cmake --install /home/ming/ros2_ws/src/build/unitree_go2_sim
