[2.278s] Invoking command in '/home/ming/ros2_ws/src/go2_navigation': PYTHONPATH=/home/ming/ros2_ws/build/go2_navigation/prefix_override:/usr/lib/python3/dist-packages/colcon_core/task/python/colcon_distutils_commands:/home/ming/ros2_ws/install/go2_navigation/lib/python3.10/site-packages:${PYTHONPATH} /usr/bin/python3 -W ignore:setup.py install is deprecated -W ignore:easy_install command is deprecated setup.py egg_info --egg-base ../../build/go2_navigation build --build-base /home/ming/ros2_ws/build/go2_navigation/build install --record /home/ming/ros2_ws/build/go2_navigation/install.log --single-version-externally-managed install_data
[2.832s] running egg_info
[2.835s] writing ../../build/go2_navigation/go2_navigation.egg-info/PKG-INFO
[2.836s] writing dependency_links to ../../build/go2_navigation/go2_navigation.egg-info/dependency_links.txt
[2.837s] writing entry points to ../../build/go2_navigation/go2_navigation.egg-info/entry_points.txt
[2.838s] writing requirements to ../../build/go2_navigation/go2_navigation.egg-info/requires.txt
[2.838s] writing top-level names to ../../build/go2_navigation/go2_navigation.egg-info/top_level.txt
[2.844s] reading manifest file '../../build/go2_navigation/go2_navigation.egg-info/SOURCES.txt'
[2.846s] writing manifest file '../../build/go2_navigation/go2_navigation.egg-info/SOURCES.txt'
[2.846s] running build
[2.846s] running build_py
[2.849s] running install
[2.850s] running install_lib
[2.853s] running install_data
[2.853s] running install_egg_info
[2.859s] removing '/home/ming/ros2_ws/install/go2_navigation/lib/python3.10/site-packages/go2_navigation-0.1.0-py3.10.egg-info' (and everything under it)
[2.859s] Copying ../../build/go2_navigation/go2_navigation.egg-info to /home/ming/ros2_ws/install/go2_navigation/lib/python3.10/site-packages/go2_navigation-0.1.0-py3.10.egg-info
[2.862s] running install_scripts
[2.915s] Installing location_subscriber script to /home/ming/ros2_ws/install/go2_navigation/lib/go2_navigation
[2.916s] writing list of installed files to '/home/ming/ros2_ws/build/go2_navigation/install.log'
[3.003s] Invoked command in '/home/ming/ros2_ws/src/go2_navigation' returned '0': PYTHONPATH=/home/ming/ros2_ws/build/go2_navigation/prefix_override:/usr/lib/python3/dist-packages/colcon_core/task/python/colcon_distutils_commands:/home/ming/ros2_ws/install/go2_navigation/lib/python3.10/site-packages:${PYTHONPATH} /usr/bin/python3 -W ignore:setup.py install is deprecated -W ignore:easy_install command is deprecated setup.py egg_info --egg-base ../../build/go2_navigation build --build-base /home/ming/ros2_ws/build/go2_navigation/build install --record /home/ming/ros2_ws/build/go2_navigation/install.log --single-version-externally-managed install_data
