[0.025s] Invoking command in '/home/ming/ros2_ws/build/unitree_go2_sim': CMAKE_PREFIX_PATH=${CMAKE_PREFIX_PATH}:/home/ming/ros2_ws/install/speech_processor:/home/ming/ros2_ws/install/lidar_processor:/home/ming/ros2_ws/install/go2_robot_sdk:/home/ming/ros2_ws/install/go2_navigation:/home/ming/ros2_ws/install/coco_detector:/home/ming/install/go2_navigation:/opt/ros/humble PS1=\[\e]0;\u@\h: \w\a\]${debian_chroot:+($debian_chroot)}\[\033[01;32m\]\u@\h\[\033[00m\]:\[\033[01;34m\]\w\[\033[00m\]\$ /usr/bin/cmake /home/ming/ros2_ws/src/unitree_go2/unitree_go2_sim -DCMAKE_INSTALL_PREFIX=/home/ming/ros2_ws/install/unitree_go2_sim
[0.135s] -- The C compiler identification is GNU 11.4.0
[0.242s] -- The CXX compiler identification is GNU 11.4.0
[0.255s] -- Detecting C compiler ABI info
[0.389s] -- Detecting C compiler ABI info - done
[0.402s] -- Check for working C compiler: /usr/bin/cc - skipped
[0.403s] -- Detecting C compile features
[0.403s] -- Detecting C compile features - done
[0.409s] -- Detecting CXX compiler ABI info
[0.560s] -- Detecting CXX compiler ABI info - done
[0.586s] -- Check for working CXX compiler: /usr/bin/c++ - skipped
[0.587s] -- Detecting CXX compile features
[0.589s] -- Detecting CXX compile features - done
[0.597s] -- Found ament_cmake: 1.3.13 (/opt/ros/humble/share/ament_cmake/cmake)
[1.022s] -- Found Python3: /usr/bin/python3 (found version "3.10.12") found components: Interpreter 
[1.407s] -- Configuring done
[1.425s] -- Generating done
[1.429s] -- Build files have been written to: /home/ming/ros2_ws/build/unitree_go2_sim
[1.446s] Invoked command in '/home/ming/ros2_ws/build/unitree_go2_sim' returned '0': CMAKE_PREFIX_PATH=${CMAKE_PREFIX_PATH}:/home/ming/ros2_ws/install/speech_processor:/home/ming/ros2_ws/install/lidar_processor:/home/ming/ros2_ws/install/go2_robot_sdk:/home/ming/ros2_ws/install/go2_navigation:/home/ming/ros2_ws/install/coco_detector:/home/ming/install/go2_navigation:/opt/ros/humble PS1=\[\e]0;\u@\h: \w\a\]${debian_chroot:+($debian_chroot)}\[\033[01;32m\]\u@\h\[\033[00m\]:\[\033[01;34m\]\w\[\033[00m\]\$ /usr/bin/cmake /home/ming/ros2_ws/src/unitree_go2/unitree_go2_sim -DCMAKE_INSTALL_PREFIX=/home/ming/ros2_ws/install/unitree_go2_sim
[1.459s] Invoking command in '/home/ming/ros2_ws/build/unitree_go2_sim': CMAKE_PREFIX_PATH=${CMAKE_PREFIX_PATH}:/home/ming/ros2_ws/install/speech_processor:/home/ming/ros2_ws/install/lidar_processor:/home/ming/ros2_ws/install/go2_robot_sdk:/home/ming/ros2_ws/install/go2_navigation:/home/ming/ros2_ws/install/coco_detector:/home/ming/install/go2_navigation:/opt/ros/humble PS1=\[\e]0;\u@\h: \w\a\]${debian_chroot:+($debian_chroot)}\[\033[01;32m\]\u@\h\[\033[00m\]:\[\033[01;34m\]\w\[\033[00m\]\$ /usr/bin/cmake --build /home/ming/ros2_ws/build/unitree_go2_sim -- -j6 -l6
[1.632s] Invoked command in '/home/ming/ros2_ws/build/unitree_go2_sim' returned '0': CMAKE_PREFIX_PATH=${CMAKE_PREFIX_PATH}:/home/ming/ros2_ws/install/speech_processor:/home/ming/ros2_ws/install/lidar_processor:/home/ming/ros2_ws/install/go2_robot_sdk:/home/ming/ros2_ws/install/go2_navigation:/home/ming/ros2_ws/install/coco_detector:/home/ming/install/go2_navigation:/opt/ros/humble PS1=\[\e]0;\u@\h: \w\a\]${debian_chroot:+($debian_chroot)}\[\033[01;32m\]\u@\h\[\033[00m\]:\[\033[01;34m\]\w\[\033[00m\]\$ /usr/bin/cmake --build /home/ming/ros2_ws/build/unitree_go2_sim -- -j6 -l6
[1.633s] Invoking command in '/home/ming/ros2_ws/build/unitree_go2_sim': CMAKE_PREFIX_PATH=${CMAKE_PREFIX_PATH}:/home/ming/ros2_ws/install/speech_processor:/home/ming/ros2_ws/install/lidar_processor:/home/ming/ros2_ws/install/go2_robot_sdk:/home/ming/ros2_ws/install/go2_navigation:/home/ming/ros2_ws/install/coco_detector:/home/ming/install/go2_navigation:/opt/ros/humble PS1=\[\e]0;\u@\h: \w\a\]${debian_chroot:+($debian_chroot)}\[\033[01;32m\]\u@\h\[\033[00m\]:\[\033[01;34m\]\w\[\033[00m\]\$ /usr/bin/cmake --install /home/ming/ros2_ws/build/unitree_go2_sim
[1.646s] -- Install configuration: ""
[1.653s] -- Installing: /home/ming/ros2_ws/install/unitree_go2_sim/share/unitree_go2_sim/launch
[1.654s] -- Installing: /home/ming/ros2_ws/install/unitree_go2_sim/share/unitree_go2_sim/launch/unitree_go2_launch.py
[1.654s] -- Installing: /home/ming/ros2_ws/install/unitree_go2_sim/share/unitree_go2_sim/config
[1.666s] -- Installing: /home/ming/ros2_ws/install/unitree_go2_sim/share/unitree_go2_sim/config/joints
[1.666s] -- Installing: /home/ming/ros2_ws/install/unitree_go2_sim/share/unitree_go2_sim/config/joints/joints.yaml
[1.667s] -- Installing: /home/ming/ros2_ws/install/unitree_go2_sim/share/unitree_go2_sim/config/links
[1.667s] -- Installing: /home/ming/ros2_ws/install/unitree_go2_sim/share/unitree_go2_sim/config/links/links.yaml
[1.667s] -- Installing: /home/ming/ros2_ws/install/unitree_go2_sim/share/unitree_go2_sim/config/ros_control
[1.667s] -- Installing: /home/ming/ros2_ws/install/unitree_go2_sim/share/unitree_go2_sim/config/ros_control/ros_control.yaml
[1.667s] -- Installing: /home/ming/ros2_ws/install/unitree_go2_sim/share/unitree_go2_sim/config/gait
[1.667s] -- Installing: /home/ming/ros2_ws/install/unitree_go2_sim/share/unitree_go2_sim/config/gait/gait.yaml
[1.667s] -- Installing: /home/ming/ros2_ws/install/unitree_go2_sim/share/unitree_go2_sim/rviz
[1.668s] -- Installing: /home/ming/ros2_ws/install/unitree_go2_sim/share/unitree_go2_sim/rviz/rviz.rviz
[1.668s] -- Installing: /home/ming/ros2_ws/install/unitree_go2_sim/lib/unitree_go2_sim/robot_description_publisher.py
[1.669s] -- Installing: /home/ming/ros2_ws/install/unitree_go2_sim/share/ament_index/resource_index/package_run_dependencies/unitree_go2_sim
[1.669s] -- Installing: /home/ming/ros2_ws/install/unitree_go2_sim/share/ament_index/resource_index/parent_prefix_path/unitree_go2_sim
[1.669s] -- Installing: /home/ming/ros2_ws/install/unitree_go2_sim/share/unitree_go2_sim/environment/ament_prefix_path.sh
[1.669s] -- Installing: /home/ming/ros2_ws/install/unitree_go2_sim/share/unitree_go2_sim/environment/ament_prefix_path.dsv
[1.670s] -- Installing: /home/ming/ros2_ws/install/unitree_go2_sim/share/unitree_go2_sim/environment/path.sh
[1.670s] -- Installing: /home/ming/ros2_ws/install/unitree_go2_sim/share/unitree_go2_sim/environment/path.dsv
[1.670s] -- Installing: /home/ming/ros2_ws/install/unitree_go2_sim/share/unitree_go2_sim/local_setup.bash
[1.670s] -- Installing: /home/ming/ros2_ws/install/unitree_go2_sim/share/unitree_go2_sim/local_setup.sh
[1.671s] -- Installing: /home/ming/ros2_ws/install/unitree_go2_sim/share/unitree_go2_sim/local_setup.zsh
[1.671s] -- Installing: /home/ming/ros2_ws/install/unitree_go2_sim/share/unitree_go2_sim/local_setup.dsv
[1.671s] -- Installing: /home/ming/ros2_ws/install/unitree_go2_sim/share/unitree_go2_sim/package.dsv
[1.671s] -- Installing: /home/ming/ros2_ws/install/unitree_go2_sim/share/ament_index/resource_index/packages/unitree_go2_sim
[1.672s] -- Installing: /home/ming/ros2_ws/install/unitree_go2_sim/share/unitree_go2_sim/cmake/unitree_go2_simConfig.cmake
[1.672s] -- Installing: /home/ming/ros2_ws/install/unitree_go2_sim/share/unitree_go2_sim/cmake/unitree_go2_simConfig-version.cmake
[1.672s] -- Installing: /home/ming/ros2_ws/install/unitree_go2_sim/share/unitree_go2_sim/package.xml
[1.678s] Invoked command in '/home/ming/ros2_ws/build/unitree_go2_sim' returned '0': CMAKE_PREFIX_PATH=${CMAKE_PREFIX_PATH}:/home/ming/ros2_ws/install/speech_processor:/home/ming/ros2_ws/install/lidar_processor:/home/ming/ros2_ws/install/go2_robot_sdk:/home/ming/ros2_ws/install/go2_navigation:/home/ming/ros2_ws/install/coco_detector:/home/ming/install/go2_navigation:/opt/ros/humble PS1=\[\e]0;\u@\h: \w\a\]${debian_chroot:+($debian_chroot)}\[\033[01;32m\]\u@\h\[\033[00m\]:\[\033[01;34m\]\w\[\033[00m\]\$ /usr/bin/cmake --install /home/ming/ros2_ws/build/unitree_go2_sim
