[1.235s] Invoking command in '/home/ming/ros2_ws/src/build/lidar_processor_cpp': CMAKE_PREFIX_PATH=${CMAKE_PREFIX_PATH}:/home/ming/ros2_ws/install/speech_processor:/home/ming/ros2_ws/install/lidar_processor:/home/ming/ros2_ws/install/go2_robot_sdk:/home/ming/ros2_ws/install/coco_detector:/opt/ros/humble /usr/bin/cmake /home/ming/ros2_ws/src/lidar_processor_cpp -DAMENT_CMAKE_SYMLINK_INSTALL=1 -DCMAKE_INSTALL_PREFIX=/home/ming/ros2_ws/src/install/lidar_processor_cpp
[1.341s] -- The C compiler identification is GNU 11.4.0
[1.528s] -- The CXX compiler identification is GNU 11.4.0
[1.570s] -- Detecting C compiler ABI info
[1.767s] -- Detecting C compiler ABI info - done
[1.797s] -- Check for working C compiler: /usr/bin/cc - skipped
[1.797s] -- Detecting C compile features
[1.798s] -- Detecting C compile features - done
[1.803s] -- Detecting CXX compiler ABI info
[2.039s] -- Detecting CXX compiler ABI info - done
[2.047s] -- Check for working CXX compiler: /usr/bin/c++ - skipped
[2.050s] -- Detecting CXX compile features
[2.051s] -- Detecting CXX compile features - done
[2.059s] -- Found ament_cmake: 1.3.13 (/opt/ros/humble/share/ament_cmake/cmake)
[2.763s] -- Found Python3: /usr/bin/python3 (found version "3.10.12") found components: Interpreter 
[2.988s] -- Override CMake install command with custom implementation using symlinks instead of copying resources
[3.074s] -- Found rclcpp: 16.0.18 (/opt/ros/humble/share/rclcpp/cmake)
[3.242s] -- Found rosidl_generator_c: 3.1.8 (/opt/ros/humble/share/rosidl_generator_c/cmake)
[3.251s] -- Found rosidl_adapter: 3.1.8 (/opt/ros/humble/share/rosidl_adapter/cmake)
[3.280s] -- Found rosidl_generator_cpp: 3.1.8 (/opt/ros/humble/share/rosidl_generator_cpp/cmake)
[3.328s] -- Using all available rosidl_typesupport_c: rosidl_typesupport_fastrtps_c;rosidl_typesupport_introspection_c
[3.379s] -- Using all available rosidl_typesupport_cpp: rosidl_typesupport_fastrtps_cpp;rosidl_typesupport_introspection_cpp
[3.525s] -- Found rmw_implementation_cmake: 6.1.2 (/opt/ros/humble/share/rmw_implementation_cmake/cmake)
[3.551s] -- Found rmw_cyclonedds_cpp: 1.3.4 (/opt/ros/humble/share/rmw_cyclonedds_cpp/cmake)
[3.661s] -- Using RMW implementation 'rmw_cyclonedds_cpp' as default
[3.712s] -- Looking for pthread.h
[4.021s] -- Looking for pthread.h - found
[4.021s] -- Performing Test CMAKE_HAVE_LIBC_PTHREAD
[4.281s] -- Performing Test CMAKE_HAVE_LIBC_PTHREAD - Success
[4.283s] -- Found Threads: TRUE  
[4.440s] -- Found sensor_msgs: 4.9.1 (/opt/ros/humble/share/sensor_msgs/cmake)
[4.515s] -- Found pcl_ros: 2.4.5 (/opt/ros/humble/share/pcl_ros/cmake)
[4.688s] -- Checking for module 'eigen3'
[4.773s] --   Found eigen3, version 3.4.0
[4.855s] -- Found Eigen: /usr/include/eigen3 (Required is at least version "3.1") 
[4.855s] -- Eigen found (include: /usr/include/eigen3, version: 3.4.0)
[4.989s] -- Checking for module 'flann'
[5.034s] --   Found flann, version 1.9.1
[5.181s] -- Found FLANN: /usr/lib/aarch64-linux-gnu/libflann_cpp.so  
[5.181s] -- FLANN found (include: /usr/include, lib: /usr/lib/aarch64-linux-gnu/libflann_cpp.so)
[8.515s] -- Checking for module 'libusb-1.0'
[8.631s] --   Found libusb-1.0, version 1.0.25
[8.744s] -- Found libusb: /usr/lib/aarch64-linux-gnu/libusb-1.0.so  
[8.774s] -- OpenNI found (version: 1.5.4.0, include: /usr/include/ni, lib: /usr/lib/libOpenNI.so;libusb::libusb)
[8.955s] -- OpenNI2 found (version: 2.2.0.33, include: /usr/include/openni2, lib: /usr/lib/aarch64-linux-gnu/libOpenNI2.so;libusb::libusb)
[9.466s] -- Eigen found (include: /usr/include/eigen3, version: 3.4.0)
[9.491s] -- OpenNI found (version: 1.5.4.0, include: /usr/include/ni, lib: /usr/lib/libOpenNI.so;libusb::libusb)
[9.523s] -- OpenNI2 found (version: 2.2.0.33, include: /usr/include/openni2, lib: /usr/lib/aarch64-linux-gnu/libOpenNI2.so;libusb::libusb)
[10.069s] -- Found Qhull version 8.0.2
[10.691s] -- OpenNI found (version: 1.5.4.0, include: /usr/include/ni, lib: /usr/lib/libOpenNI.so;libusb::libusb)
[11.410s] -- Found PCL_COMMON: /usr/lib/aarch64-linux-gnu/libpcl_common.so  
[11.412s] -- Found PCL_KDTREE: /usr/lib/aarch64-linux-gnu/libpcl_kdtree.so  
[11.414s] -- Found PCL_OCTREE: /usr/lib/aarch64-linux-gnu/libpcl_octree.so  
[11.429s] -- Found PCL_SEARCH: /usr/lib/aarch64-linux-gnu/libpcl_search.so  
[11.433s] -- Found PCL_SAMPLE_CONSENSUS: /usr/lib/aarch64-linux-gnu/libpcl_sample_consensus.so  
[11.440s] -- Found PCL_FILTERS: /usr/lib/aarch64-linux-gnu/libpcl_filters.so  
[11.441s] -- Found PCL_2D: /usr/include/pcl-1.12  
[11.442s] -- Found PCL_GEOMETRY: /usr/include/pcl-1.12  
[11.444s] -- Found PCL_IO: /usr/lib/aarch64-linux-gnu/libpcl_io.so  
[11.458s] -- Found PCL_FEATURES: /usr/lib/aarch64-linux-gnu/libpcl_features.so  
[11.461s] -- Found PCL_ML: /usr/lib/aarch64-linux-gnu/libpcl_ml.so  
[11.463s] -- Found PCL_SEGMENTATION: /usr/lib/aarch64-linux-gnu/libpcl_segmentation.so  
[11.470s] -- Found PCL_VISUALIZATION: /usr/lib/aarch64-linux-gnu/libpcl_visualization.so  
[11.475s] -- Found PCL_SURFACE: /usr/lib/aarch64-linux-gnu/libpcl_surface.so  
[11.478s] -- Found PCL_REGISTRATION: /usr/lib/aarch64-linux-gnu/libpcl_registration.so  
[11.483s] -- Found PCL_KEYPOINTS: /usr/lib/aarch64-linux-gnu/libpcl_keypoints.so  
[11.500s] -- Found PCL_TRACKING: /usr/lib/aarch64-linux-gnu/libpcl_tracking.so  
[11.507s] -- Found PCL_RECOGNITION: /usr/lib/aarch64-linux-gnu/libpcl_recognition.so  
[11.509s] -- Found PCL_STEREO: /usr/lib/aarch64-linux-gnu/libpcl_stereo.so  
[11.510s] -- Found PCL_APPS: /usr/lib/aarch64-linux-gnu/libpcl_apps.so  
[11.512s] -- Found PCL_IN_HAND_SCANNER: /usr/include/pcl-1.12  
[11.512s] -- Found PCL_MODELER: /usr/include/pcl-1.12  
[11.534s] -- Found PCL_POINT_CLOUD_EDITOR: /usr/include/pcl-1.12  
[11.536s] -- Found PCL_OUTOFCORE: /usr/lib/aarch64-linux-gnu/libpcl_outofcore.so  
[11.538s] -- Found PCL_PEOPLE: /usr/lib/aarch64-linux-gnu/libpcl_people.so  
[11.727s] -- Found eigen3_cmake_module: 0.1.1 (/opt/ros/humble/share/eigen3_cmake_module/cmake)
[11.732s] -- Found Eigen3: TRUE (found version "3.4.0") 
[11.732s] -- Ensuring Eigen3 include directory is part of orocos-kdl CMake target
[12.356s] -- Found ament_lint_auto: 0.12.15 (/opt/ros/humble/share/ament_lint_auto/cmake)
[12.956s] -- Added test 'cppcheck' to perform static code analysis on C / C++ code
[12.958s] -- Configured cppcheck include dirs: /home/ming/ros2_ws/src/lidar_processor_cpp/include
[12.958s] -- Configured cppcheck exclude dirs and/or files: 
[12.961s] -- Added test 'lint_cmake' to check CMake code style
[12.964s] -- Added test 'uncrustify' to check C / C++ code style
[12.965s] -- Configured uncrustify additional arguments: 
[12.977s] -- Added test 'xmllint' to check XML markup files
[12.982s] -- Configuring done
[13.379s] -- Generating done
[13.456s] -- Build files have been written to: /home/ming/ros2_ws/src/build/lidar_processor_cpp
[13.588s] Invoked command in '/home/ming/ros2_ws/src/build/lidar_processor_cpp' returned '0': CMAKE_PREFIX_PATH=${CMAKE_PREFIX_PATH}:/home/ming/ros2_ws/install/speech_processor:/home/ming/ros2_ws/install/lidar_processor:/home/ming/ros2_ws/install/go2_robot_sdk:/home/ming/ros2_ws/install/coco_detector:/opt/ros/humble /usr/bin/cmake /home/ming/ros2_ws/src/lidar_processor_cpp -DAMENT_CMAKE_SYMLINK_INSTALL=1 -DCMAKE_INSTALL_PREFIX=/home/ming/ros2_ws/src/install/lidar_processor_cpp
[13.589s] Invoking command in '/home/ming/ros2_ws/src/build/lidar_processor_cpp': CMAKE_PREFIX_PATH=${CMAKE_PREFIX_PATH}:/home/ming/ros2_ws/install/speech_processor:/home/ming/ros2_ws/install/lidar_processor:/home/ming/ros2_ws/install/go2_robot_sdk:/home/ming/ros2_ws/install/coco_detector:/opt/ros/humble /usr/bin/cmake --build /home/ming/ros2_ws/src/build/lidar_processor_cpp -- -j6 -l6
[13.858s] [ 25%] [32mBuilding CXX object CMakeFiles/lidar_to_pointcloud_node.dir/src/lidar_to_pointcloud_node.cpp.o[0m
[13.877s] [ 50%] [32mBuilding CXX object CMakeFiles/pointcloud_aggregator_node.dir/src/pointcloud_aggregator_node.cpp.o[0m
[54.069s] [ 75%] [32m[1mLinking CXX executable pointcloud_aggregator_node[0m
[56.787s] [100%] [32m[1mLinking CXX executable lidar_to_pointcloud_node[0m
[59.162s] [100%] Built target pointcloud_aggregator_node
[60.412s] [100%] Built target lidar_to_pointcloud_node
[60.438s] Invoked command in '/home/ming/ros2_ws/src/build/lidar_processor_cpp' returned '0': CMAKE_PREFIX_PATH=${CMAKE_PREFIX_PATH}:/home/ming/ros2_ws/install/speech_processor:/home/ming/ros2_ws/install/lidar_processor:/home/ming/ros2_ws/install/go2_robot_sdk:/home/ming/ros2_ws/install/coco_detector:/opt/ros/humble /usr/bin/cmake --build /home/ming/ros2_ws/src/build/lidar_processor_cpp -- -j6 -l6
[60.445s] Invoking command in '/home/ming/ros2_ws/src/build/lidar_processor_cpp': CMAKE_PREFIX_PATH=${CMAKE_PREFIX_PATH}:/home/ming/ros2_ws/install/speech_processor:/home/ming/ros2_ws/install/lidar_processor:/home/ming/ros2_ws/install/go2_robot_sdk:/home/ming/ros2_ws/install/coco_detector:/opt/ros/humble /usr/bin/cmake --install /home/ming/ros2_ws/src/build/lidar_processor_cpp
[60.458s] -- Install configuration: ""
[60.459s] -- Execute custom install script
[60.460s] -- Symlinking: /home/ming/ros2_ws/src/install/lidar_processor_cpp/lib/lidar_processor_cpp/lidar_to_pointcloud_node
[60.478s] -- Symlinking: /home/ming/ros2_ws/src/install/lidar_processor_cpp/lib/lidar_processor_cpp/pointcloud_aggregator_node
[60.494s] -- Symlinking: /home/ming/ros2_ws/src/install/lidar_processor_cpp/include//lidar_processor_cpp/lidar_to_pointcloud_node.hpp
[60.512s] -- Symlinking: /home/ming/ros2_ws/src/install/lidar_processor_cpp/include//lidar_processor_cpp/pointcloud_aggregator_node.hpp
[60.530s] -- Symlinking: /home/ming/ros2_ws/src/install/lidar_processor_cpp/share/ament_index/resource_index/package_run_dependencies/lidar_processor_cpp
[60.561s] -- Symlinking: /home/ming/ros2_ws/src/install/lidar_processor_cpp/share/ament_index/resource_index/parent_prefix_path/lidar_processor_cpp
[60.585s] -- Symlinking: /home/ming/ros2_ws/src/install/lidar_processor_cpp/share/lidar_processor_cpp/environment/ament_prefix_path.sh
[60.600s] -- Symlinking: /home/ming/ros2_ws/src/install/lidar_processor_cpp/share/lidar_processor_cpp/environment/ament_prefix_path.dsv
[60.618s] -- Symlinking: /home/ming/ros2_ws/src/install/lidar_processor_cpp/share/lidar_processor_cpp/environment/path.sh
[60.637s] -- Symlinking: /home/ming/ros2_ws/src/install/lidar_processor_cpp/share/lidar_processor_cpp/environment/path.dsv
[60.658s] -- Symlinking: /home/ming/ros2_ws/src/install/lidar_processor_cpp/share/lidar_processor_cpp/local_setup.bash
[60.675s] -- Symlinking: /home/ming/ros2_ws/src/install/lidar_processor_cpp/share/lidar_processor_cpp/local_setup.sh
[60.690s] -- Symlinking: /home/ming/ros2_ws/src/install/lidar_processor_cpp/share/lidar_processor_cpp/local_setup.zsh
[60.706s] -- Symlinking: /home/ming/ros2_ws/src/install/lidar_processor_cpp/share/lidar_processor_cpp/local_setup.dsv
[60.726s] -- Symlinking: /home/ming/ros2_ws/src/install/lidar_processor_cpp/share/lidar_processor_cpp/package.dsv
[60.761s] -- Symlinking: /home/ming/ros2_ws/src/install/lidar_processor_cpp/share/ament_index/resource_index/packages/lidar_processor_cpp
[60.779s] -- Symlinking: /home/ming/ros2_ws/src/install/lidar_processor_cpp/share/lidar_processor_cpp/cmake/lidar_processor_cppConfig.cmake
[60.794s] -- Symlinking: /home/ming/ros2_ws/src/install/lidar_processor_cpp/share/lidar_processor_cpp/cmake/lidar_processor_cppConfig-version.cmake
[60.811s] -- Symlinking: /home/ming/ros2_ws/src/install/lidar_processor_cpp/share/lidar_processor_cpp/package.xml
[60.833s] Invoked command in '/home/ming/ros2_ws/src/build/lidar_processor_cpp' returned '0': CMAKE_PREFIX_PATH=${CMAKE_PREFIX_PATH}:/home/ming/ros2_ws/install/speech_processor:/home/ming/ros2_ws/install/lidar_processor:/home/ming/ros2_ws/install/go2_robot_sdk:/home/ming/ros2_ws/install/coco_detector:/opt/ros/humble /usr/bin/cmake --install /home/ming/ros2_ws/src/build/lidar_processor_cpp
