[1.313s] Invoking command in '/home/ming/ros2_ws/src/go2_robot_sdk': CMAKE_PREFIX_PATH=/home/ming/ros2_ws/install/go2_interfaces:/home/ming/ros2_ws/install/unitree_go2_sim:/home/ming/ros2_ws/install/unitree_go2_description:/home/ming/ros2_ws/install/lidar_processor_cpp:/home/ming/ros2_ws/install/champ_base:/home/ming/ros2_ws/install/champ_msgs:/home/ming/ros2_ws/install/champ PYTHONPATH=/home/ming/ros2_ws/build/go2_robot_sdk/prefix_override:/usr/lib/python3/dist-packages/colcon_core/task/python/colcon_distutils_commands:/home/ming/ros2_ws/install/go2_robot_sdk/lib/python3.10/site-packages:${PYTHONPATH} /usr/bin/python3 -W ignore:setup.py install is deprecated -W ignore:easy_install command is deprecated setup.py egg_info --egg-base ../../build/go2_robot_sdk build --build-base /home/ming/ros2_ws/build/go2_robot_sdk/build install --record /home/ming/ros2_ws/build/go2_robot_sdk/install.log --single-version-externally-managed install_data
[1.825s] running egg_info
[1.826s] writing ../../build/go2_robot_sdk/go2_robot_sdk.egg-info/PKG-INFO
[1.826s] writing dependency_links to ../../build/go2_robot_sdk/go2_robot_sdk.egg-info/dependency_links.txt
[1.826s] writing entry points to ../../build/go2_robot_sdk/go2_robot_sdk.egg-info/entry_points.txt
[1.827s] writing requirements to ../../build/go2_robot_sdk/go2_robot_sdk.egg-info/requires.txt
[1.827s] writing top-level names to ../../build/go2_robot_sdk/go2_robot_sdk.egg-info/top_level.txt
[1.836s] reading manifest file '../../build/go2_robot_sdk/go2_robot_sdk.egg-info/SOURCES.txt'
[1.836s] adding license file 'LICENSE'
[1.839s] writing manifest file '../../build/go2_robot_sdk/go2_robot_sdk.egg-info/SOURCES.txt'
[1.839s] running build
[1.839s] running build_py
[1.846s] running install
[1.847s] running install_lib
[1.855s] running install_data
[1.855s] copying launch/robot.launch.py -> /home/ming/ros2_ws/install/go2_robot_sdk/share/go2_robot_sdk/launch
[1.857s] running install_egg_info
[1.862s] removing '/home/ming/ros2_ws/install/go2_robot_sdk/lib/python3.10/site-packages/go2_robot_sdk-0.0.0-py3.10.egg-info' (and everything under it)
[1.862s] Copying ../../build/go2_robot_sdk/go2_robot_sdk.egg-info to /home/ming/ros2_ws/install/go2_robot_sdk/lib/python3.10/site-packages/go2_robot_sdk-0.0.0-py3.10.egg-info
[1.864s] running install_scripts
[1.915s] Installing go2_driver_node script to /home/ming/ros2_ws/install/go2_robot_sdk/lib/go2_robot_sdk
[1.919s] writing list of installed files to '/home/ming/ros2_ws/build/go2_robot_sdk/install.log'
[2.007s] Invoked command in '/home/ming/ros2_ws/src/go2_robot_sdk' returned '0': CMAKE_PREFIX_PATH=/home/ming/ros2_ws/install/go2_interfaces:/home/ming/ros2_ws/install/unitree_go2_sim:/home/ming/ros2_ws/install/unitree_go2_description:/home/ming/ros2_ws/install/lidar_processor_cpp:/home/ming/ros2_ws/install/champ_base:/home/ming/ros2_ws/install/champ_msgs:/home/ming/ros2_ws/install/champ PYTHONPATH=/home/ming/ros2_ws/build/go2_robot_sdk/prefix_override:/usr/lib/python3/dist-packages/colcon_core/task/python/colcon_distutils_commands:/home/ming/ros2_ws/install/go2_robot_sdk/lib/python3.10/site-packages:${PYTHONPATH} /usr/bin/python3 -W ignore:setup.py install is deprecated -W ignore:easy_install command is deprecated setup.py egg_info --egg-base ../../build/go2_robot_sdk build --build-base /home/ming/ros2_ws/build/go2_robot_sdk/build install --record /home/ming/ros2_ws/build/go2_robot_sdk/install.log --single-version-externally-managed install_data
