[0.034s] Invoking command in '/home/ming/ros2_ws/src/build/unitree_go2_description': CMAKE_PREFIX_PATH=${CMAKE_PREFIX_PATH}:/home/ming/ros2_ws/install/speech_processor:/home/ming/ros2_ws/install/lidar_processor:/home/ming/ros2_ws/install/go2_robot_sdk:/home/ming/ros2_ws/install/coco_detector:/opt/ros/humble /usr/bin/cmake /home/ming/ros2_ws/src/unitree_go2/unitree_go2_description -DAMENT_CMAKE_SYMLINK_INSTALL=1 -DCMAKE_INSTALL_PREFIX=/home/ming/ros2_ws/src/install/unitree_go2_description
[0.212s] -- The C compiler identification is GNU 11.4.0
[0.407s] -- The CXX compiler identification is GNU 11.4.0
[0.427s] -- Detecting C compiler ABI info
[0.671s] -- Detecting C compiler ABI info - done
[0.683s] -- Check for working C compiler: /usr/bin/cc - skipped
[0.684s] -- Detecting C compile features
[0.684s] -- Detecting C compile features - done
[0.690s] -- Detecting CXX compiler ABI info
[0.940s] -- Detecting CXX compiler ABI info - done
[0.965s] -- Check for working CXX compiler: /usr/bin/c++ - skipped
[0.966s] -- Detecting CXX compile features
[0.969s] -- Detecting CXX compile features - done
[0.973s] -- Found ament_cmake: 1.3.13 (/opt/ros/humble/share/ament_cmake/cmake)
[1.581s] -- Found Python3: /usr/bin/python3 (found version "3.10.12") found components: Interpreter 
[1.764s] -- Override CMake install command with custom implementation using symlinks instead of copying resources
[2.111s] -- Configuring done
[2.123s] -- Generating done
[2.125s] -- Build files have been written to: /home/ming/ros2_ws/src/build/unitree_go2_description
[2.163s] Invoked command in '/home/ming/ros2_ws/src/build/unitree_go2_description' returned '0': CMAKE_PREFIX_PATH=${CMAKE_PREFIX_PATH}:/home/ming/ros2_ws/install/speech_processor:/home/ming/ros2_ws/install/lidar_processor:/home/ming/ros2_ws/install/go2_robot_sdk:/home/ming/ros2_ws/install/coco_detector:/opt/ros/humble /usr/bin/cmake /home/ming/ros2_ws/src/unitree_go2/unitree_go2_description -DAMENT_CMAKE_SYMLINK_INSTALL=1 -DCMAKE_INSTALL_PREFIX=/home/ming/ros2_ws/src/install/unitree_go2_description
[2.165s] Invoking command in '/home/ming/ros2_ws/src/build/unitree_go2_description': CMAKE_PREFIX_PATH=${CMAKE_PREFIX_PATH}:/home/ming/ros2_ws/install/speech_processor:/home/ming/ros2_ws/install/lidar_processor:/home/ming/ros2_ws/install/go2_robot_sdk:/home/ming/ros2_ws/install/coco_detector:/opt/ros/humble /usr/bin/cmake --build /home/ming/ros2_ws/src/build/unitree_go2_description -- -j6 -l6
[2.281s] Invoked command in '/home/ming/ros2_ws/src/build/unitree_go2_description' returned '0': CMAKE_PREFIX_PATH=${CMAKE_PREFIX_PATH}:/home/ming/ros2_ws/install/speech_processor:/home/ming/ros2_ws/install/lidar_processor:/home/ming/ros2_ws/install/go2_robot_sdk:/home/ming/ros2_ws/install/coco_detector:/opt/ros/humble /usr/bin/cmake --build /home/ming/ros2_ws/src/build/unitree_go2_description -- -j6 -l6
[2.282s] Invoking command in '/home/ming/ros2_ws/src/build/unitree_go2_description': CMAKE_PREFIX_PATH=${CMAKE_PREFIX_PATH}:/home/ming/ros2_ws/install/speech_processor:/home/ming/ros2_ws/install/lidar_processor:/home/ming/ros2_ws/install/go2_robot_sdk:/home/ming/ros2_ws/install/coco_detector:/opt/ros/humble /usr/bin/cmake --install /home/ming/ros2_ws/src/build/unitree_go2_description
[2.885s] -- Install configuration: ""
[2.885s] -- Execute custom install script
[2.885s] -- Symlinking: /home/ming/ros2_ws/src/install/unitree_go2_description/share/unitree_go2_description/worlds/default.sdf
[2.885s] -- Symlinking: /home/ming/ros2_ws/src/install/unitree_go2_description/share/unitree_go2_description/meshes/L1_4D_Lidar.dae
[2.885s] -- Symlinking: /home/ming/ros2_ws/src/install/unitree_go2_description/share/unitree_go2_description/meshes/VLP16_base_1.dae
[2.885s] -- Symlinking: /home/ming/ros2_ws/src/install/unitree_go2_description/share/unitree_go2_description/meshes/VLP16_base_2.dae
[2.885s] -- Symlinking: /home/ming/ros2_ws/src/install/unitree_go2_description/share/unitree_go2_description/meshes/VLP16_scan.dae
[2.885s] -- Symlinking: /home/ming/ros2_ws/src/install/unitree_go2_description/share/unitree_go2_description/meshes/calf.dae
[2.886s] -- Symlinking: /home/ming/ros2_ws/src/install/unitree_go2_description/share/unitree_go2_description/meshes/calf_mirror.dae
[2.886s] -- Symlinking: /home/ming/ros2_ws/src/install/unitree_go2_description/share/unitree_go2_description/meshes/foot.dae
[2.886s] -- Symlinking: /home/ming/ros2_ws/src/install/unitree_go2_description/share/unitree_go2_description/meshes/hip.dae
[2.886s] -- Symlinking: /home/ming/ros2_ws/src/install/unitree_go2_description/share/unitree_go2_description/meshes/hokuyo.dae
[2.886s] -- Symlinking: /home/ming/ros2_ws/src/install/unitree_go2_description/share/unitree_go2_description/meshes/thigh.dae
[2.886s] -- Symlinking: /home/ming/ros2_ws/src/install/unitree_go2_description/share/unitree_go2_description/meshes/thigh_mirror.dae
[2.886s] -- Symlinking: /home/ming/ros2_ws/src/install/unitree_go2_description/share/unitree_go2_description/meshes/trunk.dae
[2.886s] -- Symlinking: /home/ming/ros2_ws/src/install/unitree_go2_description/share/unitree_go2_description/urdf/const.xacro
[2.886s] -- Symlinking: /home/ming/ros2_ws/src/install/unitree_go2_description/share/unitree_go2_description/urdf/leg.xacro
[2.886s] -- Symlinking: /home/ming/ros2_ws/src/install/unitree_go2_description/share/unitree_go2_description/urdf/lidar_4D_lidar.xacro
[2.887s] -- Symlinking: /home/ming/ros2_ws/src/install/unitree_go2_description/share/unitree_go2_description/urdf/materials.xacro
[2.887s] -- Symlinking: /home/ming/ros2_ws/src/install/unitree_go2_description/share/unitree_go2_description/urdf/realsense_d455.xacro
[2.887s] -- Symlinking: /home/ming/ros2_ws/src/install/unitree_go2_description/share/unitree_go2_description/urdf/unitree_go2_gazebo.xacro
[2.887s] -- Symlinking: /home/ming/ros2_ws/src/install/unitree_go2_description/share/unitree_go2_description/urdf/unitree_go2_robot.xacro
[2.887s] -- Symlinking: /home/ming/ros2_ws/src/install/unitree_go2_description/share/unitree_go2_description/urdf/velodyne.xacro
[2.887s] -- Symlinking: /home/ming/ros2_ws/src/install/unitree_go2_description/share/ament_index/resource_index/package_run_dependencies/unitree_go2_description
[2.887s] -- Symlinking: /home/ming/ros2_ws/src/install/unitree_go2_description/share/ament_index/resource_index/parent_prefix_path/unitree_go2_description
[2.899s] -- Symlinking: /home/ming/ros2_ws/src/install/unitree_go2_description/share/unitree_go2_description/environment/ament_prefix_path.sh
[2.922s] -- Symlinking: /home/ming/ros2_ws/src/install/unitree_go2_description/share/unitree_go2_description/environment/ament_prefix_path.dsv
[2.943s] -- Symlinking: /home/ming/ros2_ws/src/install/unitree_go2_description/share/unitree_go2_description/environment/path.sh
[2.955s] -- Symlinking: /home/ming/ros2_ws/src/install/unitree_go2_description/share/unitree_go2_description/environment/path.dsv
[2.971s] -- Symlinking: /home/ming/ros2_ws/src/install/unitree_go2_description/share/unitree_go2_description/local_setup.bash
[2.987s] -- Symlinking: /home/ming/ros2_ws/src/install/unitree_go2_description/share/unitree_go2_description/local_setup.sh
[3.014s] -- Symlinking: /home/ming/ros2_ws/src/install/unitree_go2_description/share/unitree_go2_description/local_setup.zsh
[3.033s] -- Symlinking: /home/ming/ros2_ws/src/install/unitree_go2_description/share/unitree_go2_description/local_setup.dsv
[3.053s] -- Symlinking: /home/ming/ros2_ws/src/install/unitree_go2_description/share/unitree_go2_description/package.dsv
[3.080s] -- Symlinking: /home/ming/ros2_ws/src/install/unitree_go2_description/share/ament_index/resource_index/packages/unitree_go2_description
[3.101s] -- Symlinking: /home/ming/ros2_ws/src/install/unitree_go2_description/share/unitree_go2_description/cmake/unitree_go2_descriptionConfig.cmake
[3.121s] -- Symlinking: /home/ming/ros2_ws/src/install/unitree_go2_description/share/unitree_go2_description/cmake/unitree_go2_descriptionConfig-version.cmake
[3.140s] -- Symlinking: /home/ming/ros2_ws/src/install/unitree_go2_description/share/unitree_go2_description/package.xml
[3.213s] Invoked command in '/home/ming/ros2_ws/src/build/unitree_go2_description' returned '0': CMAKE_PREFIX_PATH=${CMAKE_PREFIX_PATH}:/home/ming/ros2_ws/install/speech_processor:/home/ming/ros2_ws/install/lidar_processor:/home/ming/ros2_ws/install/go2_robot_sdk:/home/ming/ros2_ws/install/coco_detector:/opt/ros/humble /usr/bin/cmake --install /home/ming/ros2_ws/src/build/unitree_go2_description
