[0.069s] Invoking command in '/home/ming/ros2_ws/build/champ_msgs': CMAKE_PREFIX_PATH=${CMAKE_PREFIX_PATH}:/home/ming/ros2_ws/install/speech_processor:/home/ming/ros2_ws/install/lidar_processor:/home/ming/ros2_ws/install/go2_robot_sdk:/home/ming/ros2_ws/install/go2_navigation:/home/ming/ros2_ws/install/coco_detector:/home/ming/install/go2_navigation:/opt/ros/humble /usr/bin/cmake /home/ming/ros2_ws/src/unitree_go2/champ_msgs -DCMAKE_INSTALL_PREFIX=/home/ming/ros2_ws/install/champ_msgs
[1.341s] -- Found ament_cmake: 1.3.13 (/opt/ros/humble/share/ament_cmake/cmake)
[1.341s] -- Override CMake install command with custom implementation using symlinks instead of copying resources
[1.341s] -- Found rosidl_default_generators: 1.2.0 (/opt/ros/humble/share/rosidl_default_generators/cmake)
[1.341s] -- Using all available rosidl_typesupport_c: rosidl_typesupport_fastrtps_c;rosidl_typesupport_introspection_c
[1.341s] -- Found rosidl_adapter: 3.1.8 (/opt/ros/humble/share/rosidl_adapter/cmake)
[1.342s] -- Using all available rosidl_typesupport_cpp: rosidl_typesupport_fastrtps_cpp;rosidl_typesupport_introspection_cpp
[1.342s] -- Found std_msgs: 4.9.1 (/opt/ros/humble/share/std_msgs/cmake)
[1.342s] -- Found geometry_msgs: 4.9.1 (/opt/ros/humble/share/geometry_msgs/cmake)
[1.636s] -- Found ament_cmake_ros: 0.10.0 (/opt/ros/humble/share/ament_cmake_ros/cmake)
[2.446s] -- Using all available rosidl_typesupport_c: rosidl_typesupport_fastrtps_c;rosidl_typesupport_introspection_c
[3.667s] -- Using all available rosidl_typesupport_cpp: rosidl_typesupport_fastrtps_cpp;rosidl_typesupport_introspection_cpp
[3.764s] -- Found python_cmake_module: 0.10.0 (/opt/ros/humble/share/python_cmake_module/cmake)
[3.878s] -- Using PYTHON_EXECUTABLE: /usr/bin/python3
[3.878s] -- Using PYTHON_INCLUDE_DIRS: /usr/include/python3.10
[3.878s] -- Using PYTHON_LIBRARIES: /usr/lib/aarch64-linux-gnu/libpython3.10.so
[4.025s] -- Found ament_lint_auto: 0.12.15 (/opt/ros/humble/share/ament_lint_auto/cmake)
[4.136s] -- Configuring done
[4.302s] -- Generating done
[4.333s] -- Build files have been written to: /home/ming/ros2_ws/build/champ_msgs
[4.396s] Invoked command in '/home/ming/ros2_ws/build/champ_msgs' returned '0': CMAKE_PREFIX_PATH=${CMAKE_PREFIX_PATH}:/home/ming/ros2_ws/install/speech_processor:/home/ming/ros2_ws/install/lidar_processor:/home/ming/ros2_ws/install/go2_robot_sdk:/home/ming/ros2_ws/install/go2_navigation:/home/ming/ros2_ws/install/coco_detector:/home/ming/install/go2_navigation:/opt/ros/humble /usr/bin/cmake /home/ming/ros2_ws/src/unitree_go2/champ_msgs -DCMAKE_INSTALL_PREFIX=/home/ming/ros2_ws/install/champ_msgs
[4.398s] Invoking command in '/home/ming/ros2_ws/build/champ_msgs': CMAKE_PREFIX_PATH=${CMAKE_PREFIX_PATH}:/home/ming/ros2_ws/install/speech_processor:/home/ming/ros2_ws/install/lidar_processor:/home/ming/ros2_ws/install/go2_robot_sdk:/home/ming/ros2_ws/install/go2_navigation:/home/ming/ros2_ws/install/coco_detector:/home/ming/install/go2_navigation:/opt/ros/humble /usr/bin/cmake --build /home/ming/ros2_ws/build/champ_msgs -- -j6 -l6
[4.518s] [35m[1mConsolidate compiler generated dependencies of target champ_msgs__rosidl_generator_c[0m
[4.558s] [  1%] Built target champ_msgs__cpp
[4.558s] [  1%] Built target ament_cmake_python_symlink_champ_msgs
[4.605s] [ 12%] Built target champ_msgs__rosidl_generator_c
[4.618s] [35m[1mConsolidate compiler generated dependencies of target champ_msgs__rosidl_typesupport_cpp[0m
[4.634s] [35m[1mConsolidate compiler generated dependencies of target champ_msgs__rosidl_typesupport_fastrtps_cpp[0m
[4.636s] [35m[1mConsolidate compiler generated dependencies of target champ_msgs__rosidl_typesupport_introspection_cpp[0m
[4.700s] [35m[1mConsolidate compiler generated dependencies of target champ_msgs__rosidl_typesupport_introspection_c[0m
[4.703s] [35m[1mConsolidate compiler generated dependencies of target champ_msgs__rosidl_typesupport_fastrtps_c[0m
[4.735s] [ 24%] Built target champ_msgs__rosidl_typesupport_fastrtps_cpp
[4.740s] [ 35%] Built target champ_msgs__rosidl_typesupport_cpp
[4.759s] [ 47%] Built target champ_msgs__rosidl_typesupport_introspection_cpp
[4.768s] [35m[1mConsolidate compiler generated dependencies of target champ_msgs__rosidl_typesupport_c[0m
[4.785s] [ 58%] Built target champ_msgs__rosidl_typesupport_fastrtps_c
[4.805s] [ 70%] Built target champ_msgs__rosidl_typesupport_introspection_c
[4.830s] [ 82%] Built target champ_msgs__rosidl_typesupport_c
[4.959s] [ 82%] Built target champ_msgs
[5.059s] [ 83%] Built target champ_msgs__py
[5.109s] [35m[1mConsolidate compiler generated dependencies of target champ_msgs__rosidl_generator_py[0m
[5.216s] [ 93%] Built target champ_msgs__rosidl_generator_py
[5.245s] [35m[1mConsolidate compiler generated dependencies of target champ_msgs__rosidl_typesupport_fastrtps_c__pyext[0m
[5.269s] [35m[1mConsolidate compiler generated dependencies of target champ_msgs__rosidl_typesupport_introspection_c__pyext[0m
[5.269s] [35m[1mConsolidate compiler generated dependencies of target champ_msgs__rosidl_typesupport_c__pyext[0m
[5.288s] [ 95%] Built target champ_msgs__rosidl_typesupport_fastrtps_c__pyext
[5.303s] [ 97%] Built target champ_msgs__rosidl_typesupport_introspection_c__pyext
[5.309s] [100%] Built target champ_msgs__rosidl_typesupport_c__pyext
[5.479s] running egg_info
[5.481s] writing champ_msgs.egg-info/PKG-INFO
[5.481s] writing dependency_links to champ_msgs.egg-info/dependency_links.txt
[5.482s] writing top-level names to champ_msgs.egg-info/top_level.txt
[5.488s] reading manifest file 'champ_msgs.egg-info/SOURCES.txt'
[5.490s] writing manifest file 'champ_msgs.egg-info/SOURCES.txt'
[5.584s] [100%] Built target ament_cmake_python_build_champ_msgs_egg
[5.621s] Invoked command in '/home/ming/ros2_ws/build/champ_msgs' returned '0': CMAKE_PREFIX_PATH=${CMAKE_PREFIX_PATH}:/home/ming/ros2_ws/install/speech_processor:/home/ming/ros2_ws/install/lidar_processor:/home/ming/ros2_ws/install/go2_robot_sdk:/home/ming/ros2_ws/install/go2_navigation:/home/ming/ros2_ws/install/coco_detector:/home/ming/install/go2_navigation:/opt/ros/humble /usr/bin/cmake --build /home/ming/ros2_ws/build/champ_msgs -- -j6 -l6
[5.622s] Invoking command in '/home/ming/ros2_ws/build/champ_msgs': CMAKE_PREFIX_PATH=${CMAKE_PREFIX_PATH}:/home/ming/ros2_ws/install/speech_processor:/home/ming/ros2_ws/install/lidar_processor:/home/ming/ros2_ws/install/go2_robot_sdk:/home/ming/ros2_ws/install/go2_navigation:/home/ming/ros2_ws/install/coco_detector:/home/ming/install/go2_navigation:/opt/ros/humble /usr/bin/cmake --install /home/ming/ros2_ws/build/champ_msgs
[5.658s] -- Install configuration: ""
[5.666s] -- Execute custom install script
[5.667s] -- Up-to-date symlink: /home/ming/ros2_ws/install/champ_msgs/share/ament_index/resource_index/rosidl_interfaces/champ_msgs
[5.669s] -- Up-to-date symlink: /home/ming/ros2_ws/install/champ_msgs/include/champ_msgs/champ_msgs/msg/contacts.h
[5.671s] -- Up-to-date symlink: /home/ming/ros2_ws/install/champ_msgs/include/champ_msgs/champ_msgs/msg/contacts_stamped.h
[5.672s] -- Up-to-date symlink: /home/ming/ros2_ws/install/champ_msgs/include/champ_msgs/champ_msgs/msg/detail/contacts__functions.h
[5.673s] -- Up-to-date symlink: /home/ming/ros2_ws/install/champ_msgs/include/champ_msgs/champ_msgs/msg/detail/contacts__struct.h
[5.673s] -- Up-to-date symlink: /home/ming/ros2_ws/install/champ_msgs/include/champ_msgs/champ_msgs/msg/detail/contacts__type_support.h
[5.673s] -- Up-to-date symlink: /home/ming/ros2_ws/install/champ_msgs/include/champ_msgs/champ_msgs/msg/detail/contacts_stamped__functions.h
[5.674s] -- Up-to-date symlink: /home/ming/ros2_ws/install/champ_msgs/include/champ_msgs/champ_msgs/msg/detail/contacts_stamped__struct.h
[5.674s] -- Up-to-date symlink: /home/ming/ros2_ws/install/champ_msgs/include/champ_msgs/champ_msgs/msg/detail/contacts_stamped__type_support.h
[5.676s] -- Up-to-date symlink: /home/ming/ros2_ws/install/champ_msgs/include/champ_msgs/champ_msgs/msg/detail/imu__functions.h
[5.676s] -- Up-to-date symlink: /home/ming/ros2_ws/install/champ_msgs/include/champ_msgs/champ_msgs/msg/detail/imu__struct.h
[5.678s] -- Up-to-date symlink: /home/ming/ros2_ws/install/champ_msgs/include/champ_msgs/champ_msgs/msg/detail/imu__type_support.h
[5.678s] -- Up-to-date symlink: /home/ming/ros2_ws/install/champ_msgs/include/champ_msgs/champ_msgs/msg/detail/joints__functions.h
[5.679s] -- Up-to-date symlink: /home/ming/ros2_ws/install/champ_msgs/include/champ_msgs/champ_msgs/msg/detail/joints__struct.h
[5.681s] -- Up-to-date symlink: /home/ming/ros2_ws/install/champ_msgs/include/champ_msgs/champ_msgs/msg/detail/joints__type_support.h
[5.681s] -- Up-to-date symlink: /home/ming/ros2_ws/install/champ_msgs/include/champ_msgs/champ_msgs/msg/detail/pid__functions.h
[5.684s] -- Up-to-date symlink: /home/ming/ros2_ws/install/champ_msgs/include/champ_msgs/champ_msgs/msg/detail/pid__struct.h
[5.685s] -- Up-to-date symlink: /home/ming/ros2_ws/install/champ_msgs/include/champ_msgs/champ_msgs/msg/detail/pid__type_support.h
[5.685s] -- Up-to-date symlink: /home/ming/ros2_ws/install/champ_msgs/include/champ_msgs/champ_msgs/msg/detail/point__functions.h
[5.686s] -- Up-to-date symlink: /home/ming/ros2_ws/install/champ_msgs/include/champ_msgs/champ_msgs/msg/detail/point__struct.h
[5.686s] -- Up-to-date symlink: /home/ming/ros2_ws/install/champ_msgs/include/champ_msgs/champ_msgs/msg/detail/point__type_support.h
[5.690s] -- Up-to-date symlink: /home/ming/ros2_ws/install/champ_msgs/include/champ_msgs/champ_msgs/msg/detail/point_array__functions.h
[5.690s] -- Up-to-date symlink: /home/ming/ros2_ws/install/champ_msgs/include/champ_msgs/champ_msgs/msg/detail/point_array__struct.h
[5.691s] -- Up-to-date symlink: /home/ming/ros2_ws/install/champ_msgs/include/champ_msgs/champ_msgs/msg/detail/point_array__type_support.h
[5.691s] -- Up-to-date symlink: /home/ming/ros2_ws/install/champ_msgs/include/champ_msgs/champ_msgs/msg/detail/pose__functions.h
[5.692s] -- Up-to-date symlink: /home/ming/ros2_ws/install/champ_msgs/include/champ_msgs/champ_msgs/msg/detail/pose__struct.h
[5.692s] -- Up-to-date symlink: /home/ming/ros2_ws/install/champ_msgs/include/champ_msgs/champ_msgs/msg/detail/pose__type_support.h
[5.693s] -- Up-to-date symlink: /home/ming/ros2_ws/install/champ_msgs/include/champ_msgs/champ_msgs/msg/detail/velocities__functions.h
[5.696s] -- Up-to-date symlink: /home/ming/ros2_ws/install/champ_msgs/include/champ_msgs/champ_msgs/msg/detail/velocities__struct.h
[5.697s] -- Up-to-date symlink: /home/ming/ros2_ws/install/champ_msgs/include/champ_msgs/champ_msgs/msg/detail/velocities__type_support.h
[5.698s] -- Up-to-date symlink: /home/ming/ros2_ws/install/champ_msgs/include/champ_msgs/champ_msgs/msg/imu.h
[5.698s] -- Up-to-date symlink: /home/ming/ros2_ws/install/champ_msgs/include/champ_msgs/champ_msgs/msg/joints.h
[5.699s] -- Up-to-date symlink: /home/ming/ros2_ws/install/champ_msgs/include/champ_msgs/champ_msgs/msg/pid.h
[5.699s] -- Up-to-date symlink: /home/ming/ros2_ws/install/champ_msgs/include/champ_msgs/champ_msgs/msg/point.h
[5.699s] -- Up-to-date symlink: /home/ming/ros2_ws/install/champ_msgs/include/champ_msgs/champ_msgs/msg/point_array.h
[5.700s] -- Up-to-date symlink: /home/ming/ros2_ws/install/champ_msgs/include/champ_msgs/champ_msgs/msg/pose.h
[5.703s] -- Up-to-date symlink: /home/ming/ros2_ws/install/champ_msgs/include/champ_msgs/champ_msgs/msg/rosidl_generator_c__visibility_control.h
[5.704s] -- Up-to-date symlink: /home/ming/ros2_ws/install/champ_msgs/include/champ_msgs/champ_msgs/msg/velocities.h
[5.705s] -- Up-to-date symlink: /home/ming/ros2_ws/install/champ_msgs/share/champ_msgs/environment/library_path.sh
[5.705s] -- Up-to-date symlink: /home/ming/ros2_ws/install/champ_msgs/share/champ_msgs/environment/library_path.dsv
[5.708s] -- Up-to-date symlink: /home/ming/ros2_ws/install/champ_msgs/include/champ_msgs/champ_msgs/msg/detail/contacts__rosidl_typesupport_fastrtps_c.h
[5.708s] -- Up-to-date symlink: /home/ming/ros2_ws/install/champ_msgs/include/champ_msgs/champ_msgs/msg/detail/contacts_stamped__rosidl_typesupport_fastrtps_c.h
[5.709s] -- Up-to-date symlink: /home/ming/ros2_ws/install/champ_msgs/include/champ_msgs/champ_msgs/msg/detail/imu__rosidl_typesupport_fastrtps_c.h
[5.709s] -- Up-to-date symlink: /home/ming/ros2_ws/install/champ_msgs/include/champ_msgs/champ_msgs/msg/detail/joints__rosidl_typesupport_fastrtps_c.h
[5.710s] -- Up-to-date symlink: /home/ming/ros2_ws/install/champ_msgs/include/champ_msgs/champ_msgs/msg/detail/pid__rosidl_typesupport_fastrtps_c.h
[5.710s] -- Up-to-date symlink: /home/ming/ros2_ws/install/champ_msgs/include/champ_msgs/champ_msgs/msg/detail/point__rosidl_typesupport_fastrtps_c.h
[5.711s] -- Up-to-date symlink: /home/ming/ros2_ws/install/champ_msgs/include/champ_msgs/champ_msgs/msg/detail/point_array__rosidl_typesupport_fastrtps_c.h
[5.711s] -- Up-to-date symlink: /home/ming/ros2_ws/install/champ_msgs/include/champ_msgs/champ_msgs/msg/detail/pose__rosidl_typesupport_fastrtps_c.h
[5.712s] -- Up-to-date symlink: /home/ming/ros2_ws/install/champ_msgs/include/champ_msgs/champ_msgs/msg/detail/velocities__rosidl_typesupport_fastrtps_c.h
[5.712s] -- Up-to-date symlink: /home/ming/ros2_ws/install/champ_msgs/include/champ_msgs/champ_msgs/msg/rosidl_typesupport_fastrtps_c__visibility_control.h
[5.713s] -- Up-to-date symlink: /home/ming/ros2_ws/install/champ_msgs/include/champ_msgs/champ_msgs/msg/detail/contacts__rosidl_typesupport_introspection_c.h
[5.714s] -- Up-to-date symlink: /home/ming/ros2_ws/install/champ_msgs/include/champ_msgs/champ_msgs/msg/detail/contacts_stamped__rosidl_typesupport_introspection_c.h
[5.714s] -- Up-to-date symlink: /home/ming/ros2_ws/install/champ_msgs/include/champ_msgs/champ_msgs/msg/detail/imu__rosidl_typesupport_introspection_c.h
[5.714s] -- Up-to-date symlink: /home/ming/ros2_ws/install/champ_msgs/include/champ_msgs/champ_msgs/msg/detail/joints__rosidl_typesupport_introspection_c.h
[5.715s] -- Up-to-date symlink: /home/ming/ros2_ws/install/champ_msgs/include/champ_msgs/champ_msgs/msg/detail/pid__rosidl_typesupport_introspection_c.h
[5.715s] -- Up-to-date symlink: /home/ming/ros2_ws/install/champ_msgs/include/champ_msgs/champ_msgs/msg/detail/point__rosidl_typesupport_introspection_c.h
[5.716s] -- Up-to-date symlink: /home/ming/ros2_ws/install/champ_msgs/include/champ_msgs/champ_msgs/msg/detail/point_array__rosidl_typesupport_introspection_c.h
[5.716s] -- Up-to-date symlink: /home/ming/ros2_ws/install/champ_msgs/include/champ_msgs/champ_msgs/msg/detail/pose__rosidl_typesupport_introspection_c.h
[5.717s] -- Up-to-date symlink: /home/ming/ros2_ws/install/champ_msgs/include/champ_msgs/champ_msgs/msg/detail/velocities__rosidl_typesupport_introspection_c.h
[5.717s] -- Up-to-date symlink: /home/ming/ros2_ws/install/champ_msgs/include/champ_msgs/champ_msgs/msg/rosidl_typesupport_introspection_c__visibility_control.h
[5.719s] -- Up-to-date symlink: /home/ming/ros2_ws/install/champ_msgs/include/champ_msgs/champ_msgs/msg/contacts.hpp
[5.719s] -- Up-to-date symlink: /home/ming/ros2_ws/install/champ_msgs/include/champ_msgs/champ_msgs/msg/contacts_stamped.hpp
[5.720s] -- Up-to-date symlink: /home/ming/ros2_ws/install/champ_msgs/include/champ_msgs/champ_msgs/msg/detail/contacts__builder.hpp
[5.720s] -- Up-to-date symlink: /home/ming/ros2_ws/install/champ_msgs/include/champ_msgs/champ_msgs/msg/detail/contacts__struct.hpp
[5.721s] -- Up-to-date symlink: /home/ming/ros2_ws/install/champ_msgs/include/champ_msgs/champ_msgs/msg/detail/contacts__traits.hpp
[5.722s] -- Up-to-date symlink: /home/ming/ros2_ws/install/champ_msgs/include/champ_msgs/champ_msgs/msg/detail/contacts__type_support.hpp
[5.722s] -- Up-to-date symlink: /home/ming/ros2_ws/install/champ_msgs/include/champ_msgs/champ_msgs/msg/detail/contacts_stamped__builder.hpp
[5.723s] -- Up-to-date symlink: /home/ming/ros2_ws/install/champ_msgs/include/champ_msgs/champ_msgs/msg/detail/contacts_stamped__struct.hpp
[5.724s] -- Up-to-date symlink: /home/ming/ros2_ws/install/champ_msgs/include/champ_msgs/champ_msgs/msg/detail/contacts_stamped__traits.hpp
[5.725s] -- Up-to-date symlink: /home/ming/ros2_ws/install/champ_msgs/include/champ_msgs/champ_msgs/msg/detail/contacts_stamped__type_support.hpp
[5.725s] -- Up-to-date symlink: /home/ming/ros2_ws/install/champ_msgs/include/champ_msgs/champ_msgs/msg/detail/imu__builder.hpp
[5.726s] -- Up-to-date symlink: /home/ming/ros2_ws/install/champ_msgs/include/champ_msgs/champ_msgs/msg/detail/imu__struct.hpp
[5.726s] -- Up-to-date symlink: /home/ming/ros2_ws/install/champ_msgs/include/champ_msgs/champ_msgs/msg/detail/imu__traits.hpp
[5.727s] -- Up-to-date symlink: /home/ming/ros2_ws/install/champ_msgs/include/champ_msgs/champ_msgs/msg/detail/imu__type_support.hpp
[5.727s] -- Up-to-date symlink: /home/ming/ros2_ws/install/champ_msgs/include/champ_msgs/champ_msgs/msg/detail/joints__builder.hpp
[5.727s] -- Up-to-date symlink: /home/ming/ros2_ws/install/champ_msgs/include/champ_msgs/champ_msgs/msg/detail/joints__struct.hpp
[5.728s] -- Up-to-date symlink: /home/ming/ros2_ws/install/champ_msgs/include/champ_msgs/champ_msgs/msg/detail/joints__traits.hpp
[5.729s] -- Up-to-date symlink: /home/ming/ros2_ws/install/champ_msgs/include/champ_msgs/champ_msgs/msg/detail/joints__type_support.hpp
[5.729s] -- Up-to-date symlink: /home/ming/ros2_ws/install/champ_msgs/include/champ_msgs/champ_msgs/msg/detail/pid__builder.hpp
[5.730s] -- Up-to-date symlink: /home/ming/ros2_ws/install/champ_msgs/include/champ_msgs/champ_msgs/msg/detail/pid__struct.hpp
[5.730s] -- Up-to-date symlink: /home/ming/ros2_ws/install/champ_msgs/include/champ_msgs/champ_msgs/msg/detail/pid__traits.hpp
[5.731s] -- Up-to-date symlink: /home/ming/ros2_ws/install/champ_msgs/include/champ_msgs/champ_msgs/msg/detail/pid__type_support.hpp
[5.731s] -- Up-to-date symlink: /home/ming/ros2_ws/install/champ_msgs/include/champ_msgs/champ_msgs/msg/detail/point__builder.hpp
[5.731s] -- Up-to-date symlink: /home/ming/ros2_ws/install/champ_msgs/include/champ_msgs/champ_msgs/msg/detail/point__struct.hpp
[5.732s] -- Up-to-date symlink: /home/ming/ros2_ws/install/champ_msgs/include/champ_msgs/champ_msgs/msg/detail/point__traits.hpp
[5.732s] -- Up-to-date symlink: /home/ming/ros2_ws/install/champ_msgs/include/champ_msgs/champ_msgs/msg/detail/point__type_support.hpp
[5.748s] -- Up-to-date symlink: /home/ming/ros2_ws/install/champ_msgs/include/champ_msgs/champ_msgs/msg/detail/point_array__builder.hpp
[5.749s] -- Up-to-date symlink: /home/ming/ros2_ws/install/champ_msgs/include/champ_msgs/champ_msgs/msg/detail/point_array__struct.hpp
[5.749s] -- Up-to-date symlink: /home/ming/ros2_ws/install/champ_msgs/include/champ_msgs/champ_msgs/msg/detail/point_array__traits.hpp
[5.749s] -- Up-to-date symlink: /home/ming/ros2_ws/install/champ_msgs/include/champ_msgs/champ_msgs/msg/detail/point_array__type_support.hpp
[5.749s] -- Up-to-date symlink: /home/ming/ros2_ws/install/champ_msgs/include/champ_msgs/champ_msgs/msg/detail/pose__builder.hpp
[5.762s] -- Up-to-date symlink: /home/ming/ros2_ws/install/champ_msgs/include/champ_msgs/champ_msgs/msg/detail/pose__struct.hpp
[5.763s] -- Up-to-date symlink: /home/ming/ros2_ws/install/champ_msgs/include/champ_msgs/champ_msgs/msg/detail/pose__traits.hpp
[5.763s] -- Up-to-date symlink: /home/ming/ros2_ws/install/champ_msgs/include/champ_msgs/champ_msgs/msg/detail/pose__type_support.hpp
[5.764s] -- Up-to-date symlink: /home/ming/ros2_ws/install/champ_msgs/include/champ_msgs/champ_msgs/msg/detail/velocities__builder.hpp
[5.764s] -- Up-to-date symlink: /home/ming/ros2_ws/install/champ_msgs/include/champ_msgs/champ_msgs/msg/detail/velocities__struct.hpp
[5.765s] -- Up-to-date symlink: /home/ming/ros2_ws/install/champ_msgs/include/champ_msgs/champ_msgs/msg/detail/velocities__traits.hpp
[5.765s] -- Up-to-date symlink: /home/ming/ros2_ws/install/champ_msgs/include/champ_msgs/champ_msgs/msg/detail/velocities__type_support.hpp
[5.766s] -- Up-to-date symlink: /home/ming/ros2_ws/install/champ_msgs/include/champ_msgs/champ_msgs/msg/imu.hpp
[5.766s] -- Up-to-date symlink: /home/ming/ros2_ws/install/champ_msgs/include/champ_msgs/champ_msgs/msg/joints.hpp
[5.767s] -- Up-to-date symlink: /home/ming/ros2_ws/install/champ_msgs/include/champ_msgs/champ_msgs/msg/pid.hpp
[5.767s] -- Up-to-date symlink: /home/ming/ros2_ws/install/champ_msgs/include/champ_msgs/champ_msgs/msg/point.hpp
[5.768s] -- Up-to-date symlink: /home/ming/ros2_ws/install/champ_msgs/include/champ_msgs/champ_msgs/msg/point_array.hpp
[5.768s] -- Up-to-date symlink: /home/ming/ros2_ws/install/champ_msgs/include/champ_msgs/champ_msgs/msg/pose.hpp
[5.769s] -- Up-to-date symlink: /home/ming/ros2_ws/install/champ_msgs/include/champ_msgs/champ_msgs/msg/rosidl_generator_cpp__visibility_control.hpp
[5.769s] -- Up-to-date symlink: /home/ming/ros2_ws/install/champ_msgs/include/champ_msgs/champ_msgs/msg/velocities.hpp
[5.772s] -- Up-to-date symlink: /home/ming/ros2_ws/install/champ_msgs/include/champ_msgs/champ_msgs/msg/detail/contacts__rosidl_typesupport_fastrtps_cpp.hpp
[5.772s] -- Up-to-date symlink: /home/ming/ros2_ws/install/champ_msgs/include/champ_msgs/champ_msgs/msg/detail/contacts_stamped__rosidl_typesupport_fastrtps_cpp.hpp
[5.773s] -- Up-to-date symlink: /home/ming/ros2_ws/install/champ_msgs/include/champ_msgs/champ_msgs/msg/detail/imu__rosidl_typesupport_fastrtps_cpp.hpp
[5.773s] -- Up-to-date symlink: /home/ming/ros2_ws/install/champ_msgs/include/champ_msgs/champ_msgs/msg/detail/joints__rosidl_typesupport_fastrtps_cpp.hpp
[5.774s] -- Up-to-date symlink: /home/ming/ros2_ws/install/champ_msgs/include/champ_msgs/champ_msgs/msg/detail/pid__rosidl_typesupport_fastrtps_cpp.hpp
[5.774s] -- Up-to-date symlink: /home/ming/ros2_ws/install/champ_msgs/include/champ_msgs/champ_msgs/msg/detail/point__rosidl_typesupport_fastrtps_cpp.hpp
[5.775s] -- Up-to-date symlink: /home/ming/ros2_ws/install/champ_msgs/include/champ_msgs/champ_msgs/msg/detail/point_array__rosidl_typesupport_fastrtps_cpp.hpp
[5.775s] -- Up-to-date symlink: /home/ming/ros2_ws/install/champ_msgs/include/champ_msgs/champ_msgs/msg/detail/pose__rosidl_typesupport_fastrtps_cpp.hpp
[5.776s] -- Up-to-date symlink: /home/ming/ros2_ws/install/champ_msgs/include/champ_msgs/champ_msgs/msg/detail/velocities__rosidl_typesupport_fastrtps_cpp.hpp
[5.776s] -- Up-to-date symlink: /home/ming/ros2_ws/install/champ_msgs/include/champ_msgs/champ_msgs/msg/rosidl_typesupport_fastrtps_cpp__visibility_control.h
[5.777s] -- Up-to-date symlink: /home/ming/ros2_ws/install/champ_msgs/include/champ_msgs/champ_msgs/msg/detail/contacts__rosidl_typesupport_introspection_cpp.hpp
[5.778s] -- Up-to-date symlink: /home/ming/ros2_ws/install/champ_msgs/include/champ_msgs/champ_msgs/msg/detail/contacts_stamped__rosidl_typesupport_introspection_cpp.hpp
[5.778s] -- Up-to-date symlink: /home/ming/ros2_ws/install/champ_msgs/include/champ_msgs/champ_msgs/msg/detail/imu__rosidl_typesupport_introspection_cpp.hpp
[5.779s] -- Up-to-date symlink: /home/ming/ros2_ws/install/champ_msgs/include/champ_msgs/champ_msgs/msg/detail/joints__rosidl_typesupport_introspection_cpp.hpp
[5.779s] -- Up-to-date symlink: /home/ming/ros2_ws/install/champ_msgs/include/champ_msgs/champ_msgs/msg/detail/pid__rosidl_typesupport_introspection_cpp.hpp
[5.779s] -- Up-to-date symlink: /home/ming/ros2_ws/install/champ_msgs/include/champ_msgs/champ_msgs/msg/detail/point__rosidl_typesupport_introspection_cpp.hpp
[5.780s] -- Up-to-date symlink: /home/ming/ros2_ws/install/champ_msgs/include/champ_msgs/champ_msgs/msg/detail/point_array__rosidl_typesupport_introspection_cpp.hpp
[5.780s] -- Up-to-date symlink: /home/ming/ros2_ws/install/champ_msgs/include/champ_msgs/champ_msgs/msg/detail/pose__rosidl_typesupport_introspection_cpp.hpp
[5.781s] -- Up-to-date symlink: /home/ming/ros2_ws/install/champ_msgs/include/champ_msgs/champ_msgs/msg/detail/velocities__rosidl_typesupport_introspection_cpp.hpp
[5.781s] -- Up-to-date symlink: /home/ming/ros2_ws/install/champ_msgs/share/champ_msgs/environment/pythonpath.sh
[5.782s] -- Up-to-date symlink: /home/ming/ros2_ws/install/champ_msgs/share/champ_msgs/environment/pythonpath.dsv
[5.783s] -- Up-to-date symlink: /home/ming/ros2_ws/install/champ_msgs/local/lib/python3.10/dist-packages/champ_msgs-0.1.0-py3.10.egg-info/PKG-INFO
[5.783s] -- Up-to-date symlink: /home/ming/ros2_ws/install/champ_msgs/local/lib/python3.10/dist-packages/champ_msgs-0.1.0-py3.10.egg-info/SOURCES.txt
[5.784s] -- Up-to-date symlink: /home/ming/ros2_ws/install/champ_msgs/local/lib/python3.10/dist-packages/champ_msgs-0.1.0-py3.10.egg-info/dependency_links.txt
[5.784s] -- Up-to-date symlink: /home/ming/ros2_ws/install/champ_msgs/local/lib/python3.10/dist-packages/champ_msgs-0.1.0-py3.10.egg-info/top_level.txt
[5.786s] -- Up-to-date symlink: /home/ming/ros2_ws/install/champ_msgs/local/lib/python3.10/dist-packages/champ_msgs/__init__.py
[5.786s] -- Up-to-date symlink: /home/ming/ros2_ws/install/champ_msgs/local/lib/python3.10/dist-packages/champ_msgs/_champ_msgs_s.ep.rosidl_typesupport_c.c
[5.787s] -- Up-to-date symlink: /home/ming/ros2_ws/install/champ_msgs/local/lib/python3.10/dist-packages/champ_msgs/_champ_msgs_s.ep.rosidl_typesupport_fastrtps_c.c
[5.788s] -- Up-to-date symlink: /home/ming/ros2_ws/install/champ_msgs/local/lib/python3.10/dist-packages/champ_msgs/_champ_msgs_s.ep.rosidl_typesupport_introspection_c.c
[5.788s] -- Up-to-date symlink: /home/ming/ros2_ws/install/champ_msgs/local/lib/python3.10/dist-packages/champ_msgs/champ_msgs_s__rosidl_typesupport_c.cpython-310-aarch64-linux-gnu.so
[5.788s] -- Up-to-date symlink: /home/ming/ros2_ws/install/champ_msgs/local/lib/python3.10/dist-packages/champ_msgs/champ_msgs_s__rosidl_typesupport_fastrtps_c.cpython-310-aarch64-linux-gnu.so
[5.789s] -- Up-to-date symlink: /home/ming/ros2_ws/install/champ_msgs/local/lib/python3.10/dist-packages/champ_msgs/champ_msgs_s__rosidl_typesupport_introspection_c.cpython-310-aarch64-linux-gnu.so
[5.789s] -- Up-to-date symlink: /home/ming/ros2_ws/install/champ_msgs/local/lib/python3.10/dist-packages/champ_msgs/libchamp_msgs__rosidl_generator_py.so
[5.789s] -- Up-to-date symlink: /home/ming/ros2_ws/install/champ_msgs/local/lib/python3.10/dist-packages/champ_msgs/msg/__init__.py
[5.790s] -- Up-to-date symlink: /home/ming/ros2_ws/install/champ_msgs/local/lib/python3.10/dist-packages/champ_msgs/msg/_contacts.py
[5.791s] -- Up-to-date symlink: /home/ming/ros2_ws/install/champ_msgs/local/lib/python3.10/dist-packages/champ_msgs/msg/_contacts_s.c
[5.791s] -- Up-to-date symlink: /home/ming/ros2_ws/install/champ_msgs/local/lib/python3.10/dist-packages/champ_msgs/msg/_contacts_stamped.py
[5.792s] -- Up-to-date symlink: /home/ming/ros2_ws/install/champ_msgs/local/lib/python3.10/dist-packages/champ_msgs/msg/_contacts_stamped_s.c
[5.792s] -- Up-to-date symlink: /home/ming/ros2_ws/install/champ_msgs/local/lib/python3.10/dist-packages/champ_msgs/msg/_imu.py
[5.793s] -- Up-to-date symlink: /home/ming/ros2_ws/install/champ_msgs/local/lib/python3.10/dist-packages/champ_msgs/msg/_imu_s.c
[5.793s] -- Up-to-date symlink: /home/ming/ros2_ws/install/champ_msgs/local/lib/python3.10/dist-packages/champ_msgs/msg/_joints.py
[5.796s] -- Up-to-date symlink: /home/ming/ros2_ws/install/champ_msgs/local/lib/python3.10/dist-packages/champ_msgs/msg/_joints_s.c
[5.797s] -- Up-to-date symlink: /home/ming/ros2_ws/install/champ_msgs/local/lib/python3.10/dist-packages/champ_msgs/msg/_pid.py
[5.798s] -- Up-to-date symlink: /home/ming/ros2_ws/install/champ_msgs/local/lib/python3.10/dist-packages/champ_msgs/msg/_pid_s.c
[5.798s] -- Up-to-date symlink: /home/ming/ros2_ws/install/champ_msgs/local/lib/python3.10/dist-packages/champ_msgs/msg/_point.py
[5.799s] -- Up-to-date symlink: /home/ming/ros2_ws/install/champ_msgs/local/lib/python3.10/dist-packages/champ_msgs/msg/_point_array.py
[5.799s] -- Up-to-date symlink: /home/ming/ros2_ws/install/champ_msgs/local/lib/python3.10/dist-packages/champ_msgs/msg/_point_array_s.c
[5.800s] -- Up-to-date symlink: /home/ming/ros2_ws/install/champ_msgs/local/lib/python3.10/dist-packages/champ_msgs/msg/_point_s.c
[5.801s] -- Up-to-date symlink: /home/ming/ros2_ws/install/champ_msgs/local/lib/python3.10/dist-packages/champ_msgs/msg/_pose.py
[5.801s] -- Up-to-date symlink: /home/ming/ros2_ws/install/champ_msgs/local/lib/python3.10/dist-packages/champ_msgs/msg/_pose_s.c
[5.802s] -- Up-to-date symlink: /home/ming/ros2_ws/install/champ_msgs/local/lib/python3.10/dist-packages/champ_msgs/msg/_velocities.py
[5.802s] -- Up-to-date symlink: /home/ming/ros2_ws/install/champ_msgs/local/lib/python3.10/dist-packages/champ_msgs/msg/_velocities_s.c
[5.803s] -- Up-to-date symlink: /home/ming/ros2_ws/install/champ_msgs/local/lib/python3.10/dist-packages/champ_msgs/champ_msgs_s__rosidl_typesupport_fastrtps_c.cpython-310-aarch64-linux-gnu.so
[5.804s] -- Up-to-date symlink: /home/ming/ros2_ws/install/champ_msgs/local/lib/python3.10/dist-packages/champ_msgs/champ_msgs_s__rosidl_typesupport_introspection_c.cpython-310-aarch64-linux-gnu.so
[5.804s] -- Up-to-date symlink: /home/ming/ros2_ws/install/champ_msgs/local/lib/python3.10/dist-packages/champ_msgs/champ_msgs_s__rosidl_typesupport_c.cpython-310-aarch64-linux-gnu.so
[5.805s] -- Up-to-date symlink: /home/ming/ros2_ws/install/champ_msgs/share/champ_msgs/msg/Velocities.idl
[5.805s] -- Up-to-date symlink: /home/ming/ros2_ws/install/champ_msgs/share/champ_msgs/msg/PID.idl
[5.806s] -- Up-to-date symlink: /home/ming/ros2_ws/install/champ_msgs/share/champ_msgs/msg/Imu.idl
[5.807s] -- Up-to-date symlink: /home/ming/ros2_ws/install/champ_msgs/share/champ_msgs/msg/Point.idl
[5.807s] -- Up-to-date symlink: /home/ming/ros2_ws/install/champ_msgs/share/champ_msgs/msg/PointArray.idl
[5.808s] -- Up-to-date symlink: /home/ming/ros2_ws/install/champ_msgs/share/champ_msgs/msg/Joints.idl
[5.808s] -- Up-to-date symlink: /home/ming/ros2_ws/install/champ_msgs/share/champ_msgs/msg/Contacts.idl
[5.809s] -- Up-to-date symlink: /home/ming/ros2_ws/install/champ_msgs/share/champ_msgs/msg/ContactsStamped.idl
[5.809s] -- Up-to-date symlink: /home/ming/ros2_ws/install/champ_msgs/share/champ_msgs/msg/Pose.idl
[5.810s] -- Up-to-date symlink: /home/ming/ros2_ws/install/champ_msgs/share/champ_msgs/msg/Velocities.msg
[5.810s] -- Up-to-date symlink: /home/ming/ros2_ws/install/champ_msgs/share/champ_msgs/msg/PID.msg
[5.811s] -- Up-to-date symlink: /home/ming/ros2_ws/install/champ_msgs/share/champ_msgs/msg/Imu.msg
[5.811s] -- Up-to-date symlink: /home/ming/ros2_ws/install/champ_msgs/share/champ_msgs/msg/Point.msg
[5.812s] -- Up-to-date symlink: /home/ming/ros2_ws/install/champ_msgs/share/champ_msgs/msg/PointArray.msg
[5.812s] -- Up-to-date symlink: /home/ming/ros2_ws/install/champ_msgs/share/champ_msgs/msg/Joints.msg
[5.813s] -- Up-to-date symlink: /home/ming/ros2_ws/install/champ_msgs/share/champ_msgs/msg/Contacts.msg
[5.813s] -- Up-to-date symlink: /home/ming/ros2_ws/install/champ_msgs/share/champ_msgs/msg/ContactsStamped.msg
[5.814s] -- Up-to-date symlink: /home/ming/ros2_ws/install/champ_msgs/share/champ_msgs/msg/Pose.msg
[5.815s] -- Up-to-date symlink: /home/ming/ros2_ws/install/champ_msgs/share/ament_index/resource_index/package_run_dependencies/champ_msgs
[5.815s] -- Up-to-date symlink: /home/ming/ros2_ws/install/champ_msgs/share/ament_index/resource_index/parent_prefix_path/champ_msgs
[5.815s] -- Up-to-date symlink: /home/ming/ros2_ws/install/champ_msgs/share/champ_msgs/environment/ament_prefix_path.sh
[5.816s] -- Up-to-date symlink: /home/ming/ros2_ws/install/champ_msgs/share/champ_msgs/environment/ament_prefix_path.dsv
[5.817s] -- Up-to-date symlink: /home/ming/ros2_ws/install/champ_msgs/share/champ_msgs/environment/path.sh
[5.817s] -- Up-to-date symlink: /home/ming/ros2_ws/install/champ_msgs/share/champ_msgs/environment/path.dsv
[5.817s] -- Up-to-date symlink: /home/ming/ros2_ws/install/champ_msgs/share/champ_msgs/local_setup.bash
[5.818s] -- Up-to-date symlink: /home/ming/ros2_ws/install/champ_msgs/share/champ_msgs/local_setup.sh
[5.819s] -- Up-to-date symlink: /home/ming/ros2_ws/install/champ_msgs/share/champ_msgs/local_setup.zsh
[5.819s] -- Up-to-date symlink: /home/ming/ros2_ws/install/champ_msgs/share/champ_msgs/local_setup.dsv
[5.820s] -- Symlinking: /home/ming/ros2_ws/install/champ_msgs/share/champ_msgs/package.dsv
[5.859s] -- Up-to-date symlink: /home/ming/ros2_ws/install/champ_msgs/share/ament_index/resource_index/packages/champ_msgs
[5.859s] -- Up-to-date symlink: /home/ming/ros2_ws/install/champ_msgs/share/champ_msgs/cmake/rosidl_cmake-extras.cmake
[5.859s] -- Up-to-date symlink: /home/ming/ros2_ws/install/champ_msgs/share/champ_msgs/cmake/ament_cmake_export_dependencies-extras.cmake
[5.860s] -- Up-to-date symlink: /home/ming/ros2_ws/install/champ_msgs/share/champ_msgs/cmake/ament_cmake_export_include_directories-extras.cmake
[5.860s] -- Up-to-date symlink: /home/ming/ros2_ws/install/champ_msgs/share/champ_msgs/cmake/ament_cmake_export_libraries-extras.cmake
[5.860s] -- Up-to-date symlink: /home/ming/ros2_ws/install/champ_msgs/share/champ_msgs/cmake/ament_cmake_export_targets-extras.cmake
[5.861s] -- Up-to-date symlink: /home/ming/ros2_ws/install/champ_msgs/share/champ_msgs/cmake/rosidl_cmake_export_typesupport_targets-extras.cmake
[5.861s] -- Up-to-date symlink: /home/ming/ros2_ws/install/champ_msgs/share/champ_msgs/cmake/rosidl_cmake_export_typesupport_libraries-extras.cmake
[5.861s] -- Up-to-date symlink: /home/ming/ros2_ws/install/champ_msgs/share/champ_msgs/cmake/champ_msgsConfig.cmake
[5.861s] -- Up-to-date symlink: /home/ming/ros2_ws/install/champ_msgs/share/champ_msgs/cmake/champ_msgsConfig-version.cmake
[5.861s] -- Up-to-date symlink: /home/ming/ros2_ws/install/champ_msgs/share/champ_msgs/package.xml
[5.862s] -- Up-to-date: /home/ming/ros2_ws/install/champ_msgs/lib/libchamp_msgs__rosidl_generator_c.so
[5.862s] -- Up-to-date: /home/ming/ros2_ws/install/champ_msgs/lib/libchamp_msgs__rosidl_typesupport_fastrtps_c.so
[5.863s] -- Up-to-date: /home/ming/ros2_ws/install/champ_msgs/lib/libchamp_msgs__rosidl_typesupport_introspection_c.so
[5.863s] -- Up-to-date: /home/ming/ros2_ws/install/champ_msgs/lib/libchamp_msgs__rosidl_typesupport_c.so
[5.864s] -- Up-to-date: /home/ming/ros2_ws/install/champ_msgs/lib/libchamp_msgs__rosidl_typesupport_fastrtps_cpp.so
[5.864s] -- Up-to-date: /home/ming/ros2_ws/install/champ_msgs/lib/libchamp_msgs__rosidl_typesupport_introspection_cpp.so
[5.864s] -- Up-to-date: /home/ming/ros2_ws/install/champ_msgs/lib/libchamp_msgs__rosidl_typesupport_cpp.so
[6.014s] Listing '/home/ming/ros2_ws/install/champ_msgs/local/lib/python3.10/dist-packages/champ_msgs'...
[6.015s] Compiling '/home/ming/ros2_ws/install/champ_msgs/local/lib/python3.10/dist-packages/champ_msgs/__init__.py'...
[6.015s] Listing '/home/ming/ros2_ws/install/champ_msgs/local/lib/python3.10/dist-packages/champ_msgs/msg'...
[6.036s] -- Up-to-date: /home/ming/ros2_ws/install/champ_msgs/lib/libchamp_msgs__rosidl_generator_py.so
[6.037s] -- Up-to-date: /home/ming/ros2_ws/install/champ_msgs/share/champ_msgs/cmake/export_champ_msgs__rosidl_generator_cExport.cmake
[6.037s] -- Up-to-date: /home/ming/ros2_ws/install/champ_msgs/share/champ_msgs/cmake/export_champ_msgs__rosidl_generator_cExport-noconfig.cmake
[6.037s] -- Up-to-date: /home/ming/ros2_ws/install/champ_msgs/share/champ_msgs/cmake/export_champ_msgs__rosidl_typesupport_fastrtps_cExport.cmake
[6.037s] -- Up-to-date: /home/ming/ros2_ws/install/champ_msgs/share/champ_msgs/cmake/export_champ_msgs__rosidl_typesupport_fastrtps_cExport-noconfig.cmake
[6.038s] -- Up-to-date: /home/ming/ros2_ws/install/champ_msgs/share/champ_msgs/cmake/champ_msgs__rosidl_typesupport_introspection_cExport.cmake
[6.038s] -- Up-to-date: /home/ming/ros2_ws/install/champ_msgs/share/champ_msgs/cmake/champ_msgs__rosidl_typesupport_introspection_cExport-noconfig.cmake
[6.038s] -- Up-to-date: /home/ming/ros2_ws/install/champ_msgs/share/champ_msgs/cmake/champ_msgs__rosidl_typesupport_cExport.cmake
[6.038s] -- Up-to-date: /home/ming/ros2_ws/install/champ_msgs/share/champ_msgs/cmake/champ_msgs__rosidl_typesupport_cExport-noconfig.cmake
[6.038s] -- Up-to-date: /home/ming/ros2_ws/install/champ_msgs/share/champ_msgs/cmake/export_champ_msgs__rosidl_generator_cppExport.cmake
[6.038s] -- Up-to-date: /home/ming/ros2_ws/install/champ_msgs/share/champ_msgs/cmake/export_champ_msgs__rosidl_typesupport_fastrtps_cppExport.cmake
[6.038s] -- Up-to-date: /home/ming/ros2_ws/install/champ_msgs/share/champ_msgs/cmake/export_champ_msgs__rosidl_typesupport_fastrtps_cppExport-noconfig.cmake
[6.039s] -- Up-to-date: /home/ming/ros2_ws/install/champ_msgs/share/champ_msgs/cmake/champ_msgs__rosidl_typesupport_introspection_cppExport.cmake
[6.039s] -- Up-to-date: /home/ming/ros2_ws/install/champ_msgs/share/champ_msgs/cmake/champ_msgs__rosidl_typesupport_introspection_cppExport-noconfig.cmake
[6.039s] -- Up-to-date: /home/ming/ros2_ws/install/champ_msgs/share/champ_msgs/cmake/champ_msgs__rosidl_typesupport_cppExport.cmake
[6.039s] -- Up-to-date: /home/ming/ros2_ws/install/champ_msgs/share/champ_msgs/cmake/champ_msgs__rosidl_typesupport_cppExport-noconfig.cmake
[6.039s] -- Up-to-date: /home/ming/ros2_ws/install/champ_msgs/share/champ_msgs/cmake/export_champ_msgs__rosidl_generator_pyExport.cmake
[6.039s] -- Up-to-date: /home/ming/ros2_ws/install/champ_msgs/share/champ_msgs/cmake/export_champ_msgs__rosidl_generator_pyExport-noconfig.cmake
[6.053s] Invoked command in '/home/ming/ros2_ws/build/champ_msgs' returned '0': CMAKE_PREFIX_PATH=${CMAKE_PREFIX_PATH}:/home/ming/ros2_ws/install/speech_processor:/home/ming/ros2_ws/install/lidar_processor:/home/ming/ros2_ws/install/go2_robot_sdk:/home/ming/ros2_ws/install/go2_navigation:/home/ming/ros2_ws/install/coco_detector:/home/ming/install/go2_navigation:/opt/ros/humble /usr/bin/cmake --install /home/ming/ros2_ws/build/champ_msgs
