[3.041s] Invoking command in '/home/ming/ros2_ws/src/lidar_processor': PYTHONPATH=/home/ming/ros2_ws/build/lidar_processor/prefix_override:/usr/lib/python3/dist-packages/colcon_core/task/python/colcon_distutils_commands:/home/ming/ros2_ws/install/lidar_processor/lib/python3.10/site-packages:${PYTHONPATH} /usr/bin/python3 -W ignore:setup.py install is deprecated -W ignore:easy_install command is deprecated setup.py egg_info --egg-base ../../build/lidar_processor build --build-base /home/ming/ros2_ws/build/lidar_processor/build install --record /home/ming/ros2_ws/build/lidar_processor/install.log --single-version-externally-managed install_data
[3.552s] running egg_info
[3.554s] writing ../../build/lidar_processor/lidar_processor.egg-info/PKG-INFO
[3.557s] writing dependency_links to ../../build/lidar_processor/lidar_processor.egg-info/dependency_links.txt
[3.557s] writing entry points to ../../build/lidar_processor/lidar_processor.egg-info/entry_points.txt
[3.558s] writing requirements to ../../build/lidar_processor/lidar_processor.egg-info/requires.txt
[3.558s] writing top-level names to ../../build/lidar_processor/lidar_processor.egg-info/top_level.txt
[3.564s] reading manifest file '../../build/lidar_processor/lidar_processor.egg-info/SOURCES.txt'
[3.566s] writing manifest file '../../build/lidar_processor/lidar_processor.egg-info/SOURCES.txt'
[3.567s] running build
[3.567s] running build_py
[3.569s] running install
[3.570s] running install_lib
[3.578s] running install_data
[3.578s] running install_egg_info
[3.582s] removing '/home/ming/ros2_ws/install/lidar_processor/lib/python3.10/site-packages/lidar_processor-1.0.0-py3.10.egg-info' (and everything under it)
[3.583s] Copying ../../build/lidar_processor/lidar_processor.egg-info to /home/ming/ros2_ws/install/lidar_processor/lib/python3.10/site-packages/lidar_processor-1.0.0-py3.10.egg-info
[3.585s] running install_scripts
[3.631s] Installing lidar_to_pointcloud script to /home/ming/ros2_ws/install/lidar_processor/lib/lidar_processor
[3.633s] Installing pointcloud_aggregator script to /home/ming/ros2_ws/install/lidar_processor/lib/lidar_processor
[3.635s] writing list of installed files to '/home/ming/ros2_ws/build/lidar_processor/install.log'
[3.737s] Invoked command in '/home/ming/ros2_ws/src/lidar_processor' returned '0': PYTHONPATH=/home/ming/ros2_ws/build/lidar_processor/prefix_override:/usr/lib/python3/dist-packages/colcon_core/task/python/colcon_distutils_commands:/home/ming/ros2_ws/install/lidar_processor/lib/python3.10/site-packages:${PYTHONPATH} /usr/bin/python3 -W ignore:setup.py install is deprecated -W ignore:easy_install command is deprecated setup.py egg_info --egg-base ../../build/lidar_processor build --build-base /home/ming/ros2_ws/build/lidar_processor/build install --record /home/ming/ros2_ws/build/lidar_processor/install.log --single-version-externally-managed install_data
