[1.558s] Invoking command in '/home/ming/ros2_ws/build/go2_robot_sdk': CMAKE_PREFIX_PATH=/home/ming/ros2_ws/install/go2_interfaces:/home/ming/ros2_ws/install/unitree_go2_sim:/home/ming/ros2_ws/install/unitree_go2_description:/home/ming/ros2_ws/install/lidar_processor_cpp:/home/ming/ros2_ws/install/champ_base:/home/ming/ros2_ws/install/champ_msgs:/home/ming/ros2_ws/install/champ PYTHONPATH=/home/ming/ros2_ws/build/go2_robot_sdk/prefix_override:/usr/lib/python3/dist-packages/colcon_core/task/python/colcon_distutils_commands:/home/ming/ros2_ws/install/go2_robot_sdk/lib/python3.10/site-packages:${PYTHONPATH} /usr/bin/python3 -W ignore:setup.py install is deprecated -W ignore:easy_install command is deprecated setup.py develop --uninstall --editable --build-directory /home/ming/ros2_ws/build/go2_robot_sdk/build
[2.103s] running develop
[2.442s] Removing /home/ming/ros2_ws/install/go2_robot_sdk/lib/python3.10/site-packages/go2-robot-sdk.egg-link (link to .)
[2.538s] Invoked command in '/home/ming/ros2_ws/build/go2_robot_sdk' returned '0': CMAKE_PREFIX_PATH=/home/ming/ros2_ws/install/go2_interfaces:/home/ming/ros2_ws/install/unitree_go2_sim:/home/ming/ros2_ws/install/unitree_go2_description:/home/ming/ros2_ws/install/lidar_processor_cpp:/home/ming/ros2_ws/install/champ_base:/home/ming/ros2_ws/install/champ_msgs:/home/ming/ros2_ws/install/champ PYTHONPATH=/home/ming/ros2_ws/build/go2_robot_sdk/prefix_override:/usr/lib/python3/dist-packages/colcon_core/task/python/colcon_distutils_commands:/home/ming/ros2_ws/install/go2_robot_sdk/lib/python3.10/site-packages:${PYTHONPATH} /usr/bin/python3 -W ignore:setup.py install is deprecated -W ignore:easy_install command is deprecated setup.py develop --uninstall --editable --build-directory /home/ming/ros2_ws/build/go2_robot_sdk/build
[2.542s] Invoking command in '/home/ming/ros2_ws/src/go2_robot_sdk': CMAKE_PREFIX_PATH=/home/ming/ros2_ws/install/go2_interfaces:/home/ming/ros2_ws/install/unitree_go2_sim:/home/ming/ros2_ws/install/unitree_go2_description:/home/ming/ros2_ws/install/lidar_processor_cpp:/home/ming/ros2_ws/install/champ_base:/home/ming/ros2_ws/install/champ_msgs:/home/ming/ros2_ws/install/champ PYTHONPATH=/home/ming/ros2_ws/build/go2_robot_sdk/prefix_override:/usr/lib/python3/dist-packages/colcon_core/task/python/colcon_distutils_commands:/home/ming/ros2_ws/install/go2_robot_sdk/lib/python3.10/site-packages:${PYTHONPATH} /usr/bin/python3 -W ignore:setup.py install is deprecated -W ignore:easy_install command is deprecated setup.py egg_info --egg-base ../../build/go2_robot_sdk build --build-base /home/ming/ros2_ws/build/go2_robot_sdk/build install --record /home/ming/ros2_ws/build/go2_robot_sdk/install.log --single-version-externally-managed install_data --force
[3.053s] running egg_info
[3.055s] writing ../../build/go2_robot_sdk/go2_robot_sdk.egg-info/PKG-INFO
[3.055s] writing dependency_links to ../../build/go2_robot_sdk/go2_robot_sdk.egg-info/dependency_links.txt
[3.056s] writing entry points to ../../build/go2_robot_sdk/go2_robot_sdk.egg-info/entry_points.txt
[3.057s] writing requirements to ../../build/go2_robot_sdk/go2_robot_sdk.egg-info/requires.txt
[3.057s] writing top-level names to ../../build/go2_robot_sdk/go2_robot_sdk.egg-info/top_level.txt
[3.065s] reading manifest file '../../build/go2_robot_sdk/go2_robot_sdk.egg-info/SOURCES.txt'
[3.069s] adding license file 'LICENSE'
[3.069s] writing manifest file '../../build/go2_robot_sdk/go2_robot_sdk.egg-info/SOURCES.txt'
[3.070s] running build
[3.070s] running build_py
[3.070s] creating /home/ming/ros2_ws/build/go2_robot_sdk/build
[3.070s] creating /home/ming/ros2_ws/build/go2_robot_sdk/build/lib
[3.070s] creating /home/ming/ros2_ws/build/go2_robot_sdk/build/lib/go2_robot_sdk
[3.070s] copying go2_robot_sdk/__init__.py -> /home/ming/ros2_ws/build/go2_robot_sdk/build/lib/go2_robot_sdk
[3.072s] copying go2_robot_sdk/main.py -> /home/ming/ros2_ws/build/go2_robot_sdk/build/lib/go2_robot_sdk
[3.072s] creating /home/ming/ros2_ws/build/go2_robot_sdk/build/lib/go2_robot_sdk/infrastructure
[3.072s] copying go2_robot_sdk/infrastructure/__init__.py -> /home/ming/ros2_ws/build/go2_robot_sdk/build/lib/go2_robot_sdk/infrastructure
[3.073s] creating /home/ming/ros2_ws/build/go2_robot_sdk/build/lib/go2_robot_sdk/domain
[3.073s] copying go2_robot_sdk/domain/__init__.py -> /home/ming/ros2_ws/build/go2_robot_sdk/build/lib/go2_robot_sdk/domain
[3.076s] creating /home/ming/ros2_ws/build/go2_robot_sdk/build/lib/go2_robot_sdk/application
[3.077s] copying go2_robot_sdk/application/__init__.py -> /home/ming/ros2_ws/build/go2_robot_sdk/build/lib/go2_robot_sdk/application
[3.077s] creating /home/ming/ros2_ws/build/go2_robot_sdk/build/lib/go2_robot_sdk/presentation
[3.077s] copying go2_robot_sdk/presentation/go2_driver_node.py -> /home/ming/ros2_ws/build/go2_robot_sdk/build/lib/go2_robot_sdk/presentation
[3.077s] copying go2_robot_sdk/presentation/__init__.py -> /home/ming/ros2_ws/build/go2_robot_sdk/build/lib/go2_robot_sdk/presentation
[3.077s] creating /home/ming/ros2_ws/build/go2_robot_sdk/build/lib/go2_robot_sdk/infrastructure/sensors
[3.077s] copying go2_robot_sdk/infrastructure/sensors/lidar_decoder.py -> /home/ming/ros2_ws/build/go2_robot_sdk/build/lib/go2_robot_sdk/infrastructure/sensors
[3.078s] copying go2_robot_sdk/infrastructure/sensors/camera_config.py -> /home/ming/ros2_ws/build/go2_robot_sdk/build/lib/go2_robot_sdk/infrastructure/sensors
[3.081s] copying go2_robot_sdk/infrastructure/sensors/__init__.py -> /home/ming/ros2_ws/build/go2_robot_sdk/build/lib/go2_robot_sdk/infrastructure/sensors
[3.082s] creating /home/ming/ros2_ws/build/go2_robot_sdk/build/lib/go2_robot_sdk/infrastructure/ros2
[3.082s] copying go2_robot_sdk/infrastructure/ros2/ros2_publisher.py -> /home/ming/ros2_ws/build/go2_robot_sdk/build/lib/go2_robot_sdk/infrastructure/ros2
[3.082s] copying go2_robot_sdk/infrastructure/ros2/__init__.py -> /home/ming/ros2_ws/build/go2_robot_sdk/build/lib/go2_robot_sdk/infrastructure/ros2
[3.083s] creating /home/ming/ros2_ws/build/go2_robot_sdk/build/lib/go2_robot_sdk/infrastructure/webrtc
[3.084s] copying go2_robot_sdk/infrastructure/webrtc/go2_connection.py -> /home/ming/ros2_ws/build/go2_robot_sdk/build/lib/go2_robot_sdk/infrastructure/webrtc
[3.084s] copying go2_robot_sdk/infrastructure/webrtc/http_client.py -> /home/ming/ros2_ws/build/go2_robot_sdk/build/lib/go2_robot_sdk/infrastructure/webrtc
[3.085s] copying go2_robot_sdk/infrastructure/webrtc/data_decoder.py -> /home/ming/ros2_ws/build/go2_robot_sdk/build/lib/go2_robot_sdk/infrastructure/webrtc
[3.086s] copying go2_robot_sdk/infrastructure/webrtc/__init__.py -> /home/ming/ros2_ws/build/go2_robot_sdk/build/lib/go2_robot_sdk/infrastructure/webrtc
[3.087s] copying go2_robot_sdk/infrastructure/webrtc/webrtc_adapter.py -> /home/ming/ros2_ws/build/go2_robot_sdk/build/lib/go2_robot_sdk/infrastructure/webrtc
[3.088s] creating /home/ming/ros2_ws/build/go2_robot_sdk/build/lib/go2_robot_sdk/infrastructure/webrtc/crypto
[3.088s] copying go2_robot_sdk/infrastructure/webrtc/crypto/encryption.py -> /home/ming/ros2_ws/build/go2_robot_sdk/build/lib/go2_robot_sdk/infrastructure/webrtc/crypto
[3.088s] copying go2_robot_sdk/infrastructure/webrtc/crypto/__init__.py -> /home/ming/ros2_ws/build/go2_robot_sdk/build/lib/go2_robot_sdk/infrastructure/webrtc/crypto
[3.089s] creating /home/ming/ros2_ws/build/go2_robot_sdk/build/lib/go2_robot_sdk/domain/entities
[3.090s] copying go2_robot_sdk/domain/entities/robot_config.py -> /home/ming/ros2_ws/build/go2_robot_sdk/build/lib/go2_robot_sdk/domain/entities
[3.091s] copying go2_robot_sdk/domain/entities/robot_data.py -> /home/ming/ros2_ws/build/go2_robot_sdk/build/lib/go2_robot_sdk/domain/entities
[3.091s] copying go2_robot_sdk/domain/entities/__init__.py -> /home/ming/ros2_ws/build/go2_robot_sdk/build/lib/go2_robot_sdk/domain/entities
[3.092s] creating /home/ming/ros2_ws/build/go2_robot_sdk/build/lib/go2_robot_sdk/domain/math
[3.092s] copying go2_robot_sdk/domain/math/kinematics.py -> /home/ming/ros2_ws/build/go2_robot_sdk/build/lib/go2_robot_sdk/domain/math
[3.092s] copying go2_robot_sdk/domain/math/__init__.py -> /home/ming/ros2_ws/build/go2_robot_sdk/build/lib/go2_robot_sdk/domain/math
[3.093s] copying go2_robot_sdk/domain/math/geometry.py -> /home/ming/ros2_ws/build/go2_robot_sdk/build/lib/go2_robot_sdk/domain/math
[3.094s] creating /home/ming/ros2_ws/build/go2_robot_sdk/build/lib/go2_robot_sdk/domain/constants
[3.095s] copying go2_robot_sdk/domain/constants/robot_commands.py -> /home/ming/ros2_ws/build/go2_robot_sdk/build/lib/go2_robot_sdk/domain/constants
[3.096s] copying go2_robot_sdk/domain/constants/webrtc_topics.py -> /home/ming/ros2_ws/build/go2_robot_sdk/build/lib/go2_robot_sdk/domain/constants
[3.097s] copying go2_robot_sdk/domain/constants/__init__.py -> /home/ming/ros2_ws/build/go2_robot_sdk/build/lib/go2_robot_sdk/domain/constants
[3.099s] creating /home/ming/ros2_ws/build/go2_robot_sdk/build/lib/go2_robot_sdk/domain/interfaces
[3.099s] copying go2_robot_sdk/domain/interfaces/robot_data_receiver.py -> /home/ming/ros2_ws/build/go2_robot_sdk/build/lib/go2_robot_sdk/domain/interfaces
[3.100s] copying go2_robot_sdk/domain/interfaces/robot_controller.py -> /home/ming/ros2_ws/build/go2_robot_sdk/build/lib/go2_robot_sdk/domain/interfaces
[3.101s] copying go2_robot_sdk/domain/interfaces/robot_data_publisher.py -> /home/ming/ros2_ws/build/go2_robot_sdk/build/lib/go2_robot_sdk/domain/interfaces
[3.102s] copying go2_robot_sdk/domain/interfaces/__init__.py -> /home/ming/ros2_ws/build/go2_robot_sdk/build/lib/go2_robot_sdk/domain/interfaces
[3.104s] creating /home/ming/ros2_ws/build/go2_robot_sdk/build/lib/go2_robot_sdk/application/utils
[3.104s] copying go2_robot_sdk/application/utils/command_generator.py -> /home/ming/ros2_ws/build/go2_robot_sdk/build/lib/go2_robot_sdk/application/utils
[3.105s] copying go2_robot_sdk/application/utils/__init__.py -> /home/ming/ros2_ws/build/go2_robot_sdk/build/lib/go2_robot_sdk/application/utils
[3.106s] creating /home/ming/ros2_ws/build/go2_robot_sdk/build/lib/go2_robot_sdk/application/services
[3.107s] copying go2_robot_sdk/application/services/robot_data_service.py -> /home/ming/ros2_ws/build/go2_robot_sdk/build/lib/go2_robot_sdk/application/services
[3.108s] copying go2_robot_sdk/application/services/robot_control_service.py -> /home/ming/ros2_ws/build/go2_robot_sdk/build/lib/go2_robot_sdk/application/services
[3.109s] copying go2_robot_sdk/application/services/__init__.py -> /home/ming/ros2_ws/build/go2_robot_sdk/build/lib/go2_robot_sdk/application/services
[3.112s] running install
[3.114s] running install_lib
[3.116s] creating /home/ming/ros2_ws/install/go2_robot_sdk/lib/python3.10/site-packages/go2_robot_sdk
[3.117s] creating /home/ming/ros2_ws/install/go2_robot_sdk/lib/python3.10/site-packages/go2_robot_sdk/infrastructure
[3.118s] creating /home/ming/ros2_ws/install/go2_robot_sdk/lib/python3.10/site-packages/go2_robot_sdk/infrastructure/sensors
[3.118s] copying /home/ming/ros2_ws/build/go2_robot_sdk/build/lib/go2_robot_sdk/infrastructure/sensors/lidar_decoder.py -> /home/ming/ros2_ws/install/go2_robot_sdk/lib/python3.10/site-packages/go2_robot_sdk/infrastructure/sensors
[3.119s] copying /home/ming/ros2_ws/build/go2_robot_sdk/build/lib/go2_robot_sdk/infrastructure/sensors/camera_config.py -> /home/ming/ros2_ws/install/go2_robot_sdk/lib/python3.10/site-packages/go2_robot_sdk/infrastructure/sensors
[3.119s] copying /home/ming/ros2_ws/build/go2_robot_sdk/build/lib/go2_robot_sdk/infrastructure/sensors/__init__.py -> /home/ming/ros2_ws/install/go2_robot_sdk/lib/python3.10/site-packages/go2_robot_sdk/infrastructure/sensors
[3.120s] creating /home/ming/ros2_ws/install/go2_robot_sdk/lib/python3.10/site-packages/go2_robot_sdk/infrastructure/ros2
[3.121s] copying /home/ming/ros2_ws/build/go2_robot_sdk/build/lib/go2_robot_sdk/infrastructure/ros2/ros2_publisher.py -> /home/ming/ros2_ws/install/go2_robot_sdk/lib/python3.10/site-packages/go2_robot_sdk/infrastructure/ros2
[3.122s] copying /home/ming/ros2_ws/build/go2_robot_sdk/build/lib/go2_robot_sdk/infrastructure/ros2/__init__.py -> /home/ming/ros2_ws/install/go2_robot_sdk/lib/python3.10/site-packages/go2_robot_sdk/infrastructure/ros2
[3.122s] creating /home/ming/ros2_ws/install/go2_robot_sdk/lib/python3.10/site-packages/go2_robot_sdk/infrastructure/webrtc
[3.122s] copying /home/ming/ros2_ws/build/go2_robot_sdk/build/lib/go2_robot_sdk/infrastructure/webrtc/go2_connection.py -> /home/ming/ros2_ws/install/go2_robot_sdk/lib/python3.10/site-packages/go2_robot_sdk/infrastructure/webrtc
[3.122s] copying /home/ming/ros2_ws/build/go2_robot_sdk/build/lib/go2_robot_sdk/infrastructure/webrtc/http_client.py -> /home/ming/ros2_ws/install/go2_robot_sdk/lib/python3.10/site-packages/go2_robot_sdk/infrastructure/webrtc
[3.122s] copying /home/ming/ros2_ws/build/go2_robot_sdk/build/lib/go2_robot_sdk/infrastructure/webrtc/data_decoder.py -> /home/ming/ros2_ws/install/go2_robot_sdk/lib/python3.10/site-packages/go2_robot_sdk/infrastructure/webrtc
[3.131s] creating /home/ming/ros2_ws/install/go2_robot_sdk/lib/python3.10/site-packages/go2_robot_sdk/infrastructure/webrtc/crypto
[3.131s] copying /home/ming/ros2_ws/build/go2_robot_sdk/build/lib/go2_robot_sdk/infrastructure/webrtc/crypto/encryption.py -> /home/ming/ros2_ws/install/go2_robot_sdk/lib/python3.10/site-packages/go2_robot_sdk/infrastructure/webrtc/crypto
[3.131s] copying /home/ming/ros2_ws/build/go2_robot_sdk/build/lib/go2_robot_sdk/infrastructure/webrtc/crypto/__init__.py -> /home/ming/ros2_ws/install/go2_robot_sdk/lib/python3.10/site-packages/go2_robot_sdk/infrastructure/webrtc/crypto
[3.131s] copying /home/ming/ros2_ws/build/go2_robot_sdk/build/lib/go2_robot_sdk/infrastructure/webrtc/__init__.py -> /home/ming/ros2_ws/install/go2_robot_sdk/lib/python3.10/site-packages/go2_robot_sdk/infrastructure/webrtc
[3.132s] copying /home/ming/ros2_ws/build/go2_robot_sdk/build/lib/go2_robot_sdk/infrastructure/webrtc/webrtc_adapter.py -> /home/ming/ros2_ws/install/go2_robot_sdk/lib/python3.10/site-packages/go2_robot_sdk/infrastructure/webrtc
[3.132s] copying /home/ming/ros2_ws/build/go2_robot_sdk/build/lib/go2_robot_sdk/infrastructure/__init__.py -> /home/ming/ros2_ws/install/go2_robot_sdk/lib/python3.10/site-packages/go2_robot_sdk/infrastructure
[3.132s] creating /home/ming/ros2_ws/install/go2_robot_sdk/lib/python3.10/site-packages/go2_robot_sdk/domain
[3.132s] creating /home/ming/ros2_ws/install/go2_robot_sdk/lib/python3.10/site-packages/go2_robot_sdk/domain/entities
[3.132s] copying /home/ming/ros2_ws/build/go2_robot_sdk/build/lib/go2_robot_sdk/domain/entities/robot_config.py -> /home/ming/ros2_ws/install/go2_robot_sdk/lib/python3.10/site-packages/go2_robot_sdk/domain/entities
[3.133s] copying /home/ming/ros2_ws/build/go2_robot_sdk/build/lib/go2_robot_sdk/domain/entities/robot_data.py -> /home/ming/ros2_ws/install/go2_robot_sdk/lib/python3.10/site-packages/go2_robot_sdk/domain/entities
[3.133s] copying /home/ming/ros2_ws/build/go2_robot_sdk/build/lib/go2_robot_sdk/domain/entities/__init__.py -> /home/ming/ros2_ws/install/go2_robot_sdk/lib/python3.10/site-packages/go2_robot_sdk/domain/entities
[3.133s] creating /home/ming/ros2_ws/install/go2_robot_sdk/lib/python3.10/site-packages/go2_robot_sdk/domain/math
[3.133s] copying /home/ming/ros2_ws/build/go2_robot_sdk/build/lib/go2_robot_sdk/domain/math/kinematics.py -> /home/ming/ros2_ws/install/go2_robot_sdk/lib/python3.10/site-packages/go2_robot_sdk/domain/math
[3.133s] copying /home/ming/ros2_ws/build/go2_robot_sdk/build/lib/go2_robot_sdk/domain/math/__init__.py -> /home/ming/ros2_ws/install/go2_robot_sdk/lib/python3.10/site-packages/go2_robot_sdk/domain/math
[3.134s] copying /home/ming/ros2_ws/build/go2_robot_sdk/build/lib/go2_robot_sdk/domain/math/geometry.py -> /home/ming/ros2_ws/install/go2_robot_sdk/lib/python3.10/site-packages/go2_robot_sdk/domain/math
[3.134s] creating /home/ming/ros2_ws/install/go2_robot_sdk/lib/python3.10/site-packages/go2_robot_sdk/domain/constants
[3.134s] copying /home/ming/ros2_ws/build/go2_robot_sdk/build/lib/go2_robot_sdk/domain/constants/robot_commands.py -> /home/ming/ros2_ws/install/go2_robot_sdk/lib/python3.10/site-packages/go2_robot_sdk/domain/constants
[3.134s] copying /home/ming/ros2_ws/build/go2_robot_sdk/build/lib/go2_robot_sdk/domain/constants/webrtc_topics.py -> /home/ming/ros2_ws/install/go2_robot_sdk/lib/python3.10/site-packages/go2_robot_sdk/domain/constants
[3.134s] copying /home/ming/ros2_ws/build/go2_robot_sdk/build/lib/go2_robot_sdk/domain/constants/__init__.py -> /home/ming/ros2_ws/install/go2_robot_sdk/lib/python3.10/site-packages/go2_robot_sdk/domain/constants
[3.134s] creating /home/ming/ros2_ws/install/go2_robot_sdk/lib/python3.10/site-packages/go2_robot_sdk/domain/interfaces
[3.134s] copying /home/ming/ros2_ws/build/go2_robot_sdk/build/lib/go2_robot_sdk/domain/interfaces/robot_data_receiver.py -> /home/ming/ros2_ws/install/go2_robot_sdk/lib/python3.10/site-packages/go2_robot_sdk/domain/interfaces
[3.135s] copying /home/ming/ros2_ws/build/go2_robot_sdk/build/lib/go2_robot_sdk/domain/interfaces/robot_controller.py -> /home/ming/ros2_ws/install/go2_robot_sdk/lib/python3.10/site-packages/go2_robot_sdk/domain/interfaces
[3.135s] copying /home/ming/ros2_ws/build/go2_robot_sdk/build/lib/go2_robot_sdk/domain/interfaces/robot_data_publisher.py -> /home/ming/ros2_ws/install/go2_robot_sdk/lib/python3.10/site-packages/go2_robot_sdk/domain/interfaces
[3.135s] copying /home/ming/ros2_ws/build/go2_robot_sdk/build/lib/go2_robot_sdk/domain/interfaces/__init__.py -> /home/ming/ros2_ws/install/go2_robot_sdk/lib/python3.10/site-packages/go2_robot_sdk/domain/interfaces
[3.135s] copying /home/ming/ros2_ws/build/go2_robot_sdk/build/lib/go2_robot_sdk/domain/__init__.py -> /home/ming/ros2_ws/install/go2_robot_sdk/lib/python3.10/site-packages/go2_robot_sdk/domain
[3.135s] creating /home/ming/ros2_ws/install/go2_robot_sdk/lib/python3.10/site-packages/go2_robot_sdk/application
[3.135s] creating /home/ming/ros2_ws/install/go2_robot_sdk/lib/python3.10/site-packages/go2_robot_sdk/application/utils
[3.135s] copying /home/ming/ros2_ws/build/go2_robot_sdk/build/lib/go2_robot_sdk/application/utils/command_generator.py -> /home/ming/ros2_ws/install/go2_robot_sdk/lib/python3.10/site-packages/go2_robot_sdk/application/utils
[3.135s] copying /home/ming/ros2_ws/build/go2_robot_sdk/build/lib/go2_robot_sdk/application/utils/__init__.py -> /home/ming/ros2_ws/install/go2_robot_sdk/lib/python3.10/site-packages/go2_robot_sdk/application/utils
[3.136s] copying /home/ming/ros2_ws/build/go2_robot_sdk/build/lib/go2_robot_sdk/application/__init__.py -> /home/ming/ros2_ws/install/go2_robot_sdk/lib/python3.10/site-packages/go2_robot_sdk/application
[3.137s] creating /home/ming/ros2_ws/install/go2_robot_sdk/lib/python3.10/site-packages/go2_robot_sdk/application/services
[3.137s] copying /home/ming/ros2_ws/build/go2_robot_sdk/build/lib/go2_robot_sdk/application/services/robot_data_service.py -> /home/ming/ros2_ws/install/go2_robot_sdk/lib/python3.10/site-packages/go2_robot_sdk/application/services
[3.137s] copying /home/ming/ros2_ws/build/go2_robot_sdk/build/lib/go2_robot_sdk/application/services/robot_control_service.py -> /home/ming/ros2_ws/install/go2_robot_sdk/lib/python3.10/site-packages/go2_robot_sdk/application/services
[3.137s] copying /home/ming/ros2_ws/build/go2_robot_sdk/build/lib/go2_robot_sdk/application/services/__init__.py -> /home/ming/ros2_ws/install/go2_robot_sdk/lib/python3.10/site-packages/go2_robot_sdk/application/services
[3.137s] creating /home/ming/ros2_ws/install/go2_robot_sdk/lib/python3.10/site-packages/go2_robot_sdk/presentation
[3.138s] copying /home/ming/ros2_ws/build/go2_robot_sdk/build/lib/go2_robot_sdk/presentation/go2_driver_node.py -> /home/ming/ros2_ws/install/go2_robot_sdk/lib/python3.10/site-packages/go2_robot_sdk/presentation
[3.138s] copying /home/ming/ros2_ws/build/go2_robot_sdk/build/lib/go2_robot_sdk/presentation/__init__.py -> /home/ming/ros2_ws/install/go2_robot_sdk/lib/python3.10/site-packages/go2_robot_sdk/presentation
[3.138s] copying /home/ming/ros2_ws/build/go2_robot_sdk/build/lib/go2_robot_sdk/__init__.py -> /home/ming/ros2_ws/install/go2_robot_sdk/lib/python3.10/site-packages/go2_robot_sdk
[3.138s] copying /home/ming/ros2_ws/build/go2_robot_sdk/build/lib/go2_robot_sdk/main.py -> /home/ming/ros2_ws/install/go2_robot_sdk/lib/python3.10/site-packages/go2_robot_sdk
[3.138s] byte-compiling /home/ming/ros2_ws/install/go2_robot_sdk/lib/python3.10/site-packages/go2_robot_sdk/infrastructure/sensors/lidar_decoder.py to lidar_decoder.cpython-310.pyc
[3.141s] byte-compiling /home/ming/ros2_ws/install/go2_robot_sdk/lib/python3.10/site-packages/go2_robot_sdk/infrastructure/sensors/camera_config.py to camera_config.cpython-310.pyc
[3.143s] byte-compiling /home/ming/ros2_ws/install/go2_robot_sdk/lib/python3.10/site-packages/go2_robot_sdk/infrastructure/sensors/__init__.py to __init__.cpython-310.pyc
[3.143s] byte-compiling /home/ming/ros2_ws/install/go2_robot_sdk/lib/python3.10/site-packages/go2_robot_sdk/infrastructure/ros2/ros2_publisher.py to ros2_publisher.cpython-310.pyc
[3.146s] byte-compiling /home/ming/ros2_ws/install/go2_robot_sdk/lib/python3.10/site-packages/go2_robot_sdk/infrastructure/ros2/__init__.py to __init__.cpython-310.pyc
[3.147s] byte-compiling /home/ming/ros2_ws/install/go2_robot_sdk/lib/python3.10/site-packages/go2_robot_sdk/infrastructure/webrtc/go2_connection.py to go2_connection.cpython-310.pyc
[3.154s] byte-compiling /home/ming/ros2_ws/install/go2_robot_sdk/lib/python3.10/site-packages/go2_robot_sdk/infrastructure/webrtc/http_client.py to http_client.cpython-310.pyc
[3.158s] byte-compiling /home/ming/ros2_ws/install/go2_robot_sdk/lib/python3.10/site-packages/go2_robot_sdk/infrastructure/webrtc/data_decoder.py to data_decoder.cpython-310.pyc
[3.161s] byte-compiling /home/ming/ros2_ws/install/go2_robot_sdk/lib/python3.10/site-packages/go2_robot_sdk/infrastructure/webrtc/crypto/encryption.py to encryption.cpython-310.pyc
[3.164s] byte-compiling /home/ming/ros2_ws/install/go2_robot_sdk/lib/python3.10/site-packages/go2_robot_sdk/infrastructure/webrtc/crypto/__init__.py to __init__.cpython-310.pyc
[3.165s] byte-compiling /home/ming/ros2_ws/install/go2_robot_sdk/lib/python3.10/site-packages/go2_robot_sdk/infrastructure/webrtc/__init__.py to __init__.cpython-310.pyc
[3.167s] byte-compiling /home/ming/ros2_ws/install/go2_robot_sdk/lib/python3.10/site-packages/go2_robot_sdk/infrastructure/webrtc/webrtc_adapter.py to webrtc_adapter.cpython-310.pyc
[3.172s] byte-compiling /home/ming/ros2_ws/install/go2_robot_sdk/lib/python3.10/site-packages/go2_robot_sdk/infrastructure/__init__.py to __init__.cpython-310.pyc
[3.173s] byte-compiling /home/ming/ros2_ws/install/go2_robot_sdk/lib/python3.10/site-packages/go2_robot_sdk/domain/entities/robot_config.py to robot_config.cpython-310.pyc
[3.174s] byte-compiling /home/ming/ros2_ws/install/go2_robot_sdk/lib/python3.10/site-packages/go2_robot_sdk/domain/entities/robot_data.py to robot_data.cpython-310.pyc
[3.175s] byte-compiling /home/ming/ros2_ws/install/go2_robot_sdk/lib/python3.10/site-packages/go2_robot_sdk/domain/entities/__init__.py to __init__.cpython-310.pyc
[3.177s] byte-compiling /home/ming/ros2_ws/install/go2_robot_sdk/lib/python3.10/site-packages/go2_robot_sdk/domain/math/kinematics.py to kinematics.cpython-310.pyc
[3.179s] byte-compiling /home/ming/ros2_ws/install/go2_robot_sdk/lib/python3.10/site-packages/go2_robot_sdk/domain/math/__init__.py to __init__.cpython-310.pyc
[3.179s] byte-compiling /home/ming/ros2_ws/install/go2_robot_sdk/lib/python3.10/site-packages/go2_robot_sdk/domain/math/geometry.py to geometry.cpython-310.pyc
[3.181s] byte-compiling /home/ming/ros2_ws/install/go2_robot_sdk/lib/python3.10/site-packages/go2_robot_sdk/domain/constants/robot_commands.py to robot_commands.cpython-310.pyc
[3.182s] byte-compiling /home/ming/ros2_ws/install/go2_robot_sdk/lib/python3.10/site-packages/go2_robot_sdk/domain/constants/webrtc_topics.py to webrtc_topics.cpython-310.pyc
[3.184s] byte-compiling /home/ming/ros2_ws/install/go2_robot_sdk/lib/python3.10/site-packages/go2_robot_sdk/domain/constants/__init__.py to __init__.cpython-310.pyc
[3.184s] byte-compiling /home/ming/ros2_ws/install/go2_robot_sdk/lib/python3.10/site-packages/go2_robot_sdk/domain/interfaces/robot_data_receiver.py to robot_data_receiver.cpython-310.pyc
[3.185s] byte-compiling /home/ming/ros2_ws/install/go2_robot_sdk/lib/python3.10/site-packages/go2_robot_sdk/domain/interfaces/robot_controller.py to robot_controller.cpython-310.pyc
[3.186s] byte-compiling /home/ming/ros2_ws/install/go2_robot_sdk/lib/python3.10/site-packages/go2_robot_sdk/domain/interfaces/robot_data_publisher.py to robot_data_publisher.cpython-310.pyc
[3.187s] byte-compiling /home/ming/ros2_ws/install/go2_robot_sdk/lib/python3.10/site-packages/go2_robot_sdk/domain/interfaces/__init__.py to __init__.cpython-310.pyc
[3.187s] byte-compiling /home/ming/ros2_ws/install/go2_robot_sdk/lib/python3.10/site-packages/go2_robot_sdk/domain/__init__.py to __init__.cpython-310.pyc
[3.188s] byte-compiling /home/ming/ros2_ws/install/go2_robot_sdk/lib/python3.10/site-packages/go2_robot_sdk/application/utils/command_generator.py to command_generator.cpython-310.pyc
[3.191s] byte-compiling /home/ming/ros2_ws/install/go2_robot_sdk/lib/python3.10/site-packages/go2_robot_sdk/application/utils/__init__.py to __init__.cpython-310.pyc
[3.192s] byte-compiling /home/ming/ros2_ws/install/go2_robot_sdk/lib/python3.10/site-packages/go2_robot_sdk/application/__init__.py to __init__.cpython-310.pyc
[3.193s] byte-compiling /home/ming/ros2_ws/install/go2_robot_sdk/lib/python3.10/site-packages/go2_robot_sdk/application/services/robot_data_service.py to robot_data_service.cpython-310.pyc
[3.198s] byte-compiling /home/ming/ros2_ws/install/go2_robot_sdk/lib/python3.10/site-packages/go2_robot_sdk/application/services/robot_control_service.py to robot_control_service.cpython-310.pyc
[3.199s] byte-compiling /home/ming/ros2_ws/install/go2_robot_sdk/lib/python3.10/site-packages/go2_robot_sdk/application/services/__init__.py to __init__.cpython-310.pyc
[3.200s] byte-compiling /home/ming/ros2_ws/install/go2_robot_sdk/lib/python3.10/site-packages/go2_robot_sdk/presentation/go2_driver_node.py to go2_driver_node.cpython-310.pyc
[3.207s] byte-compiling /home/ming/ros2_ws/install/go2_robot_sdk/lib/python3.10/site-packages/go2_robot_sdk/presentation/__init__.py to __init__.cpython-310.pyc
[3.207s] byte-compiling /home/ming/ros2_ws/install/go2_robot_sdk/lib/python3.10/site-packages/go2_robot_sdk/__init__.py to __init__.cpython-310.pyc
[3.208s] byte-compiling /home/ming/ros2_ws/install/go2_robot_sdk/lib/python3.10/site-packages/go2_robot_sdk/main.py to main.cpython-310.pyc
[3.209s] running install_data
[3.210s] copying resource/go2_robot_sdk -> /home/ming/ros2_ws/install/go2_robot_sdk/share/ament_index/resource_index/packages
[3.210s] copying package.xml -> /home/ming/ros2_ws/install/go2_robot_sdk/share/go2_robot_sdk
[3.211s] copying launch/robot.launch.py -> /home/ming/ros2_ws/install/go2_robot_sdk/share/go2_robot_sdk/launch
[3.211s] copying launch/webrtc_web.launch.py -> /home/ming/ros2_ws/install/go2_robot_sdk/share/go2_robot_sdk/launch
[3.213s] copying launch/robot_cpp.launch.py -> /home/ming/ros2_ws/install/go2_robot_sdk/share/go2_robot_sdk/launch
[3.213s] copying urdf/go2_with_realsense.urdf -> /home/ming/ros2_ws/install/go2_robot_sdk/share/go2_robot_sdk/urdf
[3.215s] copying urdf/go2.urdf -> /home/ming/ros2_ws/install/go2_robot_sdk/share/go2_robot_sdk/urdf
[3.215s] copying urdf/go2_on_steroids.urdf -> /home/ming/ros2_ws/install/go2_robot_sdk/share/go2_robot_sdk/urdf
[3.216s] copying urdf/multi_go2.urdf -> /home/ming/ros2_ws/install/go2_robot_sdk/share/go2_robot_sdk/urdf
[3.217s] copying dae/thigh_mirror.dae -> /home/ming/ros2_ws/install/go2_robot_sdk/share/go2_robot_sdk/dae
[3.227s] copying dae/calf_mirror.dae -> /home/ming/ros2_ws/install/go2_robot_sdk/share/go2_robot_sdk/dae
[3.230s] copying dae/hip.dae -> /home/ming/ros2_ws/install/go2_robot_sdk/share/go2_robot_sdk/dae
[3.239s] copying dae/calf.dae -> /home/ming/ros2_ws/install/go2_robot_sdk/share/go2_robot_sdk/dae
[3.242s] copying dae/thigh.dae -> /home/ming/ros2_ws/install/go2_robot_sdk/share/go2_robot_sdk/dae
[3.250s] copying dae/foot.dae -> /home/ming/ros2_ws/install/go2_robot_sdk/share/go2_robot_sdk/dae
[3.250s] copying dae/base.dae -> /home/ming/ros2_ws/install/go2_robot_sdk/share/go2_robot_sdk/dae
[3.265s] copying meshes/base.STL -> /home/ming/ros2_ws/install/go2_robot_sdk/share/go2_robot_sdk/meshes
[3.388s] copying meshes/left_d_camera.STL -> /home/ming/ros2_ws/install/go2_robot_sdk/share/go2_robot_sdk/meshes
[3.391s] copying meshes/front_d_camera.STL -> /home/ming/ros2_ws/install/go2_robot_sdk/share/go2_robot_sdk/meshes
[3.391s] copying meshes/right_d_camera.STL -> /home/ming/ros2_ws/install/go2_robot_sdk/share/go2_robot_sdk/meshes
[3.392s] copying meshes/lidar_link.STL -> /home/ming/ros2_ws/install/go2_robot_sdk/share/go2_robot_sdk/meshes
[3.395s] copying config/cyclonedds_config.rviz -> /home/ming/ros2_ws/install/go2_robot_sdk/share/go2_robot_sdk/config
[3.396s] copying config/twist_mux.yaml -> /home/ming/ros2_ws/install/go2_robot_sdk/share/go2_robot_sdk/config
[3.396s] copying config/single_robot_conf.rviz -> /home/ming/ros2_ws/install/go2_robot_sdk/share/go2_robot_sdk/config
[3.396s] copying config/nav2_params.yaml -> /home/ming/ros2_ws/install/go2_robot_sdk/share/go2_robot_sdk/config
[3.396s] copying config/joystick.yaml -> /home/ming/ros2_ws/install/go2_robot_sdk/share/go2_robot_sdk/config
[3.396s] copying config/mapper_params_online_async.yaml -> /home/ming/ros2_ws/install/go2_robot_sdk/share/go2_robot_sdk/config
[3.396s] copying config/multi_robot_conf.rviz -> /home/ming/ros2_ws/install/go2_robot_sdk/share/go2_robot_sdk/config
[3.397s] copying calibration/front_camera_1080.yaml -> /home/ming/ros2_ws/install/go2_robot_sdk/share/go2_robot_sdk/calibration
[3.397s] copying calibration/front_camera_720.yaml -> /home/ming/ros2_ws/install/go2_robot_sdk/share/go2_robot_sdk/calibration
[3.397s] copying external_lib/libvoxel.wasm -> /home/ming/ros2_ws/install/go2_robot_sdk/share/go2_robot_sdk/external_lib
[3.397s] copying external_lib/aioice/src/aioice/py.typed -> /home/ming/ros2_ws/install/go2_robot_sdk/share/go2_robot_sdk/external_lib/aioice
[3.399s] copying external_lib/aioice/src/aioice/stun.py -> /home/ming/ros2_ws/install/go2_robot_sdk/share/go2_robot_sdk/external_lib/aioice
[3.402s] copying external_lib/aioice/src/aioice/candidate.py -> /home/ming/ros2_ws/install/go2_robot_sdk/share/go2_robot_sdk/external_lib/aioice
[3.403s] copying external_lib/aioice/src/aioice/ice.py -> /home/ming/ros2_ws/install/go2_robot_sdk/share/go2_robot_sdk/external_lib/aioice
[3.405s] copying external_lib/aioice/src/aioice/mdns.py -> /home/ming/ros2_ws/install/go2_robot_sdk/share/go2_robot_sdk/external_lib/aioice
[3.406s] copying external_lib/aioice/src/aioice/turn.py -> /home/ming/ros2_ws/install/go2_robot_sdk/share/go2_robot_sdk/external_lib/aioice
[3.407s] copying external_lib/aioice/src/aioice/__init__.py -> /home/ming/ros2_ws/install/go2_robot_sdk/share/go2_robot_sdk/external_lib/aioice
[3.407s] copying external_lib/aioice/src/aioice/utils.py -> /home/ming/ros2_ws/install/go2_robot_sdk/share/go2_robot_sdk/external_lib/aioice
[3.408s] running install_egg_info
[3.413s] Copying ../../build/go2_robot_sdk/go2_robot_sdk.egg-info to /home/ming/ros2_ws/install/go2_robot_sdk/lib/python3.10/site-packages/go2_robot_sdk-0.0.0-py3.10.egg-info
[3.417s] running install_scripts
[3.471s] Installing go2_driver_node script to /home/ming/ros2_ws/install/go2_robot_sdk/lib/go2_robot_sdk
[3.474s] writing list of installed files to '/home/ming/ros2_ws/build/go2_robot_sdk/install.log'
[3.547s] Invoked command in '/home/ming/ros2_ws/src/go2_robot_sdk' returned '0': CMAKE_PREFIX_PATH=/home/ming/ros2_ws/install/go2_interfaces:/home/ming/ros2_ws/install/unitree_go2_sim:/home/ming/ros2_ws/install/unitree_go2_description:/home/ming/ros2_ws/install/lidar_processor_cpp:/home/ming/ros2_ws/install/champ_base:/home/ming/ros2_ws/install/champ_msgs:/home/ming/ros2_ws/install/champ PYTHONPATH=/home/ming/ros2_ws/build/go2_robot_sdk/prefix_override:/usr/lib/python3/dist-packages/colcon_core/task/python/colcon_distutils_commands:/home/ming/ros2_ws/install/go2_robot_sdk/lib/python3.10/site-packages:${PYTHONPATH} /usr/bin/python3 -W ignore:setup.py install is deprecated -W ignore:easy_install command is deprecated setup.py egg_info --egg-base ../../build/go2_robot_sdk build --build-base /home/ming/ros2_ws/build/go2_robot_sdk/build install --record /home/ming/ros2_ws/build/go2_robot_sdk/install.log --single-version-externally-managed install_data --force
