[2.292s] Invoking command in '/home/ming/ros2_ws/src/build/go2_robot_sdk': AMENT_PREFIX_PATH=/home/ming/ros2_ws/src/install/go2_interfaces:${AMENT_PREFIX_PATH} CMAKE_PREFIX_PATH=/home/ming/ros2_ws/src/install/go2_interfaces:${CMAKE_PREFIX_PATH} LD_LIBRARY_PATH=/home/ming/ros2_ws/src/install/go2_interfaces/lib:${LD_LIBRARY_PATH} PYTHONPATH=/home/ming/ros2_ws/src/build/go2_robot_sdk/prefix_override:/usr/lib/python3/dist-packages/colcon_core/task/python/colcon_distutils_commands:/home/ming/ros2_ws/src/install/go2_robot_sdk/lib/python3.10/site-packages:/home/ming/ros2_ws/src/install/go2_interfaces/local/lib/python3.10/dist-packages:${PYTHONPATH} /usr/bin/python3 -W ignore:setup.py install is deprecated -W ignore:easy_install command is deprecated setup.py develop --editable --build-directory /home/ming/ros2_ws/src/build/go2_robot_sdk/build --no-deps symlink_data
[2.835s] running develop
[3.152s] running egg_info
[3.153s] creating go2_robot_sdk.egg-info
[3.153s] writing go2_robot_sdk.egg-info/PKG-INFO
[3.154s] writing dependency_links to go2_robot_sdk.egg-info/dependency_links.txt
[3.154s] writing entry points to go2_robot_sdk.egg-info/entry_points.txt
[3.155s] writing requirements to go2_robot_sdk.egg-info/requires.txt
[3.155s] writing top-level names to go2_robot_sdk.egg-info/top_level.txt
[3.155s] writing manifest file 'go2_robot_sdk.egg-info/SOURCES.txt'
[3.163s] reading manifest file 'go2_robot_sdk.egg-info/SOURCES.txt'
[3.165s] writing manifest file 'go2_robot_sdk.egg-info/SOURCES.txt'
[3.169s] running build_ext
[3.170s] Creating /home/ming/ros2_ws/src/install/go2_robot_sdk/lib/python3.10/site-packages/go2-robot-sdk.egg-link (link to .)
[3.172s] Installing go2_driver_node script to /home/ming/ros2_ws/src/install/go2_robot_sdk/lib/go2_robot_sdk
[3.172s] 
[3.173s] Installed /home/ming/ros2_ws/src/build/go2_robot_sdk
[3.173s] running symlink_data
[3.177s] creating /home/ming/ros2_ws/src/install/go2_robot_sdk/share/ament_index
[3.177s] creating /home/ming/ros2_ws/src/install/go2_robot_sdk/share/ament_index/resource_index
[3.178s] creating /home/ming/ros2_ws/src/install/go2_robot_sdk/share/ament_index/resource_index/packages
[3.178s] symbolically linking /home/ming/ros2_ws/src/build/go2_robot_sdk/resource/go2_robot_sdk -> /home/ming/ros2_ws/src/install/go2_robot_sdk/share/ament_index/resource_index/packages
[3.178s] symbolically linking /home/ming/ros2_ws/src/build/go2_robot_sdk/package.xml -> /home/ming/ros2_ws/src/install/go2_robot_sdk/share/go2_robot_sdk
[3.178s] creating /home/ming/ros2_ws/src/install/go2_robot_sdk/share/go2_robot_sdk/launch
[3.179s] symbolically linking /home/ming/ros2_ws/src/build/go2_robot_sdk/launch/robot.launch.py -> /home/ming/ros2_ws/src/install/go2_robot_sdk/share/go2_robot_sdk/launch
[3.179s] symbolically linking /home/ming/ros2_ws/src/build/go2_robot_sdk/launch/webrtc_web.launch.py -> /home/ming/ros2_ws/src/install/go2_robot_sdk/share/go2_robot_sdk/launch
[3.179s] symbolically linking /home/ming/ros2_ws/src/build/go2_robot_sdk/launch/robot_cpp.launch.py -> /home/ming/ros2_ws/src/install/go2_robot_sdk/share/go2_robot_sdk/launch
[3.179s] creating /home/ming/ros2_ws/src/install/go2_robot_sdk/share/go2_robot_sdk/urdf
[3.179s] symbolically linking /home/ming/ros2_ws/src/build/go2_robot_sdk/urdf/go2_with_realsense.urdf -> /home/ming/ros2_ws/src/install/go2_robot_sdk/share/go2_robot_sdk/urdf
[3.179s] symbolically linking /home/ming/ros2_ws/src/build/go2_robot_sdk/urdf/go2.urdf -> /home/ming/ros2_ws/src/install/go2_robot_sdk/share/go2_robot_sdk/urdf
[3.179s] symbolically linking /home/ming/ros2_ws/src/build/go2_robot_sdk/urdf/go2_on_steroids.urdf -> /home/ming/ros2_ws/src/install/go2_robot_sdk/share/go2_robot_sdk/urdf
[3.179s] symbolically linking /home/ming/ros2_ws/src/build/go2_robot_sdk/urdf/multi_go2.urdf -> /home/ming/ros2_ws/src/install/go2_robot_sdk/share/go2_robot_sdk/urdf
[3.180s] creating /home/ming/ros2_ws/src/install/go2_robot_sdk/share/go2_robot_sdk/dae
[3.180s] symbolically linking /home/ming/ros2_ws/src/build/go2_robot_sdk/dae/thigh_mirror.dae -> /home/ming/ros2_ws/src/install/go2_robot_sdk/share/go2_robot_sdk/dae
[3.180s] symbolically linking /home/ming/ros2_ws/src/build/go2_robot_sdk/dae/calf_mirror.dae -> /home/ming/ros2_ws/src/install/go2_robot_sdk/share/go2_robot_sdk/dae
[3.180s] symbolically linking /home/ming/ros2_ws/src/build/go2_robot_sdk/dae/hip.dae -> /home/ming/ros2_ws/src/install/go2_robot_sdk/share/go2_robot_sdk/dae
[3.180s] symbolically linking /home/ming/ros2_ws/src/build/go2_robot_sdk/dae/calf.dae -> /home/ming/ros2_ws/src/install/go2_robot_sdk/share/go2_robot_sdk/dae
[3.180s] symbolically linking /home/ming/ros2_ws/src/build/go2_robot_sdk/dae/thigh.dae -> /home/ming/ros2_ws/src/install/go2_robot_sdk/share/go2_robot_sdk/dae
[3.180s] symbolically linking /home/ming/ros2_ws/src/build/go2_robot_sdk/dae/foot.dae -> /home/ming/ros2_ws/src/install/go2_robot_sdk/share/go2_robot_sdk/dae
[3.180s] symbolically linking /home/ming/ros2_ws/src/build/go2_robot_sdk/dae/base.dae -> /home/ming/ros2_ws/src/install/go2_robot_sdk/share/go2_robot_sdk/dae
[3.180s] creating /home/ming/ros2_ws/src/install/go2_robot_sdk/share/go2_robot_sdk/meshes
[3.180s] symbolically linking /home/ming/ros2_ws/src/build/go2_robot_sdk/meshes/base.STL -> /home/ming/ros2_ws/src/install/go2_robot_sdk/share/go2_robot_sdk/meshes
[3.181s] symbolically linking /home/ming/ros2_ws/src/build/go2_robot_sdk/meshes/left_d_camera.STL -> /home/ming/ros2_ws/src/install/go2_robot_sdk/share/go2_robot_sdk/meshes
[3.181s] symbolically linking /home/ming/ros2_ws/src/build/go2_robot_sdk/meshes/front_d_camera.STL -> /home/ming/ros2_ws/src/install/go2_robot_sdk/share/go2_robot_sdk/meshes
[3.181s] symbolically linking /home/ming/ros2_ws/src/build/go2_robot_sdk/meshes/right_d_camera.STL -> /home/ming/ros2_ws/src/install/go2_robot_sdk/share/go2_robot_sdk/meshes
[3.181s] symbolically linking /home/ming/ros2_ws/src/build/go2_robot_sdk/meshes/lidar_link.STL -> /home/ming/ros2_ws/src/install/go2_robot_sdk/share/go2_robot_sdk/meshes
[3.181s] creating /home/ming/ros2_ws/src/install/go2_robot_sdk/share/go2_robot_sdk/config
[3.181s] symbolically linking /home/ming/ros2_ws/src/build/go2_robot_sdk/config/cyclonedds_config.rviz -> /home/ming/ros2_ws/src/install/go2_robot_sdk/share/go2_robot_sdk/config
[3.181s] symbolically linking /home/ming/ros2_ws/src/build/go2_robot_sdk/config/twist_mux.yaml -> /home/ming/ros2_ws/src/install/go2_robot_sdk/share/go2_robot_sdk/config
[3.181s] symbolically linking /home/ming/ros2_ws/src/build/go2_robot_sdk/config/single_robot_conf.rviz -> /home/ming/ros2_ws/src/install/go2_robot_sdk/share/go2_robot_sdk/config
[3.181s] symbolically linking /home/ming/ros2_ws/src/build/go2_robot_sdk/config/nav2_params.yaml -> /home/ming/ros2_ws/src/install/go2_robot_sdk/share/go2_robot_sdk/config
[3.182s] symbolically linking /home/ming/ros2_ws/src/build/go2_robot_sdk/config/joystick.yaml -> /home/ming/ros2_ws/src/install/go2_robot_sdk/share/go2_robot_sdk/config
[3.182s] symbolically linking /home/ming/ros2_ws/src/build/go2_robot_sdk/config/mapper_params_online_async.yaml -> /home/ming/ros2_ws/src/install/go2_robot_sdk/share/go2_robot_sdk/config
[3.182s] symbolically linking /home/ming/ros2_ws/src/build/go2_robot_sdk/config/multi_robot_conf.rviz -> /home/ming/ros2_ws/src/install/go2_robot_sdk/share/go2_robot_sdk/config
[3.182s] creating /home/ming/ros2_ws/src/install/go2_robot_sdk/share/go2_robot_sdk/calibration
[3.182s] symbolically linking /home/ming/ros2_ws/src/build/go2_robot_sdk/calibration/front_camera_1080.yaml -> /home/ming/ros2_ws/src/install/go2_robot_sdk/share/go2_robot_sdk/calibration
[3.182s] symbolically linking /home/ming/ros2_ws/src/build/go2_robot_sdk/calibration/front_camera_720.yaml -> /home/ming/ros2_ws/src/install/go2_robot_sdk/share/go2_robot_sdk/calibration
[3.182s] creating /home/ming/ros2_ws/src/install/go2_robot_sdk/share/go2_robot_sdk/external_lib
[3.182s] symbolically linking /home/ming/ros2_ws/src/build/go2_robot_sdk/external_lib/libvoxel.wasm -> /home/ming/ros2_ws/src/install/go2_robot_sdk/share/go2_robot_sdk/external_lib
[3.182s] creating /home/ming/ros2_ws/src/install/go2_robot_sdk/share/go2_robot_sdk/external_lib/aioice
[3.183s] symbolically linking /home/ming/ros2_ws/src/build/go2_robot_sdk/external_lib/aioice/src/aioice/py.typed -> /home/ming/ros2_ws/src/install/go2_robot_sdk/share/go2_robot_sdk/external_lib/aioice
[3.183s] symbolically linking /home/ming/ros2_ws/src/build/go2_robot_sdk/external_lib/aioice/src/aioice/stun.py -> /home/ming/ros2_ws/src/install/go2_robot_sdk/share/go2_robot_sdk/external_lib/aioice
[3.183s] symbolically linking /home/ming/ros2_ws/src/build/go2_robot_sdk/external_lib/aioice/src/aioice/candidate.py -> /home/ming/ros2_ws/src/install/go2_robot_sdk/share/go2_robot_sdk/external_lib/aioice
[3.183s] symbolically linking /home/ming/ros2_ws/src/build/go2_robot_sdk/external_lib/aioice/src/aioice/ice.py -> /home/ming/ros2_ws/src/install/go2_robot_sdk/share/go2_robot_sdk/external_lib/aioice
[3.183s] symbolically linking /home/ming/ros2_ws/src/build/go2_robot_sdk/external_lib/aioice/src/aioice/mdns.py -> /home/ming/ros2_ws/src/install/go2_robot_sdk/share/go2_robot_sdk/external_lib/aioice
[3.183s] symbolically linking /home/ming/ros2_ws/src/build/go2_robot_sdk/external_lib/aioice/src/aioice/turn.py -> /home/ming/ros2_ws/src/install/go2_robot_sdk/share/go2_robot_sdk/external_lib/aioice
[3.183s] symbolically linking /home/ming/ros2_ws/src/build/go2_robot_sdk/external_lib/aioice/src/aioice/__init__.py -> /home/ming/ros2_ws/src/install/go2_robot_sdk/share/go2_robot_sdk/external_lib/aioice
[3.183s] symbolically linking /home/ming/ros2_ws/src/build/go2_robot_sdk/external_lib/aioice/src/aioice/utils.py -> /home/ming/ros2_ws/src/install/go2_robot_sdk/share/go2_robot_sdk/external_lib/aioice
[3.296s] Invoked command in '/home/ming/ros2_ws/src/build/go2_robot_sdk' returned '0': AMENT_PREFIX_PATH=/home/ming/ros2_ws/src/install/go2_interfaces:${AMENT_PREFIX_PATH} CMAKE_PREFIX_PATH=/home/ming/ros2_ws/src/install/go2_interfaces:${CMAKE_PREFIX_PATH} LD_LIBRARY_PATH=/home/ming/ros2_ws/src/install/go2_interfaces/lib:${LD_LIBRARY_PATH} PYTHONPATH=/home/ming/ros2_ws/src/build/go2_robot_sdk/prefix_override:/usr/lib/python3/dist-packages/colcon_core/task/python/colcon_distutils_commands:/home/ming/ros2_ws/src/install/go2_robot_sdk/lib/python3.10/site-packages:/home/ming/ros2_ws/src/install/go2_interfaces/local/lib/python3.10/dist-packages:${PYTHONPATH} /usr/bin/python3 -W ignore:setup.py install is deprecated -W ignore:easy_install command is deprecated setup.py develop --editable --build-directory /home/ming/ros2_ws/src/build/go2_robot_sdk/build --no-deps symlink_data
