[0.061s] Invoking command in '/home/ming/ros2_ws/src/build/champ_msgs': CMAKE_PREFIX_PATH=${CMAKE_PREFIX_PATH}:/home/ming/ros2_ws/install/speech_processor:/home/ming/ros2_ws/install/lidar_processor:/home/ming/ros2_ws/install/go2_robot_sdk:/home/ming/ros2_ws/install/coco_detector:/opt/ros/humble /usr/bin/cmake /home/ming/ros2_ws/src/unitree_go2/champ_msgs -DAMENT_CMAKE_SYMLINK_INSTALL=1 -DCMAKE_INSTALL_PREFIX=/home/ming/ros2_ws/src/install/champ_msgs
[1.275s] -- The C compiler identification is GNU 11.4.0
[1.578s] -- The CXX compiler identification is GNU 11.4.0
[1.599s] -- Detecting C compiler ABI info
[1.796s] -- Detecting C compiler ABI info - done
[1.819s] -- Check for working C compiler: /usr/bin/cc - skipped
[1.826s] -- Detecting C compile features
[1.829s] -- Detecting C compile features - done
[1.838s] -- Detecting CXX compiler ABI info
[2.117s] -- Detecting CXX compiler ABI info - done
[2.120s] -- Check for working CXX compiler: /usr/bin/c++ - skipped
[2.120s] -- Detecting CXX compile features
[2.122s] -- Detecting CXX compile features - done
[2.127s] -- Found ament_cmake: 1.3.13 (/opt/ros/humble/share/ament_cmake/cmake)
[2.758s] -- Found Python3: /usr/bin/python3 (found version "3.10.12") found components: Interpreter 
[2.992s] -- Override CMake install command with custom implementation using symlinks instead of copying resources
[3.117s] -- Found rosidl_default_generators: 1.2.0 (/opt/ros/humble/share/rosidl_default_generators/cmake)
[3.139s] -- Using all available rosidl_typesupport_c: rosidl_typesupport_fastrtps_c;rosidl_typesupport_introspection_c
[3.172s] -- Found rosidl_adapter: 3.1.8 (/opt/ros/humble/share/rosidl_adapter/cmake)
[3.384s] -- Using all available rosidl_typesupport_cpp: rosidl_typesupport_fastrtps_cpp;rosidl_typesupport_introspection_cpp
[3.483s] -- Found std_msgs: 4.9.1 (/opt/ros/humble/share/std_msgs/cmake)
[3.547s] -- Found geometry_msgs: 4.9.1 (/opt/ros/humble/share/geometry_msgs/cmake)
[4.718s] -- Found ament_cmake_ros: 0.10.0 (/opt/ros/humble/share/ament_cmake_ros/cmake)
[5.536s] -- Using all available rosidl_typesupport_c: rosidl_typesupport_fastrtps_c;rosidl_typesupport_introspection_c
[6.660s] -- Using all available rosidl_typesupport_cpp: rosidl_typesupport_fastrtps_cpp;rosidl_typesupport_introspection_cpp
[6.744s] -- Found PythonInterp: /usr/bin/python3 (found suitable version "3.10.12", minimum required is "3.6") 
[6.748s] -- Found python_cmake_module: 0.10.0 (/opt/ros/humble/share/python_cmake_module/cmake)
[6.846s] -- Found PythonLibs: /usr/lib/aarch64-linux-gnu/libpython3.10.so (found suitable version "3.10.12", minimum required is "3.5") 
[6.846s] -- Using PYTHON_EXECUTABLE: /usr/bin/python3
[6.846s] -- Using PYTHON_INCLUDE_DIRS: /usr/include/python3.10
[6.846s] -- Using PYTHON_LIBRARIES: /usr/lib/aarch64-linux-gnu/libpython3.10.so
[6.925s] -- Found PythonExtra: .so  
[7.090s] -- Found ament_lint_auto: 0.12.15 (/opt/ros/humble/share/ament_lint_auto/cmake)
[7.116s] -- Configuring done
[7.209s] -- Generating done
[7.232s] -- Build files have been written to: /home/ming/ros2_ws/src/build/champ_msgs
[7.254s] Invoked command in '/home/ming/ros2_ws/src/build/champ_msgs' returned '0': CMAKE_PREFIX_PATH=${CMAKE_PREFIX_PATH}:/home/ming/ros2_ws/install/speech_processor:/home/ming/ros2_ws/install/lidar_processor:/home/ming/ros2_ws/install/go2_robot_sdk:/home/ming/ros2_ws/install/coco_detector:/opt/ros/humble /usr/bin/cmake /home/ming/ros2_ws/src/unitree_go2/champ_msgs -DAMENT_CMAKE_SYMLINK_INSTALL=1 -DCMAKE_INSTALL_PREFIX=/home/ming/ros2_ws/src/install/champ_msgs
[7.257s] Invoking command in '/home/ming/ros2_ws/src/build/champ_msgs': CMAKE_PREFIX_PATH=${CMAKE_PREFIX_PATH}:/home/ming/ros2_ws/install/speech_processor:/home/ming/ros2_ws/install/lidar_processor:/home/ming/ros2_ws/install/go2_robot_sdk:/home/ming/ros2_ws/install/coco_detector:/opt/ros/humble /usr/bin/cmake --build /home/ming/ros2_ws/src/build/champ_msgs -- -j6 -l6
[7.362s] [  1%] [34m[1mGenerating C code for ROS interfaces[0m
[7.390s] [  2%] [34m[1mGenerating C++ code for ROS interfaces[0m
[7.410s] [  2%] Built target ament_cmake_python_symlink_champ_msgs
[8.202s] running egg_info
[8.203s] creating champ_msgs.egg-info
[8.204s] writing champ_msgs.egg-info/PKG-INFO
[8.204s] writing dependency_links to champ_msgs.egg-info/dependency_links.txt
[8.204s] writing top-level names to champ_msgs.egg-info/top_level.txt
[8.205s] writing manifest file 'champ_msgs.egg-info/SOURCES.txt'
[8.209s] reading manifest file 'champ_msgs.egg-info/SOURCES.txt'
[8.210s] writing manifest file 'champ_msgs.egg-info/SOURCES.txt'
[8.353s] [  2%] Built target ament_cmake_python_build_champ_msgs_egg
[9.701s] [  2%] Built target champ_msgs__cpp
[9.729s] [  3%] [32mBuilding C object CMakeFiles/champ_msgs__rosidl_generator_c.dir/rosidl_generator_c/champ_msgs/msg/detail/velocities__functions.c.o[0m
[9.739s] [  4%] [32mBuilding C object CMakeFiles/champ_msgs__rosidl_generator_c.dir/rosidl_generator_c/champ_msgs/msg/detail/pid__functions.c.o[0m
[9.747s] [  5%] [32mBuilding C object CMakeFiles/champ_msgs__rosidl_generator_c.dir/rosidl_generator_c/champ_msgs/msg/detail/imu__functions.c.o[0m
[9.755s] [  6%] [34m[1mGenerating C++ type support for eProsima Fast-RTPS[0m
[9.765s] [  7%] [34m[1mGenerating C++ introspection for ROS interfaces[0m
[9.765s] [  8%] [34m[1mGenerating C++ type support dispatch for ROS interfaces[0m
[9.926s] [  9%] [32mBuilding C object CMakeFiles/champ_msgs__rosidl_generator_c.dir/rosidl_generator_c/champ_msgs/msg/detail/point__functions.c.o[0m
[9.963s] [ 10%] [32mBuilding C object CMakeFiles/champ_msgs__rosidl_generator_c.dir/rosidl_generator_c/champ_msgs/msg/detail/point_array__functions.c.o[0m
[10.041s] [ 11%] [32mBuilding C object CMakeFiles/champ_msgs__rosidl_generator_c.dir/rosidl_generator_c/champ_msgs/msg/detail/joints__functions.c.o[0m
[10.153s] [ 12%] [32mBuilding C object CMakeFiles/champ_msgs__rosidl_generator_c.dir/rosidl_generator_c/champ_msgs/msg/detail/contacts__functions.c.o[0m
[10.236s] [ 13%] [32mBuilding C object CMakeFiles/champ_msgs__rosidl_generator_c.dir/rosidl_generator_c/champ_msgs/msg/detail/contacts_stamped__functions.c.o[0m
[10.312s] [ 14%] [32mBuilding C object CMakeFiles/champ_msgs__rosidl_generator_c.dir/rosidl_generator_c/champ_msgs/msg/detail/pose__functions.c.o[0m
[10.539s] [ 15%] [32m[1mLinking C shared library libchamp_msgs__rosidl_generator_c.so[0m
[10.799s] [ 15%] Built target champ_msgs__rosidl_generator_c
[10.835s] [ 16%] [34m[1mGenerating C introspection for ROS interfaces[0m
[10.874s] [ 17%] [34m[1mGenerating C type support for eProsima Fast-RTPS[0m
[10.901s] [ 18%] [34m[1mGenerating C type support dispatch for ROS interfaces[0m
[11.748s] [ 20%] [32mBuilding CXX object CMakeFiles/champ_msgs__rosidl_typesupport_cpp.dir/rosidl_typesupport_cpp/champ_msgs/msg/velocities__type_support.cpp.o[0m
[12.412s] [ 21%] [32mBuilding CXX object CMakeFiles/champ_msgs__rosidl_typesupport_introspection_cpp.dir/rosidl_typesupport_introspection_cpp/champ_msgs/msg/detail/velocities__type_support.cpp.o[0m
[12.557s] [ 22%] [32mBuilding CXX object CMakeFiles/champ_msgs__rosidl_typesupport_fastrtps_cpp.dir/rosidl_typesupport_fastrtps_cpp/champ_msgs/msg/detail/dds_fastrtps/velocities__type_support.cpp.o[0m
[12.743s] [ 23%] [32mBuilding CXX object CMakeFiles/champ_msgs__rosidl_typesupport_c.dir/rosidl_typesupport_c/champ_msgs/msg/velocities__type_support.cpp.o[0m
[12.973s] [ 24%] [32mBuilding CXX object CMakeFiles/champ_msgs__rosidl_typesupport_c.dir/rosidl_typesupport_c/champ_msgs/msg/pid__type_support.cpp.o[0m
[13.146s] [ 25%] [32mBuilding CXX object CMakeFiles/champ_msgs__rosidl_typesupport_c.dir/rosidl_typesupport_c/champ_msgs/msg/imu__type_support.cpp.o[0m
[13.218s] [ 26%] [32mBuilding C object CMakeFiles/champ_msgs__rosidl_typesupport_introspection_c.dir/rosidl_typesupport_introspection_c/champ_msgs/msg/detail/velocities__type_support.c.o[0m
[13.228s] [ 27%] [32mBuilding CXX object CMakeFiles/champ_msgs__rosidl_typesupport_cpp.dir/rosidl_typesupport_cpp/champ_msgs/msg/pid__type_support.cpp.o[0m
[13.325s] [ 28%] [32mBuilding CXX object CMakeFiles/champ_msgs__rosidl_typesupport_c.dir/rosidl_typesupport_c/champ_msgs/msg/point__type_support.cpp.o[0m
[13.366s] [ 29%] [32mBuilding C object CMakeFiles/champ_msgs__rosidl_typesupport_introspection_c.dir/rosidl_typesupport_introspection_c/champ_msgs/msg/detail/pid__type_support.c.o[0m
[13.524s] [ 30%] [32mBuilding C object CMakeFiles/champ_msgs__rosidl_typesupport_introspection_c.dir/rosidl_typesupport_introspection_c/champ_msgs/msg/detail/imu__type_support.c.o[0m
[13.554s] [ 31%] [32mBuilding CXX object CMakeFiles/champ_msgs__rosidl_typesupport_fastrtps_c.dir/rosidl_typesupport_fastrtps_c/champ_msgs/msg/detail/velocities__type_support_c.cpp.o[0m
[13.562s] [ 32%] [32mBuilding CXX object CMakeFiles/champ_msgs__rosidl_typesupport_c.dir/rosidl_typesupport_c/champ_msgs/msg/point_array__type_support.cpp.o[0m
[13.721s] [ 33%] [32mBuilding C object CMakeFiles/champ_msgs__rosidl_typesupport_introspection_c.dir/rosidl_typesupport_introspection_c/champ_msgs/msg/detail/point__type_support.c.o[0m
[13.723s] [ 34%] [32mBuilding CXX object CMakeFiles/champ_msgs__rosidl_typesupport_c.dir/rosidl_typesupport_c/champ_msgs/msg/joints__type_support.cpp.o[0m
[13.770s] [ 35%] [32mBuilding CXX object CMakeFiles/champ_msgs__rosidl_typesupport_introspection_cpp.dir/rosidl_typesupport_introspection_cpp/champ_msgs/msg/detail/pid__type_support.cpp.o[0m
[13.872s] [ 36%] [32mBuilding CXX object CMakeFiles/champ_msgs__rosidl_typesupport_c.dir/rosidl_typesupport_c/champ_msgs/msg/contacts__type_support.cpp.o[0m
[13.886s] [ 37%] [32mBuilding C object CMakeFiles/champ_msgs__rosidl_typesupport_introspection_c.dir/rosidl_typesupport_introspection_c/champ_msgs/msg/detail/point_array__type_support.c.o[0m
[14.088s] [ 38%] [32mBuilding CXX object CMakeFiles/champ_msgs__rosidl_typesupport_c.dir/rosidl_typesupport_c/champ_msgs/msg/contacts_stamped__type_support.cpp.o[0m
[14.121s] [ 40%] [32mBuilding C object CMakeFiles/champ_msgs__rosidl_typesupport_introspection_c.dir/rosidl_typesupport_introspection_c/champ_msgs/msg/detail/joints__type_support.c.o[0m
[14.309s] [ 41%] [32mBuilding CXX object CMakeFiles/champ_msgs__rosidl_typesupport_c.dir/rosidl_typesupport_c/champ_msgs/msg/pose__type_support.cpp.o[0m
[14.387s] [ 42%] [32mBuilding C object CMakeFiles/champ_msgs__rosidl_typesupport_introspection_c.dir/rosidl_typesupport_introspection_c/champ_msgs/msg/detail/contacts__type_support.c.o[0m
[14.479s] [ 43%] [32m[1mLinking CXX shared library libchamp_msgs__rosidl_typesupport_c.so[0m
[14.513s] [ 44%] [32mBuilding CXX object CMakeFiles/champ_msgs__rosidl_typesupport_cpp.dir/rosidl_typesupport_cpp/champ_msgs/msg/imu__type_support.cpp.o[0m
[14.590s] [ 45%] [32mBuilding C object CMakeFiles/champ_msgs__rosidl_typesupport_introspection_c.dir/rosidl_typesupport_introspection_c/champ_msgs/msg/detail/contacts_stamped__type_support.c.o[0m
[14.701s] [ 46%] [32mBuilding CXX object CMakeFiles/champ_msgs__rosidl_typesupport_fastrtps_cpp.dir/rosidl_typesupport_fastrtps_cpp/champ_msgs/msg/detail/dds_fastrtps/pid__type_support.cpp.o[0m
[14.701s] [ 46%] Built target champ_msgs__rosidl_typesupport_c
[14.730s] [ 47%] [32mBuilding CXX object CMakeFiles/champ_msgs__rosidl_typesupport_introspection_cpp.dir/rosidl_typesupport_introspection_cpp/champ_msgs/msg/detail/imu__type_support.cpp.o[0m
[14.819s] [ 48%] [32mBuilding C object CMakeFiles/champ_msgs__rosidl_typesupport_introspection_c.dir/rosidl_typesupport_introspection_c/champ_msgs/msg/detail/pose__type_support.c.o[0m
[15.016s] [ 49%] [32m[1mLinking C shared library libchamp_msgs__rosidl_typesupport_introspection_c.so[0m
[15.187s] [ 49%] Built target champ_msgs__rosidl_typesupport_introspection_c
[15.285s] [ 50%] [32mBuilding CXX object CMakeFiles/champ_msgs__rosidl_typesupport_fastrtps_c.dir/rosidl_typesupport_fastrtps_c/champ_msgs/msg/detail/pid__type_support_c.cpp.o[0m
[15.287s] [ 51%] [32mBuilding CXX object CMakeFiles/champ_msgs__rosidl_typesupport_fastrtps_cpp.dir/rosidl_typesupport_fastrtps_cpp/champ_msgs/msg/detail/dds_fastrtps/imu__type_support.cpp.o[0m
[15.298s] [ 52%] [32mBuilding CXX object CMakeFiles/champ_msgs__rosidl_typesupport_introspection_cpp.dir/rosidl_typesupport_introspection_cpp/champ_msgs/msg/detail/point__type_support.cpp.o[0m
[16.408s] [ 53%] [32mBuilding CXX object CMakeFiles/champ_msgs__rosidl_typesupport_cpp.dir/rosidl_typesupport_cpp/champ_msgs/msg/point__type_support.cpp.o[0m
[16.523s] [ 54%] [32mBuilding CXX object CMakeFiles/champ_msgs__rosidl_typesupport_introspection_cpp.dir/rosidl_typesupport_introspection_cpp/champ_msgs/msg/detail/point_array__type_support.cpp.o[0m
[16.815s] [ 55%] [32mBuilding CXX object CMakeFiles/champ_msgs__rosidl_typesupport_introspection_cpp.dir/rosidl_typesupport_introspection_cpp/champ_msgs/msg/detail/joints__type_support.cpp.o[0m
[17.060s] [ 56%] [32mBuilding CXX object CMakeFiles/champ_msgs__rosidl_typesupport_fastrtps_cpp.dir/rosidl_typesupport_fastrtps_cpp/champ_msgs/msg/detail/dds_fastrtps/point__type_support.cpp.o[0m
[17.078s] [ 57%] [32mBuilding CXX object CMakeFiles/champ_msgs__rosidl_typesupport_fastrtps_c.dir/rosidl_typesupport_fastrtps_c/champ_msgs/msg/detail/imu__type_support_c.cpp.o[0m
[18.226s] [ 58%] [32mBuilding CXX object CMakeFiles/champ_msgs__rosidl_typesupport_cpp.dir/rosidl_typesupport_cpp/champ_msgs/msg/point_array__type_support.cpp.o[0m
[18.262s] [ 60%] [32mBuilding CXX object CMakeFiles/champ_msgs__rosidl_typesupport_fastrtps_cpp.dir/rosidl_typesupport_fastrtps_cpp/champ_msgs/msg/detail/dds_fastrtps/point_array__type_support.cpp.o[0m
[18.943s] [ 61%] [32mBuilding CXX object CMakeFiles/champ_msgs__rosidl_typesupport_introspection_cpp.dir/rosidl_typesupport_introspection_cpp/champ_msgs/msg/detail/contacts__type_support.cpp.o[0m
[19.123s] [ 62%] [32mBuilding CXX object CMakeFiles/champ_msgs__rosidl_typesupport_fastrtps_c.dir/rosidl_typesupport_fastrtps_c/champ_msgs/msg/detail/point__type_support_c.cpp.o[0m
[19.348s] [ 63%] [32mBuilding CXX object CMakeFiles/champ_msgs__rosidl_typesupport_fastrtps_c.dir/rosidl_typesupport_fastrtps_c/champ_msgs/msg/detail/point_array__type_support_c.cpp.o[0m
[19.412s] [ 64%] [32mBuilding CXX object CMakeFiles/champ_msgs__rosidl_typesupport_introspection_cpp.dir/rosidl_typesupport_introspection_cpp/champ_msgs/msg/detail/contacts_stamped__type_support.cpp.o[0m
[20.314s] [ 65%] [32mBuilding CXX object CMakeFiles/champ_msgs__rosidl_typesupport_cpp.dir/rosidl_typesupport_cpp/champ_msgs/msg/joints__type_support.cpp.o[0m
[21.038s] [ 66%] [32mBuilding CXX object CMakeFiles/champ_msgs__rosidl_typesupport_fastrtps_cpp.dir/rosidl_typesupport_fastrtps_cpp/champ_msgs/msg/detail/dds_fastrtps/joints__type_support.cpp.o[0m
[21.304s] [ 67%] [32mBuilding CXX object CMakeFiles/champ_msgs__rosidl_typesupport_cpp.dir/rosidl_typesupport_cpp/champ_msgs/msg/contacts__type_support.cpp.o[0m
[21.410s] [ 68%] [32mBuilding CXX object CMakeFiles/champ_msgs__rosidl_typesupport_fastrtps_c.dir/rosidl_typesupport_fastrtps_c/champ_msgs/msg/detail/joints__type_support_c.cpp.o[0m
[21.956s] [ 69%] [32mBuilding CXX object CMakeFiles/champ_msgs__rosidl_typesupport_cpp.dir/rosidl_typesupport_cpp/champ_msgs/msg/contacts_stamped__type_support.cpp.o[0m
[21.976s] [ 70%] [32mBuilding CXX object CMakeFiles/champ_msgs__rosidl_typesupport_introspection_cpp.dir/rosidl_typesupport_introspection_cpp/champ_msgs/msg/detail/pose__type_support.cpp.o[0m
[22.161s] [ 71%] [32mBuilding CXX object CMakeFiles/champ_msgs__rosidl_typesupport_fastrtps_c.dir/rosidl_typesupport_fastrtps_c/champ_msgs/msg/detail/contacts__type_support_c.cpp.o[0m
[22.828s] [ 72%] [32mBuilding CXX object CMakeFiles/champ_msgs__rosidl_typesupport_cpp.dir/rosidl_typesupport_cpp/champ_msgs/msg/pose__type_support.cpp.o[0m
[23.308s] [ 73%] [32mBuilding CXX object CMakeFiles/champ_msgs__rosidl_typesupport_fastrtps_cpp.dir/rosidl_typesupport_fastrtps_cpp/champ_msgs/msg/detail/dds_fastrtps/contacts__type_support.cpp.o[0m
[23.330s] [ 74%] [32mBuilding CXX object CMakeFiles/champ_msgs__rosidl_typesupport_fastrtps_c.dir/rosidl_typesupport_fastrtps_c/champ_msgs/msg/detail/contacts_stamped__type_support_c.cpp.o[0m
[23.376s] [ 75%] [32mBuilding CXX object CMakeFiles/champ_msgs__rosidl_typesupport_fastrtps_cpp.dir/rosidl_typesupport_fastrtps_cpp/champ_msgs/msg/detail/dds_fastrtps/contacts_stamped__type_support.cpp.o[0m
[23.793s] [ 76%] [32mBuilding CXX object CMakeFiles/champ_msgs__rosidl_typesupport_fastrtps_c.dir/rosidl_typesupport_fastrtps_c/champ_msgs/msg/detail/pose__type_support_c.cpp.o[0m
[23.999s] [ 77%] [32m[1mLinking CXX shared library libchamp_msgs__rosidl_typesupport_cpp.so[0m
[24.001s] [ 78%] [32m[1mLinking CXX shared library libchamp_msgs__rosidl_typesupport_introspection_cpp.so[0m
[24.171s] [ 78%] Built target champ_msgs__rosidl_typesupport_cpp
[24.211s] [ 80%] [32mBuilding CXX object CMakeFiles/champ_msgs__rosidl_typesupport_fastrtps_cpp.dir/rosidl_typesupport_fastrtps_cpp/champ_msgs/msg/detail/dds_fastrtps/pose__type_support.cpp.o[0m
[24.429s] [ 80%] Built target champ_msgs__rosidl_typesupport_introspection_cpp
[25.376s] [ 81%] [32m[1mLinking CXX shared library libchamp_msgs__rosidl_typesupport_fastrtps_c.so[0m
[25.719s] [ 81%] Built target champ_msgs__rosidl_typesupport_fastrtps_c
[25.806s] [ 82%] [32m[1mLinking CXX shared library libchamp_msgs__rosidl_typesupport_fastrtps_cpp.so[0m
[25.994s] [ 82%] Built target champ_msgs__rosidl_typesupport_fastrtps_cpp
[26.038s] [ 82%] Built target champ_msgs
[26.080s] [ 83%] [34m[1mGenerating Python code for ROS interfaces[0m
[28.861s] [ 83%] Built target champ_msgs__py
[28.936s] [ 84%] [32mBuilding C object CMakeFiles/champ_msgs__rosidl_generator_py.dir/rosidl_generator_py/champ_msgs/msg/_velocities_s.c.o[0m
[29.239s] [ 85%] [32mBuilding C object CMakeFiles/champ_msgs__rosidl_generator_py.dir/rosidl_generator_py/champ_msgs/msg/_joints_s.c.o[0m
[29.475s] [ 86%] [32mBuilding C object CMakeFiles/champ_msgs__rosidl_generator_py.dir/rosidl_generator_py/champ_msgs/msg/_contacts_s.c.o[0m
[29.781s] [ 87%] [32mBuilding C object CMakeFiles/champ_msgs__rosidl_generator_py.dir/rosidl_generator_py/champ_msgs/msg/_contacts_stamped_s.c.o[0m
[30.112s] [ 88%] [32mBuilding C object CMakeFiles/champ_msgs__rosidl_generator_py.dir/rosidl_generator_py/champ_msgs/msg/_pose_s.c.o[0m
[30.381s] [ 89%] [32mBuilding C object CMakeFiles/champ_msgs__rosidl_generator_py.dir/rosidl_generator_py/champ_msgs/msg/_point_array_s.c.o[0m
[30.634s] [ 90%] [32mBuilding C object CMakeFiles/champ_msgs__rosidl_generator_py.dir/rosidl_generator_py/champ_msgs/msg/_point_s.c.o[0m
[30.882s] [ 91%] [32mBuilding C object CMakeFiles/champ_msgs__rosidl_generator_py.dir/rosidl_generator_py/champ_msgs/msg/_imu_s.c.o[0m
[31.149s] [ 92%] [32mBuilding C object CMakeFiles/champ_msgs__rosidl_generator_py.dir/rosidl_generator_py/champ_msgs/msg/_pid_s.c.o[0m
[31.370s] [ 93%] [32m[1mLinking C shared library rosidl_generator_py/champ_msgs/libchamp_msgs__rosidl_generator_py.so[0m
[31.458s] [ 93%] Built target champ_msgs__rosidl_generator_py
[31.502s] [ 94%] [32mBuilding C object CMakeFiles/champ_msgs__rosidl_typesupport_fastrtps_c__pyext.dir/rosidl_generator_py/champ_msgs/_champ_msgs_s.ep.rosidl_typesupport_fastrtps_c.c.o[0m
[31.768s] [ 95%] [32m[1mLinking C shared library rosidl_generator_py/champ_msgs/champ_msgs_s__rosidl_typesupport_fastrtps_c.cpython-310-aarch64-linux-gnu.so[0m
[31.929s] [ 95%] Built target champ_msgs__rosidl_typesupport_fastrtps_c__pyext
[32.005s] [ 96%] [32mBuilding C object CMakeFiles/champ_msgs__rosidl_typesupport_c__pyext.dir/rosidl_generator_py/champ_msgs/_champ_msgs_s.ep.rosidl_typesupport_c.c.o[0m
[32.332s] [ 97%] [32m[1mLinking C shared library rosidl_generator_py/champ_msgs/champ_msgs_s__rosidl_typesupport_c.cpython-310-aarch64-linux-gnu.so[0m
[32.414s] [ 97%] Built target champ_msgs__rosidl_typesupport_c__pyext
[32.454s] [ 98%] [32mBuilding C object CMakeFiles/champ_msgs__rosidl_typesupport_introspection_c__pyext.dir/rosidl_generator_py/champ_msgs/_champ_msgs_s.ep.rosidl_typesupport_introspection_c.c.o[0m
[32.753s] [100%] [32m[1mLinking C shared library rosidl_generator_py/champ_msgs/champ_msgs_s__rosidl_typesupport_introspection_c.cpython-310-aarch64-linux-gnu.so[0m
[32.881s] [100%] Built target champ_msgs__rosidl_typesupport_introspection_c__pyext
[32.926s] Invoked command in '/home/ming/ros2_ws/src/build/champ_msgs' returned '0': CMAKE_PREFIX_PATH=${CMAKE_PREFIX_PATH}:/home/ming/ros2_ws/install/speech_processor:/home/ming/ros2_ws/install/lidar_processor:/home/ming/ros2_ws/install/go2_robot_sdk:/home/ming/ros2_ws/install/coco_detector:/opt/ros/humble /usr/bin/cmake --build /home/ming/ros2_ws/src/build/champ_msgs -- -j6 -l6
[32.929s] Invoking command in '/home/ming/ros2_ws/src/build/champ_msgs': CMAKE_PREFIX_PATH=${CMAKE_PREFIX_PATH}:/home/ming/ros2_ws/install/speech_processor:/home/ming/ros2_ws/install/lidar_processor:/home/ming/ros2_ws/install/go2_robot_sdk:/home/ming/ros2_ws/install/coco_detector:/opt/ros/humble /usr/bin/cmake --install /home/ming/ros2_ws/src/build/champ_msgs
[32.951s] -- Install configuration: ""
[32.952s] -- Execute custom install script
[32.956s] -- Symlinking: /home/ming/ros2_ws/src/install/champ_msgs/share/ament_index/resource_index/rosidl_interfaces/champ_msgs
[32.981s] -- Symlinking: /home/ming/ros2_ws/src/install/champ_msgs/include/champ_msgs/champ_msgs/msg/contacts.h
[33.006s] -- Symlinking: /home/ming/ros2_ws/src/install/champ_msgs/include/champ_msgs/champ_msgs/msg/contacts_stamped.h
[33.024s] -- Symlinking: /home/ming/ros2_ws/src/install/champ_msgs/include/champ_msgs/champ_msgs/msg/detail/contacts__functions.h
[33.059s] -- Symlinking: /home/ming/ros2_ws/src/install/champ_msgs/include/champ_msgs/champ_msgs/msg/detail/contacts__struct.h
[33.090s] -- Symlinking: /home/ming/ros2_ws/src/install/champ_msgs/include/champ_msgs/champ_msgs/msg/detail/contacts__type_support.h
[33.121s] -- Symlinking: /home/ming/ros2_ws/src/install/champ_msgs/include/champ_msgs/champ_msgs/msg/detail/contacts_stamped__functions.h
[33.162s] -- Symlinking: /home/ming/ros2_ws/src/install/champ_msgs/include/champ_msgs/champ_msgs/msg/detail/contacts_stamped__struct.h
[33.180s] -- Symlinking: /home/ming/ros2_ws/src/install/champ_msgs/include/champ_msgs/champ_msgs/msg/detail/contacts_stamped__type_support.h
[33.216s] -- Symlinking: /home/ming/ros2_ws/src/install/champ_msgs/include/champ_msgs/champ_msgs/msg/detail/imu__functions.h
[33.236s] -- Symlinking: /home/ming/ros2_ws/src/install/champ_msgs/include/champ_msgs/champ_msgs/msg/detail/imu__struct.h
[33.290s] -- Symlinking: /home/ming/ros2_ws/src/install/champ_msgs/include/champ_msgs/champ_msgs/msg/detail/imu__type_support.h
[33.321s] -- Symlinking: /home/ming/ros2_ws/src/install/champ_msgs/include/champ_msgs/champ_msgs/msg/detail/joints__functions.h
[33.340s] -- Symlinking: /home/ming/ros2_ws/src/install/champ_msgs/include/champ_msgs/champ_msgs/msg/detail/joints__struct.h
[33.365s] -- Symlinking: /home/ming/ros2_ws/src/install/champ_msgs/include/champ_msgs/champ_msgs/msg/detail/joints__type_support.h
[33.394s] -- Symlinking: /home/ming/ros2_ws/src/install/champ_msgs/include/champ_msgs/champ_msgs/msg/detail/pid__functions.h
[33.429s] -- Symlinking: /home/ming/ros2_ws/src/install/champ_msgs/include/champ_msgs/champ_msgs/msg/detail/pid__struct.h
[33.459s] -- Symlinking: /home/ming/ros2_ws/src/install/champ_msgs/include/champ_msgs/champ_msgs/msg/detail/pid__type_support.h
[33.486s] -- Symlinking: /home/ming/ros2_ws/src/install/champ_msgs/include/champ_msgs/champ_msgs/msg/detail/point__functions.h
[33.521s] -- Symlinking: /home/ming/ros2_ws/src/install/champ_msgs/include/champ_msgs/champ_msgs/msg/detail/point__struct.h
[33.553s] -- Symlinking: /home/ming/ros2_ws/src/install/champ_msgs/include/champ_msgs/champ_msgs/msg/detail/point__type_support.h
[33.570s] -- Symlinking: /home/ming/ros2_ws/src/install/champ_msgs/include/champ_msgs/champ_msgs/msg/detail/point_array__functions.h
[33.593s] -- Symlinking: /home/ming/ros2_ws/src/install/champ_msgs/include/champ_msgs/champ_msgs/msg/detail/point_array__struct.h
[33.617s] -- Symlinking: /home/ming/ros2_ws/src/install/champ_msgs/include/champ_msgs/champ_msgs/msg/detail/point_array__type_support.h
[33.634s] -- Symlinking: /home/ming/ros2_ws/src/install/champ_msgs/include/champ_msgs/champ_msgs/msg/detail/pose__functions.h
[33.650s] -- Symlinking: /home/ming/ros2_ws/src/install/champ_msgs/include/champ_msgs/champ_msgs/msg/detail/pose__struct.h
[33.669s] -- Symlinking: /home/ming/ros2_ws/src/install/champ_msgs/include/champ_msgs/champ_msgs/msg/detail/pose__type_support.h
[33.699s] -- Symlinking: /home/ming/ros2_ws/src/install/champ_msgs/include/champ_msgs/champ_msgs/msg/detail/velocities__functions.h
[33.717s] -- Symlinking: /home/ming/ros2_ws/src/install/champ_msgs/include/champ_msgs/champ_msgs/msg/detail/velocities__struct.h
[33.733s] -- Symlinking: /home/ming/ros2_ws/src/install/champ_msgs/include/champ_msgs/champ_msgs/msg/detail/velocities__type_support.h
[33.749s] -- Symlinking: /home/ming/ros2_ws/src/install/champ_msgs/include/champ_msgs/champ_msgs/msg/imu.h
[33.766s] -- Symlinking: /home/ming/ros2_ws/src/install/champ_msgs/include/champ_msgs/champ_msgs/msg/joints.h
[33.782s] -- Symlinking: /home/ming/ros2_ws/src/install/champ_msgs/include/champ_msgs/champ_msgs/msg/pid.h
[33.798s] -- Symlinking: /home/ming/ros2_ws/src/install/champ_msgs/include/champ_msgs/champ_msgs/msg/point.h
[33.814s] -- Symlinking: /home/ming/ros2_ws/src/install/champ_msgs/include/champ_msgs/champ_msgs/msg/point_array.h
[33.835s] -- Symlinking: /home/ming/ros2_ws/src/install/champ_msgs/include/champ_msgs/champ_msgs/msg/pose.h
[33.847s] -- Symlinking: /home/ming/ros2_ws/src/install/champ_msgs/include/champ_msgs/champ_msgs/msg/rosidl_generator_c__visibility_control.h
[33.870s] -- Symlinking: /home/ming/ros2_ws/src/install/champ_msgs/include/champ_msgs/champ_msgs/msg/velocities.h
[33.891s] -- Symlinking: /home/ming/ros2_ws/src/install/champ_msgs/share/champ_msgs/environment/library_path.sh
[33.911s] -- Symlinking: /home/ming/ros2_ws/src/install/champ_msgs/share/champ_msgs/environment/library_path.dsv
[33.931s] -- Symlinking: /home/ming/ros2_ws/src/install/champ_msgs/include/champ_msgs/champ_msgs/msg/detail/contacts__rosidl_typesupport_fastrtps_c.h
[33.953s] -- Symlinking: /home/ming/ros2_ws/src/install/champ_msgs/include/champ_msgs/champ_msgs/msg/detail/contacts_stamped__rosidl_typesupport_fastrtps_c.h
[33.969s] -- Symlinking: /home/ming/ros2_ws/src/install/champ_msgs/include/champ_msgs/champ_msgs/msg/detail/imu__rosidl_typesupport_fastrtps_c.h
[33.985s] -- Symlinking: /home/ming/ros2_ws/src/install/champ_msgs/include/champ_msgs/champ_msgs/msg/detail/joints__rosidl_typesupport_fastrtps_c.h
[34.000s] -- Symlinking: /home/ming/ros2_ws/src/install/champ_msgs/include/champ_msgs/champ_msgs/msg/detail/pid__rosidl_typesupport_fastrtps_c.h
[34.018s] -- Symlinking: /home/ming/ros2_ws/src/install/champ_msgs/include/champ_msgs/champ_msgs/msg/detail/point__rosidl_typesupport_fastrtps_c.h
[34.033s] -- Symlinking: /home/ming/ros2_ws/src/install/champ_msgs/include/champ_msgs/champ_msgs/msg/detail/point_array__rosidl_typesupport_fastrtps_c.h
[34.048s] -- Symlinking: /home/ming/ros2_ws/src/install/champ_msgs/include/champ_msgs/champ_msgs/msg/detail/pose__rosidl_typesupport_fastrtps_c.h
[34.064s] -- Symlinking: /home/ming/ros2_ws/src/install/champ_msgs/include/champ_msgs/champ_msgs/msg/detail/velocities__rosidl_typesupport_fastrtps_c.h
[34.080s] -- Symlinking: /home/ming/ros2_ws/src/install/champ_msgs/include/champ_msgs/champ_msgs/msg/rosidl_typesupport_fastrtps_c__visibility_control.h
[34.097s] -- Symlinking: /home/ming/ros2_ws/src/install/champ_msgs/include/champ_msgs/champ_msgs/msg/detail/contacts__rosidl_typesupport_introspection_c.h
[34.113s] -- Symlinking: /home/ming/ros2_ws/src/install/champ_msgs/include/champ_msgs/champ_msgs/msg/detail/contacts_stamped__rosidl_typesupport_introspection_c.h
[34.129s] -- Symlinking: /home/ming/ros2_ws/src/install/champ_msgs/include/champ_msgs/champ_msgs/msg/detail/imu__rosidl_typesupport_introspection_c.h
[34.146s] -- Symlinking: /home/ming/ros2_ws/src/install/champ_msgs/include/champ_msgs/champ_msgs/msg/detail/joints__rosidl_typesupport_introspection_c.h
[34.161s] -- Symlinking: /home/ming/ros2_ws/src/install/champ_msgs/include/champ_msgs/champ_msgs/msg/detail/pid__rosidl_typesupport_introspection_c.h
[34.178s] -- Symlinking: /home/ming/ros2_ws/src/install/champ_msgs/include/champ_msgs/champ_msgs/msg/detail/point__rosidl_typesupport_introspection_c.h
[34.203s] -- Symlinking: /home/ming/ros2_ws/src/install/champ_msgs/include/champ_msgs/champ_msgs/msg/detail/point_array__rosidl_typesupport_introspection_c.h
[34.225s] -- Symlinking: /home/ming/ros2_ws/src/install/champ_msgs/include/champ_msgs/champ_msgs/msg/detail/pose__rosidl_typesupport_introspection_c.h
[34.262s] -- Symlinking: /home/ming/ros2_ws/src/install/champ_msgs/include/champ_msgs/champ_msgs/msg/detail/velocities__rosidl_typesupport_introspection_c.h
[34.289s] -- Symlinking: /home/ming/ros2_ws/src/install/champ_msgs/include/champ_msgs/champ_msgs/msg/rosidl_typesupport_introspection_c__visibility_control.h
[34.307s] -- Symlinking: /home/ming/ros2_ws/src/install/champ_msgs/include/champ_msgs/champ_msgs/msg/contacts.hpp
[34.329s] -- Symlinking: /home/ming/ros2_ws/src/install/champ_msgs/include/champ_msgs/champ_msgs/msg/contacts_stamped.hpp
[34.348s] -- Symlinking: /home/ming/ros2_ws/src/install/champ_msgs/include/champ_msgs/champ_msgs/msg/detail/contacts__builder.hpp
[34.364s] -- Symlinking: /home/ming/ros2_ws/src/install/champ_msgs/include/champ_msgs/champ_msgs/msg/detail/contacts__struct.hpp
[34.382s] -- Symlinking: /home/ming/ros2_ws/src/install/champ_msgs/include/champ_msgs/champ_msgs/msg/detail/contacts__traits.hpp
[34.399s] -- Symlinking: /home/ming/ros2_ws/src/install/champ_msgs/include/champ_msgs/champ_msgs/msg/detail/contacts__type_support.hpp
[34.417s] -- Symlinking: /home/ming/ros2_ws/src/install/champ_msgs/include/champ_msgs/champ_msgs/msg/detail/contacts_stamped__builder.hpp
[34.434s] -- Symlinking: /home/ming/ros2_ws/src/install/champ_msgs/include/champ_msgs/champ_msgs/msg/detail/contacts_stamped__struct.hpp
[34.453s] -- Symlinking: /home/ming/ros2_ws/src/install/champ_msgs/include/champ_msgs/champ_msgs/msg/detail/contacts_stamped__traits.hpp
[34.472s] -- Symlinking: /home/ming/ros2_ws/src/install/champ_msgs/include/champ_msgs/champ_msgs/msg/detail/contacts_stamped__type_support.hpp
[34.489s] -- Symlinking: /home/ming/ros2_ws/src/install/champ_msgs/include/champ_msgs/champ_msgs/msg/detail/imu__builder.hpp
[34.508s] -- Symlinking: /home/ming/ros2_ws/src/install/champ_msgs/include/champ_msgs/champ_msgs/msg/detail/imu__struct.hpp
[34.524s] -- Symlinking: /home/ming/ros2_ws/src/install/champ_msgs/include/champ_msgs/champ_msgs/msg/detail/imu__traits.hpp
[34.543s] -- Symlinking: /home/ming/ros2_ws/src/install/champ_msgs/include/champ_msgs/champ_msgs/msg/detail/imu__type_support.hpp
[34.561s] -- Symlinking: /home/ming/ros2_ws/src/install/champ_msgs/include/champ_msgs/champ_msgs/msg/detail/joints__builder.hpp
[34.580s] -- Symlinking: /home/ming/ros2_ws/src/install/champ_msgs/include/champ_msgs/champ_msgs/msg/detail/joints__struct.hpp
[34.598s] -- Symlinking: /home/ming/ros2_ws/src/install/champ_msgs/include/champ_msgs/champ_msgs/msg/detail/joints__traits.hpp
[34.615s] -- Symlinking: /home/ming/ros2_ws/src/install/champ_msgs/include/champ_msgs/champ_msgs/msg/detail/joints__type_support.hpp
[34.633s] -- Symlinking: /home/ming/ros2_ws/src/install/champ_msgs/include/champ_msgs/champ_msgs/msg/detail/pid__builder.hpp
[34.652s] -- Symlinking: /home/ming/ros2_ws/src/install/champ_msgs/include/champ_msgs/champ_msgs/msg/detail/pid__struct.hpp
[34.682s] -- Symlinking: /home/ming/ros2_ws/src/install/champ_msgs/include/champ_msgs/champ_msgs/msg/detail/pid__traits.hpp
[34.713s] -- Symlinking: /home/ming/ros2_ws/src/install/champ_msgs/include/champ_msgs/champ_msgs/msg/detail/pid__type_support.hpp
[34.733s] -- Symlinking: /home/ming/ros2_ws/src/install/champ_msgs/include/champ_msgs/champ_msgs/msg/detail/point__builder.hpp
[34.751s] -- Symlinking: /home/ming/ros2_ws/src/install/champ_msgs/include/champ_msgs/champ_msgs/msg/detail/point__struct.hpp
[34.775s] -- Symlinking: /home/ming/ros2_ws/src/install/champ_msgs/include/champ_msgs/champ_msgs/msg/detail/point__traits.hpp
[34.801s] -- Symlinking: /home/ming/ros2_ws/src/install/champ_msgs/include/champ_msgs/champ_msgs/msg/detail/point__type_support.hpp
[34.817s] -- Symlinking: /home/ming/ros2_ws/src/install/champ_msgs/include/champ_msgs/champ_msgs/msg/detail/point_array__builder.hpp
[34.834s] -- Symlinking: /home/ming/ros2_ws/src/install/champ_msgs/include/champ_msgs/champ_msgs/msg/detail/point_array__struct.hpp
[34.852s] -- Symlinking: /home/ming/ros2_ws/src/install/champ_msgs/include/champ_msgs/champ_msgs/msg/detail/point_array__traits.hpp
[34.874s] -- Symlinking: /home/ming/ros2_ws/src/install/champ_msgs/include/champ_msgs/champ_msgs/msg/detail/point_array__type_support.hpp
[34.891s] -- Symlinking: /home/ming/ros2_ws/src/install/champ_msgs/include/champ_msgs/champ_msgs/msg/detail/pose__builder.hpp
[34.910s] -- Symlinking: /home/ming/ros2_ws/src/install/champ_msgs/include/champ_msgs/champ_msgs/msg/detail/pose__struct.hpp
[34.929s] -- Symlinking: /home/ming/ros2_ws/src/install/champ_msgs/include/champ_msgs/champ_msgs/msg/detail/pose__traits.hpp
[34.949s] -- Symlinking: /home/ming/ros2_ws/src/install/champ_msgs/include/champ_msgs/champ_msgs/msg/detail/pose__type_support.hpp
[34.971s] -- Symlinking: /home/ming/ros2_ws/src/install/champ_msgs/include/champ_msgs/champ_msgs/msg/detail/velocities__builder.hpp
[34.996s] -- Symlinking: /home/ming/ros2_ws/src/install/champ_msgs/include/champ_msgs/champ_msgs/msg/detail/velocities__struct.hpp
[35.030s] -- Symlinking: /home/ming/ros2_ws/src/install/champ_msgs/include/champ_msgs/champ_msgs/msg/detail/velocities__traits.hpp
[35.053s] -- Symlinking: /home/ming/ros2_ws/src/install/champ_msgs/include/champ_msgs/champ_msgs/msg/detail/velocities__type_support.hpp
[35.089s] -- Symlinking: /home/ming/ros2_ws/src/install/champ_msgs/include/champ_msgs/champ_msgs/msg/imu.hpp
[35.117s] -- Symlinking: /home/ming/ros2_ws/src/install/champ_msgs/include/champ_msgs/champ_msgs/msg/joints.hpp
[35.133s] -- Symlinking: /home/ming/ros2_ws/src/install/champ_msgs/include/champ_msgs/champ_msgs/msg/pid.hpp
[35.152s] -- Symlinking: /home/ming/ros2_ws/src/install/champ_msgs/include/champ_msgs/champ_msgs/msg/point.hpp
[35.170s] -- Symlinking: /home/ming/ros2_ws/src/install/champ_msgs/include/champ_msgs/champ_msgs/msg/point_array.hpp
[35.191s] -- Symlinking: /home/ming/ros2_ws/src/install/champ_msgs/include/champ_msgs/champ_msgs/msg/pose.hpp
[35.220s] -- Symlinking: /home/ming/ros2_ws/src/install/champ_msgs/include/champ_msgs/champ_msgs/msg/rosidl_generator_cpp__visibility_control.hpp
[35.237s] -- Symlinking: /home/ming/ros2_ws/src/install/champ_msgs/include/champ_msgs/champ_msgs/msg/velocities.hpp
[35.258s] -- Symlinking: /home/ming/ros2_ws/src/install/champ_msgs/include/champ_msgs/champ_msgs/msg/detail/contacts__rosidl_typesupport_fastrtps_cpp.hpp
[35.277s] -- Symlinking: /home/ming/ros2_ws/src/install/champ_msgs/include/champ_msgs/champ_msgs/msg/detail/contacts_stamped__rosidl_typesupport_fastrtps_cpp.hpp
[35.297s] -- Symlinking: /home/ming/ros2_ws/src/install/champ_msgs/include/champ_msgs/champ_msgs/msg/detail/imu__rosidl_typesupport_fastrtps_cpp.hpp
[35.331s] -- Symlinking: /home/ming/ros2_ws/src/install/champ_msgs/include/champ_msgs/champ_msgs/msg/detail/joints__rosidl_typesupport_fastrtps_cpp.hpp
[35.350s] -- Symlinking: /home/ming/ros2_ws/src/install/champ_msgs/include/champ_msgs/champ_msgs/msg/detail/pid__rosidl_typesupport_fastrtps_cpp.hpp
[35.372s] -- Symlinking: /home/ming/ros2_ws/src/install/champ_msgs/include/champ_msgs/champ_msgs/msg/detail/point__rosidl_typesupport_fastrtps_cpp.hpp
[35.391s] -- Symlinking: /home/ming/ros2_ws/src/install/champ_msgs/include/champ_msgs/champ_msgs/msg/detail/point_array__rosidl_typesupport_fastrtps_cpp.hpp
[35.427s] -- Symlinking: /home/ming/ros2_ws/src/install/champ_msgs/include/champ_msgs/champ_msgs/msg/detail/pose__rosidl_typesupport_fastrtps_cpp.hpp
[35.473s] -- Symlinking: /home/ming/ros2_ws/src/install/champ_msgs/include/champ_msgs/champ_msgs/msg/detail/velocities__rosidl_typesupport_fastrtps_cpp.hpp
[35.509s] -- Symlinking: /home/ming/ros2_ws/src/install/champ_msgs/include/champ_msgs/champ_msgs/msg/rosidl_typesupport_fastrtps_cpp__visibility_control.h
[35.538s] -- Symlinking: /home/ming/ros2_ws/src/install/champ_msgs/include/champ_msgs/champ_msgs/msg/detail/contacts__rosidl_typesupport_introspection_cpp.hpp
[35.570s] -- Symlinking: /home/ming/ros2_ws/src/install/champ_msgs/include/champ_msgs/champ_msgs/msg/detail/contacts_stamped__rosidl_typesupport_introspection_cpp.hpp
[35.598s] -- Symlinking: /home/ming/ros2_ws/src/install/champ_msgs/include/champ_msgs/champ_msgs/msg/detail/imu__rosidl_typesupport_introspection_cpp.hpp
[35.642s] -- Symlinking: /home/ming/ros2_ws/src/install/champ_msgs/include/champ_msgs/champ_msgs/msg/detail/joints__rosidl_typesupport_introspection_cpp.hpp
[35.704s] -- Symlinking: /home/ming/ros2_ws/src/install/champ_msgs/include/champ_msgs/champ_msgs/msg/detail/pid__rosidl_typesupport_introspection_cpp.hpp
[35.742s] -- Symlinking: /home/ming/ros2_ws/src/install/champ_msgs/include/champ_msgs/champ_msgs/msg/detail/point__rosidl_typesupport_introspection_cpp.hpp
[35.759s] -- Symlinking: /home/ming/ros2_ws/src/install/champ_msgs/include/champ_msgs/champ_msgs/msg/detail/point_array__rosidl_typesupport_introspection_cpp.hpp
[35.789s] -- Symlinking: /home/ming/ros2_ws/src/install/champ_msgs/include/champ_msgs/champ_msgs/msg/detail/pose__rosidl_typesupport_introspection_cpp.hpp
[35.842s] -- Symlinking: /home/ming/ros2_ws/src/install/champ_msgs/include/champ_msgs/champ_msgs/msg/detail/velocities__rosidl_typesupport_introspection_cpp.hpp
[35.879s] -- Symlinking: /home/ming/ros2_ws/src/install/champ_msgs/share/champ_msgs/environment/pythonpath.sh
[35.910s] -- Symlinking: /home/ming/ros2_ws/src/install/champ_msgs/share/champ_msgs/environment/pythonpath.dsv
[35.943s] -- Symlinking: /home/ming/ros2_ws/src/install/champ_msgs/local/lib/python3.10/dist-packages/champ_msgs-0.1.0-py3.10.egg-info/PKG-INFO
[35.965s] -- Symlinking: /home/ming/ros2_ws/src/install/champ_msgs/local/lib/python3.10/dist-packages/champ_msgs-0.1.0-py3.10.egg-info/SOURCES.txt
[35.985s] -- Symlinking: /home/ming/ros2_ws/src/install/champ_msgs/local/lib/python3.10/dist-packages/champ_msgs-0.1.0-py3.10.egg-info/dependency_links.txt
[36.025s] -- Symlinking: /home/ming/ros2_ws/src/install/champ_msgs/local/lib/python3.10/dist-packages/champ_msgs-0.1.0-py3.10.egg-info/top_level.txt
[36.050s] -- Symlinking: /home/ming/ros2_ws/src/install/champ_msgs/local/lib/python3.10/dist-packages/champ_msgs/__init__.py
[36.071s] -- Symlinking: /home/ming/ros2_ws/src/install/champ_msgs/local/lib/python3.10/dist-packages/champ_msgs/_champ_msgs_s.ep.rosidl_typesupport_c.c
[36.091s] -- Symlinking: /home/ming/ros2_ws/src/install/champ_msgs/local/lib/python3.10/dist-packages/champ_msgs/_champ_msgs_s.ep.rosidl_typesupport_fastrtps_c.c
[36.124s] -- Symlinking: /home/ming/ros2_ws/src/install/champ_msgs/local/lib/python3.10/dist-packages/champ_msgs/_champ_msgs_s.ep.rosidl_typesupport_introspection_c.c
[36.142s] -- Symlinking: /home/ming/ros2_ws/src/install/champ_msgs/local/lib/python3.10/dist-packages/champ_msgs/champ_msgs_s__rosidl_typesupport_c.cpython-310-aarch64-linux-gnu.so
[36.160s] -- Symlinking: /home/ming/ros2_ws/src/install/champ_msgs/local/lib/python3.10/dist-packages/champ_msgs/champ_msgs_s__rosidl_typesupport_fastrtps_c.cpython-310-aarch64-linux-gnu.so
[36.180s] -- Symlinking: /home/ming/ros2_ws/src/install/champ_msgs/local/lib/python3.10/dist-packages/champ_msgs/champ_msgs_s__rosidl_typesupport_introspection_c.cpython-310-aarch64-linux-gnu.so
[36.202s] -- Symlinking: /home/ming/ros2_ws/src/install/champ_msgs/local/lib/python3.10/dist-packages/champ_msgs/libchamp_msgs__rosidl_generator_py.so
[36.238s] -- Symlinking: /home/ming/ros2_ws/src/install/champ_msgs/local/lib/python3.10/dist-packages/champ_msgs/msg/__init__.py
[36.273s] -- Symlinking: /home/ming/ros2_ws/src/install/champ_msgs/local/lib/python3.10/dist-packages/champ_msgs/msg/_contacts.py
[36.308s] -- Symlinking: /home/ming/ros2_ws/src/install/champ_msgs/local/lib/python3.10/dist-packages/champ_msgs/msg/_contacts_s.c
[36.333s] -- Symlinking: /home/ming/ros2_ws/src/install/champ_msgs/local/lib/python3.10/dist-packages/champ_msgs/msg/_contacts_stamped.py
[36.365s] -- Symlinking: /home/ming/ros2_ws/src/install/champ_msgs/local/lib/python3.10/dist-packages/champ_msgs/msg/_contacts_stamped_s.c
[36.393s] -- Symlinking: /home/ming/ros2_ws/src/install/champ_msgs/local/lib/python3.10/dist-packages/champ_msgs/msg/_imu.py
[36.417s] -- Symlinking: /home/ming/ros2_ws/src/install/champ_msgs/local/lib/python3.10/dist-packages/champ_msgs/msg/_imu_s.c
[36.450s] -- Symlinking: /home/ming/ros2_ws/src/install/champ_msgs/local/lib/python3.10/dist-packages/champ_msgs/msg/_joints.py
[36.467s] -- Symlinking: /home/ming/ros2_ws/src/install/champ_msgs/local/lib/python3.10/dist-packages/champ_msgs/msg/_joints_s.c
[36.484s] -- Symlinking: /home/ming/ros2_ws/src/install/champ_msgs/local/lib/python3.10/dist-packages/champ_msgs/msg/_pid.py
[36.501s] -- Symlinking: /home/ming/ros2_ws/src/install/champ_msgs/local/lib/python3.10/dist-packages/champ_msgs/msg/_pid_s.c
[36.519s] -- Symlinking: /home/ming/ros2_ws/src/install/champ_msgs/local/lib/python3.10/dist-packages/champ_msgs/msg/_point.py
[36.537s] -- Symlinking: /home/ming/ros2_ws/src/install/champ_msgs/local/lib/python3.10/dist-packages/champ_msgs/msg/_point_array.py
[36.554s] -- Symlinking: /home/ming/ros2_ws/src/install/champ_msgs/local/lib/python3.10/dist-packages/champ_msgs/msg/_point_array_s.c
[36.571s] -- Symlinking: /home/ming/ros2_ws/src/install/champ_msgs/local/lib/python3.10/dist-packages/champ_msgs/msg/_point_s.c
[36.593s] -- Symlinking: /home/ming/ros2_ws/src/install/champ_msgs/local/lib/python3.10/dist-packages/champ_msgs/msg/_pose.py
[36.611s] -- Symlinking: /home/ming/ros2_ws/src/install/champ_msgs/local/lib/python3.10/dist-packages/champ_msgs/msg/_pose_s.c
[36.628s] -- Symlinking: /home/ming/ros2_ws/src/install/champ_msgs/local/lib/python3.10/dist-packages/champ_msgs/msg/_velocities.py
[36.651s] -- Symlinking: /home/ming/ros2_ws/src/install/champ_msgs/local/lib/python3.10/dist-packages/champ_msgs/msg/_velocities_s.c
[36.684s] -- Up-to-date symlink: /home/ming/ros2_ws/src/install/champ_msgs/local/lib/python3.10/dist-packages/champ_msgs/champ_msgs_s__rosidl_typesupport_fastrtps_c.cpython-310-aarch64-linux-gnu.so
[36.688s] -- Up-to-date symlink: /home/ming/ros2_ws/src/install/champ_msgs/local/lib/python3.10/dist-packages/champ_msgs/champ_msgs_s__rosidl_typesupport_introspection_c.cpython-310-aarch64-linux-gnu.so
[36.688s] -- Up-to-date symlink: /home/ming/ros2_ws/src/install/champ_msgs/local/lib/python3.10/dist-packages/champ_msgs/champ_msgs_s__rosidl_typesupport_c.cpython-310-aarch64-linux-gnu.so
[36.689s] -- Symlinking: /home/ming/ros2_ws/src/install/champ_msgs/share/champ_msgs/msg/Velocities.idl
[36.726s] -- Symlinking: /home/ming/ros2_ws/src/install/champ_msgs/share/champ_msgs/msg/PID.idl
[36.750s] -- Symlinking: /home/ming/ros2_ws/src/install/champ_msgs/share/champ_msgs/msg/Imu.idl
[36.768s] -- Symlinking: /home/ming/ros2_ws/src/install/champ_msgs/share/champ_msgs/msg/Point.idl
[36.792s] -- Symlinking: /home/ming/ros2_ws/src/install/champ_msgs/share/champ_msgs/msg/PointArray.idl
[36.820s] -- Symlinking: /home/ming/ros2_ws/src/install/champ_msgs/share/champ_msgs/msg/Joints.idl
[36.846s] -- Symlinking: /home/ming/ros2_ws/src/install/champ_msgs/share/champ_msgs/msg/Contacts.idl
[36.866s] -- Symlinking: /home/ming/ros2_ws/src/install/champ_msgs/share/champ_msgs/msg/ContactsStamped.idl
[36.884s] -- Symlinking: /home/ming/ros2_ws/src/install/champ_msgs/share/champ_msgs/msg/Pose.idl
[36.901s] -- Symlinking: /home/ming/ros2_ws/src/install/champ_msgs/share/champ_msgs/msg/Velocities.msg
[36.919s] -- Symlinking: /home/ming/ros2_ws/src/install/champ_msgs/share/champ_msgs/msg/PID.msg
[36.948s] -- Symlinking: /home/ming/ros2_ws/src/install/champ_msgs/share/champ_msgs/msg/Imu.msg
[36.981s] -- Symlinking: /home/ming/ros2_ws/src/install/champ_msgs/share/champ_msgs/msg/Point.msg
[37.032s] -- Symlinking: /home/ming/ros2_ws/src/install/champ_msgs/share/champ_msgs/msg/PointArray.msg
[37.072s] -- Symlinking: /home/ming/ros2_ws/src/install/champ_msgs/share/champ_msgs/msg/Joints.msg
[37.106s] -- Symlinking: /home/ming/ros2_ws/src/install/champ_msgs/share/champ_msgs/msg/Contacts.msg
[37.137s] -- Symlinking: /home/ming/ros2_ws/src/install/champ_msgs/share/champ_msgs/msg/ContactsStamped.msg
[37.175s] -- Symlinking: /home/ming/ros2_ws/src/install/champ_msgs/share/champ_msgs/msg/Pose.msg
[37.201s] -- Symlinking: /home/ming/ros2_ws/src/install/champ_msgs/share/ament_index/resource_index/package_run_dependencies/champ_msgs
[37.219s] -- Symlinking: /home/ming/ros2_ws/src/install/champ_msgs/share/ament_index/resource_index/parent_prefix_path/champ_msgs
[37.243s] -- Symlinking: /home/ming/ros2_ws/src/install/champ_msgs/share/champ_msgs/environment/ament_prefix_path.sh
[37.264s] -- Symlinking: /home/ming/ros2_ws/src/install/champ_msgs/share/champ_msgs/environment/ament_prefix_path.dsv
[37.283s] -- Symlinking: /home/ming/ros2_ws/src/install/champ_msgs/share/champ_msgs/environment/path.sh
[37.322s] -- Symlinking: /home/ming/ros2_ws/src/install/champ_msgs/share/champ_msgs/environment/path.dsv
[37.378s] -- Symlinking: /home/ming/ros2_ws/src/install/champ_msgs/share/champ_msgs/local_setup.bash
[37.399s] -- Symlinking: /home/ming/ros2_ws/src/install/champ_msgs/share/champ_msgs/local_setup.sh
[37.420s] -- Symlinking: /home/ming/ros2_ws/src/install/champ_msgs/share/champ_msgs/local_setup.zsh
[37.442s] -- Symlinking: /home/ming/ros2_ws/src/install/champ_msgs/share/champ_msgs/local_setup.dsv
[37.461s] -- Symlinking: /home/ming/ros2_ws/src/install/champ_msgs/share/champ_msgs/package.dsv
[37.481s] -- Symlinking: /home/ming/ros2_ws/src/install/champ_msgs/share/ament_index/resource_index/packages/champ_msgs
[37.505s] -- Symlinking: /home/ming/ros2_ws/src/install/champ_msgs/share/champ_msgs/cmake/rosidl_cmake-extras.cmake
[37.523s] -- Symlinking: /home/ming/ros2_ws/src/install/champ_msgs/share/champ_msgs/cmake/ament_cmake_export_dependencies-extras.cmake
[37.540s] -- Symlinking: /home/ming/ros2_ws/src/install/champ_msgs/share/champ_msgs/cmake/ament_cmake_export_include_directories-extras.cmake
[37.559s] -- Symlinking: /home/ming/ros2_ws/src/install/champ_msgs/share/champ_msgs/cmake/ament_cmake_export_libraries-extras.cmake
[37.577s] -- Symlinking: /home/ming/ros2_ws/src/install/champ_msgs/share/champ_msgs/cmake/ament_cmake_export_targets-extras.cmake
[37.596s] -- Symlinking: /home/ming/ros2_ws/src/install/champ_msgs/share/champ_msgs/cmake/rosidl_cmake_export_typesupport_targets-extras.cmake
[37.613s] -- Symlinking: /home/ming/ros2_ws/src/install/champ_msgs/share/champ_msgs/cmake/rosidl_cmake_export_typesupport_libraries-extras.cmake
[37.630s] -- Symlinking: /home/ming/ros2_ws/src/install/champ_msgs/share/champ_msgs/cmake/champ_msgsConfig.cmake
[37.647s] -- Symlinking: /home/ming/ros2_ws/src/install/champ_msgs/share/champ_msgs/cmake/champ_msgsConfig-version.cmake
[37.666s] -- Symlinking: /home/ming/ros2_ws/src/install/champ_msgs/share/champ_msgs/package.xml
[37.685s] -- Installing: /home/ming/ros2_ws/src/install/champ_msgs/lib/libchamp_msgs__rosidl_generator_c.so
[37.687s] -- Set runtime path of "/home/ming/ros2_ws/src/install/champ_msgs/lib/libchamp_msgs__rosidl_generator_c.so" to ""
[37.687s] -- Installing: /home/ming/ros2_ws/src/install/champ_msgs/lib/libchamp_msgs__rosidl_typesupport_fastrtps_c.so
[37.688s] -- Set runtime path of "/home/ming/ros2_ws/src/install/champ_msgs/lib/libchamp_msgs__rosidl_typesupport_fastrtps_c.so" to ""
[37.689s] -- Installing: /home/ming/ros2_ws/src/install/champ_msgs/lib/libchamp_msgs__rosidl_typesupport_introspection_c.so
[37.690s] -- Set runtime path of "/home/ming/ros2_ws/src/install/champ_msgs/lib/libchamp_msgs__rosidl_typesupport_introspection_c.so" to ""
[37.690s] -- Installing: /home/ming/ros2_ws/src/install/champ_msgs/lib/libchamp_msgs__rosidl_typesupport_c.so
[37.691s] -- Set runtime path of "/home/ming/ros2_ws/src/install/champ_msgs/lib/libchamp_msgs__rosidl_typesupport_c.so" to ""
[37.692s] -- Installing: /home/ming/ros2_ws/src/install/champ_msgs/lib/libchamp_msgs__rosidl_typesupport_fastrtps_cpp.so
[37.693s] -- Set runtime path of "/home/ming/ros2_ws/src/install/champ_msgs/lib/libchamp_msgs__rosidl_typesupport_fastrtps_cpp.so" to ""
[37.694s] -- Installing: /home/ming/ros2_ws/src/install/champ_msgs/lib/libchamp_msgs__rosidl_typesupport_introspection_cpp.so
[37.695s] -- Set runtime path of "/home/ming/ros2_ws/src/install/champ_msgs/lib/libchamp_msgs__rosidl_typesupport_introspection_cpp.so" to ""
[37.695s] -- Installing: /home/ming/ros2_ws/src/install/champ_msgs/lib/libchamp_msgs__rosidl_typesupport_cpp.so
[37.696s] -- Set runtime path of "/home/ming/ros2_ws/src/install/champ_msgs/lib/libchamp_msgs__rosidl_typesupport_cpp.so" to ""
[37.817s] Listing '/home/ming/ros2_ws/src/install/champ_msgs/local/lib/python3.10/dist-packages/champ_msgs'...
[37.818s] Compiling '/home/ming/ros2_ws/src/install/champ_msgs/local/lib/python3.10/dist-packages/champ_msgs/__init__.py'...
[37.818s] Listing '/home/ming/ros2_ws/src/install/champ_msgs/local/lib/python3.10/dist-packages/champ_msgs/msg'...
[37.818s] Compiling '/home/ming/ros2_ws/src/install/champ_msgs/local/lib/python3.10/dist-packages/champ_msgs/msg/__init__.py'...
[37.818s] Compiling '/home/ming/ros2_ws/src/install/champ_msgs/local/lib/python3.10/dist-packages/champ_msgs/msg/_contacts.py'...
[37.818s] Compiling '/home/ming/ros2_ws/src/install/champ_msgs/local/lib/python3.10/dist-packages/champ_msgs/msg/_contacts_stamped.py'...
[37.818s] Compiling '/home/ming/ros2_ws/src/install/champ_msgs/local/lib/python3.10/dist-packages/champ_msgs/msg/_imu.py'...
[37.818s] Compiling '/home/ming/ros2_ws/src/install/champ_msgs/local/lib/python3.10/dist-packages/champ_msgs/msg/_joints.py'...
[37.818s] Compiling '/home/ming/ros2_ws/src/install/champ_msgs/local/lib/python3.10/dist-packages/champ_msgs/msg/_pid.py'...
[37.818s] Compiling '/home/ming/ros2_ws/src/install/champ_msgs/local/lib/python3.10/dist-packages/champ_msgs/msg/_point.py'...
[37.819s] Compiling '/home/ming/ros2_ws/src/install/champ_msgs/local/lib/python3.10/dist-packages/champ_msgs/msg/_point_array.py'...
[37.819s] Compiling '/home/ming/ros2_ws/src/install/champ_msgs/local/lib/python3.10/dist-packages/champ_msgs/msg/_pose.py'...
[37.819s] Compiling '/home/ming/ros2_ws/src/install/champ_msgs/local/lib/python3.10/dist-packages/champ_msgs/msg/_velocities.py'...
[37.842s] -- Installing: /home/ming/ros2_ws/src/install/champ_msgs/lib/libchamp_msgs__rosidl_generator_py.so
[37.844s] -- Set runtime path of "/home/ming/ros2_ws/src/install/champ_msgs/lib/libchamp_msgs__rosidl_generator_py.so" to ""
[37.844s] -- Installing: /home/ming/ros2_ws/src/install/champ_msgs/share/champ_msgs/cmake/export_champ_msgs__rosidl_generator_cExport.cmake
[37.845s] -- Installing: /home/ming/ros2_ws/src/install/champ_msgs/share/champ_msgs/cmake/export_champ_msgs__rosidl_generator_cExport-noconfig.cmake
[37.846s] -- Installing: /home/ming/ros2_ws/src/install/champ_msgs/share/champ_msgs/cmake/export_champ_msgs__rosidl_typesupport_fastrtps_cExport.cmake
[37.847s] -- Installing: /home/ming/ros2_ws/src/install/champ_msgs/share/champ_msgs/cmake/export_champ_msgs__rosidl_typesupport_fastrtps_cExport-noconfig.cmake
[37.847s] -- Installing: /home/ming/ros2_ws/src/install/champ_msgs/share/champ_msgs/cmake/champ_msgs__rosidl_typesupport_introspection_cExport.cmake
[37.854s] -- Installing: /home/ming/ros2_ws/src/install/champ_msgs/share/champ_msgs/cmake/champ_msgs__rosidl_typesupport_introspection_cExport-noconfig.cmake
[37.862s] -- Installing: /home/ming/ros2_ws/src/install/champ_msgs/share/champ_msgs/cmake/champ_msgs__rosidl_typesupport_cExport.cmake
[37.862s] -- Installing: /home/ming/ros2_ws/src/install/champ_msgs/share/champ_msgs/cmake/champ_msgs__rosidl_typesupport_cExport-noconfig.cmake
[37.862s] -- Installing: /home/ming/ros2_ws/src/install/champ_msgs/share/champ_msgs/cmake/export_champ_msgs__rosidl_generator_cppExport.cmake
[37.863s] -- Installing: /home/ming/ros2_ws/src/install/champ_msgs/share/champ_msgs/cmake/export_champ_msgs__rosidl_typesupport_fastrtps_cppExport.cmake
[37.863s] -- Installing: /home/ming/ros2_ws/src/install/champ_msgs/share/champ_msgs/cmake/export_champ_msgs__rosidl_typesupport_fastrtps_cppExport-noconfig.cmake
[37.863s] -- Installing: /home/ming/ros2_ws/src/install/champ_msgs/share/champ_msgs/cmake/champ_msgs__rosidl_typesupport_introspection_cppExport.cmake
[37.863s] -- Installing: /home/ming/ros2_ws/src/install/champ_msgs/share/champ_msgs/cmake/champ_msgs__rosidl_typesupport_introspection_cppExport-noconfig.cmake
[37.863s] -- Installing: /home/ming/ros2_ws/src/install/champ_msgs/share/champ_msgs/cmake/champ_msgs__rosidl_typesupport_cppExport.cmake
[37.863s] -- Installing: /home/ming/ros2_ws/src/install/champ_msgs/share/champ_msgs/cmake/champ_msgs__rosidl_typesupport_cppExport-noconfig.cmake
[37.868s] -- Installing: /home/ming/ros2_ws/src/install/champ_msgs/share/champ_msgs/cmake/export_champ_msgs__rosidl_generator_pyExport.cmake
[37.869s] -- Installing: /home/ming/ros2_ws/src/install/champ_msgs/share/champ_msgs/cmake/export_champ_msgs__rosidl_generator_pyExport-noconfig.cmake
[37.898s] Invoked command in '/home/ming/ros2_ws/src/build/champ_msgs' returned '0': CMAKE_PREFIX_PATH=${CMAKE_PREFIX_PATH}:/home/ming/ros2_ws/install/speech_processor:/home/ming/ros2_ws/install/lidar_processor:/home/ming/ros2_ws/install/go2_robot_sdk:/home/ming/ros2_ws/install/coco_detector:/opt/ros/humble /usr/bin/cmake --install /home/ming/ros2_ws/src/build/champ_msgs
