[0.221s] DEBUG:colcon:Command line arguments: ['/usr/bin/colcon', 'build', '--packages-select', 'champ_base', 'unitree_go2_sim']
[0.221s] DEBUG:colcon:Parsed command line arguments: Namespace(log_base=None, log_level=None, verb_name='build', build_base='build', install_base='install', merge_install=False, symlink_install=False, test_result_base=None, continue_on_error=False, executor='parallel', parallel_workers=6, event_handlers=None, ignore_user_meta=False, metas=['./colcon.meta'], base_paths=['.'], packages_ignore=None, packages_ignore_regex=None, paths=None, packages_up_to=None, packages_up_to_regex=None, packages_above=None, packages_above_and_dependencies=None, packages_above_depth=None, packages_select_by_dep=None, packages_skip_by_dep=None, packages_skip_up_to=None, packages_select_build_failed=False, packages_skip_build_finished=False, packages_select_test_failures=False, packages_skip_test_passed=False, packages_select=['champ_base', 'unitree_go2_sim'], packages_skip=None, packages_select_regex=None, packages_skip_regex=None, packages_start=None, packages_end=None, allow_overriding=[], cmake_args=None, cmake_target=None, cmake_target_skip_unavailable=False, cmake_clean_cache=False, cmake_clean_first=False, cmake_force_configure=False, ament_cmake_args=None, catkin_cmake_args=None, catkin_skip_building_tests=False, verb_parser=<colcon_defaults.argument_parser.defaults.DefaultArgumentsDecorator object at 0xffffaeca9de0>, verb_extension=<colcon_core.verb.build.BuildVerb object at 0xffffaeca9840>, main=<bound method BuildVerb.main of <colcon_core.verb.build.BuildVerb object at 0xffffaeca9840>>)
[0.560s] Level 1:colcon.colcon_core.package_discovery:discover_packages(colcon_meta) check parameters
[0.561s] Level 1:colcon.colcon_core.package_discovery:discover_packages(recursive) check parameters
[0.561s] Level 1:colcon.colcon_core.package_discovery:discover_packages(ignore) check parameters
[0.561s] Level 1:colcon.colcon_core.package_discovery:discover_packages(path) check parameters
[0.561s] Level 1:colcon.colcon_core.package_discovery:discover_packages(colcon_meta) discover
[0.561s] Level 1:colcon.colcon_core.package_discovery:discover_packages(recursive) discover
[0.561s] INFO:colcon.colcon_core.package_discovery:Crawling recursively for packages in '/home/ming/ros2_ws'
[0.561s] Level 1:colcon.colcon_core.package_identification:_identify(.) by extensions ['ignore', 'ignore_ament_install']
[0.562s] Level 1:colcon.colcon_core.package_identification:_identify(.) by extension 'ignore'
[0.562s] Level 1:colcon.colcon_core.package_identification:_identify(.) by extension 'ignore_ament_install'
[0.562s] Level 1:colcon.colcon_core.package_identification:_identify(.) by extensions ['colcon_pkg']
[0.562s] Level 1:colcon.colcon_core.package_identification:_identify(.) by extension 'colcon_pkg'
[0.562s] Level 1:colcon.colcon_core.package_identification:_identify(.) by extensions ['colcon_meta']
[0.562s] Level 1:colcon.colcon_core.package_identification:_identify(.) by extension 'colcon_meta'
[0.562s] Level 1:colcon.colcon_core.package_identification:_identify(.) by extensions ['ros']
[0.562s] Level 1:colcon.colcon_core.package_identification:_identify(.) by extension 'ros'
[0.582s] Level 1:colcon.colcon_core.package_identification:_identify(.) by extensions ['cmake', 'python']
[0.582s] Level 1:colcon.colcon_core.package_identification:_identify(.) by extension 'cmake'
[0.582s] Level 1:colcon.colcon_core.package_identification:_identify(.) by extension 'python'
[0.583s] Level 1:colcon.colcon_core.package_identification:_identify(.) by extensions ['python_setup_py']
[0.583s] Level 1:colcon.colcon_core.package_identification:_identify(.) by extension 'python_setup_py'
[0.583s] Level 1:colcon.colcon_core.package_identification:_identify(build) by extensions ['ignore', 'ignore_ament_install']
[0.583s] Level 1:colcon.colcon_core.package_identification:_identify(build) by extension 'ignore'
[0.583s] Level 1:colcon.colcon_core.package_identification:_identify(build) ignored
[0.583s] Level 1:colcon.colcon_core.package_identification:_identify(install) by extensions ['ignore', 'ignore_ament_install']
[0.584s] Level 1:colcon.colcon_core.package_identification:_identify(install) by extension 'ignore'
[0.584s] Level 1:colcon.colcon_core.package_identification:_identify(install) ignored
[0.584s] Level 1:colcon.colcon_core.package_identification:_identify(log) by extensions ['ignore', 'ignore_ament_install']
[0.584s] Level 1:colcon.colcon_core.package_identification:_identify(log) by extension 'ignore'
[0.584s] Level 1:colcon.colcon_core.package_identification:_identify(log) ignored
[0.584s] Level 1:colcon.colcon_core.package_identification:_identify(src) by extensions ['ignore', 'ignore_ament_install']
[0.585s] Level 1:colcon.colcon_core.package_identification:_identify(src) by extension 'ignore'
[0.585s] Level 1:colcon.colcon_core.package_identification:_identify(src) by extension 'ignore_ament_install'
[0.585s] Level 1:colcon.colcon_core.package_identification:_identify(src) by extensions ['colcon_pkg']
[0.585s] Level 1:colcon.colcon_core.package_identification:_identify(src) by extension 'colcon_pkg'
[0.585s] Level 1:colcon.colcon_core.package_identification:_identify(src) by extensions ['colcon_meta']
[0.585s] Level 1:colcon.colcon_core.package_identification:_identify(src) by extension 'colcon_meta'
[0.585s] Level 1:colcon.colcon_core.package_identification:_identify(src) by extensions ['ros']
[0.585s] Level 1:colcon.colcon_core.package_identification:_identify(src) by extension 'ros'
[0.585s] Level 1:colcon.colcon_core.package_identification:_identify(src) by extensions ['cmake', 'python']
[0.585s] Level 1:colcon.colcon_core.package_identification:_identify(src) by extension 'cmake'
[0.585s] Level 1:colcon.colcon_core.package_identification:_identify(src) by extension 'python'
[0.586s] Level 1:colcon.colcon_core.package_identification:_identify(src) by extensions ['python_setup_py']
[0.586s] Level 1:colcon.colcon_core.package_identification:_identify(src) by extension 'python_setup_py'
[0.586s] Level 1:colcon.colcon_core.package_identification:_identify(src/build) by extensions ['ignore', 'ignore_ament_install']
[0.586s] Level 1:colcon.colcon_core.package_identification:_identify(src/build) by extension 'ignore'
[0.586s] Level 1:colcon.colcon_core.package_identification:_identify(src/build) ignored
[0.586s] Level 1:colcon.colcon_core.package_identification:_identify(src/coco_detector) by extensions ['ignore', 'ignore_ament_install']
[0.586s] Level 1:colcon.colcon_core.package_identification:_identify(src/coco_detector) by extension 'ignore'
[0.586s] Level 1:colcon.colcon_core.package_identification:_identify(src/coco_detector) by extension 'ignore_ament_install'
[0.586s] Level 1:colcon.colcon_core.package_identification:_identify(src/coco_detector) by extensions ['colcon_pkg']
[0.587s] Level 1:colcon.colcon_core.package_identification:_identify(src/coco_detector) by extension 'colcon_pkg'
[0.587s] Level 1:colcon.colcon_core.package_identification:_identify(src/coco_detector) by extensions ['colcon_meta']
[0.587s] Level 1:colcon.colcon_core.package_identification:_identify(src/coco_detector) by extension 'colcon_meta'
[0.587s] Level 1:colcon.colcon_core.package_identification:_identify(src/coco_detector) by extensions ['ros']
[0.587s] Level 1:colcon.colcon_core.package_identification:_identify(src/coco_detector) by extension 'ros'
[0.591s] DEBUG:colcon.colcon_core.package_identification:Package 'src/coco_detector' with type 'ros.ament_python' and name 'coco_detector'
[0.592s] Level 1:colcon.colcon_core.package_identification:_identify(src/docker) by extensions ['ignore', 'ignore_ament_install']
[0.592s] Level 1:colcon.colcon_core.package_identification:_identify(src/docker) by extension 'ignore'
[0.592s] Level 1:colcon.colcon_core.package_identification:_identify(src/docker) by extension 'ignore_ament_install'
[0.592s] Level 1:colcon.colcon_core.package_identification:_identify(src/docker) by extensions ['colcon_pkg']
[0.592s] Level 1:colcon.colcon_core.package_identification:_identify(src/docker) by extension 'colcon_pkg'
[0.592s] Level 1:colcon.colcon_core.package_identification:_identify(src/docker) by extensions ['colcon_meta']
[0.592s] Level 1:colcon.colcon_core.package_identification:_identify(src/docker) by extension 'colcon_meta'
[0.592s] Level 1:colcon.colcon_core.package_identification:_identify(src/docker) by extensions ['ros']
[0.593s] Level 1:colcon.colcon_core.package_identification:_identify(src/docker) by extension 'ros'
[0.593s] Level 1:colcon.colcon_core.package_identification:_identify(src/docker) by extensions ['cmake', 'python']
[0.593s] Level 1:colcon.colcon_core.package_identification:_identify(src/docker) by extension 'cmake'
[0.593s] Level 1:colcon.colcon_core.package_identification:_identify(src/docker) by extension 'python'
[0.593s] Level 1:colcon.colcon_core.package_identification:_identify(src/docker) by extensions ['python_setup_py']
[0.593s] Level 1:colcon.colcon_core.package_identification:_identify(src/docker) by extension 'python_setup_py'
[0.593s] Level 1:colcon.colcon_core.package_identification:_identify(src/docs) by extensions ['ignore', 'ignore_ament_install']
[0.593s] Level 1:colcon.colcon_core.package_identification:_identify(src/docs) by extension 'ignore'
[0.593s] Level 1:colcon.colcon_core.package_identification:_identify(src/docs) by extension 'ignore_ament_install'
[0.593s] Level 1:colcon.colcon_core.package_identification:_identify(src/docs) by extensions ['colcon_pkg']
[0.594s] Level 1:colcon.colcon_core.package_identification:_identify(src/docs) by extension 'colcon_pkg'
[0.594s] Level 1:colcon.colcon_core.package_identification:_identify(src/docs) by extensions ['colcon_meta']
[0.594s] Level 1:colcon.colcon_core.package_identification:_identify(src/docs) by extension 'colcon_meta'
[0.594s] Level 1:colcon.colcon_core.package_identification:_identify(src/docs) by extensions ['ros']
[0.594s] Level 1:colcon.colcon_core.package_identification:_identify(src/docs) by extension 'ros'
[0.594s] Level 1:colcon.colcon_core.package_identification:_identify(src/docs) by extensions ['cmake', 'python']
[0.594s] Level 1:colcon.colcon_core.package_identification:_identify(src/docs) by extension 'cmake'
[0.594s] Level 1:colcon.colcon_core.package_identification:_identify(src/docs) by extension 'python'
[0.594s] Level 1:colcon.colcon_core.package_identification:_identify(src/docs) by extensions ['python_setup_py']
[0.594s] Level 1:colcon.colcon_core.package_identification:_identify(src/docs) by extension 'python_setup_py'
[0.594s] Level 1:colcon.colcon_core.package_identification:_identify(src/go2_interfaces) by extensions ['ignore', 'ignore_ament_install']
[0.595s] Level 1:colcon.colcon_core.package_identification:_identify(src/go2_interfaces) by extension 'ignore'
[0.595s] Level 1:colcon.colcon_core.package_identification:_identify(src/go2_interfaces) by extension 'ignore_ament_install'
[0.595s] Level 1:colcon.colcon_core.package_identification:_identify(src/go2_interfaces) by extensions ['colcon_pkg']
[0.595s] Level 1:colcon.colcon_core.package_identification:_identify(src/go2_interfaces) by extension 'colcon_pkg'
[0.595s] Level 1:colcon.colcon_core.package_identification:_identify(src/go2_interfaces) by extensions ['colcon_meta']
[0.595s] Level 1:colcon.colcon_core.package_identification:_identify(src/go2_interfaces) by extension 'colcon_meta'
[0.595s] Level 1:colcon.colcon_core.package_identification:_identify(src/go2_interfaces) by extensions ['ros']
[0.595s] Level 1:colcon.colcon_core.package_identification:_identify(src/go2_interfaces) by extension 'ros'
[0.596s] DEBUG:colcon.colcon_core.package_identification:Package 'src/go2_interfaces' with type 'ros.ament_cmake' and name 'go2_interfaces'
[0.596s] Level 1:colcon.colcon_core.package_identification:_identify(src/go2_navigation) by extensions ['ignore', 'ignore_ament_install']
[0.597s] Level 1:colcon.colcon_core.package_identification:_identify(src/go2_navigation) by extension 'ignore'
[0.597s] Level 1:colcon.colcon_core.package_identification:_identify(src/go2_navigation) by extension 'ignore_ament_install'
[0.597s] Level 1:colcon.colcon_core.package_identification:_identify(src/go2_navigation) by extensions ['colcon_pkg']
[0.597s] Level 1:colcon.colcon_core.package_identification:_identify(src/go2_navigation) by extension 'colcon_pkg'
[0.597s] Level 1:colcon.colcon_core.package_identification:_identify(src/go2_navigation) by extensions ['colcon_meta']
[0.597s] Level 1:colcon.colcon_core.package_identification:_identify(src/go2_navigation) by extension 'colcon_meta'
[0.597s] Level 1:colcon.colcon_core.package_identification:_identify(src/go2_navigation) by extensions ['ros']
[0.597s] Level 1:colcon.colcon_core.package_identification:_identify(src/go2_navigation) by extension 'ros'
[0.599s] DEBUG:colcon.colcon_core.package_identification:Package 'src/go2_navigation' with type 'ros.ament_python' and name 'go2_navigation'
[0.599s] Level 1:colcon.colcon_core.package_identification:_identify(src/go2_robot_sdk) by extensions ['ignore', 'ignore_ament_install']
[0.599s] Level 1:colcon.colcon_core.package_identification:_identify(src/go2_robot_sdk) by extension 'ignore'
[0.599s] Level 1:colcon.colcon_core.package_identification:_identify(src/go2_robot_sdk) by extension 'ignore_ament_install'
[0.599s] Level 1:colcon.colcon_core.package_identification:_identify(src/go2_robot_sdk) by extensions ['colcon_pkg']
[0.599s] Level 1:colcon.colcon_core.package_identification:_identify(src/go2_robot_sdk) by extension 'colcon_pkg'
[0.599s] Level 1:colcon.colcon_core.package_identification:_identify(src/go2_robot_sdk) by extensions ['colcon_meta']
[0.599s] Level 1:colcon.colcon_core.package_identification:_identify(src/go2_robot_sdk) by extension 'colcon_meta'
[0.599s] Level 1:colcon.colcon_core.package_identification:_identify(src/go2_robot_sdk) by extensions ['ros']
[0.599s] Level 1:colcon.colcon_core.package_identification:_identify(src/go2_robot_sdk) by extension 'ros'
[0.601s] DEBUG:colcon.colcon_core.package_identification:Package 'src/go2_robot_sdk' with type 'ros.ament_python' and name 'go2_robot_sdk'
[0.601s] Level 1:colcon.colcon_core.package_identification:_identify(src/go2_unitree_bridge) by extensions ['ignore', 'ignore_ament_install']
[0.601s] Level 1:colcon.colcon_core.package_identification:_identify(src/go2_unitree_bridge) by extension 'ignore'
[0.602s] Level 1:colcon.colcon_core.package_identification:_identify(src/go2_unitree_bridge) by extension 'ignore_ament_install'
[0.602s] Level 1:colcon.colcon_core.package_identification:_identify(src/go2_unitree_bridge) by extensions ['colcon_pkg']
[0.602s] Level 1:colcon.colcon_core.package_identification:_identify(src/go2_unitree_bridge) by extension 'colcon_pkg'
[0.602s] Level 1:colcon.colcon_core.package_identification:_identify(src/go2_unitree_bridge) by extensions ['colcon_meta']
[0.602s] Level 1:colcon.colcon_core.package_identification:_identify(src/go2_unitree_bridge) by extension 'colcon_meta'
[0.602s] Level 1:colcon.colcon_core.package_identification:_identify(src/go2_unitree_bridge) by extensions ['ros']
[0.602s] Level 1:colcon.colcon_core.package_identification:_identify(src/go2_unitree_bridge) by extension 'ros'
[0.604s] DEBUG:colcon.colcon_core.package_identification:Package 'src/go2_unitree_bridge' with type 'ros.ament_python' and name 'go2_unitree_bridge'
[0.604s] Level 1:colcon.colcon_core.package_identification:_identify(src/install) by extensions ['ignore', 'ignore_ament_install']
[0.604s] Level 1:colcon.colcon_core.package_identification:_identify(src/install) by extension 'ignore'
[0.604s] Level 1:colcon.colcon_core.package_identification:_identify(src/install) ignored
[0.604s] Level 1:colcon.colcon_core.package_identification:_identify(src/launch) by extensions ['ignore', 'ignore_ament_install']
[0.604s] Level 1:colcon.colcon_core.package_identification:_identify(src/launch) by extension 'ignore'
[0.604s] Level 1:colcon.colcon_core.package_identification:_identify(src/launch) by extension 'ignore_ament_install'
[0.605s] Level 1:colcon.colcon_core.package_identification:_identify(src/launch) by extensions ['colcon_pkg']
[0.605s] Level 1:colcon.colcon_core.package_identification:_identify(src/launch) by extension 'colcon_pkg'
[0.605s] Level 1:colcon.colcon_core.package_identification:_identify(src/launch) by extensions ['colcon_meta']
[0.605s] Level 1:colcon.colcon_core.package_identification:_identify(src/launch) by extension 'colcon_meta'
[0.605s] Level 1:colcon.colcon_core.package_identification:_identify(src/launch) by extensions ['ros']
[0.605s] Level 1:colcon.colcon_core.package_identification:_identify(src/launch) by extension 'ros'
[0.605s] Level 1:colcon.colcon_core.package_identification:_identify(src/launch) by extensions ['cmake', 'python']
[0.605s] Level 1:colcon.colcon_core.package_identification:_identify(src/launch) by extension 'cmake'
[0.605s] Level 1:colcon.colcon_core.package_identification:_identify(src/launch) by extension 'python'
[0.605s] Level 1:colcon.colcon_core.package_identification:_identify(src/launch) by extensions ['python_setup_py']
[0.605s] Level 1:colcon.colcon_core.package_identification:_identify(src/launch) by extension 'python_setup_py'
[0.606s] Level 1:colcon.colcon_core.package_identification:_identify(src/launch/__pycache__) by extensions ['ignore', 'ignore_ament_install']
[0.606s] Level 1:colcon.colcon_core.package_identification:_identify(src/launch/__pycache__) by extension 'ignore'
[0.606s] Level 1:colcon.colcon_core.package_identification:_identify(src/launch/__pycache__) by extension 'ignore_ament_install'
[0.606s] Level 1:colcon.colcon_core.package_identification:_identify(src/launch/__pycache__) by extensions ['colcon_pkg']
[0.606s] Level 1:colcon.colcon_core.package_identification:_identify(src/launch/__pycache__) by extension 'colcon_pkg'
[0.606s] Level 1:colcon.colcon_core.package_identification:_identify(src/launch/__pycache__) by extensions ['colcon_meta']
[0.606s] Level 1:colcon.colcon_core.package_identification:_identify(src/launch/__pycache__) by extension 'colcon_meta'
[0.606s] Level 1:colcon.colcon_core.package_identification:_identify(src/launch/__pycache__) by extensions ['ros']
[0.606s] Level 1:colcon.colcon_core.package_identification:_identify(src/launch/__pycache__) by extension 'ros'
[0.606s] Level 1:colcon.colcon_core.package_identification:_identify(src/launch/__pycache__) by extensions ['cmake', 'python']
[0.606s] Level 1:colcon.colcon_core.package_identification:_identify(src/launch/__pycache__) by extension 'cmake'
[0.607s] Level 1:colcon.colcon_core.package_identification:_identify(src/launch/__pycache__) by extension 'python'
[0.607s] Level 1:colcon.colcon_core.package_identification:_identify(src/launch/__pycache__) by extensions ['python_setup_py']
[0.607s] Level 1:colcon.colcon_core.package_identification:_identify(src/launch/__pycache__) by extension 'python_setup_py'
[0.607s] Level 1:colcon.colcon_core.package_identification:_identify(src/lidar_processor) by extensions ['ignore', 'ignore_ament_install']
[0.607s] Level 1:colcon.colcon_core.package_identification:_identify(src/lidar_processor) by extension 'ignore'
[0.607s] Level 1:colcon.colcon_core.package_identification:_identify(src/lidar_processor) by extension 'ignore_ament_install'
[0.607s] Level 1:colcon.colcon_core.package_identification:_identify(src/lidar_processor) by extensions ['colcon_pkg']
[0.607s] Level 1:colcon.colcon_core.package_identification:_identify(src/lidar_processor) by extension 'colcon_pkg'
[0.607s] Level 1:colcon.colcon_core.package_identification:_identify(src/lidar_processor) by extensions ['colcon_meta']
[0.607s] Level 1:colcon.colcon_core.package_identification:_identify(src/lidar_processor) by extension 'colcon_meta'
[0.607s] Level 1:colcon.colcon_core.package_identification:_identify(src/lidar_processor) by extensions ['ros']
[0.607s] Level 1:colcon.colcon_core.package_identification:_identify(src/lidar_processor) by extension 'ros'
[0.609s] DEBUG:colcon.colcon_core.package_identification:Package 'src/lidar_processor' with type 'ros.ament_python' and name 'lidar_processor'
[0.609s] Level 1:colcon.colcon_core.package_identification:_identify(src/lidar_processor_cpp) by extensions ['ignore', 'ignore_ament_install']
[0.609s] Level 1:colcon.colcon_core.package_identification:_identify(src/lidar_processor_cpp) by extension 'ignore'
[0.609s] Level 1:colcon.colcon_core.package_identification:_identify(src/lidar_processor_cpp) by extension 'ignore_ament_install'
[0.609s] Level 1:colcon.colcon_core.package_identification:_identify(src/lidar_processor_cpp) by extensions ['colcon_pkg']
[0.609s] Level 1:colcon.colcon_core.package_identification:_identify(src/lidar_processor_cpp) by extension 'colcon_pkg'
[0.609s] Level 1:colcon.colcon_core.package_identification:_identify(src/lidar_processor_cpp) by extensions ['colcon_meta']
[0.609s] Level 1:colcon.colcon_core.package_identification:_identify(src/lidar_processor_cpp) by extension 'colcon_meta'
[0.610s] Level 1:colcon.colcon_core.package_identification:_identify(src/lidar_processor_cpp) by extensions ['ros']
[0.610s] Level 1:colcon.colcon_core.package_identification:_identify(src/lidar_processor_cpp) by extension 'ros'
[0.611s] DEBUG:colcon.colcon_core.package_identification:Package 'src/lidar_processor_cpp' with type 'ros.ament_cmake' and name 'lidar_processor_cpp'
[0.612s] Level 1:colcon.colcon_core.package_identification:_identify(src/log) by extensions ['ignore', 'ignore_ament_install']
[0.612s] Level 1:colcon.colcon_core.package_identification:_identify(src/log) by extension 'ignore'
[0.612s] Level 1:colcon.colcon_core.package_identification:_identify(src/log) ignored
[0.612s] Level 1:colcon.colcon_core.package_identification:_identify(src/speech_processor) by extensions ['ignore', 'ignore_ament_install']
[0.612s] Level 1:colcon.colcon_core.package_identification:_identify(src/speech_processor) by extension 'ignore'
[0.612s] Level 1:colcon.colcon_core.package_identification:_identify(src/speech_processor) by extension 'ignore_ament_install'
[0.612s] Level 1:colcon.colcon_core.package_identification:_identify(src/speech_processor) by extensions ['colcon_pkg']
[0.612s] Level 1:colcon.colcon_core.package_identification:_identify(src/speech_processor) by extension 'colcon_pkg'
[0.612s] Level 1:colcon.colcon_core.package_identification:_identify(src/speech_processor) by extensions ['colcon_meta']
[0.613s] Level 1:colcon.colcon_core.package_identification:_identify(src/speech_processor) by extension 'colcon_meta'
[0.613s] Level 1:colcon.colcon_core.package_identification:_identify(src/speech_processor) by extensions ['ros']
[0.613s] Level 1:colcon.colcon_core.package_identification:_identify(src/speech_processor) by extension 'ros'
[0.614s] DEBUG:colcon.colcon_core.package_identification:Package 'src/speech_processor' with type 'ros.ament_python' and name 'speech_processor'
[0.614s] Level 1:colcon.colcon_core.package_identification:_identify(src/unitree_go2) by extensions ['ignore', 'ignore_ament_install']
[0.614s] Level 1:colcon.colcon_core.package_identification:_identify(src/unitree_go2) by extension 'ignore'
[0.615s] Level 1:colcon.colcon_core.package_identification:_identify(src/unitree_go2) by extension 'ignore_ament_install'
[0.615s] Level 1:colcon.colcon_core.package_identification:_identify(src/unitree_go2) by extensions ['colcon_pkg']
[0.615s] Level 1:colcon.colcon_core.package_identification:_identify(src/unitree_go2) by extension 'colcon_pkg'
[0.615s] Level 1:colcon.colcon_core.package_identification:_identify(src/unitree_go2) by extensions ['colcon_meta']
[0.615s] Level 1:colcon.colcon_core.package_identification:_identify(src/unitree_go2) by extension 'colcon_meta'
[0.615s] Level 1:colcon.colcon_core.package_identification:_identify(src/unitree_go2) by extensions ['ros']
[0.615s] Level 1:colcon.colcon_core.package_identification:_identify(src/unitree_go2) by extension 'ros'
[0.615s] Level 1:colcon.colcon_core.package_identification:_identify(src/unitree_go2) by extensions ['cmake', 'python']
[0.615s] Level 1:colcon.colcon_core.package_identification:_identify(src/unitree_go2) by extension 'cmake'
[0.615s] Level 1:colcon.colcon_core.package_identification:_identify(src/unitree_go2) by extension 'python'
[0.615s] Level 1:colcon.colcon_core.package_identification:_identify(src/unitree_go2) by extensions ['python_setup_py']
[0.615s] Level 1:colcon.colcon_core.package_identification:_identify(src/unitree_go2) by extension 'python_setup_py'
[0.616s] Level 1:colcon.colcon_core.package_identification:_identify(src/unitree_go2/champ) by extensions ['ignore', 'ignore_ament_install']
[0.616s] Level 1:colcon.colcon_core.package_identification:_identify(src/unitree_go2/champ) by extension 'ignore'
[0.616s] Level 1:colcon.colcon_core.package_identification:_identify(src/unitree_go2/champ) by extension 'ignore_ament_install'
[0.616s] Level 1:colcon.colcon_core.package_identification:_identify(src/unitree_go2/champ) by extensions ['colcon_pkg']
[0.616s] Level 1:colcon.colcon_core.package_identification:_identify(src/unitree_go2/champ) by extension 'colcon_pkg'
[0.616s] Level 1:colcon.colcon_core.package_identification:_identify(src/unitree_go2/champ) by extensions ['colcon_meta']
[0.616s] Level 1:colcon.colcon_core.package_identification:_identify(src/unitree_go2/champ) by extension 'colcon_meta'
[0.616s] Level 1:colcon.colcon_core.package_identification:_identify(src/unitree_go2/champ) by extensions ['ros']
[0.616s] Level 1:colcon.colcon_core.package_identification:_identify(src/unitree_go2/champ) by extension 'ros'
[0.617s] DEBUG:colcon.colcon_core.package_identification:Package 'src/unitree_go2/champ' with type 'ros.ament_cmake' and name 'champ'
[0.617s] Level 1:colcon.colcon_core.package_identification:_identify(src/unitree_go2/champ_base) by extensions ['ignore', 'ignore_ament_install']
[0.617s] Level 1:colcon.colcon_core.package_identification:_identify(src/unitree_go2/champ_base) by extension 'ignore'
[0.618s] Level 1:colcon.colcon_core.package_identification:_identify(src/unitree_go2/champ_base) by extension 'ignore_ament_install'
[0.618s] Level 1:colcon.colcon_core.package_identification:_identify(src/unitree_go2/champ_base) by extensions ['colcon_pkg']
[0.618s] Level 1:colcon.colcon_core.package_identification:_identify(src/unitree_go2/champ_base) by extension 'colcon_pkg'
[0.618s] Level 1:colcon.colcon_core.package_identification:_identify(src/unitree_go2/champ_base) by extensions ['colcon_meta']
[0.618s] Level 1:colcon.colcon_core.package_identification:_identify(src/unitree_go2/champ_base) by extension 'colcon_meta'
[0.618s] Level 1:colcon.colcon_core.package_identification:_identify(src/unitree_go2/champ_base) by extensions ['ros']
[0.618s] Level 1:colcon.colcon_core.package_identification:_identify(src/unitree_go2/champ_base) by extension 'ros'
[0.620s] DEBUG:colcon.colcon_core.package_identification:Package 'src/unitree_go2/champ_base' with type 'ros.ament_cmake' and name 'champ_base'
[0.620s] Level 1:colcon.colcon_core.package_identification:_identify(src/unitree_go2/champ_msgs) by extensions ['ignore', 'ignore_ament_install']
[0.620s] Level 1:colcon.colcon_core.package_identification:_identify(src/unitree_go2/champ_msgs) by extension 'ignore'
[0.620s] Level 1:colcon.colcon_core.package_identification:_identify(src/unitree_go2/champ_msgs) by extension 'ignore_ament_install'
[0.621s] Level 1:colcon.colcon_core.package_identification:_identify(src/unitree_go2/champ_msgs) by extensions ['colcon_pkg']
[0.621s] Level 1:colcon.colcon_core.package_identification:_identify(src/unitree_go2/champ_msgs) by extension 'colcon_pkg'
[0.621s] Level 1:colcon.colcon_core.package_identification:_identify(src/unitree_go2/champ_msgs) by extensions ['colcon_meta']
[0.621s] Level 1:colcon.colcon_core.package_identification:_identify(src/unitree_go2/champ_msgs) by extension 'colcon_meta'
[0.621s] Level 1:colcon.colcon_core.package_identification:_identify(src/unitree_go2/champ_msgs) by extensions ['ros']
[0.621s] Level 1:colcon.colcon_core.package_identification:_identify(src/unitree_go2/champ_msgs) by extension 'ros'
[0.622s] DEBUG:colcon.colcon_core.package_identification:Package 'src/unitree_go2/champ_msgs' with type 'ros.ament_cmake' and name 'champ_msgs'
[0.622s] Level 1:colcon.colcon_core.package_identification:_identify(src/unitree_go2/docs) by extensions ['ignore', 'ignore_ament_install']
[0.622s] Level 1:colcon.colcon_core.package_identification:_identify(src/unitree_go2/docs) by extension 'ignore'
[0.622s] Level 1:colcon.colcon_core.package_identification:_identify(src/unitree_go2/docs) by extension 'ignore_ament_install'
[0.623s] Level 1:colcon.colcon_core.package_identification:_identify(src/unitree_go2/docs) by extensions ['colcon_pkg']
[0.623s] Level 1:colcon.colcon_core.package_identification:_identify(src/unitree_go2/docs) by extension 'colcon_pkg'
[0.623s] Level 1:colcon.colcon_core.package_identification:_identify(src/unitree_go2/docs) by extensions ['colcon_meta']
[0.623s] Level 1:colcon.colcon_core.package_identification:_identify(src/unitree_go2/docs) by extension 'colcon_meta'
[0.623s] Level 1:colcon.colcon_core.package_identification:_identify(src/unitree_go2/docs) by extensions ['ros']
[0.623s] Level 1:colcon.colcon_core.package_identification:_identify(src/unitree_go2/docs) by extension 'ros'
[0.623s] Level 1:colcon.colcon_core.package_identification:_identify(src/unitree_go2/docs) by extensions ['cmake', 'python']
[0.623s] Level 1:colcon.colcon_core.package_identification:_identify(src/unitree_go2/docs) by extension 'cmake'
[0.623s] Level 1:colcon.colcon_core.package_identification:_identify(src/unitree_go2/docs) by extension 'python'
[0.623s] Level 1:colcon.colcon_core.package_identification:_identify(src/unitree_go2/docs) by extensions ['python_setup_py']
[0.623s] Level 1:colcon.colcon_core.package_identification:_identify(src/unitree_go2/docs) by extension 'python_setup_py'
[0.624s] Level 1:colcon.colcon_core.package_identification:_identify(src/unitree_go2/unitree_go2_description) by extensions ['ignore', 'ignore_ament_install']
[0.624s] Level 1:colcon.colcon_core.package_identification:_identify(src/unitree_go2/unitree_go2_description) by extension 'ignore'
[0.624s] Level 1:colcon.colcon_core.package_identification:_identify(src/unitree_go2/unitree_go2_description) by extension 'ignore_ament_install'
[0.624s] Level 1:colcon.colcon_core.package_identification:_identify(src/unitree_go2/unitree_go2_description) by extensions ['colcon_pkg']
[0.624s] Level 1:colcon.colcon_core.package_identification:_identify(src/unitree_go2/unitree_go2_description) by extension 'colcon_pkg'
[0.624s] Level 1:colcon.colcon_core.package_identification:_identify(src/unitree_go2/unitree_go2_description) by extensions ['colcon_meta']
[0.624s] Level 1:colcon.colcon_core.package_identification:_identify(src/unitree_go2/unitree_go2_description) by extension 'colcon_meta'
[0.624s] Level 1:colcon.colcon_core.package_identification:_identify(src/unitree_go2/unitree_go2_description) by extensions ['ros']
[0.624s] Level 1:colcon.colcon_core.package_identification:_identify(src/unitree_go2/unitree_go2_description) by extension 'ros'
[0.625s] DEBUG:colcon.colcon_core.package_identification:Package 'src/unitree_go2/unitree_go2_description' with type 'ros.ament_cmake' and name 'unitree_go2_description'
[0.625s] Level 1:colcon.colcon_core.package_identification:_identify(src/unitree_go2/unitree_go2_sim) by extensions ['ignore', 'ignore_ament_install']
[0.625s] Level 1:colcon.colcon_core.package_identification:_identify(src/unitree_go2/unitree_go2_sim) by extension 'ignore'
[0.626s] Level 1:colcon.colcon_core.package_identification:_identify(src/unitree_go2/unitree_go2_sim) by extension 'ignore_ament_install'
[0.626s] Level 1:colcon.colcon_core.package_identification:_identify(src/unitree_go2/unitree_go2_sim) by extensions ['colcon_pkg']
[0.626s] Level 1:colcon.colcon_core.package_identification:_identify(src/unitree_go2/unitree_go2_sim) by extension 'colcon_pkg'
[0.626s] Level 1:colcon.colcon_core.package_identification:_identify(src/unitree_go2/unitree_go2_sim) by extensions ['colcon_meta']
[0.626s] Level 1:colcon.colcon_core.package_identification:_identify(src/unitree_go2/unitree_go2_sim) by extension 'colcon_meta'
[0.626s] Level 1:colcon.colcon_core.package_identification:_identify(src/unitree_go2/unitree_go2_sim) by extensions ['ros']
[0.626s] Level 1:colcon.colcon_core.package_identification:_identify(src/unitree_go2/unitree_go2_sim) by extension 'ros'
[0.629s] DEBUG:colcon.colcon_core.package_identification:Package 'src/unitree_go2/unitree_go2_sim' with type 'ros.ament_cmake' and name 'unitree_go2_sim'
[0.629s] Level 1:colcon.colcon_core.package_identification:_identify(tts_cache) by extensions ['ignore', 'ignore_ament_install']
[0.630s] Level 1:colcon.colcon_core.package_identification:_identify(tts_cache) by extension 'ignore'
[0.630s] Level 1:colcon.colcon_core.package_identification:_identify(tts_cache) by extension 'ignore_ament_install'
[0.630s] Level 1:colcon.colcon_core.package_identification:_identify(tts_cache) by extensions ['colcon_pkg']
[0.630s] Level 1:colcon.colcon_core.package_identification:_identify(tts_cache) by extension 'colcon_pkg'
[0.630s] Level 1:colcon.colcon_core.package_identification:_identify(tts_cache) by extensions ['colcon_meta']
[0.630s] Level 1:colcon.colcon_core.package_identification:_identify(tts_cache) by extension 'colcon_meta'
[0.630s] Level 1:colcon.colcon_core.package_identification:_identify(tts_cache) by extensions ['ros']
[0.630s] Level 1:colcon.colcon_core.package_identification:_identify(tts_cache) by extension 'ros'
[0.630s] Level 1:colcon.colcon_core.package_identification:_identify(tts_cache) by extensions ['cmake', 'python']
[0.630s] Level 1:colcon.colcon_core.package_identification:_identify(tts_cache) by extension 'cmake'
[0.630s] Level 1:colcon.colcon_core.package_identification:_identify(tts_cache) by extension 'python'
[0.631s] Level 1:colcon.colcon_core.package_identification:_identify(tts_cache) by extensions ['python_setup_py']
[0.631s] Level 1:colcon.colcon_core.package_identification:_identify(tts_cache) by extension 'python_setup_py'
[0.631s] Level 1:colcon.colcon_core.package_discovery:discover_packages(recursive) using defaults
[0.631s] Level 1:colcon.colcon_core.package_discovery:discover_packages(ignore) discover
[0.631s] Level 1:colcon.colcon_core.package_discovery:discover_packages(ignore) using defaults
[0.631s] Level 1:colcon.colcon_core.package_discovery:discover_packages(path) discover
[0.631s] Level 1:colcon.colcon_core.package_discovery:discover_packages(path) using defaults
[0.706s] INFO:colcon.colcon_core.package_selection:Skipping not selected package 'champ' in 'src/unitree_go2/champ'
[0.706s] INFO:colcon.colcon_core.package_selection:Skipping not selected package 'champ_msgs' in 'src/unitree_go2/champ_msgs'
[0.707s] INFO:colcon.colcon_core.package_selection:Skipping not selected package 'coco_detector' in 'src/coco_detector'
[0.707s] INFO:colcon.colcon_core.package_selection:Skipping not selected package 'go2_interfaces' in 'src/go2_interfaces'
[0.707s] INFO:colcon.colcon_core.package_selection:Skipping not selected package 'lidar_processor' in 'src/lidar_processor'
[0.707s] INFO:colcon.colcon_core.package_selection:Skipping not selected package 'lidar_processor_cpp' in 'src/lidar_processor_cpp'
[0.707s] INFO:colcon.colcon_core.package_selection:Skipping not selected package 'unitree_go2_description' in 'src/unitree_go2/unitree_go2_description'
[0.707s] INFO:colcon.colcon_core.package_selection:Skipping not selected package 'go2_robot_sdk' in 'src/go2_robot_sdk'
[0.707s] INFO:colcon.colcon_core.package_selection:Skipping not selected package 'go2_unitree_bridge' in 'src/go2_unitree_bridge'
[0.707s] INFO:colcon.colcon_core.package_selection:Skipping not selected package 'speech_processor' in 'src/speech_processor'
[0.707s] INFO:colcon.colcon_core.package_selection:Skipping not selected package 'go2_navigation' in 'src/go2_navigation'
[0.708s] Level 1:colcon.colcon_core.package_discovery:discover_packages(prefix_path) check parameters
[0.708s] Level 1:colcon.colcon_core.package_discovery:discover_packages(prefix_path) discover
[0.713s] DEBUG:colcon.colcon_installed_package_information.package_discovery:Found 13 installed packages in /home/ming/ros2_ws/install
[0.714s] DEBUG:colcon.colcon_installed_package_information.package_discovery:Found 1 installed packages in /home/ming/install
[0.717s] DEBUG:colcon.colcon_installed_package_information.package_discovery:Found 309 installed packages in /opt/ros/humble
[0.719s] Level 1:colcon.colcon_core.package_discovery:discover_packages(prefix_path) using defaults
[0.790s] WARNING:colcon.colcon_core.package_selection:Some selected packages are already built in one or more underlay workspaces:
	'unitree_go2_sim' is in: /home/ming/ros2_ws/install/unitree_go2_sim
If a package in a merged underlay workspace is overridden and it installs headers, then all packages in the overlay must sort their include directories by workspace order. Failure to do so may result in build failures or undefined behavior at run time.
If the overridden package is used by another package in any underlay, then the overriding package in the overlay must be API and ABI compatible or undefined behavior at run time may occur.

If you understand the risks and want to override a package anyways, add the following to the command line:
	--allow-overriding unitree_go2_sim

This may be promoted to an error in a future release of colcon-override-check.
[0.793s] Level 5:colcon.colcon_core.verb:set package 'unitree_go2_sim' build argument 'cmake_args' from command line to 'None'
[0.793s] Level 5:colcon.colcon_core.verb:set package 'unitree_go2_sim' build argument 'cmake_target' from command line to 'None'
[0.793s] Level 5:colcon.colcon_core.verb:set package 'unitree_go2_sim' build argument 'cmake_target_skip_unavailable' from command line to 'False'
[0.793s] Level 5:colcon.colcon_core.verb:set package 'unitree_go2_sim' build argument 'cmake_clean_cache' from command line to 'False'
[0.793s] Level 5:colcon.colcon_core.verb:set package 'unitree_go2_sim' build argument 'cmake_clean_first' from command line to 'False'
[0.793s] Level 5:colcon.colcon_core.verb:set package 'unitree_go2_sim' build argument 'cmake_force_configure' from command line to 'False'
[0.793s] Level 5:colcon.colcon_core.verb:set package 'unitree_go2_sim' build argument 'ament_cmake_args' from command line to 'None'
[0.793s] Level 5:colcon.colcon_core.verb:set package 'unitree_go2_sim' build argument 'catkin_cmake_args' from command line to 'None'
[0.793s] Level 5:colcon.colcon_core.verb:set package 'unitree_go2_sim' build argument 'catkin_skip_building_tests' from command line to 'False'
[0.793s] DEBUG:colcon.colcon_core.verb:Building package 'unitree_go2_sim' with the following arguments: {'ament_cmake_args': None, 'build_base': '/home/ming/ros2_ws/build/unitree_go2_sim', 'catkin_cmake_args': None, 'catkin_skip_building_tests': False, 'cmake_args': None, 'cmake_clean_cache': False, 'cmake_clean_first': False, 'cmake_force_configure': False, 'cmake_target': None, 'cmake_target_skip_unavailable': False, 'install_base': '/home/ming/ros2_ws/install/unitree_go2_sim', 'merge_install': False, 'path': '/home/ming/ros2_ws/src/unitree_go2/unitree_go2_sim', 'symlink_install': False, 'test_result_base': None}
[0.794s] Level 5:colcon.colcon_core.verb:set package 'champ_base' build argument 'cmake_args' from command line to 'None'
[0.794s] Level 5:colcon.colcon_core.verb:set package 'champ_base' build argument 'cmake_target' from command line to 'None'
[0.794s] Level 5:colcon.colcon_core.verb:set package 'champ_base' build argument 'cmake_target_skip_unavailable' from command line to 'False'
[0.794s] Level 5:colcon.colcon_core.verb:set package 'champ_base' build argument 'cmake_clean_cache' from command line to 'False'
[0.794s] Level 5:colcon.colcon_core.verb:set package 'champ_base' build argument 'cmake_clean_first' from command line to 'False'
[0.794s] Level 5:colcon.colcon_core.verb:set package 'champ_base' build argument 'cmake_force_configure' from command line to 'False'
[0.794s] Level 5:colcon.colcon_core.verb:set package 'champ_base' build argument 'ament_cmake_args' from command line to 'None'
[0.794s] Level 5:colcon.colcon_core.verb:set package 'champ_base' build argument 'catkin_cmake_args' from command line to 'None'
[0.794s] Level 5:colcon.colcon_core.verb:set package 'champ_base' build argument 'catkin_skip_building_tests' from command line to 'False'
[0.794s] DEBUG:colcon.colcon_core.verb:Building package 'champ_base' with the following arguments: {'ament_cmake_args': None, 'build_base': '/home/ming/ros2_ws/build/champ_base', 'catkin_cmake_args': None, 'catkin_skip_building_tests': False, 'cmake_args': None, 'cmake_clean_cache': False, 'cmake_clean_first': False, 'cmake_force_configure': False, 'cmake_target': None, 'cmake_target_skip_unavailable': False, 'install_base': '/home/ming/ros2_ws/install/champ_base', 'merge_install': False, 'path': '/home/ming/ros2_ws/src/unitree_go2/champ_base', 'symlink_install': False, 'test_result_base': None}
[0.794s] INFO:colcon.colcon_core.executor:Executing jobs using 'parallel' executor
[0.796s] DEBUG:colcon.colcon_parallel_executor.executor.parallel:run_until_complete
[0.797s] INFO:colcon.colcon_ros.task.ament_cmake.build:Building ROS package in '/home/ming/ros2_ws/src/unitree_go2/unitree_go2_sim' with build type 'ament_cmake'
[0.797s] INFO:colcon.colcon_cmake.task.cmake.build:Building CMake package in '/home/ming/ros2_ws/src/unitree_go2/unitree_go2_sim'
[0.802s] INFO:colcon.colcon_core.plugin_system:Skipping extension 'colcon_core.shell.bat': Not used on non-Windows systems
[0.802s] INFO:colcon.colcon_core.shell:Skip shell extension 'powershell' for command environment: Not usable outside of PowerShell
[0.802s] DEBUG:colcon.colcon_core.shell:Skip shell extension 'dsv' for command environment
[0.811s] INFO:colcon.colcon_ros.task.ament_cmake.build:Building ROS package in '/home/ming/ros2_ws/src/unitree_go2/champ_base' with build type 'ament_cmake'
[0.811s] INFO:colcon.colcon_cmake.task.cmake.build:Building CMake package in '/home/ming/ros2_ws/src/unitree_go2/champ_base'
[0.811s] INFO:colcon.colcon_core.shell:Skip shell extension 'powershell' for command environment: Not usable outside of PowerShell
[0.811s] DEBUG:colcon.colcon_core.shell:Skip shell extension 'dsv' for command environment
[0.826s] DEBUG:colcon.colcon_core.event_handler.log_command:Invoking command in '/home/ming/ros2_ws/build/unitree_go2_sim': CMAKE_PREFIX_PATH=${CMAKE_PREFIX_PATH}:/home/ming/ros2_ws/install/go2_navigation:/home/ming/ros2_ws/install/go2_unitree_bridge:/home/ming/ros2_ws/install/speech_processor:/home/ming/ros2_ws/install/lidar_processor:/home/ming/ros2_ws/install/go2_robot_sdk:/home/ming/ros2_ws/install/coco_detector:/home/ming/install/go2_navigation:/opt/ros/humble /usr/bin/cmake --build /home/ming/ros2_ws/build/unitree_go2_sim -- -j6 -l6
[0.834s] DEBUG:colcon.colcon_core.event_handler.log_command:Invoking command in '/home/ming/ros2_ws/build/champ_base': CMAKE_PREFIX_PATH=/home/ming/ros2_ws/install/champ_msgs:/home/ming/ros2_ws/install/champ:/home/ming/ros2_ws/install/unitree_go2_sim:/home/ming/ros2_ws/install/unitree_go2_description:/home/ming/ros2_ws/install/lidar_processor_cpp:/home/ming/ros2_ws/install/go2_interfaces:/home/ming/ros2_ws/install/champ_base:/home/ming/ros2_ws/install/go2_navigation:/home/ming/ros2_ws/install/go2_unitree_bridge:/home/ming/ros2_ws/install/speech_processor:/home/ming/ros2_ws/install/lidar_processor:/home/ming/ros2_ws/install/go2_robot_sdk:/home/ming/ros2_ws/install/coco_detector:/home/ming/install/go2_navigation:/opt/ros/humble LD_LIBRARY_PATH=/home/ming/ros2_ws/install/champ_msgs/lib:/home/ming/ros2_ws/install/go2_interfaces/lib:/home/ming/ros2_ws/install/champ_base/lib:/opt/ros/humble/opt/rviz_ogre_vendor/lib:/opt/ros/humble/lib/aarch64-linux-gnu:/opt/ros/humble/lib /usr/bin/cmake --build /home/ming/ros2_ws/build/champ_base -- -j6 -l6
[0.891s] DEBUG:colcon.colcon_core.event_handler.log_command:Invoked command in '/home/ming/ros2_ws/build/unitree_go2_sim' returned '0': CMAKE_PREFIX_PATH=${CMAKE_PREFIX_PATH}:/home/ming/ros2_ws/install/go2_navigation:/home/ming/ros2_ws/install/go2_unitree_bridge:/home/ming/ros2_ws/install/speech_processor:/home/ming/ros2_ws/install/lidar_processor:/home/ming/ros2_ws/install/go2_robot_sdk:/home/ming/ros2_ws/install/coco_detector:/home/ming/install/go2_navigation:/opt/ros/humble /usr/bin/cmake --build /home/ming/ros2_ws/build/unitree_go2_sim -- -j6 -l6
[0.913s] DEBUG:colcon.colcon_core.event_handler.log_command:Invoking command in '/home/ming/ros2_ws/build/unitree_go2_sim': CMAKE_PREFIX_PATH=${CMAKE_PREFIX_PATH}:/home/ming/ros2_ws/install/go2_navigation:/home/ming/ros2_ws/install/go2_unitree_bridge:/home/ming/ros2_ws/install/speech_processor:/home/ming/ros2_ws/install/lidar_processor:/home/ming/ros2_ws/install/go2_robot_sdk:/home/ming/ros2_ws/install/coco_detector:/home/ming/install/go2_navigation:/opt/ros/humble /usr/bin/cmake --install /home/ming/ros2_ws/build/unitree_go2_sim
[0.932s] Level 1:colcon.colcon_core.environment:create_environment_scripts_only(unitree_go2_sim)
[0.938s] DEBUG:colcon.colcon_core.event_handler.log_command:Invoked command in '/home/ming/ros2_ws/build/unitree_go2_sim' returned '0': CMAKE_PREFIX_PATH=${CMAKE_PREFIX_PATH}:/home/ming/ros2_ws/install/go2_navigation:/home/ming/ros2_ws/install/go2_unitree_bridge:/home/ming/ros2_ws/install/speech_processor:/home/ming/ros2_ws/install/lidar_processor:/home/ming/ros2_ws/install/go2_robot_sdk:/home/ming/ros2_ws/install/coco_detector:/home/ming/install/go2_navigation:/opt/ros/humble /usr/bin/cmake --install /home/ming/ros2_ws/build/unitree_go2_sim
[0.940s] Level 1:colcon.colcon_core.environment:checking '/home/ming/ros2_ws/install/unitree_go2_sim' for CMake module files
[0.941s] Level 1:colcon.colcon_core.environment:checking '/home/ming/ros2_ws/install/unitree_go2_sim' for CMake config files
[0.942s] Level 1:colcon.colcon_core.shell:create_environment_hook('unitree_go2_sim', 'cmake_prefix_path')
[0.943s] INFO:colcon.colcon_core.shell:Creating environment hook '/home/ming/ros2_ws/install/unitree_go2_sim/share/unitree_go2_sim/hook/cmake_prefix_path.ps1'
[0.944s] INFO:colcon.colcon_core.shell:Creating environment descriptor '/home/ming/ros2_ws/install/unitree_go2_sim/share/unitree_go2_sim/hook/cmake_prefix_path.dsv'
[0.946s] INFO:colcon.colcon_core.shell:Creating environment hook '/home/ming/ros2_ws/install/unitree_go2_sim/share/unitree_go2_sim/hook/cmake_prefix_path.sh'
[0.949s] Level 1:colcon.colcon_core.environment:checking '/home/ming/ros2_ws/install/unitree_go2_sim/lib'
[0.949s] Level 1:colcon.colcon_core.environment:checking '/home/ming/ros2_ws/install/unitree_go2_sim/bin'
[0.949s] Level 1:colcon.colcon_core.environment:checking '/home/ming/ros2_ws/install/unitree_go2_sim/lib/pkgconfig/unitree_go2_sim.pc'
[0.950s] Level 1:colcon.colcon_core.environment:checking '/home/ming/ros2_ws/install/unitree_go2_sim/lib/python3.10/site-packages'
[0.951s] Level 1:colcon.colcon_core.environment:checking '/home/ming/ros2_ws/install/unitree_go2_sim/bin'
[0.951s] INFO:colcon.colcon_core.shell:Creating package script '/home/ming/ros2_ws/install/unitree_go2_sim/share/unitree_go2_sim/package.ps1'
[0.953s] INFO:colcon.colcon_core.shell:Creating package descriptor '/home/ming/ros2_ws/install/unitree_go2_sim/share/unitree_go2_sim/package.dsv'
[0.954s] INFO:colcon.colcon_core.shell:Creating package script '/home/ming/ros2_ws/install/unitree_go2_sim/share/unitree_go2_sim/package.sh'
[0.956s] INFO:colcon.colcon_core.shell:Creating package script '/home/ming/ros2_ws/install/unitree_go2_sim/share/unitree_go2_sim/package.bash'
[0.958s] INFO:colcon.colcon_core.shell:Creating package script '/home/ming/ros2_ws/install/unitree_go2_sim/share/unitree_go2_sim/package.zsh'
[0.959s] Level 1:colcon.colcon_core.environment:create_file_with_runtime_dependencies(/home/ming/ros2_ws/install/unitree_go2_sim/share/colcon-core/packages/unitree_go2_sim)
[0.960s] Level 1:colcon.colcon_core.environment:create_environment_scripts_only(unitree_go2_sim)
[0.961s] Level 1:colcon.colcon_core.environment:checking '/home/ming/ros2_ws/install/unitree_go2_sim' for CMake module files
[0.961s] Level 1:colcon.colcon_core.environment:checking '/home/ming/ros2_ws/install/unitree_go2_sim' for CMake config files
[0.962s] Level 1:colcon.colcon_core.shell:create_environment_hook('unitree_go2_sim', 'cmake_prefix_path')
[0.962s] INFO:colcon.colcon_core.shell:Creating environment hook '/home/ming/ros2_ws/install/unitree_go2_sim/share/unitree_go2_sim/hook/cmake_prefix_path.ps1'
[0.963s] INFO:colcon.colcon_core.shell:Creating environment descriptor '/home/ming/ros2_ws/install/unitree_go2_sim/share/unitree_go2_sim/hook/cmake_prefix_path.dsv'
[0.964s] INFO:colcon.colcon_core.shell:Creating environment hook '/home/ming/ros2_ws/install/unitree_go2_sim/share/unitree_go2_sim/hook/cmake_prefix_path.sh'
[0.965s] Level 1:colcon.colcon_core.environment:checking '/home/ming/ros2_ws/install/unitree_go2_sim/lib'
[0.966s] Level 1:colcon.colcon_core.environment:checking '/home/ming/ros2_ws/install/unitree_go2_sim/bin'
[0.966s] Level 1:colcon.colcon_core.environment:checking '/home/ming/ros2_ws/install/unitree_go2_sim/lib/pkgconfig/unitree_go2_sim.pc'
[0.966s] Level 1:colcon.colcon_core.environment:checking '/home/ming/ros2_ws/install/unitree_go2_sim/lib/python3.10/site-packages'
[0.967s] Level 1:colcon.colcon_core.environment:checking '/home/ming/ros2_ws/install/unitree_go2_sim/bin'
[0.967s] INFO:colcon.colcon_core.shell:Creating package script '/home/ming/ros2_ws/install/unitree_go2_sim/share/unitree_go2_sim/package.ps1'
[0.968s] INFO:colcon.colcon_core.shell:Creating package descriptor '/home/ming/ros2_ws/install/unitree_go2_sim/share/unitree_go2_sim/package.dsv'
[0.969s] INFO:colcon.colcon_core.shell:Creating package script '/home/ming/ros2_ws/install/unitree_go2_sim/share/unitree_go2_sim/package.sh'
[0.970s] INFO:colcon.colcon_core.shell:Creating package script '/home/ming/ros2_ws/install/unitree_go2_sim/share/unitree_go2_sim/package.bash'
[0.972s] INFO:colcon.colcon_core.shell:Creating package script '/home/ming/ros2_ws/install/unitree_go2_sim/share/unitree_go2_sim/package.zsh'
[0.973s] Level 1:colcon.colcon_core.environment:create_file_with_runtime_dependencies(/home/ming/ros2_ws/install/unitree_go2_sim/share/colcon-core/packages/unitree_go2_sim)
[42.468s] DEBUG:colcon.colcon_core.event_handler.log_command:Invoked command in '/home/ming/ros2_ws/build/champ_base' returned '0': CMAKE_PREFIX_PATH=/home/ming/ros2_ws/install/champ_msgs:/home/ming/ros2_ws/install/champ:/home/ming/ros2_ws/install/unitree_go2_sim:/home/ming/ros2_ws/install/unitree_go2_description:/home/ming/ros2_ws/install/lidar_processor_cpp:/home/ming/ros2_ws/install/go2_interfaces:/home/ming/ros2_ws/install/champ_base:/home/ming/ros2_ws/install/go2_navigation:/home/ming/ros2_ws/install/go2_unitree_bridge:/home/ming/ros2_ws/install/speech_processor:/home/ming/ros2_ws/install/lidar_processor:/home/ming/ros2_ws/install/go2_robot_sdk:/home/ming/ros2_ws/install/coco_detector:/home/ming/install/go2_navigation:/opt/ros/humble LD_LIBRARY_PATH=/home/ming/ros2_ws/install/champ_msgs/lib:/home/ming/ros2_ws/install/go2_interfaces/lib:/home/ming/ros2_ws/install/champ_base/lib:/opt/ros/humble/opt/rviz_ogre_vendor/lib:/opt/ros/humble/lib/aarch64-linux-gnu:/opt/ros/humble/lib /usr/bin/cmake --build /home/ming/ros2_ws/build/champ_base -- -j6 -l6
[42.473s] DEBUG:colcon.colcon_core.event_handler.log_command:Invoking command in '/home/ming/ros2_ws/build/champ_base': CMAKE_PREFIX_PATH=/home/ming/ros2_ws/install/champ_msgs:/home/ming/ros2_ws/install/champ:/home/ming/ros2_ws/install/unitree_go2_sim:/home/ming/ros2_ws/install/unitree_go2_description:/home/ming/ros2_ws/install/lidar_processor_cpp:/home/ming/ros2_ws/install/go2_interfaces:/home/ming/ros2_ws/install/champ_base:/home/ming/ros2_ws/install/go2_navigation:/home/ming/ros2_ws/install/go2_unitree_bridge:/home/ming/ros2_ws/install/speech_processor:/home/ming/ros2_ws/install/lidar_processor:/home/ming/ros2_ws/install/go2_robot_sdk:/home/ming/ros2_ws/install/coco_detector:/home/ming/install/go2_navigation:/opt/ros/humble LD_LIBRARY_PATH=/home/ming/ros2_ws/install/champ_msgs/lib:/home/ming/ros2_ws/install/go2_interfaces/lib:/home/ming/ros2_ws/install/champ_base/lib:/opt/ros/humble/opt/rviz_ogre_vendor/lib:/opt/ros/humble/lib/aarch64-linux-gnu:/opt/ros/humble/lib /usr/bin/cmake --install /home/ming/ros2_ws/build/champ_base
[42.531s] Level 1:colcon.colcon_core.environment:create_environment_scripts_only(champ_base)
[42.532s] Level 1:colcon.colcon_core.environment:checking '/home/ming/ros2_ws/install/champ_base' for CMake module files
[42.533s] DEBUG:colcon.colcon_core.event_handler.log_command:Invoked command in '/home/ming/ros2_ws/build/champ_base' returned '0': CMAKE_PREFIX_PATH=/home/ming/ros2_ws/install/champ_msgs:/home/ming/ros2_ws/install/champ:/home/ming/ros2_ws/install/unitree_go2_sim:/home/ming/ros2_ws/install/unitree_go2_description:/home/ming/ros2_ws/install/lidar_processor_cpp:/home/ming/ros2_ws/install/go2_interfaces:/home/ming/ros2_ws/install/champ_base:/home/ming/ros2_ws/install/go2_navigation:/home/ming/ros2_ws/install/go2_unitree_bridge:/home/ming/ros2_ws/install/speech_processor:/home/ming/ros2_ws/install/lidar_processor:/home/ming/ros2_ws/install/go2_robot_sdk:/home/ming/ros2_ws/install/coco_detector:/home/ming/install/go2_navigation:/opt/ros/humble LD_LIBRARY_PATH=/home/ming/ros2_ws/install/champ_msgs/lib:/home/ming/ros2_ws/install/go2_interfaces/lib:/home/ming/ros2_ws/install/champ_base/lib:/opt/ros/humble/opt/rviz_ogre_vendor/lib:/opt/ros/humble/lib/aarch64-linux-gnu:/opt/ros/humble/lib /usr/bin/cmake --install /home/ming/ros2_ws/build/champ_base
[42.533s] Level 1:colcon.colcon_core.environment:checking '/home/ming/ros2_ws/install/champ_base' for CMake config files
[42.534s] Level 1:colcon.colcon_core.shell:create_environment_hook('champ_base', 'cmake_prefix_path')
[42.534s] INFO:colcon.colcon_core.shell:Creating environment hook '/home/ming/ros2_ws/install/champ_base/share/champ_base/hook/cmake_prefix_path.ps1'
[42.536s] INFO:colcon.colcon_core.shell:Creating environment descriptor '/home/ming/ros2_ws/install/champ_base/share/champ_base/hook/cmake_prefix_path.dsv'
[42.537s] INFO:colcon.colcon_core.shell:Creating environment hook '/home/ming/ros2_ws/install/champ_base/share/champ_base/hook/cmake_prefix_path.sh'
[42.538s] Level 1:colcon.colcon_core.environment:checking '/home/ming/ros2_ws/install/champ_base/lib'
[42.538s] Level 1:colcon.colcon_core.shell:create_environment_hook('champ_base', 'ld_library_path_lib')
[42.539s] INFO:colcon.colcon_core.shell:Creating environment hook '/home/ming/ros2_ws/install/champ_base/share/champ_base/hook/ld_library_path_lib.ps1'
[42.539s] INFO:colcon.colcon_core.shell:Creating environment descriptor '/home/ming/ros2_ws/install/champ_base/share/champ_base/hook/ld_library_path_lib.dsv'
[42.540s] INFO:colcon.colcon_core.shell:Creating environment hook '/home/ming/ros2_ws/install/champ_base/share/champ_base/hook/ld_library_path_lib.sh'
[42.541s] Level 1:colcon.colcon_core.environment:checking '/home/ming/ros2_ws/install/champ_base/bin'
[42.541s] Level 1:colcon.colcon_core.shell:create_environment_hook('champ_base', 'path')
[42.542s] INFO:colcon.colcon_core.shell:Creating environment hook '/home/ming/ros2_ws/install/champ_base/share/champ_base/hook/path.ps1'
[42.542s] INFO:colcon.colcon_core.shell:Creating environment descriptor '/home/ming/ros2_ws/install/champ_base/share/champ_base/hook/path.dsv'
[42.543s] INFO:colcon.colcon_core.shell:Creating environment hook '/home/ming/ros2_ws/install/champ_base/share/champ_base/hook/path.sh'
[42.544s] Level 1:colcon.colcon_core.environment:checking '/home/ming/ros2_ws/install/champ_base/lib/pkgconfig/champ_base.pc'
[42.544s] Level 1:colcon.colcon_core.environment:checking '/home/ming/ros2_ws/install/champ_base/lib/python3.10/site-packages'
[42.545s] Level 1:colcon.colcon_core.environment:checking '/home/ming/ros2_ws/install/champ_base/bin'
[42.545s] Level 1:colcon.colcon_core.shell:create_environment_hook('champ_base', 'pythonscriptspath')
[42.546s] INFO:colcon.colcon_core.shell:Creating environment hook '/home/ming/ros2_ws/install/champ_base/share/champ_base/hook/pythonscriptspath.ps1'
[42.547s] INFO:colcon.colcon_core.shell:Creating environment descriptor '/home/ming/ros2_ws/install/champ_base/share/champ_base/hook/pythonscriptspath.dsv'
[42.547s] INFO:colcon.colcon_core.shell:Creating environment hook '/home/ming/ros2_ws/install/champ_base/share/champ_base/hook/pythonscriptspath.sh'
[42.549s] INFO:colcon.colcon_core.shell:Creating package script '/home/ming/ros2_ws/install/champ_base/share/champ_base/package.ps1'
[42.550s] INFO:colcon.colcon_core.shell:Creating package descriptor '/home/ming/ros2_ws/install/champ_base/share/champ_base/package.dsv'
[42.551s] INFO:colcon.colcon_core.shell:Creating package script '/home/ming/ros2_ws/install/champ_base/share/champ_base/package.sh'
[42.552s] INFO:colcon.colcon_core.shell:Creating package script '/home/ming/ros2_ws/install/champ_base/share/champ_base/package.bash'
[42.553s] INFO:colcon.colcon_core.shell:Creating package script '/home/ming/ros2_ws/install/champ_base/share/champ_base/package.zsh'
[42.554s] Level 1:colcon.colcon_core.environment:create_file_with_runtime_dependencies(/home/ming/ros2_ws/install/champ_base/share/colcon-core/packages/champ_base)
[42.555s] Level 1:colcon.colcon_core.environment:create_environment_scripts_only(champ_base)
[42.555s] Level 1:colcon.colcon_core.environment:checking '/home/ming/ros2_ws/install/champ_base' for CMake module files
[42.556s] Level 1:colcon.colcon_core.environment:checking '/home/ming/ros2_ws/install/champ_base' for CMake config files
[42.557s] Level 1:colcon.colcon_core.shell:create_environment_hook('champ_base', 'cmake_prefix_path')
[42.557s] INFO:colcon.colcon_core.shell:Creating environment hook '/home/ming/ros2_ws/install/champ_base/share/champ_base/hook/cmake_prefix_path.ps1'
[42.558s] INFO:colcon.colcon_core.shell:Creating environment descriptor '/home/ming/ros2_ws/install/champ_base/share/champ_base/hook/cmake_prefix_path.dsv'
[42.558s] INFO:colcon.colcon_core.shell:Creating environment hook '/home/ming/ros2_ws/install/champ_base/share/champ_base/hook/cmake_prefix_path.sh'
[42.560s] Level 1:colcon.colcon_core.environment:checking '/home/ming/ros2_ws/install/champ_base/lib'
[42.560s] Level 1:colcon.colcon_core.shell:create_environment_hook('champ_base', 'ld_library_path_lib')
[42.560s] INFO:colcon.colcon_core.shell:Creating environment hook '/home/ming/ros2_ws/install/champ_base/share/champ_base/hook/ld_library_path_lib.ps1'
[42.561s] INFO:colcon.colcon_core.shell:Creating environment descriptor '/home/ming/ros2_ws/install/champ_base/share/champ_base/hook/ld_library_path_lib.dsv'
[42.562s] INFO:colcon.colcon_core.shell:Creating environment hook '/home/ming/ros2_ws/install/champ_base/share/champ_base/hook/ld_library_path_lib.sh'
[42.563s] Level 1:colcon.colcon_core.environment:checking '/home/ming/ros2_ws/install/champ_base/bin'
[42.563s] Level 1:colcon.colcon_core.shell:create_environment_hook('champ_base', 'path')
[42.564s] INFO:colcon.colcon_core.shell:Creating environment hook '/home/ming/ros2_ws/install/champ_base/share/champ_base/hook/path.ps1'
[42.565s] INFO:colcon.colcon_core.shell:Creating environment descriptor '/home/ming/ros2_ws/install/champ_base/share/champ_base/hook/path.dsv'
[42.566s] INFO:colcon.colcon_core.shell:Creating environment hook '/home/ming/ros2_ws/install/champ_base/share/champ_base/hook/path.sh'
[42.567s] Level 1:colcon.colcon_core.environment:checking '/home/ming/ros2_ws/install/champ_base/lib/pkgconfig/champ_base.pc'
[42.567s] Level 1:colcon.colcon_core.environment:checking '/home/ming/ros2_ws/install/champ_base/lib/python3.10/site-packages'
[42.568s] Level 1:colcon.colcon_core.environment:checking '/home/ming/ros2_ws/install/champ_base/bin'
[42.568s] Level 1:colcon.colcon_core.shell:create_environment_hook('champ_base', 'pythonscriptspath')
[42.569s] INFO:colcon.colcon_core.shell:Creating environment hook '/home/ming/ros2_ws/install/champ_base/share/champ_base/hook/pythonscriptspath.ps1'
[42.570s] INFO:colcon.colcon_core.shell:Creating environment descriptor '/home/ming/ros2_ws/install/champ_base/share/champ_base/hook/pythonscriptspath.dsv'
[42.571s] INFO:colcon.colcon_core.shell:Creating environment hook '/home/ming/ros2_ws/install/champ_base/share/champ_base/hook/pythonscriptspath.sh'
[42.573s] INFO:colcon.colcon_core.shell:Creating package script '/home/ming/ros2_ws/install/champ_base/share/champ_base/package.ps1'
[42.574s] INFO:colcon.colcon_core.shell:Creating package descriptor '/home/ming/ros2_ws/install/champ_base/share/champ_base/package.dsv'
[42.576s] INFO:colcon.colcon_core.shell:Creating package script '/home/ming/ros2_ws/install/champ_base/share/champ_base/package.sh'
[42.577s] INFO:colcon.colcon_core.shell:Creating package script '/home/ming/ros2_ws/install/champ_base/share/champ_base/package.bash'
[42.578s] INFO:colcon.colcon_core.shell:Creating package script '/home/ming/ros2_ws/install/champ_base/share/champ_base/package.zsh'
[42.579s] Level 1:colcon.colcon_core.environment:create_file_with_runtime_dependencies(/home/ming/ros2_ws/install/champ_base/share/colcon-core/packages/champ_base)
[42.580s] DEBUG:colcon.colcon_parallel_executor.executor.parallel:closing loop
[42.581s] DEBUG:colcon.colcon_parallel_executor.executor.parallel:loop closed
[42.581s] DEBUG:colcon.colcon_parallel_executor.executor.parallel:run_until_complete finished with '0'
[42.581s] DEBUG:colcon.colcon_core.event_reactor:joining thread
[42.596s] INFO:colcon.colcon_core.plugin_system:Skipping extension 'colcon_notification.desktop_notification.terminal_notifier': Not used on non-Darwin systems
[42.596s] INFO:colcon.colcon_core.plugin_system:Skipping extension 'colcon_notification.desktop_notification.win32': Not used on non-Windows systems
[42.596s] INFO:colcon.colcon_notification.desktop_notification:Sending desktop notification using 'notify2'
[42.643s] DEBUG:colcon.colcon_core.event_reactor:joined thread
[42.644s] INFO:colcon.colcon_core.shell:Creating prefix script '/home/ming/ros2_ws/install/local_setup.ps1'
[42.647s] INFO:colcon.colcon_core.shell:Creating prefix util module '/home/ming/ros2_ws/install/_local_setup_util_ps1.py'
[42.651s] INFO:colcon.colcon_core.shell:Creating prefix chain script '/home/ming/ros2_ws/install/setup.ps1'
[42.655s] INFO:colcon.colcon_core.shell:Creating prefix script '/home/ming/ros2_ws/install/local_setup.sh'
[42.657s] INFO:colcon.colcon_core.shell:Creating prefix util module '/home/ming/ros2_ws/install/_local_setup_util_sh.py'
[42.658s] INFO:colcon.colcon_core.shell:Creating prefix chain script '/home/ming/ros2_ws/install/setup.sh'
[42.662s] INFO:colcon.colcon_core.shell:Creating prefix script '/home/ming/ros2_ws/install/local_setup.bash'
[42.664s] INFO:colcon.colcon_core.shell:Creating prefix chain script '/home/ming/ros2_ws/install/setup.bash'
[42.669s] INFO:colcon.colcon_core.shell:Creating prefix script '/home/ming/ros2_ws/install/local_setup.zsh'
[42.670s] INFO:colcon.colcon_core.shell:Creating prefix chain script '/home/ming/ros2_ws/install/setup.zsh'
