[0.027s] Invoking command in '/home/ming/ros2_ws/build/unitree_go2_sim': CMAKE_PREFIX_PATH=${CMAKE_PREFIX_PATH}:/home/ming/ros2_ws/install/speech_processor:/home/ming/ros2_ws/install/lidar_processor:/home/ming/ros2_ws/install/go2_robot_sdk:/home/ming/ros2_ws/install/go2_navigation:/home/ming/ros2_ws/install/coco_detector:/home/ming/install/go2_navigation:/opt/ros/humble /usr/bin/cmake --build /home/ming/ros2_ws/build/unitree_go2_sim -- -j6 -l6
[0.100s] Invoked command in '/home/ming/ros2_ws/build/unitree_go2_sim' returned '0': CMAKE_PREFIX_PATH=${CMAKE_PREFIX_PATH}:/home/ming/ros2_ws/install/speech_processor:/home/ming/ros2_ws/install/lidar_processor:/home/ming/ros2_ws/install/go2_robot_sdk:/home/ming/ros2_ws/install/go2_navigation:/home/ming/ros2_ws/install/coco_detector:/home/ming/install/go2_navigation:/opt/ros/humble /usr/bin/cmake --build /home/ming/ros2_ws/build/unitree_go2_sim -- -j6 -l6
[0.117s] Invoking command in '/home/ming/ros2_ws/build/unitree_go2_sim': CMAKE_PREFIX_PATH=${CMAKE_PREFIX_PATH}:/home/ming/ros2_ws/install/speech_processor:/home/ming/ros2_ws/install/lidar_processor:/home/ming/ros2_ws/install/go2_robot_sdk:/home/ming/ros2_ws/install/go2_navigation:/home/ming/ros2_ws/install/coco_detector:/home/ming/install/go2_navigation:/opt/ros/humble /usr/bin/cmake --install /home/ming/ros2_ws/build/unitree_go2_sim
[0.136s] -- Install configuration: ""
[0.137s] -- Up-to-date: /home/ming/ros2_ws/install/unitree_go2_sim/share/unitree_go2_sim/launch
[0.137s] -- Up-to-date: /home/ming/ros2_ws/install/unitree_go2_sim/share/unitree_go2_sim/launch/unitree_go2_launch.py
[0.137s] -- Up-to-date: /home/ming/ros2_ws/install/unitree_go2_sim/share/unitree_go2_sim/config
[0.137s] -- Up-to-date: /home/ming/ros2_ws/install/unitree_go2_sim/share/unitree_go2_sim/config/joints
[0.137s] -- Up-to-date: /home/ming/ros2_ws/install/unitree_go2_sim/share/unitree_go2_sim/config/joints/joints.yaml
[0.137s] -- Up-to-date: /home/ming/ros2_ws/install/unitree_go2_sim/share/unitree_go2_sim/config/links
[0.137s] -- Up-to-date: /home/ming/ros2_ws/install/unitree_go2_sim/share/unitree_go2_sim/config/links/links.yaml
[0.138s] -- Up-to-date: /home/ming/ros2_ws/install/unitree_go2_sim/share/unitree_go2_sim/config/ros_control
[0.138s] -- Up-to-date: /home/ming/ros2_ws/install/unitree_go2_sim/share/unitree_go2_sim/config/ros_control/ros_control.yaml
[0.138s] -- Up-to-date: /home/ming/ros2_ws/install/unitree_go2_sim/share/unitree_go2_sim/config/gait
[0.138s] -- Installing: /home/ming/ros2_ws/install/unitree_go2_sim/share/unitree_go2_sim/config/gait/gait.yaml
[0.138s] -- Up-to-date: /home/ming/ros2_ws/install/unitree_go2_sim/share/unitree_go2_sim/rviz
[0.139s] -- Up-to-date: /home/ming/ros2_ws/install/unitree_go2_sim/share/unitree_go2_sim/rviz/rviz.rviz
[0.139s] -- Up-to-date: /home/ming/ros2_ws/install/unitree_go2_sim/lib/unitree_go2_sim/robot_description_publisher.py
[0.139s] -- Up-to-date: /home/ming/ros2_ws/install/unitree_go2_sim/share/ament_index/resource_index/package_run_dependencies/unitree_go2_sim
[0.139s] -- Up-to-date: /home/ming/ros2_ws/install/unitree_go2_sim/share/ament_index/resource_index/parent_prefix_path/unitree_go2_sim
[0.139s] -- Up-to-date: /home/ming/ros2_ws/install/unitree_go2_sim/share/unitree_go2_sim/environment/ament_prefix_path.sh
[0.139s] -- Up-to-date: /home/ming/ros2_ws/install/unitree_go2_sim/share/unitree_go2_sim/environment/ament_prefix_path.dsv
[0.140s] -- Up-to-date: /home/ming/ros2_ws/install/unitree_go2_sim/share/unitree_go2_sim/environment/path.sh
[0.140s] -- Up-to-date: /home/ming/ros2_ws/install/unitree_go2_sim/share/unitree_go2_sim/environment/path.dsv
[0.140s] -- Up-to-date: /home/ming/ros2_ws/install/unitree_go2_sim/share/unitree_go2_sim/local_setup.bash
[0.140s] -- Up-to-date: /home/ming/ros2_ws/install/unitree_go2_sim/share/unitree_go2_sim/local_setup.sh
[0.140s] -- Up-to-date: /home/ming/ros2_ws/install/unitree_go2_sim/share/unitree_go2_sim/local_setup.zsh
[0.140s] -- Up-to-date: /home/ming/ros2_ws/install/unitree_go2_sim/share/unitree_go2_sim/local_setup.dsv
[0.140s] -- Installing: /home/ming/ros2_ws/install/unitree_go2_sim/share/unitree_go2_sim/package.dsv
[0.141s] -- Up-to-date: /home/ming/ros2_ws/install/unitree_go2_sim/share/ament_index/resource_index/packages/unitree_go2_sim
[0.141s] -- Up-to-date: /home/ming/ros2_ws/install/unitree_go2_sim/share/unitree_go2_sim/cmake/unitree_go2_simConfig.cmake
[0.141s] -- Up-to-date: /home/ming/ros2_ws/install/unitree_go2_sim/share/unitree_go2_sim/cmake/unitree_go2_simConfig-version.cmake
[0.141s] -- Up-to-date: /home/ming/ros2_ws/install/unitree_go2_sim/share/unitree_go2_sim/package.xml
[0.144s] Invoked command in '/home/ming/ros2_ws/build/unitree_go2_sim' returned '0': CMAKE_PREFIX_PATH=${CMAKE_PREFIX_PATH}:/home/ming/ros2_ws/install/speech_processor:/home/ming/ros2_ws/install/lidar_processor:/home/ming/ros2_ws/install/go2_robot_sdk:/home/ming/ros2_ws/install/go2_navigation:/home/ming/ros2_ws/install/coco_detector:/home/ming/install/go2_navigation:/opt/ros/humble /usr/bin/cmake --install /home/ming/ros2_ws/build/unitree_go2_sim
