[1.345s] Invoking command in '/home/ming/ros2_ws/src/go2_unitree_bridge': CMAKE_PREFIX_PATH=/home/ming/ros2_ws/install/unitree_go2_description:/home/ming/ros2_ws/install/unitree_go2_sim:/home/ming/ros2_ws/install/lidar_processor_cpp:/home/ming/ros2_ws/install/go2_interfaces:/home/ming/ros2_ws/install/champ_base:/home/ming/ros2_ws/install/champ_msgs:/home/ming/ros2_ws/install/champ PYTHONPATH=/home/ming/ros2_ws/build/go2_unitree_bridge/prefix_override:/usr/lib/python3/dist-packages/colcon_core/task/python/colcon_distutils_commands:/home/ming/ros2_ws/install/go2_unitree_bridge/lib/python3.10/site-packages:${PYTHONPATH} /usr/bin/python3 -W ignore:setup.py install is deprecated -W ignore:easy_install command is deprecated setup.py egg_info --egg-base ../../build/go2_unitree_bridge build --build-base /home/ming/ros2_ws/build/go2_unitree_bridge/build install --record /home/ming/ros2_ws/build/go2_unitree_bridge/install.log --single-version-externally-managed install_data
[1.828s] running egg_info
[1.829s] writing ../../build/go2_unitree_bridge/go2_unitree_bridge.egg-info/PKG-INFO
[1.829s] writing dependency_links to ../../build/go2_unitree_bridge/go2_unitree_bridge.egg-info/dependency_links.txt
[1.830s] writing entry points to ../../build/go2_unitree_bridge/go2_unitree_bridge.egg-info/entry_points.txt
[1.830s] writing requirements to ../../build/go2_unitree_bridge/go2_unitree_bridge.egg-info/requires.txt
[1.830s] writing top-level names to ../../build/go2_unitree_bridge/go2_unitree_bridge.egg-info/top_level.txt
[1.834s] reading manifest file '../../build/go2_unitree_bridge/go2_unitree_bridge.egg-info/SOURCES.txt'
[1.835s] writing manifest file '../../build/go2_unitree_bridge/go2_unitree_bridge.egg-info/SOURCES.txt'
[1.835s] running build
[1.835s] running build_py
[1.836s] copying go2_unitree_bridge/mujoco_bridge_node.py -> /home/ming/ros2_ws/build/go2_unitree_bridge/build/lib/go2_unitree_bridge
[1.836s] running install
[1.837s] running install_lib
[1.841s] copying /home/ming/ros2_ws/build/go2_unitree_bridge/build/lib/go2_unitree_bridge/mujoco_bridge_node.py -> /home/ming/ros2_ws/install/go2_unitree_bridge/lib/python3.10/site-packages/go2_unitree_bridge
[1.842s] byte-compiling /home/ming/ros2_ws/install/go2_unitree_bridge/lib/python3.10/site-packages/go2_unitree_bridge/mujoco_bridge_node.py to mujoco_bridge_node.cpython-310.pyc
[1.847s] running install_data
[1.848s] running install_egg_info
[1.852s] removing '/home/ming/ros2_ws/install/go2_unitree_bridge/lib/python3.10/site-packages/go2_unitree_bridge-0.1.0-py3.10.egg-info' (and everything under it)
[1.852s] Copying ../../build/go2_unitree_bridge/go2_unitree_bridge.egg-info to /home/ming/ros2_ws/install/go2_unitree_bridge/lib/python3.10/site-packages/go2_unitree_bridge-0.1.0-py3.10.egg-info
[1.854s] running install_scripts
[1.893s] Installing go2_mujoco_bridge_node script to /home/ming/ros2_ws/install/go2_unitree_bridge/lib/go2_unitree_bridge
[1.893s] Installing go2_unitree_bridge_node script to /home/ming/ros2_ws/install/go2_unitree_bridge/lib/go2_unitree_bridge
[1.893s] writing list of installed files to '/home/ming/ros2_ws/build/go2_unitree_bridge/install.log'
[1.963s] Invoked command in '/home/ming/ros2_ws/src/go2_unitree_bridge' returned '0': CMAKE_PREFIX_PATH=/home/ming/ros2_ws/install/unitree_go2_description:/home/ming/ros2_ws/install/unitree_go2_sim:/home/ming/ros2_ws/install/lidar_processor_cpp:/home/ming/ros2_ws/install/go2_interfaces:/home/ming/ros2_ws/install/champ_base:/home/ming/ros2_ws/install/champ_msgs:/home/ming/ros2_ws/install/champ PYTHONPATH=/home/ming/ros2_ws/build/go2_unitree_bridge/prefix_override:/usr/lib/python3/dist-packages/colcon_core/task/python/colcon_distutils_commands:/home/ming/ros2_ws/install/go2_unitree_bridge/lib/python3.10/site-packages:${PYTHONPATH} /usr/bin/python3 -W ignore:setup.py install is deprecated -W ignore:easy_install command is deprecated setup.py egg_info --egg-base ../../build/go2_unitree_bridge build --build-base /home/ming/ros2_ws/build/go2_unitree_bridge/build install --record /home/ming/ros2_ws/build/go2_unitree_bridge/install.log --single-version-externally-managed install_data
