[1.253s] Invoking command in '/home/ming/ros2_ws/build/lidar_processor_cpp': CMAKE_PREFIX_PATH=${CMAKE_PREFIX_PATH}:/home/ming/ros2_ws/install/speech_processor:/home/ming/ros2_ws/install/lidar_processor:/home/ming/ros2_ws/install/go2_robot_sdk:/home/ming/ros2_ws/install/coco_detector:/opt/ros/humble /usr/bin/cmake /home/ming/ros2_ws/src/lidar_processor_cpp -DAMENT_CMAKE_SYMLINK_INSTALL=1 -DCMAKE_INSTALL_PREFIX=/home/ming/ros2_ws/install/lidar_processor_cpp
[1.394s] -- The C compiler identification is GNU 11.4.0
[1.542s] -- The CXX compiler identification is GNU 11.4.0
[1.559s] -- Detecting C compiler ABI info
[1.756s] -- Detecting C compiler ABI info - done
[1.769s] -- Check for working C compiler: /usr/bin/cc - skipped
[1.770s] -- Detecting C compile features
[1.771s] -- Detecting C compile features - done
[1.778s] -- Detecting CXX compiler ABI info
[2.015s] -- Detecting CXX compiler ABI info - done
[2.030s] -- Check for working CXX compiler: /usr/bin/c++ - skipped
[2.030s] -- Detecting CXX compile features
[2.031s] -- Detecting CXX compile features - done
[2.036s] -- Found ament_cmake: 1.3.12 (/opt/ros/humble/share/ament_cmake/cmake)
[2.435s] -- Found Python3: /usr/bin/python3 (found version "3.10.12") found components: Interpreter 
[2.637s] -- Override CMake install command with custom implementation using symlinks instead of copying resources
[2.710s] -- Found rclcpp: 16.0.16 (/opt/ros/humble/share/rclcpp/cmake)
[2.839s] -- Found rosidl_generator_c: 3.1.7 (/opt/ros/humble/share/rosidl_generator_c/cmake)
[2.852s] -- Found rosidl_adapter: 3.1.7 (/opt/ros/humble/share/rosidl_adapter/cmake)
[2.875s] -- Found rosidl_generator_cpp: 3.1.7 (/opt/ros/humble/share/rosidl_generator_cpp/cmake)
[2.899s] -- Using all available rosidl_typesupport_c: rosidl_typesupport_fastrtps_c;rosidl_typesupport_introspection_c
[2.947s] -- Using all available rosidl_typesupport_cpp: rosidl_typesupport_fastrtps_cpp;rosidl_typesupport_introspection_cpp
[3.152s] -- Found rmw_implementation_cmake: 6.1.2 (/opt/ros/humble/share/rmw_implementation_cmake/cmake)
[3.171s] -- Found rmw_cyclonedds_cpp: 1.3.4 (/opt/ros/humble/share/rmw_cyclonedds_cpp/cmake)
[3.272s] -- Using RMW implementation 'rmw_cyclonedds_cpp' as default
[3.315s] -- Looking for pthread.h
[3.529s] -- Looking for pthread.h - found
[3.529s] -- Performing Test CMAKE_HAVE_LIBC_PTHREAD
[3.697s] -- Performing Test CMAKE_HAVE_LIBC_PTHREAD - Success
[3.697s] -- Found Threads: TRUE  
[3.865s] -- Found sensor_msgs: 4.9.0 (/opt/ros/humble/share/sensor_msgs/cmake)
[3.979s] -- Found pcl_ros: 2.4.5 (/opt/ros/humble/share/pcl_ros/cmake)
[4.095s] -- Checking for module 'eigen3'
[4.126s] --   Found eigen3, version 3.4.0
[4.207s] -- Found Eigen: /usr/include/eigen3 (Required is at least version "3.1") 
[4.208s] -- Eigen found (include: /usr/include/eigen3, version: 3.4.0)
[4.330s] -- Checking for module 'flann'
[4.369s] --   Found flann, version 1.9.1
[4.470s] -- Found FLANN: /usr/lib/aarch64-linux-gnu/libflann_cpp.so  
[4.470s] -- FLANN found (include: /usr/include, lib: /usr/lib/aarch64-linux-gnu/libflann_cpp.so)
[7.130s] -- Checking for module 'libusb-1.0'
[7.170s] --   Found libusb-1.0, version 1.0.25
[7.251s] -- Found libusb: /usr/lib/aarch64-linux-gnu/libusb-1.0.so  
[7.267s] -- OpenNI found (version: 1.5.4.0, include: /usr/include/ni, lib: /usr/lib/libOpenNI.so;libusb::libusb)
[7.387s] -- OpenNI2 found (version: 2.2.0.33, include: /usr/include/openni2, lib: /usr/lib/aarch64-linux-gnu/libOpenNI2.so;libusb::libusb)
[7.764s] -- Eigen found (include: /usr/include/eigen3, version: 3.4.0)
[7.776s] -- OpenNI found (version: 1.5.4.0, include: /usr/include/ni, lib: /usr/lib/libOpenNI.so;libusb::libusb)
[7.791s] -- OpenNI2 found (version: 2.2.0.33, include: /usr/include/openni2, lib: /usr/lib/aarch64-linux-gnu/libOpenNI2.so;libusb::libusb)
[8.123s] -- Found Qhull version 8.0.2
[8.484s] -- OpenNI found (version: 1.5.4.0, include: /usr/include/ni, lib: /usr/lib/libOpenNI.so;libusb::libusb)
[8.805s] -- Found PCL_COMMON: /usr/lib/aarch64-linux-gnu/libpcl_common.so  
[8.806s] -- Found PCL_KDTREE: /usr/lib/aarch64-linux-gnu/libpcl_kdtree.so  
[8.810s] -- Found PCL_OCTREE: /usr/lib/aarch64-linux-gnu/libpcl_octree.so  
[8.811s] -- Found PCL_SEARCH: /usr/lib/aarch64-linux-gnu/libpcl_search.so  
[8.813s] -- Found PCL_SAMPLE_CONSENSUS: /usr/lib/aarch64-linux-gnu/libpcl_sample_consensus.so  
[8.815s] -- Found PCL_FILTERS: /usr/lib/aarch64-linux-gnu/libpcl_filters.so  
[8.816s] -- Found PCL_2D: /usr/include/pcl-1.12  
[8.817s] -- Found PCL_GEOMETRY: /usr/include/pcl-1.12  
[8.818s] -- Found PCL_IO: /usr/lib/aarch64-linux-gnu/libpcl_io.so  
[8.821s] -- Found PCL_FEATURES: /usr/lib/aarch64-linux-gnu/libpcl_features.so  
[8.824s] -- Found PCL_ML: /usr/lib/aarch64-linux-gnu/libpcl_ml.so  
[8.826s] -- Found PCL_SEGMENTATION: /usr/lib/aarch64-linux-gnu/libpcl_segmentation.so  
[8.828s] -- Found PCL_VISUALIZATION: /usr/lib/aarch64-linux-gnu/libpcl_visualization.so  
[8.830s] -- Found PCL_SURFACE: /usr/lib/aarch64-linux-gnu/libpcl_surface.so  
[8.832s] -- Found PCL_REGISTRATION: /usr/lib/aarch64-linux-gnu/libpcl_registration.so  
[8.834s] -- Found PCL_KEYPOINTS: /usr/lib/aarch64-linux-gnu/libpcl_keypoints.so  
[8.836s] -- Found PCL_TRACKING: /usr/lib/aarch64-linux-gnu/libpcl_tracking.so  
[8.838s] -- Found PCL_RECOGNITION: /usr/lib/aarch64-linux-gnu/libpcl_recognition.so  
[8.840s] -- Found PCL_STEREO: /usr/lib/aarch64-linux-gnu/libpcl_stereo.so  
[8.843s] -- Found PCL_APPS: /usr/lib/aarch64-linux-gnu/libpcl_apps.so  
[8.844s] -- Found PCL_IN_HAND_SCANNER: /usr/include/pcl-1.12  
[8.846s] -- Found PCL_MODELER: /usr/include/pcl-1.12  
[8.854s] -- Found PCL_POINT_CLOUD_EDITOR: /usr/include/pcl-1.12  
[8.857s] -- Found PCL_OUTOFCORE: /usr/lib/aarch64-linux-gnu/libpcl_outofcore.so  
[8.859s] -- Found PCL_PEOPLE: /usr/lib/aarch64-linux-gnu/libpcl_people.so  
[8.953s] -- Found eigen3_cmake_module: 0.1.1 (/opt/ros/humble/share/eigen3_cmake_module/cmake)
[8.957s] -- Found Eigen3: TRUE (found version "3.4.0") 
[8.957s] -- Ensuring Eigen3 include directory is part of orocos-kdl CMake target
[9.295s] -- Found ament_lint_auto: 0.12.14 (/opt/ros/humble/share/ament_lint_auto/cmake)
[9.521s] -- Added test 'cppcheck' to perform static code analysis on C / C++ code
[9.524s] -- Configured cppcheck include dirs: /home/ming/ros2_ws/src/lidar_processor_cpp/include
[9.524s] -- Configured cppcheck exclude dirs and/or files: 
[9.528s] -- Added test 'lint_cmake' to check CMake code style
[9.531s] -- Added test 'uncrustify' to check C / C++ code style
[9.531s] -- Configured uncrustify additional arguments: 
[9.533s] -- Added test 'xmllint' to check XML markup files
[9.536s] -- Configuring done
[9.881s] -- Generating done
[9.934s] -- Build files have been written to: /home/ming/ros2_ws/build/lidar_processor_cpp
[9.996s] Invoked command in '/home/ming/ros2_ws/build/lidar_processor_cpp' returned '0': CMAKE_PREFIX_PATH=${CMAKE_PREFIX_PATH}:/home/ming/ros2_ws/install/speech_processor:/home/ming/ros2_ws/install/lidar_processor:/home/ming/ros2_ws/install/go2_robot_sdk:/home/ming/ros2_ws/install/coco_detector:/opt/ros/humble /usr/bin/cmake /home/ming/ros2_ws/src/lidar_processor_cpp -DAMENT_CMAKE_SYMLINK_INSTALL=1 -DCMAKE_INSTALL_PREFIX=/home/ming/ros2_ws/install/lidar_processor_cpp
[10.000s] Invoking command in '/home/ming/ros2_ws/build/lidar_processor_cpp': CMAKE_PREFIX_PATH=${CMAKE_PREFIX_PATH}:/home/ming/ros2_ws/install/speech_processor:/home/ming/ros2_ws/install/lidar_processor:/home/ming/ros2_ws/install/go2_robot_sdk:/home/ming/ros2_ws/install/coco_detector:/opt/ros/humble /usr/bin/cmake --build /home/ming/ros2_ws/build/lidar_processor_cpp -- -j6 -l6
[10.136s] [ 25%] Building CXX object CMakeFiles/pointcloud_aggregator_node.dir/src/pointcloud_aggregator_node.cpp.o
[10.137s] [ 50%] Building CXX object CMakeFiles/lidar_to_pointcloud_node.dir/src/lidar_to_pointcloud_node.cpp.o
[60.531s] [ 75%] Linking CXX executable pointcloud_aggregator_node
[62.686s] [100%] Linking CXX executable lidar_to_pointcloud_node
[66.300s] [100%] Built target pointcloud_aggregator_node
[66.598s] [100%] Built target lidar_to_pointcloud_node
[66.628s] Invoked command in '/home/ming/ros2_ws/build/lidar_processor_cpp' returned '0': CMAKE_PREFIX_PATH=${CMAKE_PREFIX_PATH}:/home/ming/ros2_ws/install/speech_processor:/home/ming/ros2_ws/install/lidar_processor:/home/ming/ros2_ws/install/go2_robot_sdk:/home/ming/ros2_ws/install/coco_detector:/opt/ros/humble /usr/bin/cmake --build /home/ming/ros2_ws/build/lidar_processor_cpp -- -j6 -l6
[66.648s] Invoking command in '/home/ming/ros2_ws/build/lidar_processor_cpp': CMAKE_PREFIX_PATH=${CMAKE_PREFIX_PATH}:/home/ming/ros2_ws/install/speech_processor:/home/ming/ros2_ws/install/lidar_processor:/home/ming/ros2_ws/install/go2_robot_sdk:/home/ming/ros2_ws/install/coco_detector:/opt/ros/humble /usr/bin/cmake --install /home/ming/ros2_ws/build/lidar_processor_cpp
[66.666s] -- Install configuration: ""
[66.666s] -- Execute custom install script
[66.667s] -- Symlinking: /home/ming/ros2_ws/install/lidar_processor_cpp/lib/lidar_processor_cpp/lidar_to_pointcloud_node
[66.689s] -- Symlinking: /home/ming/ros2_ws/install/lidar_processor_cpp/lib/lidar_processor_cpp/pointcloud_aggregator_node
[66.711s] -- Symlinking: /home/ming/ros2_ws/install/lidar_processor_cpp/include//lidar_processor_cpp/lidar_to_pointcloud_node.hpp
[66.729s] -- Symlinking: /home/ming/ros2_ws/install/lidar_processor_cpp/include//lidar_processor_cpp/pointcloud_aggregator_node.hpp
[66.747s] -- Symlinking: /home/ming/ros2_ws/install/lidar_processor_cpp/share/ament_index/resource_index/package_run_dependencies/lidar_processor_cpp
[66.765s] -- Symlinking: /home/ming/ros2_ws/install/lidar_processor_cpp/share/ament_index/resource_index/parent_prefix_path/lidar_processor_cpp
[66.787s] -- Symlinking: /home/ming/ros2_ws/install/lidar_processor_cpp/share/lidar_processor_cpp/environment/ament_prefix_path.sh
[66.813s] -- Symlinking: /home/ming/ros2_ws/install/lidar_processor_cpp/share/lidar_processor_cpp/environment/ament_prefix_path.dsv
[66.836s] -- Symlinking: /home/ming/ros2_ws/install/lidar_processor_cpp/share/lidar_processor_cpp/environment/path.sh
[66.859s] -- Symlinking: /home/ming/ros2_ws/install/lidar_processor_cpp/share/lidar_processor_cpp/environment/path.dsv
[66.879s] -- Symlinking: /home/ming/ros2_ws/install/lidar_processor_cpp/share/lidar_processor_cpp/local_setup.bash
[66.901s] -- Symlinking: /home/ming/ros2_ws/install/lidar_processor_cpp/share/lidar_processor_cpp/local_setup.sh
[66.920s] -- Symlinking: /home/ming/ros2_ws/install/lidar_processor_cpp/share/lidar_processor_cpp/local_setup.zsh
[66.938s] -- Symlinking: /home/ming/ros2_ws/install/lidar_processor_cpp/share/lidar_processor_cpp/local_setup.dsv
[66.966s] -- Symlinking: /home/ming/ros2_ws/install/lidar_processor_cpp/share/lidar_processor_cpp/package.dsv
[66.987s] -- Symlinking: /home/ming/ros2_ws/install/lidar_processor_cpp/share/ament_index/resource_index/packages/lidar_processor_cpp
[67.006s] -- Symlinking: /home/ming/ros2_ws/install/lidar_processor_cpp/share/lidar_processor_cpp/cmake/lidar_processor_cppConfig.cmake
[67.027s] -- Symlinking: /home/ming/ros2_ws/install/lidar_processor_cpp/share/lidar_processor_cpp/cmake/lidar_processor_cppConfig-version.cmake
[67.046s] -- Symlinking: /home/ming/ros2_ws/install/lidar_processor_cpp/share/lidar_processor_cpp/package.xml
[67.073s] Invoked command in '/home/ming/ros2_ws/build/lidar_processor_cpp' returned '0': CMAKE_PREFIX_PATH=${CMAKE_PREFIX_PATH}:/home/ming/ros2_ws/install/speech_processor:/home/ming/ros2_ws/install/lidar_processor:/home/ming/ros2_ws/install/go2_robot_sdk:/home/ming/ros2_ws/install/coco_detector:/opt/ros/humble /usr/bin/cmake --install /home/ming/ros2_ws/build/lidar_processor_cpp
