[0.078s] Invoking command in '/home/ming/ros2_ws/build/lidar_processor_cpp': CMAKE_PREFIX_PATH=${CMAKE_PREFIX_PATH}:/home/ming/ros2_ws/install/speech_processor:/home/ming/ros2_ws/install/lidar_processor:/home/ming/ros2_ws/install/go2_robot_sdk:/home/ming/ros2_ws/install/go2_navigation:/home/ming/ros2_ws/install/coco_detector:/home/ming/install/go2_navigation:/opt/ros/humble PS1=\[\e]0;\u@\h: \w\a\]${debian_chroot:+($debian_chroot)}\[\033[01;32m\]\u@\h\[\033[00m\]:\[\033[01;34m\]\w\[\033[00m\]\$ /usr/bin/cmake /home/ming/ros2_ws/src/lidar_processor_cpp -DCMAKE_INSTALL_PREFIX=/home/ming/ros2_ws/install/lidar_processor_cpp
[0.202s] -- The C compiler identification is GNU 11.4.0
[0.302s] -- The CXX compiler identification is GNU 11.4.0
[0.315s] -- Detecting C compiler ABI info
[0.444s] -- Detecting C compiler ABI info - done
[0.465s] -- Check for working C compiler: /usr/bin/cc - skipped
[0.465s] -- Detecting C compile features
[0.466s] -- Detecting C compile features - done
[0.474s] -- Detecting CXX compiler ABI info
[0.621s] -- Detecting CXX compiler ABI info - done
[0.633s] -- Check for working CXX compiler: /usr/bin/c++ - skipped
[0.633s] -- Detecting CXX compile features
[0.634s] -- Detecting CXX compile features - done
[0.639s] -- Found ament_cmake: 1.3.13 (/opt/ros/humble/share/ament_cmake/cmake)
[1.065s] -- Found Python3: /usr/bin/python3 (found version "3.10.12") found components: Interpreter 
[1.330s] -- Found rclcpp: 16.0.18 (/opt/ros/humble/share/rclcpp/cmake)
[1.421s] -- Found rosidl_generator_c: 3.1.8 (/opt/ros/humble/share/rosidl_generator_c/cmake)
[1.431s] -- Found rosidl_adapter: 3.1.8 (/opt/ros/humble/share/rosidl_adapter/cmake)
[1.455s] -- Found rosidl_generator_cpp: 3.1.8 (/opt/ros/humble/share/rosidl_generator_cpp/cmake)
[1.510s] -- Using all available rosidl_typesupport_c: rosidl_typesupport_fastrtps_c;rosidl_typesupport_introspection_c
[1.542s] -- Using all available rosidl_typesupport_cpp: rosidl_typesupport_fastrtps_cpp;rosidl_typesupport_introspection_cpp
[1.631s] -- Found rmw_implementation_cmake: 6.1.2 (/opt/ros/humble/share/rmw_implementation_cmake/cmake)
[1.637s] -- Found rmw_fastrtps_cpp: 6.2.10 (/opt/ros/humble/share/rmw_fastrtps_cpp/cmake)
[1.984s] -- Found OpenSSL: /usr/lib/aarch64-linux-gnu/libcrypto.so (found version "3.0.2")  
[2.037s] -- Found FastRTPS: /opt/ros/humble/include  
[2.116s] -- Using RMW implementation 'rmw_fastrtps_cpp' as default
[2.133s] -- Looking for pthread.h
[2.258s] -- Looking for pthread.h - found
[2.259s] -- Performing Test CMAKE_HAVE_LIBC_PTHREAD
[2.430s] -- Performing Test CMAKE_HAVE_LIBC_PTHREAD - Success
[2.433s] -- Found Threads: TRUE  
[2.559s] -- Found sensor_msgs: 4.9.1 (/opt/ros/humble/share/sensor_msgs/cmake)
[2.641s] -- Found pcl_ros: 2.4.5 (/opt/ros/humble/share/pcl_ros/cmake)
[2.794s] -- Checking for module 'eigen3'
[2.837s] --   Found eigen3, version 3.4.0
[3.022s] -- Found Eigen: /usr/include/eigen3 (Required is at least version "3.1") 
[3.022s] -- Eigen found (include: /usr/include/eigen3, version: 3.4.0)
[3.175s] -- Checking for module 'flann'
[3.227s] --   Found flann, version 1.9.1
[3.443s] -- Found FLANN: /usr/lib/aarch64-linux-gnu/libflann_cpp.so  
[3.443s] -- FLANN found (include: /usr/include, lib: /usr/lib/aarch64-linux-gnu/libflann_cpp.so)
[8.548s] -- Checking for module 'libusb-1.0'
[8.665s] --   Found libusb-1.0, version 1.0.25
[9.000s] -- Found libusb: /usr/lib/aarch64-linux-gnu/libusb-1.0.so  
[9.018s] -- OpenNI found (version: 1.5.4.0, include: /usr/include/ni, lib: /usr/lib/libOpenNI.so;libusb::libusb)
[9.464s] -- OpenNI2 found (version: 2.2.0.33, include: /usr/include/openni2, lib: /usr/lib/aarch64-linux-gnu/libOpenNI2.so;libusb::libusb)
[10.104s] -- Eigen found (include: /usr/include/eigen3, version: 3.4.0)
[10.137s] -- OpenNI found (version: 1.5.4.0, include: /usr/include/ni, lib: /usr/lib/libOpenNI.so;libusb::libusb)
[10.175s] -- OpenNI2 found (version: 2.2.0.33, include: /usr/include/openni2, lib: /usr/lib/aarch64-linux-gnu/libOpenNI2.so;libusb::libusb)
[10.865s] -- Found Qhull version 8.0.2
[11.579s] -- OpenNI found (version: 1.5.4.0, include: /usr/include/ni, lib: /usr/lib/libOpenNI.so;libusb::libusb)
[12.261s] -- Found PCL_COMMON: /usr/lib/aarch64-linux-gnu/libpcl_common.so  
[12.263s] -- Found PCL_KDTREE: /usr/lib/aarch64-linux-gnu/libpcl_kdtree.so  
[12.276s] -- Found PCL_OCTREE: /usr/lib/aarch64-linux-gnu/libpcl_octree.so  
[12.278s] -- Found PCL_SEARCH: /usr/lib/aarch64-linux-gnu/libpcl_search.so  
[12.280s] -- Found PCL_SAMPLE_CONSENSUS: /usr/lib/aarch64-linux-gnu/libpcl_sample_consensus.so  
[12.282s] -- Found PCL_FILTERS: /usr/lib/aarch64-linux-gnu/libpcl_filters.so  
[12.283s] -- Found PCL_2D: /usr/include/pcl-1.12  
[12.293s] -- Found PCL_GEOMETRY: /usr/include/pcl-1.12  
[12.296s] -- Found PCL_IO: /usr/lib/aarch64-linux-gnu/libpcl_io.so  
[12.308s] -- Found PCL_FEATURES: /usr/lib/aarch64-linux-gnu/libpcl_features.so  
[12.311s] -- Found PCL_ML: /usr/lib/aarch64-linux-gnu/libpcl_ml.so  
[12.314s] -- Found PCL_SEGMENTATION: /usr/lib/aarch64-linux-gnu/libpcl_segmentation.so  
[12.320s] -- Found PCL_VISUALIZATION: /usr/lib/aarch64-linux-gnu/libpcl_visualization.so  
[12.331s] -- Found PCL_SURFACE: /usr/lib/aarch64-linux-gnu/libpcl_surface.so  
[12.346s] -- Found PCL_REGISTRATION: /usr/lib/aarch64-linux-gnu/libpcl_registration.so  
[12.350s] -- Found PCL_KEYPOINTS: /usr/lib/aarch64-linux-gnu/libpcl_keypoints.so  
[12.354s] -- Found PCL_TRACKING: /usr/lib/aarch64-linux-gnu/libpcl_tracking.so  
[12.361s] -- Found PCL_RECOGNITION: /usr/lib/aarch64-linux-gnu/libpcl_recognition.so  
[12.367s] -- Found PCL_STEREO: /usr/lib/aarch64-linux-gnu/libpcl_stereo.so  
[12.379s] -- Found PCL_APPS: /usr/lib/aarch64-linux-gnu/libpcl_apps.so  
[12.382s] -- Found PCL_IN_HAND_SCANNER: /usr/include/pcl-1.12  
[12.388s] -- Found PCL_MODELER: /usr/include/pcl-1.12  
[12.397s] -- Found PCL_POINT_CLOUD_EDITOR: /usr/include/pcl-1.12  
[12.401s] -- Found PCL_OUTOFCORE: /usr/lib/aarch64-linux-gnu/libpcl_outofcore.so  
[12.405s] -- Found PCL_PEOPLE: /usr/lib/aarch64-linux-gnu/libpcl_people.so  
[12.605s] -- Found eigen3_cmake_module: 0.1.1 (/opt/ros/humble/share/eigen3_cmake_module/cmake)
[12.609s] -- Found Eigen3: TRUE (found version "3.4.0") 
[12.609s] -- Ensuring Eigen3 include directory is part of orocos-kdl CMake target
[13.151s] -- Found ament_lint_auto: 0.12.15 (/opt/ros/humble/share/ament_lint_auto/cmake)
[13.471s] -- Added test 'cppcheck' to perform static code analysis on C / C++ code
[13.485s] -- Configured cppcheck include dirs: /home/ming/ros2_ws/src/lidar_processor_cpp/include
[13.485s] -- Configured cppcheck exclude dirs and/or files: 
[13.487s] -- Added test 'lint_cmake' to check CMake code style
[13.489s] -- Added test 'uncrustify' to check C / C++ code style
[13.489s] -- Configured uncrustify additional arguments: 
[13.490s] -- Added test 'xmllint' to check XML markup files
[13.509s] -- Configuring done
[13.836s] -- Generating done
[13.930s] -- Build files have been written to: /home/ming/ros2_ws/build/lidar_processor_cpp
[14.051s] Invoked command in '/home/ming/ros2_ws/build/lidar_processor_cpp' returned '0': CMAKE_PREFIX_PATH=${CMAKE_PREFIX_PATH}:/home/ming/ros2_ws/install/speech_processor:/home/ming/ros2_ws/install/lidar_processor:/home/ming/ros2_ws/install/go2_robot_sdk:/home/ming/ros2_ws/install/go2_navigation:/home/ming/ros2_ws/install/coco_detector:/home/ming/install/go2_navigation:/opt/ros/humble PS1=\[\e]0;\u@\h: \w\a\]${debian_chroot:+($debian_chroot)}\[\033[01;32m\]\u@\h\[\033[00m\]:\[\033[01;34m\]\w\[\033[00m\]\$ /usr/bin/cmake /home/ming/ros2_ws/src/lidar_processor_cpp -DCMAKE_INSTALL_PREFIX=/home/ming/ros2_ws/install/lidar_processor_cpp
[14.060s] Invoking command in '/home/ming/ros2_ws/build/lidar_processor_cpp': CMAKE_PREFIX_PATH=${CMAKE_PREFIX_PATH}:/home/ming/ros2_ws/install/speech_processor:/home/ming/ros2_ws/install/lidar_processor:/home/ming/ros2_ws/install/go2_robot_sdk:/home/ming/ros2_ws/install/go2_navigation:/home/ming/ros2_ws/install/coco_detector:/home/ming/install/go2_navigation:/opt/ros/humble PS1=\[\e]0;\u@\h: \w\a\]${debian_chroot:+($debian_chroot)}\[\033[01;32m\]\u@\h\[\033[00m\]:\[\033[01;34m\]\w\[\033[00m\]\$ /usr/bin/cmake --build /home/ming/ros2_ws/build/lidar_processor_cpp -- -j6 -l6
[14.333s] [ 25%] [32mBuilding CXX object CMakeFiles/pointcloud_aggregator_node.dir/src/pointcloud_aggregator_node.cpp.o[0m
[14.349s] [ 50%] [32mBuilding CXX object CMakeFiles/lidar_to_pointcloud_node.dir/src/lidar_to_pointcloud_node.cpp.o[0m
[58.258s] [ 75%] [32m[1mLinking CXX executable pointcloud_aggregator_node[0m
[59.740s] [100%] [32m[1mLinking CXX executable lidar_to_pointcloud_node[0m
[63.377s] [100%] Built target pointcloud_aggregator_node
[63.668s] [100%] Built target lidar_to_pointcloud_node
[63.761s] Invoked command in '/home/ming/ros2_ws/build/lidar_processor_cpp' returned '0': CMAKE_PREFIX_PATH=${CMAKE_PREFIX_PATH}:/home/ming/ros2_ws/install/speech_processor:/home/ming/ros2_ws/install/lidar_processor:/home/ming/ros2_ws/install/go2_robot_sdk:/home/ming/ros2_ws/install/go2_navigation:/home/ming/ros2_ws/install/coco_detector:/home/ming/install/go2_navigation:/opt/ros/humble PS1=\[\e]0;\u@\h: \w\a\]${debian_chroot:+($debian_chroot)}\[\033[01;32m\]\u@\h\[\033[00m\]:\[\033[01;34m\]\w\[\033[00m\]\$ /usr/bin/cmake --build /home/ming/ros2_ws/build/lidar_processor_cpp -- -j6 -l6
[63.774s] Invoking command in '/home/ming/ros2_ws/build/lidar_processor_cpp': CMAKE_PREFIX_PATH=${CMAKE_PREFIX_PATH}:/home/ming/ros2_ws/install/speech_processor:/home/ming/ros2_ws/install/lidar_processor:/home/ming/ros2_ws/install/go2_robot_sdk:/home/ming/ros2_ws/install/go2_navigation:/home/ming/ros2_ws/install/coco_detector:/home/ming/install/go2_navigation:/opt/ros/humble PS1=\[\e]0;\u@\h: \w\a\]${debian_chroot:+($debian_chroot)}\[\033[01;32m\]\u@\h\[\033[00m\]:\[\033[01;34m\]\w\[\033[00m\]\$ /usr/bin/cmake --install /home/ming/ros2_ws/build/lidar_processor_cpp
[63.791s] -- Install configuration: ""
[63.791s] -- Installing: /home/ming/ros2_ws/install/lidar_processor_cpp/lib/lidar_processor_cpp/lidar_to_pointcloud_node
[63.802s] -- Set runtime path of "/home/ming/ros2_ws/install/lidar_processor_cpp/lib/lidar_processor_cpp/lidar_to_pointcloud_node" to ""
[63.802s] -- Installing: /home/ming/ros2_ws/install/lidar_processor_cpp/lib/lidar_processor_cpp/pointcloud_aggregator_node
[63.810s] -- Set runtime path of "/home/ming/ros2_ws/install/lidar_processor_cpp/lib/lidar_processor_cpp/pointcloud_aggregator_node" to ""
[63.810s] -- Installing: /home/ming/ros2_ws/install/lidar_processor_cpp/include/
[63.810s] -- Installing: /home/ming/ros2_ws/install/lidar_processor_cpp/include//lidar_processor_cpp
[63.811s] -- Installing: /home/ming/ros2_ws/install/lidar_processor_cpp/include//lidar_processor_cpp/lidar_to_pointcloud_node.hpp
[63.812s] -- Installing: /home/ming/ros2_ws/install/lidar_processor_cpp/include//lidar_processor_cpp/pointcloud_aggregator_node.hpp
[63.815s] -- Installing: /home/ming/ros2_ws/install/lidar_processor_cpp/share/ament_index/resource_index/package_run_dependencies/lidar_processor_cpp
[63.816s] -- Installing: /home/ming/ros2_ws/install/lidar_processor_cpp/share/ament_index/resource_index/parent_prefix_path/lidar_processor_cpp
[63.821s] -- Installing: /home/ming/ros2_ws/install/lidar_processor_cpp/share/lidar_processor_cpp/environment/ament_prefix_path.sh
[63.822s] -- Installing: /home/ming/ros2_ws/install/lidar_processor_cpp/share/lidar_processor_cpp/environment/ament_prefix_path.dsv
[63.822s] -- Installing: /home/ming/ros2_ws/install/lidar_processor_cpp/share/lidar_processor_cpp/environment/path.sh
[63.823s] -- Installing: /home/ming/ros2_ws/install/lidar_processor_cpp/share/lidar_processor_cpp/environment/path.dsv
[63.824s] -- Installing: /home/ming/ros2_ws/install/lidar_processor_cpp/share/lidar_processor_cpp/local_setup.bash
[63.824s] -- Installing: /home/ming/ros2_ws/install/lidar_processor_cpp/share/lidar_processor_cpp/local_setup.sh
[63.825s] -- Installing: /home/ming/ros2_ws/install/lidar_processor_cpp/share/lidar_processor_cpp/local_setup.zsh
[63.825s] -- Installing: /home/ming/ros2_ws/install/lidar_processor_cpp/share/lidar_processor_cpp/local_setup.dsv
[63.826s] -- Installing: /home/ming/ros2_ws/install/lidar_processor_cpp/share/lidar_processor_cpp/package.dsv
[63.827s] -- Installing: /home/ming/ros2_ws/install/lidar_processor_cpp/share/ament_index/resource_index/packages/lidar_processor_cpp
[63.828s] -- Installing: /home/ming/ros2_ws/install/lidar_processor_cpp/share/lidar_processor_cpp/cmake/lidar_processor_cppConfig.cmake
[63.829s] -- Installing: /home/ming/ros2_ws/install/lidar_processor_cpp/share/lidar_processor_cpp/cmake/lidar_processor_cppConfig-version.cmake
[63.829s] -- Installing: /home/ming/ros2_ws/install/lidar_processor_cpp/share/lidar_processor_cpp/package.xml
[63.837s] Invoked command in '/home/ming/ros2_ws/build/lidar_processor_cpp' returned '0': CMAKE_PREFIX_PATH=${CMAKE_PREFIX_PATH}:/home/ming/ros2_ws/install/speech_processor:/home/ming/ros2_ws/install/lidar_processor:/home/ming/ros2_ws/install/go2_robot_sdk:/home/ming/ros2_ws/install/go2_navigation:/home/ming/ros2_ws/install/coco_detector:/home/ming/install/go2_navigation:/opt/ros/humble PS1=\[\e]0;\u@\h: \w\a\]${debian_chroot:+($debian_chroot)}\[\033[01;32m\]\u@\h\[\033[00m\]:\[\033[01;34m\]\w\[\033[00m\]\$ /usr/bin/cmake --install /home/ming/ros2_ws/build/lidar_processor_cpp
