[0.068s] Invoking command in '/home/ming/ros2_ws/build/champ': CMAKE_PREFIX_PATH=${CMAKE_PREFIX_PATH}:/home/ming/ros2_ws/install/speech_processor:/home/ming/ros2_ws/install/lidar_processor:/home/ming/ros2_ws/install/go2_robot_sdk:/home/ming/ros2_ws/install/go2_navigation:/home/ming/ros2_ws/install/coco_detector:/home/ming/install/go2_navigation:/opt/ros/humble /usr/bin/cmake --build /home/ming/ros2_ws/build/champ -- -j6 -l6
[1.774s] Invoked command in '/home/ming/ros2_ws/build/champ' returned '0': CMAKE_PREFIX_PATH=${CMAKE_PREFIX_PATH}:/home/ming/ros2_ws/install/speech_processor:/home/ming/ros2_ws/install/lidar_processor:/home/ming/ros2_ws/install/go2_robot_sdk:/home/ming/ros2_ws/install/go2_navigation:/home/ming/ros2_ws/install/coco_detector:/home/ming/install/go2_navigation:/opt/ros/humble /usr/bin/cmake --build /home/ming/ros2_ws/build/champ -- -j6 -l6
[1.787s] Invoking command in '/home/ming/ros2_ws/build/champ': CMAKE_PREFIX_PATH=${CMAKE_PREFIX_PATH}:/home/ming/ros2_ws/install/speech_processor:/home/ming/ros2_ws/install/lidar_processor:/home/ming/ros2_ws/install/go2_robot_sdk:/home/ming/ros2_ws/install/go2_navigation:/home/ming/ros2_ws/install/coco_detector:/home/ming/install/go2_navigation:/opt/ros/humble /usr/bin/cmake --install /home/ming/ros2_ws/build/champ
[1.804s] -- Install configuration: ""
[1.804s] -- Up-to-date: /home/ming/ros2_ws/install/champ/include
[1.804s] -- Up-to-date: /home/ming/ros2_ws/install/champ/include/champ
[1.805s] -- Up-to-date: /home/ming/ros2_ws/install/champ/include/champ/LICENSE
[1.805s] -- Up-to-date: /home/ming/ros2_ws/install/champ/include/champ/macros
[1.807s] -- Up-to-date: /home/ming/ros2_ws/install/champ/include/champ/macros/macros.h
[1.807s] -- Up-to-date: /home/ming/ros2_ws/install/champ/include/champ/odometry
[1.808s] -- Up-to-date: /home/ming/ros2_ws/install/champ/include/champ/odometry/odometry.h
[1.809s] -- Up-to-date: /home/ming/ros2_ws/install/champ/include/champ/utils
[1.812s] -- Up-to-date: /home/ming/ros2_ws/install/champ/include/champ/utils/xmlrpc_helpers.h
[1.812s] -- Up-to-date: /home/ming/ros2_ws/install/champ/include/champ/utils/urdf_loader.h
[1.812s] -- Up-to-date: /home/ming/ros2_ws/install/champ/include/champ/body_controller
[1.813s] -- Up-to-date: /home/ming/ros2_ws/install/champ/include/champ/body_controller/body_controller.h
[1.813s] -- Up-to-date: /home/ming/ros2_ws/install/champ/include/champ/geometry
[1.831s] -- Up-to-date: /home/ming/ros2_ws/install/champ/include/champ/geometry/geometry.h
[1.831s] -- Up-to-date: /home/ming/ros2_ws/install/champ/include/champ/kinematics
[1.838s] -- Up-to-date: /home/ming/ros2_ws/install/champ/include/champ/kinematics/kinematics.h
[1.838s] -- Up-to-date: /home/ming/ros2_ws/install/champ/include/champ/bla
[1.839s] -- Up-to-date: /home/ming/ros2_ws/install/champ/include/champ/bla/memory_delegate.h
[1.839s] -- Up-to-date: /home/ming/ros2_ws/install/champ/include/champ/bla/basic_linear_algebra.h
[1.840s] -- Up-to-date: /home/ming/ros2_ws/install/champ/include/champ/leg_controller
[1.841s] -- Up-to-date: /home/ming/ros2_ws/install/champ/include/champ/leg_controller/trajectory_planner.h
[1.842s] -- Up-to-date: /home/ming/ros2_ws/install/champ/include/champ/leg_controller/phase_generator.h
[1.842s] -- Up-to-date: /home/ming/ros2_ws/install/champ/include/champ/leg_controller/leg_controller.h
[1.842s] -- Up-to-date: /home/ming/ros2_ws/install/champ/include/champ/README.md
[1.842s] -- Up-to-date: /home/ming/ros2_ws/install/champ/include/champ/quadruped_base
[1.843s] -- Up-to-date: /home/ming/ros2_ws/install/champ/include/champ/quadruped_base/quadruped_base.h
[1.845s] -- Up-to-date: /home/ming/ros2_ws/install/champ/include/champ/quadruped_base/quadruped_leg.h
[1.845s] -- Up-to-date: /home/ming/ros2_ws/install/champ/include/champ/quadruped_base/quadruped_joint.h
[1.845s] -- Up-to-date: /home/ming/ros2_ws/install/champ/include/champ/quadruped_base/quadruped_components.h
[1.846s] -- Up-to-date: /home/ming/ros2_ws/install/champ/share/ament_index/resource_index/package_run_dependencies/champ
[1.852s] -- Up-to-date: /home/ming/ros2_ws/install/champ/share/ament_index/resource_index/parent_prefix_path/champ
[1.860s] -- Up-to-date: /home/ming/ros2_ws/install/champ/share/champ/environment/ament_prefix_path.sh
[1.863s] -- Up-to-date: /home/ming/ros2_ws/install/champ/share/champ/environment/ament_prefix_path.dsv
[1.863s] -- Up-to-date: /home/ming/ros2_ws/install/champ/share/champ/environment/path.sh
[1.863s] -- Up-to-date: /home/ming/ros2_ws/install/champ/share/champ/environment/path.dsv
[1.863s] -- Up-to-date: /home/ming/ros2_ws/install/champ/share/champ/local_setup.bash
[1.863s] -- Up-to-date: /home/ming/ros2_ws/install/champ/share/champ/local_setup.sh
[1.864s] -- Up-to-date: /home/ming/ros2_ws/install/champ/share/champ/local_setup.zsh
[1.864s] -- Up-to-date: /home/ming/ros2_ws/install/champ/share/champ/local_setup.dsv
[1.864s] -- Up-to-date: /home/ming/ros2_ws/install/champ/share/champ/package.dsv
[1.864s] -- Up-to-date: /home/ming/ros2_ws/install/champ/share/ament_index/resource_index/packages/champ
[1.864s] -- Up-to-date: /home/ming/ros2_ws/install/champ/share/champ/cmake/ament_cmake_export_include_directories-extras.cmake
[1.864s] -- Up-to-date: /home/ming/ros2_ws/install/champ/share/champ/cmake/champConfig.cmake
[1.864s] -- Up-to-date: /home/ming/ros2_ws/install/champ/share/champ/cmake/champConfig-version.cmake
[1.865s] -- Up-to-date: /home/ming/ros2_ws/install/champ/share/champ/package.xml
[2.073s] Invoked command in '/home/ming/ros2_ws/build/champ' returned '0': CMAKE_PREFIX_PATH=${CMAKE_PREFIX_PATH}:/home/ming/ros2_ws/install/speech_processor:/home/ming/ros2_ws/install/lidar_processor:/home/ming/ros2_ws/install/go2_robot_sdk:/home/ming/ros2_ws/install/go2_navigation:/home/ming/ros2_ws/install/coco_detector:/home/ming/install/go2_navigation:/opt/ros/humble /usr/bin/cmake --install /home/ming/ros2_ws/build/champ
