[2.463s] Invoking command in '/home/ming/ros2_ws/src/lidar_processor': PS1=\[\e]0;\u@\h: \w\a\]${debian_chroot:+($debian_chroot)}\[\033[01;32m\]\u@\h\[\033[00m\]:\[\033[01;34m\]\w\[\033[00m\]\$ PYTHONPATH=/home/ming/ros2_ws/build/lidar_processor/prefix_override:/usr/lib/python3/dist-packages/colcon_core/task/python/colcon_distutils_commands:/home/ming/ros2_ws/install/lidar_processor/lib/python3.10/site-packages:${PYTHONPATH} /usr/bin/python3 -W ignore:setup.py install is deprecated -W ignore:easy_install command is deprecated setup.py egg_info --egg-base ../../build/lidar_processor build --build-base /home/ming/ros2_ws/build/lidar_processor/build install --record /home/ming/ros2_ws/build/lidar_processor/install.log --single-version-externally-managed install_data
[2.939s] running egg_info
[2.940s] creating ../../build/lidar_processor/lidar_processor.egg-info
[2.941s] writing ../../build/lidar_processor/lidar_processor.egg-info/PKG-INFO
[2.941s] writing dependency_links to ../../build/lidar_processor/lidar_processor.egg-info/dependency_links.txt
[2.942s] writing entry points to ../../build/lidar_processor/lidar_processor.egg-info/entry_points.txt
[2.942s] writing requirements to ../../build/lidar_processor/lidar_processor.egg-info/requires.txt
[2.942s] writing top-level names to ../../build/lidar_processor/lidar_processor.egg-info/top_level.txt
[2.942s] writing manifest file '../../build/lidar_processor/lidar_processor.egg-info/SOURCES.txt'
[2.945s] reading manifest file '../../build/lidar_processor/lidar_processor.egg-info/SOURCES.txt'
[2.947s] writing manifest file '../../build/lidar_processor/lidar_processor.egg-info/SOURCES.txt'
[2.947s] running build
[2.948s] running build_py
[2.948s] creating /home/ming/ros2_ws/build/lidar_processor/build
[2.948s] creating /home/ming/ros2_ws/build/lidar_processor/build/lib
[2.948s] creating /home/ming/ros2_ws/build/lidar_processor/build/lib/lidar_processor
[2.948s] copying lidar_processor/pointcloud_aggregator_node.py -> /home/ming/ros2_ws/build/lidar_processor/build/lib/lidar_processor
[2.949s] copying lidar_processor/__init__.py -> /home/ming/ros2_ws/build/lidar_processor/build/lib/lidar_processor
[2.949s] copying lidar_processor/lidar_to_pointcloud_node.py -> /home/ming/ros2_ws/build/lidar_processor/build/lib/lidar_processor
[2.949s] running install
[2.949s] running install_lib
[2.954s] creating /home/ming/ros2_ws/install/lidar_processor/lib/python3.10/site-packages/lidar_processor
[2.954s] copying /home/ming/ros2_ws/build/lidar_processor/build/lib/lidar_processor/pointcloud_aggregator_node.py -> /home/ming/ros2_ws/install/lidar_processor/lib/python3.10/site-packages/lidar_processor
[2.954s] copying /home/ming/ros2_ws/build/lidar_processor/build/lib/lidar_processor/__init__.py -> /home/ming/ros2_ws/install/lidar_processor/lib/python3.10/site-packages/lidar_processor
[2.954s] copying /home/ming/ros2_ws/build/lidar_processor/build/lib/lidar_processor/lidar_to_pointcloud_node.py -> /home/ming/ros2_ws/install/lidar_processor/lib/python3.10/site-packages/lidar_processor
[2.956s] byte-compiling /home/ming/ros2_ws/install/lidar_processor/lib/python3.10/site-packages/lidar_processor/pointcloud_aggregator_node.py to pointcloud_aggregator_node.cpython-310.pyc
[2.959s] byte-compiling /home/ming/ros2_ws/install/lidar_processor/lib/python3.10/site-packages/lidar_processor/__init__.py to __init__.cpython-310.pyc
[2.959s] byte-compiling /home/ming/ros2_ws/install/lidar_processor/lib/python3.10/site-packages/lidar_processor/lidar_to_pointcloud_node.py to lidar_to_pointcloud_node.cpython-310.pyc
[2.962s] running install_data
[2.962s] creating /home/ming/ros2_ws/install/lidar_processor/share/ament_index
[2.962s] creating /home/ming/ros2_ws/install/lidar_processor/share/ament_index/resource_index
[2.962s] creating /home/ming/ros2_ws/install/lidar_processor/share/ament_index/resource_index/packages
[2.963s] copying resource/lidar_processor -> /home/ming/ros2_ws/install/lidar_processor/share/ament_index/resource_index/packages
[2.963s] copying package.xml -> /home/ming/ros2_ws/install/lidar_processor/share/lidar_processor
[2.963s] running install_egg_info
[2.967s] Copying ../../build/lidar_processor/lidar_processor.egg-info to /home/ming/ros2_ws/install/lidar_processor/lib/python3.10/site-packages/lidar_processor-1.0.0-py3.10.egg-info
[2.969s] running install_scripts
[3.009s] Installing lidar_to_pointcloud script to /home/ming/ros2_ws/install/lidar_processor/lib/lidar_processor
[3.009s] Installing pointcloud_aggregator script to /home/ming/ros2_ws/install/lidar_processor/lib/lidar_processor
[3.010s] writing list of installed files to '/home/ming/ros2_ws/build/lidar_processor/install.log'
[3.180s] Invoked command in '/home/ming/ros2_ws/src/lidar_processor' returned '0': PS1=\[\e]0;\u@\h: \w\a\]${debian_chroot:+($debian_chroot)}\[\033[01;32m\]\u@\h\[\033[00m\]:\[\033[01;34m\]\w\[\033[00m\]\$ PYTHONPATH=/home/ming/ros2_ws/build/lidar_processor/prefix_override:/usr/lib/python3/dist-packages/colcon_core/task/python/colcon_distutils_commands:/home/ming/ros2_ws/install/lidar_processor/lib/python3.10/site-packages:${PYTHONPATH} /usr/bin/python3 -W ignore:setup.py install is deprecated -W ignore:easy_install command is deprecated setup.py egg_info --egg-base ../../build/lidar_processor build --build-base /home/ming/ros2_ws/build/lidar_processor/build install --record /home/ming/ros2_ws/build/lidar_processor/install.log --single-version-externally-managed install_data
