[0.057s] Invoking command in '/home/ming/ros2_ws/build/champ_msgs': CMAKE_PREFIX_PATH=${CMAKE_PREFIX_PATH}:/home/ming/ros2_ws/install/speech_processor:/home/ming/ros2_ws/install/lidar_processor:/home/ming/ros2_ws/install/go2_robot_sdk:/home/ming/ros2_ws/install/coco_detector:/opt/ros/humble /usr/bin/cmake /home/ming/ros2_ws/src/unitree_go2/champ_msgs -DAMENT_CMAKE_SYMLINK_INSTALL=1 -DCMAKE_INSTALL_PREFIX=/home/ming/ros2_ws/install/champ_msgs
[1.357s] -- The C compiler identification is GNU 11.4.0
[1.357s] -- The CXX compiler identification is GNU 11.4.0
[1.358s] -- Detecting C compiler ABI info
[1.358s] -- Detecting C compiler ABI info - done
[1.358s] -- Check for working C compiler: /usr/bin/cc - skipped
[1.358s] -- Detecting C compile features
[1.358s] -- Detecting C compile features - done
[1.358s] -- Detecting CXX compiler ABI info
[1.358s] -- Detecting CXX compiler ABI info - done
[1.358s] -- Check for working CXX compiler: /usr/bin/c++ - skipped
[1.358s] -- Detecting CXX compile features
[1.358s] -- Detecting CXX compile features - done
[1.358s] -- Found ament_cmake: 1.3.13 (/opt/ros/humble/share/ament_cmake/cmake)
[1.359s] -- Found Python3: /usr/bin/python3 (found version "3.10.12") found components: Interpreter 
[1.435s] -- Override CMake install command with custom implementation using symlinks instead of copying resources
[1.508s] -- Found rosidl_default_generators: 1.2.0 (/opt/ros/humble/share/rosidl_default_generators/cmake)
[1.530s] -- Using all available rosidl_typesupport_c: rosidl_typesupport_fastrtps_c;rosidl_typesupport_introspection_c
[1.543s] -- Found rosidl_adapter: 3.1.8 (/opt/ros/humble/share/rosidl_adapter/cmake)
[1.665s] -- Using all available rosidl_typesupport_cpp: rosidl_typesupport_fastrtps_cpp;rosidl_typesupport_introspection_cpp
[1.848s] -- Found std_msgs: 4.9.1 (/opt/ros/humble/share/std_msgs/cmake)
[1.854s] -- Found geometry_msgs: 4.9.1 (/opt/ros/humble/share/geometry_msgs/cmake)
[3.176s] -- Found ament_cmake_ros: 0.10.0 (/opt/ros/humble/share/ament_cmake_ros/cmake)
[4.569s] -- Using all available rosidl_typesupport_c: rosidl_typesupport_fastrtps_c;rosidl_typesupport_introspection_c
[5.239s] -- Using all available rosidl_typesupport_cpp: rosidl_typesupport_fastrtps_cpp;rosidl_typesupport_introspection_cpp
[5.239s] -- Found PythonInterp: /usr/bin/python3 (found suitable version "3.10.12", minimum required is "3.6") 
[5.239s] -- Found python_cmake_module: 0.10.0 (/opt/ros/humble/share/python_cmake_module/cmake)
[5.239s] -- Found PythonLibs: /usr/lib/aarch64-linux-gnu/libpython3.10.so (found suitable version "3.10.12", minimum required is "3.5") 
[5.239s] -- Using PYTHON_EXECUTABLE: /usr/bin/python3
[5.240s] -- Using PYTHON_INCLUDE_DIRS: /usr/include/python3.10
[5.240s] -- Using PYTHON_LIBRARIES: /usr/lib/aarch64-linux-gnu/libpython3.10.so
[5.262s] -- Found PythonExtra: .so  
[5.416s] -- Found ament_lint_auto: 0.12.15 (/opt/ros/humble/share/ament_lint_auto/cmake)
[5.437s] -- Configuring done
[5.550s] -- Generating done
[5.598s] -- Build files have been written to: /home/ming/ros2_ws/build/champ_msgs
[5.658s] Invoked command in '/home/ming/ros2_ws/build/champ_msgs' returned '0': CMAKE_PREFIX_PATH=${CMAKE_PREFIX_PATH}:/home/ming/ros2_ws/install/speech_processor:/home/ming/ros2_ws/install/lidar_processor:/home/ming/ros2_ws/install/go2_robot_sdk:/home/ming/ros2_ws/install/coco_detector:/opt/ros/humble /usr/bin/cmake /home/ming/ros2_ws/src/unitree_go2/champ_msgs -DAMENT_CMAKE_SYMLINK_INSTALL=1 -DCMAKE_INSTALL_PREFIX=/home/ming/ros2_ws/install/champ_msgs
[5.659s] Invoking command in '/home/ming/ros2_ws/build/champ_msgs': CMAKE_PREFIX_PATH=${CMAKE_PREFIX_PATH}:/home/ming/ros2_ws/install/speech_processor:/home/ming/ros2_ws/install/lidar_processor:/home/ming/ros2_ws/install/go2_robot_sdk:/home/ming/ros2_ws/install/coco_detector:/opt/ros/humble /usr/bin/cmake --build /home/ming/ros2_ws/build/champ_msgs -- -j6 -l6
[5.786s] [  1%] Generating C code for ROS interfaces
[5.875s] [  2%] Generating C++ code for ROS interfaces
[5.946s] [  2%] Built target ament_cmake_python_symlink_champ_msgs
[6.638s] running egg_info
[6.639s] creating champ_msgs.egg-info
[6.640s] writing champ_msgs.egg-info/PKG-INFO
[6.641s] writing dependency_links to champ_msgs.egg-info/dependency_links.txt
[6.641s] writing top-level names to champ_msgs.egg-info/top_level.txt
[6.649s] writing manifest file 'champ_msgs.egg-info/SOURCES.txt'
[6.654s] reading manifest file 'champ_msgs.egg-info/SOURCES.txt'
[6.655s] writing manifest file 'champ_msgs.egg-info/SOURCES.txt'
[6.762s] [  2%] Built target ament_cmake_python_build_champ_msgs_egg
[7.706s] [  2%] Built target champ_msgs__cpp
[7.723s] [  3%] Generating C++ type support dispatch for ROS interfaces
[7.738s] [  4%] Generating C++ type support for eProsima Fast-RTPS
[7.753s] [  5%] Generating C++ introspection for ROS interfaces
[7.908s] [  6%] Building C object CMakeFiles/champ_msgs__rosidl_generator_c.dir/rosidl_generator_c/champ_msgs/msg/detail/velocities__functions.c.o
[7.912s] [  7%] Building C object CMakeFiles/champ_msgs__rosidl_generator_c.dir/rosidl_generator_c/champ_msgs/msg/detail/pid__functions.c.o
[7.916s] [  8%] Building C object CMakeFiles/champ_msgs__rosidl_generator_c.dir/rosidl_generator_c/champ_msgs/msg/detail/imu__functions.c.o
[8.026s] [  9%] Building C object CMakeFiles/champ_msgs__rosidl_generator_c.dir/rosidl_generator_c/champ_msgs/msg/detail/point__functions.c.o
[8.068s] [ 10%] Building C object CMakeFiles/champ_msgs__rosidl_generator_c.dir/rosidl_generator_c/champ_msgs/msg/detail/joints__functions.c.o
[8.069s] [ 11%] Building C object CMakeFiles/champ_msgs__rosidl_generator_c.dir/rosidl_generator_c/champ_msgs/msg/detail/point_array__functions.c.o
[8.168s] [ 12%] Building C object CMakeFiles/champ_msgs__rosidl_generator_c.dir/rosidl_generator_c/champ_msgs/msg/detail/contacts__functions.c.o
[8.185s] [ 13%] Building C object CMakeFiles/champ_msgs__rosidl_generator_c.dir/rosidl_generator_c/champ_msgs/msg/detail/contacts_stamped__functions.c.o
[8.358s] [ 14%] Building C object CMakeFiles/champ_msgs__rosidl_generator_c.dir/rosidl_generator_c/champ_msgs/msg/detail/pose__functions.c.o
[8.570s] [ 15%] Linking C shared library libchamp_msgs__rosidl_generator_c.so
[8.709s] [ 15%] Built target champ_msgs__rosidl_generator_c
[8.712s] [ 16%] Building CXX object CMakeFiles/champ_msgs__rosidl_typesupport_cpp.dir/rosidl_typesupport_cpp/champ_msgs/msg/velocities__type_support.cpp.o
[8.716s] [ 17%] Building CXX object CMakeFiles/champ_msgs__rosidl_typesupport_cpp.dir/rosidl_typesupport_cpp/champ_msgs/msg/imu__type_support.cpp.o
[8.720s] [ 18%] Building CXX object CMakeFiles/champ_msgs__rosidl_typesupport_cpp.dir/rosidl_typesupport_cpp/champ_msgs/msg/pid__type_support.cpp.o
[8.768s] [ 20%] Building CXX object CMakeFiles/champ_msgs__rosidl_typesupport_cpp.dir/rosidl_typesupport_cpp/champ_msgs/msg/point__type_support.cpp.o
[9.312s] [ 21%] Building CXX object CMakeFiles/champ_msgs__rosidl_typesupport_introspection_cpp.dir/rosidl_typesupport_introspection_cpp/champ_msgs/msg/detail/velocities__type_support.cpp.o
[9.350s] [ 22%] Building CXX object CMakeFiles/champ_msgs__rosidl_typesupport_cpp.dir/rosidl_typesupport_cpp/champ_msgs/msg/point_array__type_support.cpp.o
[9.409s] [ 23%] Building CXX object CMakeFiles/champ_msgs__rosidl_typesupport_cpp.dir/rosidl_typesupport_cpp/champ_msgs/msg/joints__type_support.cpp.o
[9.427s] [ 24%] Building CXX object CMakeFiles/champ_msgs__rosidl_typesupport_cpp.dir/rosidl_typesupport_cpp/champ_msgs/msg/contacts__type_support.cpp.o
[9.571s] [ 25%] Building CXX object CMakeFiles/champ_msgs__rosidl_typesupport_cpp.dir/rosidl_typesupport_cpp/champ_msgs/msg/contacts_stamped__type_support.cpp.o
[9.600s] [ 26%] Building CXX object CMakeFiles/champ_msgs__rosidl_typesupport_fastrtps_cpp.dir/rosidl_typesupport_fastrtps_cpp/champ_msgs/msg/detail/dds_fastrtps/velocities__type_support.cpp.o
[10.052s] [ 27%] Building CXX object CMakeFiles/champ_msgs__rosidl_typesupport_cpp.dir/rosidl_typesupport_cpp/champ_msgs/msg/pose__type_support.cpp.o
[10.079s] [ 28%] Building CXX object CMakeFiles/champ_msgs__rosidl_typesupport_fastrtps_cpp.dir/rosidl_typesupport_fastrtps_cpp/champ_msgs/msg/detail/dds_fastrtps/pid__type_support.cpp.o
[10.141s] [ 29%] Generating C type support for eProsima Fast-RTPS
[10.377s] [ 30%] Building CXX object CMakeFiles/champ_msgs__rosidl_typesupport_introspection_cpp.dir/rosidl_typesupport_introspection_cpp/champ_msgs/msg/detail/pid__type_support.cpp.o
[10.393s] [ 31%] Building CXX object CMakeFiles/champ_msgs__rosidl_typesupport_introspection_cpp.dir/rosidl_typesupport_introspection_cpp/champ_msgs/msg/detail/imu__type_support.cpp.o
[10.803s] [ 32%] Linking CXX shared library libchamp_msgs__rosidl_typesupport_cpp.so
[10.825s] [ 33%] Building CXX object CMakeFiles/champ_msgs__rosidl_typesupport_fastrtps_cpp.dir/rosidl_typesupport_fastrtps_cpp/champ_msgs/msg/detail/dds_fastrtps/imu__type_support.cpp.o
[10.929s] [ 33%] Built target champ_msgs__rosidl_typesupport_cpp
[10.949s] [ 34%] Generating C introspection for ROS interfaces
[11.221s] [ 35%] Building CXX object CMakeFiles/champ_msgs__rosidl_typesupport_fastrtps_cpp.dir/rosidl_typesupport_fastrtps_cpp/champ_msgs/msg/detail/dds_fastrtps/point__type_support.cpp.o
[11.560s] [ 36%] Building CXX object CMakeFiles/champ_msgs__rosidl_typesupport_fastrtps_cpp.dir/rosidl_typesupport_fastrtps_cpp/champ_msgs/msg/detail/dds_fastrtps/point_array__type_support.cpp.o
[11.609s] [ 37%] Building CXX object CMakeFiles/champ_msgs__rosidl_typesupport_introspection_cpp.dir/rosidl_typesupport_introspection_cpp/champ_msgs/msg/detail/point__type_support.cpp.o
[11.923s] [ 38%] Building CXX object CMakeFiles/champ_msgs__rosidl_typesupport_fastrtps_cpp.dir/rosidl_typesupport_fastrtps_cpp/champ_msgs/msg/detail/dds_fastrtps/joints__type_support.cpp.o
[12.134s] [ 40%] Building CXX object CMakeFiles/champ_msgs__rosidl_typesupport_fastrtps_c.dir/rosidl_typesupport_fastrtps_c/champ_msgs/msg/detail/velocities__type_support_c.cpp.o
[12.343s] [ 41%] Building CXX object CMakeFiles/champ_msgs__rosidl_typesupport_fastrtps_c.dir/rosidl_typesupport_fastrtps_c/champ_msgs/msg/detail/pid__type_support_c.cpp.o
[12.587s] [ 42%] Building CXX object CMakeFiles/champ_msgs__rosidl_typesupport_introspection_cpp.dir/rosidl_typesupport_introspection_cpp/champ_msgs/msg/detail/point_array__type_support.cpp.o
[12.655s] [ 43%] Building CXX object CMakeFiles/champ_msgs__rosidl_typesupport_fastrtps_cpp.dir/rosidl_typesupport_fastrtps_cpp/champ_msgs/msg/detail/dds_fastrtps/contacts__type_support.cpp.o
[12.673s] [ 44%] Building C object CMakeFiles/champ_msgs__rosidl_typesupport_introspection_c.dir/rosidl_typesupport_introspection_c/champ_msgs/msg/detail/velocities__type_support.c.o
[12.846s] [ 45%] Building C object CMakeFiles/champ_msgs__rosidl_typesupport_introspection_c.dir/rosidl_typesupport_introspection_c/champ_msgs/msg/detail/pid__type_support.c.o
[12.947s] [ 46%] Building C object CMakeFiles/champ_msgs__rosidl_typesupport_introspection_c.dir/rosidl_typesupport_introspection_c/champ_msgs/msg/detail/imu__type_support.c.o
[13.117s] [ 47%] Building C object CMakeFiles/champ_msgs__rosidl_typesupport_introspection_c.dir/rosidl_typesupport_introspection_c/champ_msgs/msg/detail/point__type_support.c.o
[13.218s] [ 48%] Building CXX object CMakeFiles/champ_msgs__rosidl_typesupport_fastrtps_c.dir/rosidl_typesupport_fastrtps_c/champ_msgs/msg/detail/imu__type_support_c.cpp.o
[13.265s] [ 49%] Building C object CMakeFiles/champ_msgs__rosidl_typesupport_introspection_c.dir/rosidl_typesupport_introspection_c/champ_msgs/msg/detail/point_array__type_support.c.o
[13.338s] [ 50%] Building C object CMakeFiles/champ_msgs__rosidl_typesupport_introspection_c.dir/rosidl_typesupport_introspection_c/champ_msgs/msg/detail/joints__type_support.c.o
[13.343s] [ 51%] Building C object CMakeFiles/champ_msgs__rosidl_typesupport_introspection_c.dir/rosidl_typesupport_introspection_c/champ_msgs/msg/detail/contacts__type_support.c.o
[13.405s] [ 52%] Building CXX object CMakeFiles/champ_msgs__rosidl_typesupport_fastrtps_c.dir/rosidl_typesupport_fastrtps_c/champ_msgs/msg/detail/point__type_support_c.cpp.o
[13.422s] [ 53%] Building C object CMakeFiles/champ_msgs__rosidl_typesupport_introspection_c.dir/rosidl_typesupport_introspection_c/champ_msgs/msg/detail/contacts_stamped__type_support.c.o
[13.477s] [ 54%] Building C object CMakeFiles/champ_msgs__rosidl_typesupport_introspection_c.dir/rosidl_typesupport_introspection_c/champ_msgs/msg/detail/pose__type_support.c.o
[13.574s] [ 55%] Linking C shared library libchamp_msgs__rosidl_typesupport_introspection_c.so
[13.593s] [ 56%] Building CXX object CMakeFiles/champ_msgs__rosidl_typesupport_fastrtps_c.dir/rosidl_typesupport_fastrtps_c/champ_msgs/msg/detail/point_array__type_support_c.cpp.o
[13.616s] [ 57%] Building CXX object CMakeFiles/champ_msgs__rosidl_typesupport_introspection_cpp.dir/rosidl_typesupport_introspection_cpp/champ_msgs/msg/detail/joints__type_support.cpp.o
[13.773s] [ 57%] Built target champ_msgs__rosidl_typesupport_introspection_c
[13.855s] [ 58%] Generating C type support dispatch for ROS interfaces
[13.891s] [ 60%] Building CXX object CMakeFiles/champ_msgs__rosidl_typesupport_fastrtps_cpp.dir/rosidl_typesupport_fastrtps_cpp/champ_msgs/msg/detail/dds_fastrtps/contacts_stamped__type_support.cpp.o
[14.262s] [ 61%] Building CXX object CMakeFiles/champ_msgs__rosidl_typesupport_fastrtps_c.dir/rosidl_typesupport_fastrtps_c/champ_msgs/msg/detail/joints__type_support_c.cpp.o
[14.401s] [ 62%] Building CXX object CMakeFiles/champ_msgs__rosidl_typesupport_fastrtps_c.dir/rosidl_typesupport_fastrtps_c/champ_msgs/msg/detail/contacts__type_support_c.cpp.o
[14.475s] [ 63%] Building CXX object CMakeFiles/champ_msgs__rosidl_typesupport_fastrtps_cpp.dir/rosidl_typesupport_fastrtps_cpp/champ_msgs/msg/detail/dds_fastrtps/pose__type_support.cpp.o
[14.896s] [ 64%] Building CXX object CMakeFiles/champ_msgs__rosidl_typesupport_introspection_cpp.dir/rosidl_typesupport_introspection_cpp/champ_msgs/msg/detail/contacts__type_support.cpp.o
[15.179s] [ 65%] Building CXX object CMakeFiles/champ_msgs__rosidl_typesupport_introspection_cpp.dir/rosidl_typesupport_introspection_cpp/champ_msgs/msg/detail/contacts_stamped__type_support.cpp.o
[15.212s] [ 66%] Building CXX object CMakeFiles/champ_msgs__rosidl_typesupport_fastrtps_c.dir/rosidl_typesupport_fastrtps_c/champ_msgs/msg/detail/contacts_stamped__type_support_c.cpp.o
[15.352s] [ 67%] Building CXX object CMakeFiles/champ_msgs__rosidl_typesupport_c.dir/rosidl_typesupport_c/champ_msgs/msg/velocities__type_support.cpp.o
[15.375s] [ 68%] Building CXX object CMakeFiles/champ_msgs__rosidl_typesupport_c.dir/rosidl_typesupport_c/champ_msgs/msg/pid__type_support.cpp.o
[15.497s] [ 69%] Building CXX object CMakeFiles/champ_msgs__rosidl_typesupport_c.dir/rosidl_typesupport_c/champ_msgs/msg/point__type_support.cpp.o
[15.509s] [ 70%] Building CXX object CMakeFiles/champ_msgs__rosidl_typesupport_c.dir/rosidl_typesupport_c/champ_msgs/msg/imu__type_support.cpp.o
[15.602s] [ 71%] Building CXX object CMakeFiles/champ_msgs__rosidl_typesupport_c.dir/rosidl_typesupport_c/champ_msgs/msg/point_array__type_support.cpp.o
[15.653s] [ 72%] Building CXX object CMakeFiles/champ_msgs__rosidl_typesupport_c.dir/rosidl_typesupport_c/champ_msgs/msg/joints__type_support.cpp.o
[15.654s] [ 73%] Linking CXX shared library libchamp_msgs__rosidl_typesupport_fastrtps_cpp.so
[15.707s] [ 74%] Building CXX object CMakeFiles/champ_msgs__rosidl_typesupport_c.dir/rosidl_typesupport_c/champ_msgs/msg/contacts__type_support.cpp.o
[15.772s] [ 75%] Building CXX object CMakeFiles/champ_msgs__rosidl_typesupport_c.dir/rosidl_typesupport_c/champ_msgs/msg/contacts_stamped__type_support.cpp.o
[15.819s] [ 76%] Building CXX object CMakeFiles/champ_msgs__rosidl_typesupport_c.dir/rosidl_typesupport_c/champ_msgs/msg/pose__type_support.cpp.o
[15.870s] [ 77%] Building CXX object CMakeFiles/champ_msgs__rosidl_typesupport_introspection_cpp.dir/rosidl_typesupport_introspection_cpp/champ_msgs/msg/detail/pose__type_support.cpp.o
[15.892s] [ 78%] Linking CXX shared library libchamp_msgs__rosidl_typesupport_c.so
[15.899s] [ 78%] Built target champ_msgs__rosidl_typesupport_fastrtps_cpp
[15.915s] [ 80%] Building CXX object CMakeFiles/champ_msgs__rosidl_typesupport_fastrtps_c.dir/rosidl_typesupport_fastrtps_c/champ_msgs/msg/detail/pose__type_support_c.cpp.o
[16.062s] [ 80%] Built target champ_msgs__rosidl_typesupport_c
[16.681s] [ 81%] Linking CXX shared library libchamp_msgs__rosidl_typesupport_fastrtps_c.so
[16.732s] [ 82%] Linking CXX shared library libchamp_msgs__rosidl_typesupport_introspection_cpp.so
[16.851s] [ 82%] Built target champ_msgs__rosidl_typesupport_fastrtps_c
[16.898s] [ 82%] Built target champ_msgs__rosidl_typesupport_introspection_cpp
[16.942s] [ 82%] Built target champ_msgs
[16.981s] [ 83%] Generating Python code for ROS interfaces
[18.832s] [ 83%] Built target champ_msgs__py
[18.871s] [ 84%] Building C object CMakeFiles/champ_msgs__rosidl_generator_py.dir/rosidl_generator_py/champ_msgs/msg/_imu_s.c.o
[18.871s] [ 85%] Building C object CMakeFiles/champ_msgs__rosidl_generator_py.dir/rosidl_generator_py/champ_msgs/msg/_pid_s.c.o
[18.873s] [ 86%] Building C object CMakeFiles/champ_msgs__rosidl_generator_py.dir/rosidl_generator_py/champ_msgs/msg/_velocities_s.c.o
[18.873s] [ 87%] Building C object CMakeFiles/champ_msgs__rosidl_generator_py.dir/rosidl_generator_py/champ_msgs/msg/_point_s.c.o
[18.890s] [ 88%] Building C object CMakeFiles/champ_msgs__rosidl_generator_py.dir/rosidl_generator_py/champ_msgs/msg/_point_array_s.c.o
[18.893s] [ 89%] Building C object CMakeFiles/champ_msgs__rosidl_generator_py.dir/rosidl_generator_py/champ_msgs/msg/_joints_s.c.o
[19.121s] [ 90%] Building C object CMakeFiles/champ_msgs__rosidl_generator_py.dir/rosidl_generator_py/champ_msgs/msg/_contacts_s.c.o
[19.126s] [ 91%] Building C object CMakeFiles/champ_msgs__rosidl_generator_py.dir/rosidl_generator_py/champ_msgs/msg/_contacts_stamped_s.c.o
[19.138s] [ 92%] Building C object CMakeFiles/champ_msgs__rosidl_generator_py.dir/rosidl_generator_py/champ_msgs/msg/_pose_s.c.o
[19.342s] [ 93%] Linking C shared library rosidl_generator_py/champ_msgs/libchamp_msgs__rosidl_generator_py.so
[19.423s] [ 93%] Built target champ_msgs__rosidl_generator_py
[19.461s] [ 96%] Building C object CMakeFiles/champ_msgs__rosidl_typesupport_fastrtps_c__pyext.dir/rosidl_generator_py/champ_msgs/_champ_msgs_s.ep.rosidl_typesupport_fastrtps_c.c.o
[19.461s] [ 96%] Building C object CMakeFiles/champ_msgs__rosidl_typesupport_introspection_c__pyext.dir/rosidl_generator_py/champ_msgs/_champ_msgs_s.ep.rosidl_typesupport_introspection_c.c.o
[19.461s] [ 96%] Building C object CMakeFiles/champ_msgs__rosidl_typesupport_c__pyext.dir/rosidl_generator_py/champ_msgs/_champ_msgs_s.ep.rosidl_typesupport_c.c.o
[19.696s] [ 98%] Linking C shared library rosidl_generator_py/champ_msgs/champ_msgs_s__rosidl_typesupport_c.cpython-310-aarch64-linux-gnu.so
[19.696s] [ 98%] Linking C shared library rosidl_generator_py/champ_msgs/champ_msgs_s__rosidl_typesupport_introspection_c.cpython-310-aarch64-linux-gnu.so
[19.704s] [100%] Linking C shared library rosidl_generator_py/champ_msgs/champ_msgs_s__rosidl_typesupport_fastrtps_c.cpython-310-aarch64-linux-gnu.so
[19.773s] [100%] Built target champ_msgs__rosidl_typesupport_introspection_c__pyext
[19.774s] [100%] Built target champ_msgs__rosidl_typesupport_c__pyext
[19.783s] [100%] Built target champ_msgs__rosidl_typesupport_fastrtps_c__pyext
[19.810s] Invoked command in '/home/ming/ros2_ws/build/champ_msgs' returned '0': CMAKE_PREFIX_PATH=${CMAKE_PREFIX_PATH}:/home/ming/ros2_ws/install/speech_processor:/home/ming/ros2_ws/install/lidar_processor:/home/ming/ros2_ws/install/go2_robot_sdk:/home/ming/ros2_ws/install/coco_detector:/opt/ros/humble /usr/bin/cmake --build /home/ming/ros2_ws/build/champ_msgs -- -j6 -l6
[19.816s] Invoking command in '/home/ming/ros2_ws/build/champ_msgs': CMAKE_PREFIX_PATH=${CMAKE_PREFIX_PATH}:/home/ming/ros2_ws/install/speech_processor:/home/ming/ros2_ws/install/lidar_processor:/home/ming/ros2_ws/install/go2_robot_sdk:/home/ming/ros2_ws/install/coco_detector:/opt/ros/humble /usr/bin/cmake --install /home/ming/ros2_ws/build/champ_msgs
[19.832s] -- Install configuration: ""
[19.832s] -- Execute custom install script
[19.833s] -- Symlinking: /home/ming/ros2_ws/install/champ_msgs/share/ament_index/resource_index/rosidl_interfaces/champ_msgs
[19.854s] -- Symlinking: /home/ming/ros2_ws/install/champ_msgs/include/champ_msgs/champ_msgs/msg/contacts.h
[19.871s] -- Symlinking: /home/ming/ros2_ws/install/champ_msgs/include/champ_msgs/champ_msgs/msg/contacts_stamped.h
[19.891s] -- Symlinking: /home/ming/ros2_ws/install/champ_msgs/include/champ_msgs/champ_msgs/msg/detail/contacts__functions.h
[19.910s] -- Symlinking: /home/ming/ros2_ws/install/champ_msgs/include/champ_msgs/champ_msgs/msg/detail/contacts__struct.h
[19.928s] -- Symlinking: /home/ming/ros2_ws/install/champ_msgs/include/champ_msgs/champ_msgs/msg/detail/contacts__type_support.h
[19.945s] -- Symlinking: /home/ming/ros2_ws/install/champ_msgs/include/champ_msgs/champ_msgs/msg/detail/contacts_stamped__functions.h
[19.963s] -- Symlinking: /home/ming/ros2_ws/install/champ_msgs/include/champ_msgs/champ_msgs/msg/detail/contacts_stamped__struct.h
[19.982s] -- Symlinking: /home/ming/ros2_ws/install/champ_msgs/include/champ_msgs/champ_msgs/msg/detail/contacts_stamped__type_support.h
[19.998s] -- Symlinking: /home/ming/ros2_ws/install/champ_msgs/include/champ_msgs/champ_msgs/msg/detail/imu__functions.h
[20.018s] -- Symlinking: /home/ming/ros2_ws/install/champ_msgs/include/champ_msgs/champ_msgs/msg/detail/imu__struct.h
[20.035s] -- Symlinking: /home/ming/ros2_ws/install/champ_msgs/include/champ_msgs/champ_msgs/msg/detail/imu__type_support.h
[20.054s] -- Symlinking: /home/ming/ros2_ws/install/champ_msgs/include/champ_msgs/champ_msgs/msg/detail/joints__functions.h
[20.073s] -- Symlinking: /home/ming/ros2_ws/install/champ_msgs/include/champ_msgs/champ_msgs/msg/detail/joints__struct.h
[20.093s] -- Symlinking: /home/ming/ros2_ws/install/champ_msgs/include/champ_msgs/champ_msgs/msg/detail/joints__type_support.h
[20.107s] -- Symlinking: /home/ming/ros2_ws/install/champ_msgs/include/champ_msgs/champ_msgs/msg/detail/pid__functions.h
[20.132s] -- Symlinking: /home/ming/ros2_ws/install/champ_msgs/include/champ_msgs/champ_msgs/msg/detail/pid__struct.h
[20.154s] -- Symlinking: /home/ming/ros2_ws/install/champ_msgs/include/champ_msgs/champ_msgs/msg/detail/pid__type_support.h
[20.169s] -- Symlinking: /home/ming/ros2_ws/install/champ_msgs/include/champ_msgs/champ_msgs/msg/detail/point__functions.h
[20.188s] -- Symlinking: /home/ming/ros2_ws/install/champ_msgs/include/champ_msgs/champ_msgs/msg/detail/point__struct.h
[20.213s] -- Symlinking: /home/ming/ros2_ws/install/champ_msgs/include/champ_msgs/champ_msgs/msg/detail/point__type_support.h
[20.235s] -- Symlinking: /home/ming/ros2_ws/install/champ_msgs/include/champ_msgs/champ_msgs/msg/detail/point_array__functions.h
[20.255s] -- Symlinking: /home/ming/ros2_ws/install/champ_msgs/include/champ_msgs/champ_msgs/msg/detail/point_array__struct.h
[20.273s] -- Symlinking: /home/ming/ros2_ws/install/champ_msgs/include/champ_msgs/champ_msgs/msg/detail/point_array__type_support.h
[20.293s] -- Symlinking: /home/ming/ros2_ws/install/champ_msgs/include/champ_msgs/champ_msgs/msg/detail/pose__functions.h
[20.310s] -- Symlinking: /home/ming/ros2_ws/install/champ_msgs/include/champ_msgs/champ_msgs/msg/detail/pose__struct.h
[20.329s] -- Symlinking: /home/ming/ros2_ws/install/champ_msgs/include/champ_msgs/champ_msgs/msg/detail/pose__type_support.h
[20.346s] -- Symlinking: /home/ming/ros2_ws/install/champ_msgs/include/champ_msgs/champ_msgs/msg/detail/velocities__functions.h
[20.367s] -- Symlinking: /home/ming/ros2_ws/install/champ_msgs/include/champ_msgs/champ_msgs/msg/detail/velocities__struct.h
[20.385s] -- Symlinking: /home/ming/ros2_ws/install/champ_msgs/include/champ_msgs/champ_msgs/msg/detail/velocities__type_support.h
[20.404s] -- Symlinking: /home/ming/ros2_ws/install/champ_msgs/include/champ_msgs/champ_msgs/msg/imu.h
[20.424s] -- Symlinking: /home/ming/ros2_ws/install/champ_msgs/include/champ_msgs/champ_msgs/msg/joints.h
[20.441s] -- Symlinking: /home/ming/ros2_ws/install/champ_msgs/include/champ_msgs/champ_msgs/msg/pid.h
[20.459s] -- Symlinking: /home/ming/ros2_ws/install/champ_msgs/include/champ_msgs/champ_msgs/msg/point.h
[20.479s] -- Symlinking: /home/ming/ros2_ws/install/champ_msgs/include/champ_msgs/champ_msgs/msg/point_array.h
[20.498s] -- Symlinking: /home/ming/ros2_ws/install/champ_msgs/include/champ_msgs/champ_msgs/msg/pose.h
[20.515s] -- Symlinking: /home/ming/ros2_ws/install/champ_msgs/include/champ_msgs/champ_msgs/msg/rosidl_generator_c__visibility_control.h
[20.533s] -- Symlinking: /home/ming/ros2_ws/install/champ_msgs/include/champ_msgs/champ_msgs/msg/velocities.h
[20.553s] -- Symlinking: /home/ming/ros2_ws/install/champ_msgs/share/champ_msgs/environment/library_path.sh
[20.572s] -- Symlinking: /home/ming/ros2_ws/install/champ_msgs/share/champ_msgs/environment/library_path.dsv
[20.592s] -- Symlinking: /home/ming/ros2_ws/install/champ_msgs/include/champ_msgs/champ_msgs/msg/detail/contacts__rosidl_typesupport_fastrtps_c.h
[20.610s] -- Symlinking: /home/ming/ros2_ws/install/champ_msgs/include/champ_msgs/champ_msgs/msg/detail/contacts_stamped__rosidl_typesupport_fastrtps_c.h
[20.630s] -- Symlinking: /home/ming/ros2_ws/install/champ_msgs/include/champ_msgs/champ_msgs/msg/detail/imu__rosidl_typesupport_fastrtps_c.h
[20.647s] -- Symlinking: /home/ming/ros2_ws/install/champ_msgs/include/champ_msgs/champ_msgs/msg/detail/joints__rosidl_typesupport_fastrtps_c.h
[20.667s] -- Symlinking: /home/ming/ros2_ws/install/champ_msgs/include/champ_msgs/champ_msgs/msg/detail/pid__rosidl_typesupport_fastrtps_c.h
[20.686s] -- Symlinking: /home/ming/ros2_ws/install/champ_msgs/include/champ_msgs/champ_msgs/msg/detail/point__rosidl_typesupport_fastrtps_c.h
[20.705s] -- Symlinking: /home/ming/ros2_ws/install/champ_msgs/include/champ_msgs/champ_msgs/msg/detail/point_array__rosidl_typesupport_fastrtps_c.h
[20.725s] -- Symlinking: /home/ming/ros2_ws/install/champ_msgs/include/champ_msgs/champ_msgs/msg/detail/pose__rosidl_typesupport_fastrtps_c.h
[20.744s] -- Symlinking: /home/ming/ros2_ws/install/champ_msgs/include/champ_msgs/champ_msgs/msg/detail/velocities__rosidl_typesupport_fastrtps_c.h
[20.764s] -- Symlinking: /home/ming/ros2_ws/install/champ_msgs/include/champ_msgs/champ_msgs/msg/rosidl_typesupport_fastrtps_c__visibility_control.h
[20.782s] -- Symlinking: /home/ming/ros2_ws/install/champ_msgs/include/champ_msgs/champ_msgs/msg/detail/contacts__rosidl_typesupport_introspection_c.h
[20.802s] -- Symlinking: /home/ming/ros2_ws/install/champ_msgs/include/champ_msgs/champ_msgs/msg/detail/contacts_stamped__rosidl_typesupport_introspection_c.h
[20.822s] -- Symlinking: /home/ming/ros2_ws/install/champ_msgs/include/champ_msgs/champ_msgs/msg/detail/imu__rosidl_typesupport_introspection_c.h
[20.840s] -- Symlinking: /home/ming/ros2_ws/install/champ_msgs/include/champ_msgs/champ_msgs/msg/detail/joints__rosidl_typesupport_introspection_c.h
[20.861s] -- Symlinking: /home/ming/ros2_ws/install/champ_msgs/include/champ_msgs/champ_msgs/msg/detail/pid__rosidl_typesupport_introspection_c.h
[20.879s] -- Symlinking: /home/ming/ros2_ws/install/champ_msgs/include/champ_msgs/champ_msgs/msg/detail/point__rosidl_typesupport_introspection_c.h
[20.899s] -- Symlinking: /home/ming/ros2_ws/install/champ_msgs/include/champ_msgs/champ_msgs/msg/detail/point_array__rosidl_typesupport_introspection_c.h
[20.917s] -- Symlinking: /home/ming/ros2_ws/install/champ_msgs/include/champ_msgs/champ_msgs/msg/detail/pose__rosidl_typesupport_introspection_c.h
[20.933s] -- Symlinking: /home/ming/ros2_ws/install/champ_msgs/include/champ_msgs/champ_msgs/msg/detail/velocities__rosidl_typesupport_introspection_c.h
[20.953s] -- Symlinking: /home/ming/ros2_ws/install/champ_msgs/include/champ_msgs/champ_msgs/msg/rosidl_typesupport_introspection_c__visibility_control.h
[20.969s] -- Symlinking: /home/ming/ros2_ws/install/champ_msgs/include/champ_msgs/champ_msgs/msg/contacts.hpp
[20.990s] -- Symlinking: /home/ming/ros2_ws/install/champ_msgs/include/champ_msgs/champ_msgs/msg/contacts_stamped.hpp
[21.009s] -- Symlinking: /home/ming/ros2_ws/install/champ_msgs/include/champ_msgs/champ_msgs/msg/detail/contacts__builder.hpp
[21.030s] -- Symlinking: /home/ming/ros2_ws/install/champ_msgs/include/champ_msgs/champ_msgs/msg/detail/contacts__struct.hpp
[21.048s] -- Symlinking: /home/ming/ros2_ws/install/champ_msgs/include/champ_msgs/champ_msgs/msg/detail/contacts__traits.hpp
[21.066s] -- Symlinking: /home/ming/ros2_ws/install/champ_msgs/include/champ_msgs/champ_msgs/msg/detail/contacts__type_support.hpp
[21.082s] -- Symlinking: /home/ming/ros2_ws/install/champ_msgs/include/champ_msgs/champ_msgs/msg/detail/contacts_stamped__builder.hpp
[21.100s] -- Symlinking: /home/ming/ros2_ws/install/champ_msgs/include/champ_msgs/champ_msgs/msg/detail/contacts_stamped__struct.hpp
[21.116s] -- Symlinking: /home/ming/ros2_ws/install/champ_msgs/include/champ_msgs/champ_msgs/msg/detail/contacts_stamped__traits.hpp
[21.137s] -- Symlinking: /home/ming/ros2_ws/install/champ_msgs/include/champ_msgs/champ_msgs/msg/detail/contacts_stamped__type_support.hpp
[21.155s] -- Symlinking: /home/ming/ros2_ws/install/champ_msgs/include/champ_msgs/champ_msgs/msg/detail/imu__builder.hpp
[21.173s] -- Symlinking: /home/ming/ros2_ws/install/champ_msgs/include/champ_msgs/champ_msgs/msg/detail/imu__struct.hpp
[21.192s] -- Symlinking: /home/ming/ros2_ws/install/champ_msgs/include/champ_msgs/champ_msgs/msg/detail/imu__traits.hpp
[21.210s] -- Symlinking: /home/ming/ros2_ws/install/champ_msgs/include/champ_msgs/champ_msgs/msg/detail/imu__type_support.hpp
[21.229s] -- Symlinking: /home/ming/ros2_ws/install/champ_msgs/include/champ_msgs/champ_msgs/msg/detail/joints__builder.hpp
[21.247s] -- Symlinking: /home/ming/ros2_ws/install/champ_msgs/include/champ_msgs/champ_msgs/msg/detail/joints__struct.hpp
[21.265s] -- Symlinking: /home/ming/ros2_ws/install/champ_msgs/include/champ_msgs/champ_msgs/msg/detail/joints__traits.hpp
[21.282s] -- Symlinking: /home/ming/ros2_ws/install/champ_msgs/include/champ_msgs/champ_msgs/msg/detail/joints__type_support.hpp
[21.301s] -- Symlinking: /home/ming/ros2_ws/install/champ_msgs/include/champ_msgs/champ_msgs/msg/detail/pid__builder.hpp
[21.321s] -- Symlinking: /home/ming/ros2_ws/install/champ_msgs/include/champ_msgs/champ_msgs/msg/detail/pid__struct.hpp
[21.341s] -- Symlinking: /home/ming/ros2_ws/install/champ_msgs/include/champ_msgs/champ_msgs/msg/detail/pid__traits.hpp
[21.360s] -- Symlinking: /home/ming/ros2_ws/install/champ_msgs/include/champ_msgs/champ_msgs/msg/detail/pid__type_support.hpp
[21.375s] -- Symlinking: /home/ming/ros2_ws/install/champ_msgs/include/champ_msgs/champ_msgs/msg/detail/point__builder.hpp
[21.395s] -- Symlinking: /home/ming/ros2_ws/install/champ_msgs/include/champ_msgs/champ_msgs/msg/detail/point__struct.hpp
[21.414s] -- Symlinking: /home/ming/ros2_ws/install/champ_msgs/include/champ_msgs/champ_msgs/msg/detail/point__traits.hpp
[21.433s] -- Symlinking: /home/ming/ros2_ws/install/champ_msgs/include/champ_msgs/champ_msgs/msg/detail/point__type_support.hpp
[21.451s] -- Symlinking: /home/ming/ros2_ws/install/champ_msgs/include/champ_msgs/champ_msgs/msg/detail/point_array__builder.hpp
[21.470s] -- Symlinking: /home/ming/ros2_ws/install/champ_msgs/include/champ_msgs/champ_msgs/msg/detail/point_array__struct.hpp
[21.488s] -- Symlinking: /home/ming/ros2_ws/install/champ_msgs/include/champ_msgs/champ_msgs/msg/detail/point_array__traits.hpp
[21.504s] -- Symlinking: /home/ming/ros2_ws/install/champ_msgs/include/champ_msgs/champ_msgs/msg/detail/point_array__type_support.hpp
[21.529s] -- Symlinking: /home/ming/ros2_ws/install/champ_msgs/include/champ_msgs/champ_msgs/msg/detail/pose__builder.hpp
[21.544s] -- Symlinking: /home/ming/ros2_ws/install/champ_msgs/include/champ_msgs/champ_msgs/msg/detail/pose__struct.hpp
[21.564s] -- Symlinking: /home/ming/ros2_ws/install/champ_msgs/include/champ_msgs/champ_msgs/msg/detail/pose__traits.hpp
[21.581s] -- Symlinking: /home/ming/ros2_ws/install/champ_msgs/include/champ_msgs/champ_msgs/msg/detail/pose__type_support.hpp
[21.599s] -- Symlinking: /home/ming/ros2_ws/install/champ_msgs/include/champ_msgs/champ_msgs/msg/detail/velocities__builder.hpp
[21.617s] -- Symlinking: /home/ming/ros2_ws/install/champ_msgs/include/champ_msgs/champ_msgs/msg/detail/velocities__struct.hpp
[21.634s] -- Symlinking: /home/ming/ros2_ws/install/champ_msgs/include/champ_msgs/champ_msgs/msg/detail/velocities__traits.hpp
[21.651s] -- Symlinking: /home/ming/ros2_ws/install/champ_msgs/include/champ_msgs/champ_msgs/msg/detail/velocities__type_support.hpp
[21.668s] -- Symlinking: /home/ming/ros2_ws/install/champ_msgs/include/champ_msgs/champ_msgs/msg/imu.hpp
[21.687s] -- Symlinking: /home/ming/ros2_ws/install/champ_msgs/include/champ_msgs/champ_msgs/msg/joints.hpp
[21.703s] -- Symlinking: /home/ming/ros2_ws/install/champ_msgs/include/champ_msgs/champ_msgs/msg/pid.hpp
[21.723s] -- Symlinking: /home/ming/ros2_ws/install/champ_msgs/include/champ_msgs/champ_msgs/msg/point.hpp
[21.741s] -- Symlinking: /home/ming/ros2_ws/install/champ_msgs/include/champ_msgs/champ_msgs/msg/point_array.hpp
[21.761s] -- Symlinking: /home/ming/ros2_ws/install/champ_msgs/include/champ_msgs/champ_msgs/msg/pose.hpp
[21.780s] -- Symlinking: /home/ming/ros2_ws/install/champ_msgs/include/champ_msgs/champ_msgs/msg/rosidl_generator_cpp__visibility_control.hpp
[21.800s] -- Symlinking: /home/ming/ros2_ws/install/champ_msgs/include/champ_msgs/champ_msgs/msg/velocities.hpp
[21.822s] -- Symlinking: /home/ming/ros2_ws/install/champ_msgs/include/champ_msgs/champ_msgs/msg/detail/contacts__rosidl_typesupport_fastrtps_cpp.hpp
[21.836s] -- Symlinking: /home/ming/ros2_ws/install/champ_msgs/include/champ_msgs/champ_msgs/msg/detail/contacts_stamped__rosidl_typesupport_fastrtps_cpp.hpp
[21.856s] -- Symlinking: /home/ming/ros2_ws/install/champ_msgs/include/champ_msgs/champ_msgs/msg/detail/imu__rosidl_typesupport_fastrtps_cpp.hpp
[21.871s] -- Symlinking: /home/ming/ros2_ws/install/champ_msgs/include/champ_msgs/champ_msgs/msg/detail/joints__rosidl_typesupport_fastrtps_cpp.hpp
[21.890s] -- Symlinking: /home/ming/ros2_ws/install/champ_msgs/include/champ_msgs/champ_msgs/msg/detail/pid__rosidl_typesupport_fastrtps_cpp.hpp
[21.908s] -- Symlinking: /home/ming/ros2_ws/install/champ_msgs/include/champ_msgs/champ_msgs/msg/detail/point__rosidl_typesupport_fastrtps_cpp.hpp
[21.928s] -- Symlinking: /home/ming/ros2_ws/install/champ_msgs/include/champ_msgs/champ_msgs/msg/detail/point_array__rosidl_typesupport_fastrtps_cpp.hpp
[21.947s] -- Symlinking: /home/ming/ros2_ws/install/champ_msgs/include/champ_msgs/champ_msgs/msg/detail/pose__rosidl_typesupport_fastrtps_cpp.hpp
[21.967s] -- Symlinking: /home/ming/ros2_ws/install/champ_msgs/include/champ_msgs/champ_msgs/msg/detail/velocities__rosidl_typesupport_fastrtps_cpp.hpp
[21.985s] -- Symlinking: /home/ming/ros2_ws/install/champ_msgs/include/champ_msgs/champ_msgs/msg/rosidl_typesupport_fastrtps_cpp__visibility_control.h
[22.005s] -- Symlinking: /home/ming/ros2_ws/install/champ_msgs/include/champ_msgs/champ_msgs/msg/detail/contacts__rosidl_typesupport_introspection_cpp.hpp
[22.023s] -- Symlinking: /home/ming/ros2_ws/install/champ_msgs/include/champ_msgs/champ_msgs/msg/detail/contacts_stamped__rosidl_typesupport_introspection_cpp.hpp
[22.038s] -- Symlinking: /home/ming/ros2_ws/install/champ_msgs/include/champ_msgs/champ_msgs/msg/detail/imu__rosidl_typesupport_introspection_cpp.hpp
[22.057s] -- Symlinking: /home/ming/ros2_ws/install/champ_msgs/include/champ_msgs/champ_msgs/msg/detail/joints__rosidl_typesupport_introspection_cpp.hpp
[22.073s] -- Symlinking: /home/ming/ros2_ws/install/champ_msgs/include/champ_msgs/champ_msgs/msg/detail/pid__rosidl_typesupport_introspection_cpp.hpp
[22.092s] -- Symlinking: /home/ming/ros2_ws/install/champ_msgs/include/champ_msgs/champ_msgs/msg/detail/point__rosidl_typesupport_introspection_cpp.hpp
[22.110s] -- Symlinking: /home/ming/ros2_ws/install/champ_msgs/include/champ_msgs/champ_msgs/msg/detail/point_array__rosidl_typesupport_introspection_cpp.hpp
[22.128s] -- Symlinking: /home/ming/ros2_ws/install/champ_msgs/include/champ_msgs/champ_msgs/msg/detail/pose__rosidl_typesupport_introspection_cpp.hpp
[22.148s] -- Symlinking: /home/ming/ros2_ws/install/champ_msgs/include/champ_msgs/champ_msgs/msg/detail/velocities__rosidl_typesupport_introspection_cpp.hpp
[22.168s] -- Symlinking: /home/ming/ros2_ws/install/champ_msgs/share/champ_msgs/environment/pythonpath.sh
[22.184s] -- Symlinking: /home/ming/ros2_ws/install/champ_msgs/share/champ_msgs/environment/pythonpath.dsv
[22.202s] -- Symlinking: /home/ming/ros2_ws/install/champ_msgs/local/lib/python3.10/dist-packages/champ_msgs-0.1.0-py3.10.egg-info/PKG-INFO
[22.217s] -- Symlinking: /home/ming/ros2_ws/install/champ_msgs/local/lib/python3.10/dist-packages/champ_msgs-0.1.0-py3.10.egg-info/SOURCES.txt
[22.234s] -- Symlinking: /home/ming/ros2_ws/install/champ_msgs/local/lib/python3.10/dist-packages/champ_msgs-0.1.0-py3.10.egg-info/dependency_links.txt
[22.251s] -- Symlinking: /home/ming/ros2_ws/install/champ_msgs/local/lib/python3.10/dist-packages/champ_msgs-0.1.0-py3.10.egg-info/top_level.txt
[22.271s] -- Symlinking: /home/ming/ros2_ws/install/champ_msgs/local/lib/python3.10/dist-packages/champ_msgs/__init__.py
[22.288s] -- Symlinking: /home/ming/ros2_ws/install/champ_msgs/local/lib/python3.10/dist-packages/champ_msgs/_champ_msgs_s.ep.rosidl_typesupport_c.c
[22.307s] -- Symlinking: /home/ming/ros2_ws/install/champ_msgs/local/lib/python3.10/dist-packages/champ_msgs/_champ_msgs_s.ep.rosidl_typesupport_fastrtps_c.c
[22.324s] -- Symlinking: /home/ming/ros2_ws/install/champ_msgs/local/lib/python3.10/dist-packages/champ_msgs/_champ_msgs_s.ep.rosidl_typesupport_introspection_c.c
[22.343s] -- Symlinking: /home/ming/ros2_ws/install/champ_msgs/local/lib/python3.10/dist-packages/champ_msgs/champ_msgs_s__rosidl_typesupport_c.cpython-310-aarch64-linux-gnu.so
[22.364s] -- Symlinking: /home/ming/ros2_ws/install/champ_msgs/local/lib/python3.10/dist-packages/champ_msgs/champ_msgs_s__rosidl_typesupport_fastrtps_c.cpython-310-aarch64-linux-gnu.so
[22.381s] -- Symlinking: /home/ming/ros2_ws/install/champ_msgs/local/lib/python3.10/dist-packages/champ_msgs/champ_msgs_s__rosidl_typesupport_introspection_c.cpython-310-aarch64-linux-gnu.so
[22.401s] -- Symlinking: /home/ming/ros2_ws/install/champ_msgs/local/lib/python3.10/dist-packages/champ_msgs/libchamp_msgs__rosidl_generator_py.so
[22.418s] -- Symlinking: /home/ming/ros2_ws/install/champ_msgs/local/lib/python3.10/dist-packages/champ_msgs/msg/__init__.py
[22.437s] -- Symlinking: /home/ming/ros2_ws/install/champ_msgs/local/lib/python3.10/dist-packages/champ_msgs/msg/_contacts.py
[22.454s] -- Symlinking: /home/ming/ros2_ws/install/champ_msgs/local/lib/python3.10/dist-packages/champ_msgs/msg/_contacts_s.c
[22.473s] -- Symlinking: /home/ming/ros2_ws/install/champ_msgs/local/lib/python3.10/dist-packages/champ_msgs/msg/_contacts_stamped.py
[22.493s] -- Symlinking: /home/ming/ros2_ws/install/champ_msgs/local/lib/python3.10/dist-packages/champ_msgs/msg/_contacts_stamped_s.c
[22.510s] -- Symlinking: /home/ming/ros2_ws/install/champ_msgs/local/lib/python3.10/dist-packages/champ_msgs/msg/_imu.py
[22.529s] -- Symlinking: /home/ming/ros2_ws/install/champ_msgs/local/lib/python3.10/dist-packages/champ_msgs/msg/_imu_s.c
[22.546s] -- Symlinking: /home/ming/ros2_ws/install/champ_msgs/local/lib/python3.10/dist-packages/champ_msgs/msg/_joints.py
[22.565s] -- Symlinking: /home/ming/ros2_ws/install/champ_msgs/local/lib/python3.10/dist-packages/champ_msgs/msg/_joints_s.c
[22.582s] -- Symlinking: /home/ming/ros2_ws/install/champ_msgs/local/lib/python3.10/dist-packages/champ_msgs/msg/_pid.py
[22.603s] -- Symlinking: /home/ming/ros2_ws/install/champ_msgs/local/lib/python3.10/dist-packages/champ_msgs/msg/_pid_s.c
[22.619s] -- Symlinking: /home/ming/ros2_ws/install/champ_msgs/local/lib/python3.10/dist-packages/champ_msgs/msg/_point.py
[22.638s] -- Symlinking: /home/ming/ros2_ws/install/champ_msgs/local/lib/python3.10/dist-packages/champ_msgs/msg/_point_array.py
[22.654s] -- Symlinking: /home/ming/ros2_ws/install/champ_msgs/local/lib/python3.10/dist-packages/champ_msgs/msg/_point_array_s.c
[22.674s] -- Symlinking: /home/ming/ros2_ws/install/champ_msgs/local/lib/python3.10/dist-packages/champ_msgs/msg/_point_s.c
[22.692s] -- Symlinking: /home/ming/ros2_ws/install/champ_msgs/local/lib/python3.10/dist-packages/champ_msgs/msg/_pose.py
[22.709s] -- Symlinking: /home/ming/ros2_ws/install/champ_msgs/local/lib/python3.10/dist-packages/champ_msgs/msg/_pose_s.c
[22.728s] -- Symlinking: /home/ming/ros2_ws/install/champ_msgs/local/lib/python3.10/dist-packages/champ_msgs/msg/_velocities.py
[22.745s] -- Symlinking: /home/ming/ros2_ws/install/champ_msgs/local/lib/python3.10/dist-packages/champ_msgs/msg/_velocities_s.c
[22.762s] -- Up-to-date symlink: /home/ming/ros2_ws/install/champ_msgs/local/lib/python3.10/dist-packages/champ_msgs/champ_msgs_s__rosidl_typesupport_fastrtps_c.cpython-310-aarch64-linux-gnu.so
[22.763s] -- Up-to-date symlink: /home/ming/ros2_ws/install/champ_msgs/local/lib/python3.10/dist-packages/champ_msgs/champ_msgs_s__rosidl_typesupport_introspection_c.cpython-310-aarch64-linux-gnu.so
[22.763s] -- Up-to-date symlink: /home/ming/ros2_ws/install/champ_msgs/local/lib/python3.10/dist-packages/champ_msgs/champ_msgs_s__rosidl_typesupport_c.cpython-310-aarch64-linux-gnu.so
[22.763s] -- Symlinking: /home/ming/ros2_ws/install/champ_msgs/share/champ_msgs/msg/Velocities.idl
[22.780s] -- Symlinking: /home/ming/ros2_ws/install/champ_msgs/share/champ_msgs/msg/PID.idl
[22.799s] -- Symlinking: /home/ming/ros2_ws/install/champ_msgs/share/champ_msgs/msg/Imu.idl
[22.816s] -- Symlinking: /home/ming/ros2_ws/install/champ_msgs/share/champ_msgs/msg/Point.idl
[22.837s] -- Symlinking: /home/ming/ros2_ws/install/champ_msgs/share/champ_msgs/msg/PointArray.idl
[22.853s] -- Symlinking: /home/ming/ros2_ws/install/champ_msgs/share/champ_msgs/msg/Joints.idl
[22.872s] -- Symlinking: /home/ming/ros2_ws/install/champ_msgs/share/champ_msgs/msg/Contacts.idl
[22.887s] -- Symlinking: /home/ming/ros2_ws/install/champ_msgs/share/champ_msgs/msg/ContactsStamped.idl
[22.908s] -- Symlinking: /home/ming/ros2_ws/install/champ_msgs/share/champ_msgs/msg/Pose.idl
[22.928s] -- Symlinking: /home/ming/ros2_ws/install/champ_msgs/share/champ_msgs/msg/Velocities.msg
[22.953s] -- Symlinking: /home/ming/ros2_ws/install/champ_msgs/share/champ_msgs/msg/PID.msg
[22.973s] -- Symlinking: /home/ming/ros2_ws/install/champ_msgs/share/champ_msgs/msg/Imu.msg
[22.990s] -- Symlinking: /home/ming/ros2_ws/install/champ_msgs/share/champ_msgs/msg/Point.msg
[23.007s] -- Symlinking: /home/ming/ros2_ws/install/champ_msgs/share/champ_msgs/msg/PointArray.msg
[23.025s] -- Symlinking: /home/ming/ros2_ws/install/champ_msgs/share/champ_msgs/msg/Joints.msg
[23.043s] -- Symlinking: /home/ming/ros2_ws/install/champ_msgs/share/champ_msgs/msg/Contacts.msg
[23.062s] -- Symlinking: /home/ming/ros2_ws/install/champ_msgs/share/champ_msgs/msg/ContactsStamped.msg
[23.079s] -- Symlinking: /home/ming/ros2_ws/install/champ_msgs/share/champ_msgs/msg/Pose.msg
[23.097s] -- Symlinking: /home/ming/ros2_ws/install/champ_msgs/share/ament_index/resource_index/package_run_dependencies/champ_msgs
[23.116s] -- Symlinking: /home/ming/ros2_ws/install/champ_msgs/share/ament_index/resource_index/parent_prefix_path/champ_msgs
[23.141s] -- Symlinking: /home/ming/ros2_ws/install/champ_msgs/share/champ_msgs/environment/ament_prefix_path.sh
[23.158s] -- Symlinking: /home/ming/ros2_ws/install/champ_msgs/share/champ_msgs/environment/ament_prefix_path.dsv
[23.176s] -- Symlinking: /home/ming/ros2_ws/install/champ_msgs/share/champ_msgs/environment/path.sh
[23.190s] -- Symlinking: /home/ming/ros2_ws/install/champ_msgs/share/champ_msgs/environment/path.dsv
[23.209s] -- Symlinking: /home/ming/ros2_ws/install/champ_msgs/share/champ_msgs/local_setup.bash
[23.226s] -- Symlinking: /home/ming/ros2_ws/install/champ_msgs/share/champ_msgs/local_setup.sh
[23.244s] -- Symlinking: /home/ming/ros2_ws/install/champ_msgs/share/champ_msgs/local_setup.zsh
[23.283s] -- Symlinking: /home/ming/ros2_ws/install/champ_msgs/share/champ_msgs/local_setup.dsv
[23.304s] -- Symlinking: /home/ming/ros2_ws/install/champ_msgs/share/champ_msgs/package.dsv
[23.320s] -- Symlinking: /home/ming/ros2_ws/install/champ_msgs/share/ament_index/resource_index/packages/champ_msgs
[23.338s] -- Symlinking: /home/ming/ros2_ws/install/champ_msgs/share/champ_msgs/cmake/rosidl_cmake-extras.cmake
[23.355s] -- Symlinking: /home/ming/ros2_ws/install/champ_msgs/share/champ_msgs/cmake/ament_cmake_export_dependencies-extras.cmake
[23.376s] -- Symlinking: /home/ming/ros2_ws/install/champ_msgs/share/champ_msgs/cmake/ament_cmake_export_include_directories-extras.cmake
[23.394s] -- Symlinking: /home/ming/ros2_ws/install/champ_msgs/share/champ_msgs/cmake/ament_cmake_export_libraries-extras.cmake
[23.412s] -- Symlinking: /home/ming/ros2_ws/install/champ_msgs/share/champ_msgs/cmake/ament_cmake_export_targets-extras.cmake
[23.431s] -- Symlinking: /home/ming/ros2_ws/install/champ_msgs/share/champ_msgs/cmake/rosidl_cmake_export_typesupport_targets-extras.cmake
[23.450s] -- Symlinking: /home/ming/ros2_ws/install/champ_msgs/share/champ_msgs/cmake/rosidl_cmake_export_typesupport_libraries-extras.cmake
[23.470s] -- Symlinking: /home/ming/ros2_ws/install/champ_msgs/share/champ_msgs/cmake/champ_msgsConfig.cmake
[23.487s] -- Symlinking: /home/ming/ros2_ws/install/champ_msgs/share/champ_msgs/cmake/champ_msgsConfig-version.cmake
[23.506s] -- Symlinking: /home/ming/ros2_ws/install/champ_msgs/share/champ_msgs/package.xml
[23.523s] -- Installing: /home/ming/ros2_ws/install/champ_msgs/lib/libchamp_msgs__rosidl_generator_c.so
[23.525s] -- Set runtime path of "/home/ming/ros2_ws/install/champ_msgs/lib/libchamp_msgs__rosidl_generator_c.so" to ""
[23.525s] -- Installing: /home/ming/ros2_ws/install/champ_msgs/lib/libchamp_msgs__rosidl_typesupport_fastrtps_c.so
[23.526s] -- Set runtime path of "/home/ming/ros2_ws/install/champ_msgs/lib/libchamp_msgs__rosidl_typesupport_fastrtps_c.so" to ""
[23.527s] -- Installing: /home/ming/ros2_ws/install/champ_msgs/lib/libchamp_msgs__rosidl_typesupport_introspection_c.so
[23.528s] -- Set runtime path of "/home/ming/ros2_ws/install/champ_msgs/lib/libchamp_msgs__rosidl_typesupport_introspection_c.so" to ""
[23.528s] -- Installing: /home/ming/ros2_ws/install/champ_msgs/lib/libchamp_msgs__rosidl_typesupport_c.so
[23.534s] -- Set runtime path of "/home/ming/ros2_ws/install/champ_msgs/lib/libchamp_msgs__rosidl_typesupport_c.so" to ""
[23.534s] -- Installing: /home/ming/ros2_ws/install/champ_msgs/lib/libchamp_msgs__rosidl_typesupport_fastrtps_cpp.so
[23.534s] -- Set runtime path of "/home/ming/ros2_ws/install/champ_msgs/lib/libchamp_msgs__rosidl_typesupport_fastrtps_cpp.so" to ""
[23.535s] -- Installing: /home/ming/ros2_ws/install/champ_msgs/lib/libchamp_msgs__rosidl_typesupport_introspection_cpp.so
[23.535s] -- Set runtime path of "/home/ming/ros2_ws/install/champ_msgs/lib/libchamp_msgs__rosidl_typesupport_introspection_cpp.so" to ""
[23.535s] -- Installing: /home/ming/ros2_ws/install/champ_msgs/lib/libchamp_msgs__rosidl_typesupport_cpp.so
[23.535s] -- Set runtime path of "/home/ming/ros2_ws/install/champ_msgs/lib/libchamp_msgs__rosidl_typesupport_cpp.so" to ""
[23.633s] Listing '/home/ming/ros2_ws/install/champ_msgs/local/lib/python3.10/dist-packages/champ_msgs'...
[23.634s] Compiling '/home/ming/ros2_ws/install/champ_msgs/local/lib/python3.10/dist-packages/champ_msgs/__init__.py'...
[23.634s] Listing '/home/ming/ros2_ws/install/champ_msgs/local/lib/python3.10/dist-packages/champ_msgs/msg'...
[23.634s] Compiling '/home/ming/ros2_ws/install/champ_msgs/local/lib/python3.10/dist-packages/champ_msgs/msg/__init__.py'...
[23.634s] Compiling '/home/ming/ros2_ws/install/champ_msgs/local/lib/python3.10/dist-packages/champ_msgs/msg/_contacts.py'...
[23.634s] Compiling '/home/ming/ros2_ws/install/champ_msgs/local/lib/python3.10/dist-packages/champ_msgs/msg/_contacts_stamped.py'...
[23.634s] Compiling '/home/ming/ros2_ws/install/champ_msgs/local/lib/python3.10/dist-packages/champ_msgs/msg/_imu.py'...
[23.634s] Compiling '/home/ming/ros2_ws/install/champ_msgs/local/lib/python3.10/dist-packages/champ_msgs/msg/_joints.py'...
[23.634s] Compiling '/home/ming/ros2_ws/install/champ_msgs/local/lib/python3.10/dist-packages/champ_msgs/msg/_pid.py'...
[23.635s] Compiling '/home/ming/ros2_ws/install/champ_msgs/local/lib/python3.10/dist-packages/champ_msgs/msg/_point.py'...
[23.635s] Compiling '/home/ming/ros2_ws/install/champ_msgs/local/lib/python3.10/dist-packages/champ_msgs/msg/_point_array.py'...
[23.635s] Compiling '/home/ming/ros2_ws/install/champ_msgs/local/lib/python3.10/dist-packages/champ_msgs/msg/_pose.py'...
[23.635s] Compiling '/home/ming/ros2_ws/install/champ_msgs/local/lib/python3.10/dist-packages/champ_msgs/msg/_velocities.py'...
[23.648s] -- Installing: /home/ming/ros2_ws/install/champ_msgs/lib/libchamp_msgs__rosidl_generator_py.so
[23.648s] -- Set runtime path of "/home/ming/ros2_ws/install/champ_msgs/lib/libchamp_msgs__rosidl_generator_py.so" to ""
[23.648s] -- Installing: /home/ming/ros2_ws/install/champ_msgs/share/champ_msgs/cmake/export_champ_msgs__rosidl_generator_cExport.cmake
[23.649s] -- Installing: /home/ming/ros2_ws/install/champ_msgs/share/champ_msgs/cmake/export_champ_msgs__rosidl_generator_cExport-noconfig.cmake
[23.649s] -- Installing: /home/ming/ros2_ws/install/champ_msgs/share/champ_msgs/cmake/export_champ_msgs__rosidl_typesupport_fastrtps_cExport.cmake
[23.649s] -- Installing: /home/ming/ros2_ws/install/champ_msgs/share/champ_msgs/cmake/export_champ_msgs__rosidl_typesupport_fastrtps_cExport-noconfig.cmake
[23.649s] -- Installing: /home/ming/ros2_ws/install/champ_msgs/share/champ_msgs/cmake/champ_msgs__rosidl_typesupport_introspection_cExport.cmake
[23.649s] -- Installing: /home/ming/ros2_ws/install/champ_msgs/share/champ_msgs/cmake/champ_msgs__rosidl_typesupport_introspection_cExport-noconfig.cmake
[23.650s] -- Installing: /home/ming/ros2_ws/install/champ_msgs/share/champ_msgs/cmake/champ_msgs__rosidl_typesupport_cExport.cmake
[23.650s] -- Installing: /home/ming/ros2_ws/install/champ_msgs/share/champ_msgs/cmake/champ_msgs__rosidl_typesupport_cExport-noconfig.cmake
[23.651s] -- Installing: /home/ming/ros2_ws/install/champ_msgs/share/champ_msgs/cmake/export_champ_msgs__rosidl_generator_cppExport.cmake
[23.651s] -- Installing: /home/ming/ros2_ws/install/champ_msgs/share/champ_msgs/cmake/export_champ_msgs__rosidl_typesupport_fastrtps_cppExport.cmake
[23.651s] -- Installing: /home/ming/ros2_ws/install/champ_msgs/share/champ_msgs/cmake/export_champ_msgs__rosidl_typesupport_fastrtps_cppExport-noconfig.cmake
[23.652s] -- Installing: /home/ming/ros2_ws/install/champ_msgs/share/champ_msgs/cmake/champ_msgs__rosidl_typesupport_introspection_cppExport.cmake
[23.652s] -- Installing: /home/ming/ros2_ws/install/champ_msgs/share/champ_msgs/cmake/champ_msgs__rosidl_typesupport_introspection_cppExport-noconfig.cmake
[23.653s] -- Installing: /home/ming/ros2_ws/install/champ_msgs/share/champ_msgs/cmake/champ_msgs__rosidl_typesupport_cppExport.cmake
[23.653s] -- Installing: /home/ming/ros2_ws/install/champ_msgs/share/champ_msgs/cmake/champ_msgs__rosidl_typesupport_cppExport-noconfig.cmake
[23.653s] -- Installing: /home/ming/ros2_ws/install/champ_msgs/share/champ_msgs/cmake/export_champ_msgs__rosidl_generator_pyExport.cmake
[23.654s] -- Installing: /home/ming/ros2_ws/install/champ_msgs/share/champ_msgs/cmake/export_champ_msgs__rosidl_generator_pyExport-noconfig.cmake
[23.662s] Invoked command in '/home/ming/ros2_ws/build/champ_msgs' returned '0': CMAKE_PREFIX_PATH=${CMAKE_PREFIX_PATH}:/home/ming/ros2_ws/install/speech_processor:/home/ming/ros2_ws/install/lidar_processor:/home/ming/ros2_ws/install/go2_robot_sdk:/home/ming/ros2_ws/install/coco_detector:/opt/ros/humble /usr/bin/cmake --install /home/ming/ros2_ws/build/champ_msgs
