Consolidate compiler generated dependencies of target quadruped_controller
[ 16%] Built target state_estimation
[ 33%] Building CXX object CMakeFiles/quadruped_controller.dir/src/quadruped_controller.cpp.o
[ 41%] Built target message_relay
[ 58%] Built target state_estimation_node
[ 75%] Built target message_relay_node
[ 83%] Linking CXX shared library libquadruped_controller.so
[ 83%] Built target quadruped_controller
[ 91%] Building CXX object CMakeFiles/quadruped_controller_node.dir/src/quadruped_controller_node.cpp.o
[100%] Linking CXX executable quadruped_controller_node
[100%] Built target quadruped_controller_node
-- Install configuration: ""
-- Up-to-date: /home/ming/ros2_ws/install/champ_base/share/champ_base/config
-- Up-to-date: /home/ming/ros2_ws/install/champ_base/share/champ_base/config/velocity_smoother
-- Up-to-date: /home/ming/ros2_ws/install/champ_base/share/champ_base/config/velocity_smoother/velocity_smoother.yaml
-- Up-to-date: /home/ming/ros2_ws/install/champ_base/share/champ_base/config/ekf
-- Up-to-date: /home/ming/ros2_ws/install/champ_base/share/champ_base/config/ekf/base_to_footprint.yaml
-- Up-to-date: /home/ming/ros2_ws/install/champ_base/share/champ_base/config/ekf/footprint_to_odom.yaml
-- Installing: /home/ming/ros2_ws/install/champ_base/lib/libquadruped_controller.so
-- Set runtime path of "/home/ming/ros2_ws/install/champ_base/lib/libquadruped_controller.so" to ""
-- Installing: /home/ming/ros2_ws/install/champ_base/bin/quadruped_controller_node
-- Set runtime path of "/home/ming/ros2_ws/install/champ_base/bin/quadruped_controller_node" to ""
-- Up-to-date: /home/ming/ros2_ws/install/champ_base/lib/libmessage_relay.so
-- Up-to-date: /home/ming/ros2_ws/install/champ_base/bin/message_relay_node
-- Up-to-date: /home/ming/ros2_ws/install/champ_base/lib/libstate_estimation.so
-- Up-to-date: /home/ming/ros2_ws/install/champ_base/bin/state_estimation_node
-- Installing: /home/ming/ros2_ws/install/champ_base/lib/champ_base/quadruped_controller_node
-- Set runtime path of "/home/ming/ros2_ws/install/champ_base/lib/champ_base/quadruped_controller_node" to ""
-- Up-to-date: /home/ming/ros2_ws/install/champ_base/lib/champ_base/message_relay_node
-- Up-to-date: /home/ming/ros2_ws/install/champ_base/lib/champ_base/state_estimation_node
-- Up-to-date: /home/ming/ros2_ws/install/champ_base/share/ament_index/resource_index/package_run_dependencies/champ_base
-- Up-to-date: /home/ming/ros2_ws/install/champ_base/share/ament_index/resource_index/parent_prefix_path/champ_base
-- Up-to-date: /home/ming/ros2_ws/install/champ_base/share/champ_base/environment/ament_prefix_path.sh
-- Up-to-date: /home/ming/ros2_ws/install/champ_base/share/champ_base/environment/ament_prefix_path.dsv
-- Up-to-date: /home/ming/ros2_ws/install/champ_base/share/champ_base/environment/path.sh
-- Up-to-date: /home/ming/ros2_ws/install/champ_base/share/champ_base/environment/path.dsv
-- Up-to-date: /home/ming/ros2_ws/install/champ_base/share/champ_base/local_setup.bash
-- Up-to-date: /home/ming/ros2_ws/install/champ_base/share/champ_base/local_setup.sh
-- Up-to-date: /home/ming/ros2_ws/install/champ_base/share/champ_base/local_setup.zsh
-- Up-to-date: /home/ming/ros2_ws/install/champ_base/share/champ_base/local_setup.dsv
-- Installing: /home/ming/ros2_ws/install/champ_base/share/champ_base/package.dsv
-- Up-to-date: /home/ming/ros2_ws/install/champ_base/share/ament_index/resource_index/packages/champ_base
-- Up-to-date: /home/ming/ros2_ws/install/champ_base/share/champ_base/cmake/ament_cmake_export_include_directories-extras.cmake
-- Up-to-date: /home/ming/ros2_ws/install/champ_base/share/champ_base/cmake/ament_cmake_export_dependencies-extras.cmake
-- Up-to-date: /home/ming/ros2_ws/install/champ_base/share/champ_base/cmake/champ_baseConfig.cmake
-- Up-to-date: /home/ming/ros2_ws/install/champ_base/share/champ_base/cmake/champ_baseConfig-version.cmake
-- Up-to-date: /home/ming/ros2_ws/install/champ_base/share/champ_base/package.xml
