[0.106s] Invoking command in '/home/ming/ros2_ws/build/champ': CMAKE_PREFIX_PATH=${CMAKE_PREFIX_PATH}:/home/ming/ros2_ws/install/go2_navigation:/home/ming/ros2_ws/install/go2_unitree_bridge:/home/ming/ros2_ws/install/speech_processor:/home/ming/ros2_ws/install/lidar_processor:/home/ming/ros2_ws/install/go2_robot_sdk:/home/ming/ros2_ws/install/coco_detector:/home/ming/install/go2_navigation:/opt/ros/humble /usr/bin/cmake --build /home/ming/ros2_ws/build/champ -- -j6 -l6
[0.806s] Invoked command in '/home/ming/ros2_ws/build/champ' returned '0': CMAKE_PREFIX_PATH=${CMAKE_PREFIX_PATH}:/home/ming/ros2_ws/install/go2_navigation:/home/ming/ros2_ws/install/go2_unitree_bridge:/home/ming/ros2_ws/install/speech_processor:/home/ming/ros2_ws/install/lidar_processor:/home/ming/ros2_ws/install/go2_robot_sdk:/home/ming/ros2_ws/install/coco_detector:/home/ming/install/go2_navigation:/opt/ros/humble /usr/bin/cmake --build /home/ming/ros2_ws/build/champ -- -j6 -l6
[0.819s] Invoking command in '/home/ming/ros2_ws/build/champ': CMAKE_PREFIX_PATH=${CMAKE_PREFIX_PATH}:/home/ming/ros2_ws/install/go2_navigation:/home/ming/ros2_ws/install/go2_unitree_bridge:/home/ming/ros2_ws/install/speech_processor:/home/ming/ros2_ws/install/lidar_processor:/home/ming/ros2_ws/install/go2_robot_sdk:/home/ming/ros2_ws/install/coco_detector:/home/ming/install/go2_navigation:/opt/ros/humble /usr/bin/cmake --install /home/ming/ros2_ws/build/champ
[0.849s] -- Install configuration: ""
[0.849s] -- Up-to-date: /home/ming/ros2_ws/install/champ/include
[0.849s] -- Up-to-date: /home/ming/ros2_ws/install/champ/include/champ
[0.849s] -- Up-to-date: /home/ming/ros2_ws/install/champ/include/champ/LICENSE
[0.849s] -- Up-to-date: /home/ming/ros2_ws/install/champ/include/champ/macros
[0.854s] -- Up-to-date: /home/ming/ros2_ws/install/champ/include/champ/macros/macros.h
[0.854s] -- Up-to-date: /home/ming/ros2_ws/install/champ/include/champ/odometry
[0.856s] -- Up-to-date: /home/ming/ros2_ws/install/champ/include/champ/odometry/odometry.h
[0.856s] -- Up-to-date: /home/ming/ros2_ws/install/champ/include/champ/utils
[0.856s] -- Up-to-date: /home/ming/ros2_ws/install/champ/include/champ/utils/xmlrpc_helpers.h
[0.856s] -- Up-to-date: /home/ming/ros2_ws/install/champ/include/champ/utils/urdf_loader.h
[0.856s] -- Up-to-date: /home/ming/ros2_ws/install/champ/include/champ/body_controller
[0.858s] -- Up-to-date: /home/ming/ros2_ws/install/champ/include/champ/body_controller/body_controller.h
[0.858s] -- Up-to-date: /home/ming/ros2_ws/install/champ/include/champ/geometry
[0.859s] -- Up-to-date: /home/ming/ros2_ws/install/champ/include/champ/geometry/geometry.h
[0.859s] -- Up-to-date: /home/ming/ros2_ws/install/champ/include/champ/kinematics
[0.859s] -- Up-to-date: /home/ming/ros2_ws/install/champ/include/champ/kinematics/kinematics.h
[0.859s] -- Up-to-date: /home/ming/ros2_ws/install/champ/include/champ/bla
[0.859s] -- Up-to-date: /home/ming/ros2_ws/install/champ/include/champ/bla/memory_delegate.h
[0.860s] -- Up-to-date: /home/ming/ros2_ws/install/champ/include/champ/bla/basic_linear_algebra.h
[0.860s] -- Up-to-date: /home/ming/ros2_ws/install/champ/include/champ/leg_controller
[0.860s] -- Up-to-date: /home/ming/ros2_ws/install/champ/include/champ/leg_controller/trajectory_planner.h
[0.861s] -- Up-to-date: /home/ming/ros2_ws/install/champ/include/champ/leg_controller/phase_generator.h
[0.861s] -- Up-to-date: /home/ming/ros2_ws/install/champ/include/champ/leg_controller/leg_controller.h
[0.862s] -- Up-to-date: /home/ming/ros2_ws/install/champ/include/champ/README.md
[0.862s] -- Up-to-date: /home/ming/ros2_ws/install/champ/include/champ/quadruped_base
[0.862s] -- Up-to-date: /home/ming/ros2_ws/install/champ/include/champ/quadruped_base/quadruped_base.h
[0.862s] -- Up-to-date: /home/ming/ros2_ws/install/champ/include/champ/quadruped_base/quadruped_leg.h
[0.863s] -- Up-to-date: /home/ming/ros2_ws/install/champ/include/champ/quadruped_base/quadruped_joint.h
[0.864s] -- Up-to-date: /home/ming/ros2_ws/install/champ/include/champ/quadruped_base/quadruped_components.h
[0.864s] -- Up-to-date: /home/ming/ros2_ws/install/champ/share/ament_index/resource_index/package_run_dependencies/champ
[0.864s] -- Up-to-date: /home/ming/ros2_ws/install/champ/share/ament_index/resource_index/parent_prefix_path/champ
[0.864s] -- Up-to-date: /home/ming/ros2_ws/install/champ/share/champ/environment/ament_prefix_path.sh
[0.864s] -- Up-to-date: /home/ming/ros2_ws/install/champ/share/champ/environment/ament_prefix_path.dsv
[0.865s] -- Up-to-date: /home/ming/ros2_ws/install/champ/share/champ/environment/path.sh
[0.865s] -- Up-to-date: /home/ming/ros2_ws/install/champ/share/champ/environment/path.dsv
[0.865s] -- Up-to-date: /home/ming/ros2_ws/install/champ/share/champ/local_setup.bash
[0.865s] -- Up-to-date: /home/ming/ros2_ws/install/champ/share/champ/local_setup.sh
[0.865s] -- Up-to-date: /home/ming/ros2_ws/install/champ/share/champ/local_setup.zsh
[0.865s] -- Up-to-date: /home/ming/ros2_ws/install/champ/share/champ/local_setup.dsv
[0.865s] -- Installing: /home/ming/ros2_ws/install/champ/share/champ/package.dsv
[0.866s] -- Up-to-date: /home/ming/ros2_ws/install/champ/share/ament_index/resource_index/packages/champ
[0.866s] -- Up-to-date: /home/ming/ros2_ws/install/champ/share/champ/cmake/ament_cmake_export_include_directories-extras.cmake
[0.866s] -- Up-to-date: /home/ming/ros2_ws/install/champ/share/champ/cmake/champConfig.cmake
[0.867s] -- Up-to-date: /home/ming/ros2_ws/install/champ/share/champ/cmake/champConfig-version.cmake
[0.867s] -- Up-to-date: /home/ming/ros2_ws/install/champ/share/champ/package.xml
[0.995s] Invoked command in '/home/ming/ros2_ws/build/champ' returned '0': CMAKE_PREFIX_PATH=${CMAKE_PREFIX_PATH}:/home/ming/ros2_ws/install/go2_navigation:/home/ming/ros2_ws/install/go2_unitree_bridge:/home/ming/ros2_ws/install/speech_processor:/home/ming/ros2_ws/install/lidar_processor:/home/ming/ros2_ws/install/go2_robot_sdk:/home/ming/ros2_ws/install/coco_detector:/home/ming/install/go2_navigation:/opt/ros/humble /usr/bin/cmake --install /home/ming/ros2_ws/build/champ
