[0.060s] Invoking command in '/home/ming/ros2_ws/build/champ': CMAKE_PREFIX_PATH=${CMAKE_PREFIX_PATH}:/home/ming/ros2_ws/install/speech_processor:/home/ming/ros2_ws/install/lidar_processor:/home/ming/ros2_ws/install/go2_robot_sdk:/home/ming/ros2_ws/install/coco_detector:/opt/ros/humble /usr/bin/cmake /home/ming/ros2_ws/src/unitree_go2/champ -DAMENT_CMAKE_SYMLINK_INSTALL=1 -DCMAKE_INSTALL_PREFIX=/home/ming/ros2_ws/install/champ
[1.362s] -- The C compiler identification is GNU 11.4.0
[1.362s] -- The CXX compiler identification is GNU 11.4.0
[1.362s] -- Detecting C compiler ABI info
[1.363s] -- Detecting C compiler ABI info - done
[1.363s] -- Check for working C compiler: /usr/bin/cc - skipped
[1.363s] -- Detecting C compile features
[1.363s] -- Detecting C compile features - done
[1.363s] -- Detecting CXX compiler ABI info
[1.363s] -- Detecting CXX compiler ABI info - done
[1.363s] -- Check for working CXX compiler: /usr/bin/c++ - skipped
[1.363s] -- Detecting CXX compile features
[1.363s] -- Detecting CXX compile features - done
[1.363s] -- Found ament_cmake: 1.3.13 (/opt/ros/humble/share/ament_cmake/cmake)
[1.364s] -- Found Python3: /usr/bin/python3 (found version "3.10.12") found components: Interpreter 
[1.507s] -- Override CMake install command with custom implementation using symlinks instead of copying resources
[1.597s] -- Found rclcpp: 16.0.18 (/opt/ros/humble/share/rclcpp/cmake)
[1.854s] -- Found rosidl_generator_c: 3.1.8 (/opt/ros/humble/share/rosidl_generator_c/cmake)
[1.854s] -- Found rosidl_adapter: 3.1.8 (/opt/ros/humble/share/rosidl_adapter/cmake)
[1.854s] -- Found rosidl_generator_cpp: 3.1.8 (/opt/ros/humble/share/rosidl_generator_cpp/cmake)
[1.860s] -- Using all available rosidl_typesupport_c: rosidl_typesupport_fastrtps_c;rosidl_typesupport_introspection_c
[1.901s] -- Using all available rosidl_typesupport_cpp: rosidl_typesupport_fastrtps_cpp;rosidl_typesupport_introspection_cpp
[1.987s] -- Found rmw_implementation_cmake: 6.1.2 (/opt/ros/humble/share/rmw_implementation_cmake/cmake)
[1.995s] -- Found rmw_cyclonedds_cpp: 1.3.4 (/opt/ros/humble/share/rmw_cyclonedds_cpp/cmake)
[2.074s] -- Using RMW implementation 'rmw_cyclonedds_cpp' as default
[2.131s] -- Looking for pthread.h
[2.403s] -- Looking for pthread.h - found
[2.404s] -- Performing Test CMAKE_HAVE_LIBC_PTHREAD
[2.701s] -- Performing Test CMAKE_HAVE_LIBC_PTHREAD - Success
[2.701s] -- Found Threads: TRUE  
[2.816s] -- Found ament_lint_auto: 0.12.15 (/opt/ros/humble/share/ament_lint_auto/cmake)
[3.039s] -- Configuring done
[3.067s] -- Generating done
[3.074s] -- Build files have been written to: /home/ming/ros2_ws/build/champ
[3.133s] Invoked command in '/home/ming/ros2_ws/build/champ' returned '0': CMAKE_PREFIX_PATH=${CMAKE_PREFIX_PATH}:/home/ming/ros2_ws/install/speech_processor:/home/ming/ros2_ws/install/lidar_processor:/home/ming/ros2_ws/install/go2_robot_sdk:/home/ming/ros2_ws/install/coco_detector:/opt/ros/humble /usr/bin/cmake /home/ming/ros2_ws/src/unitree_go2/champ -DAMENT_CMAKE_SYMLINK_INSTALL=1 -DCMAKE_INSTALL_PREFIX=/home/ming/ros2_ws/install/champ
[3.141s] Invoking command in '/home/ming/ros2_ws/build/champ': CMAKE_PREFIX_PATH=${CMAKE_PREFIX_PATH}:/home/ming/ros2_ws/install/speech_processor:/home/ming/ros2_ws/install/lidar_processor:/home/ming/ros2_ws/install/go2_robot_sdk:/home/ming/ros2_ws/install/coco_detector:/opt/ros/humble /usr/bin/cmake --build /home/ming/ros2_ws/build/champ -- -j6 -l6
[3.258s] Invoked command in '/home/ming/ros2_ws/build/champ' returned '0': CMAKE_PREFIX_PATH=${CMAKE_PREFIX_PATH}:/home/ming/ros2_ws/install/speech_processor:/home/ming/ros2_ws/install/lidar_processor:/home/ming/ros2_ws/install/go2_robot_sdk:/home/ming/ros2_ws/install/coco_detector:/opt/ros/humble /usr/bin/cmake --build /home/ming/ros2_ws/build/champ -- -j6 -l6
[3.259s] Invoking command in '/home/ming/ros2_ws/build/champ': CMAKE_PREFIX_PATH=${CMAKE_PREFIX_PATH}:/home/ming/ros2_ws/install/speech_processor:/home/ming/ros2_ws/install/lidar_processor:/home/ming/ros2_ws/install/go2_robot_sdk:/home/ming/ros2_ws/install/coco_detector:/opt/ros/humble /usr/bin/cmake --install /home/ming/ros2_ws/build/champ
[3.300s] -- Install configuration: ""
[3.301s] -- Execute custom install script
[3.303s] -- Symlinking: /home/ming/ros2_ws/install/champ/include/champ/LICENSE
[3.325s] -- Symlinking: /home/ming/ros2_ws/install/champ/include/champ/README.md
[3.346s] -- Symlinking: /home/ming/ros2_ws/install/champ/include/champ/bla/basic_linear_algebra.h
[3.367s] -- Symlinking: /home/ming/ros2_ws/install/champ/include/champ/bla/memory_delegate.h
[3.393s] -- Symlinking: /home/ming/ros2_ws/install/champ/include/champ/body_controller/body_controller.h
[3.423s] -- Symlinking: /home/ming/ros2_ws/install/champ/include/champ/geometry/geometry.h
[3.451s] -- Symlinking: /home/ming/ros2_ws/install/champ/include/champ/kinematics/kinematics.h
[3.472s] -- Symlinking: /home/ming/ros2_ws/install/champ/include/champ/leg_controller/leg_controller.h
[3.513s] -- Symlinking: /home/ming/ros2_ws/install/champ/include/champ/leg_controller/phase_generator.h
[3.551s] -- Symlinking: /home/ming/ros2_ws/install/champ/include/champ/leg_controller/trajectory_planner.h
[3.591s] -- Symlinking: /home/ming/ros2_ws/install/champ/include/champ/macros/macros.h
[3.616s] -- Symlinking: /home/ming/ros2_ws/install/champ/include/champ/odometry/odometry.h
[3.658s] -- Symlinking: /home/ming/ros2_ws/install/champ/include/champ/quadruped_base/quadruped_base.h
[3.703s] -- Symlinking: /home/ming/ros2_ws/install/champ/include/champ/quadruped_base/quadruped_components.h
[3.744s] -- Symlinking: /home/ming/ros2_ws/install/champ/include/champ/quadruped_base/quadruped_joint.h
[3.777s] -- Symlinking: /home/ming/ros2_ws/install/champ/include/champ/quadruped_base/quadruped_leg.h
[3.797s] -- Symlinking: /home/ming/ros2_ws/install/champ/include/champ/utils/urdf_loader.h
[3.894s] -- Symlinking: /home/ming/ros2_ws/install/champ/include/champ/utils/xmlrpc_helpers.h
[3.894s] -- Symlinking: /home/ming/ros2_ws/install/champ/share/ament_index/resource_index/package_run_dependencies/champ
[3.894s] -- Symlinking: /home/ming/ros2_ws/install/champ/share/ament_index/resource_index/parent_prefix_path/champ
[4.573s] -- Symlinking: /home/ming/ros2_ws/install/champ/share/champ/environment/ament_prefix_path.sh
[4.574s] -- Symlinking: /home/ming/ros2_ws/install/champ/share/champ/environment/ament_prefix_path.dsv
[4.574s] -- Symlinking: /home/ming/ros2_ws/install/champ/share/champ/environment/path.sh
[4.575s] -- Symlinking: /home/ming/ros2_ws/install/champ/share/champ/environment/path.dsv
[4.575s] -- Symlinking: /home/ming/ros2_ws/install/champ/share/champ/local_setup.bash
[4.575s] -- Symlinking: /home/ming/ros2_ws/install/champ/share/champ/local_setup.sh
[4.575s] -- Symlinking: /home/ming/ros2_ws/install/champ/share/champ/local_setup.zsh
[4.575s] -- Symlinking: /home/ming/ros2_ws/install/champ/share/champ/local_setup.dsv
[4.575s] -- Symlinking: /home/ming/ros2_ws/install/champ/share/champ/package.dsv
[4.575s] -- Symlinking: /home/ming/ros2_ws/install/champ/share/ament_index/resource_index/packages/champ
[4.575s] -- Symlinking: /home/ming/ros2_ws/install/champ/share/champ/cmake/ament_cmake_export_include_directories-extras.cmake
[4.575s] -- Symlinking: /home/ming/ros2_ws/install/champ/share/champ/cmake/champConfig.cmake
[4.576s] -- Symlinking: /home/ming/ros2_ws/install/champ/share/champ/cmake/champConfig-version.cmake
[4.576s] -- Symlinking: /home/ming/ros2_ws/install/champ/share/champ/package.xml
[4.601s] Invoked command in '/home/ming/ros2_ws/build/champ' returned '0': CMAKE_PREFIX_PATH=${CMAKE_PREFIX_PATH}:/home/ming/ros2_ws/install/speech_processor:/home/ming/ros2_ws/install/lidar_processor:/home/ming/ros2_ws/install/go2_robot_sdk:/home/ming/ros2_ws/install/coco_detector:/opt/ros/humble /usr/bin/cmake --install /home/ming/ros2_ws/build/champ
