[2.270s] Invoking command in '/home/ming/ros2_ws/src/lidar_processor': PYTHONPATH=/home/ming/ros2_ws/build/lidar_processor/prefix_override:/usr/lib/python3/dist-packages/colcon_core/task/python/colcon_distutils_commands:/home/ming/ros2_ws/install/lidar_processor/lib/python3.10/site-packages:${PYTHONPATH} /usr/bin/python3 -W ignore:setup.py install is deprecated -W ignore:easy_install command is deprecated setup.py egg_info --egg-base ../../build/lidar_processor build --build-base /home/ming/ros2_ws/build/lidar_processor/build install --record /home/ming/ros2_ws/build/lidar_processor/install.log --single-version-externally-managed install_data
[2.759s] running egg_info
[2.761s] writing ../../build/lidar_processor/lidar_processor.egg-info/PKG-INFO
[2.769s] writing dependency_links to ../../build/lidar_processor/lidar_processor.egg-info/dependency_links.txt
[2.770s] writing entry points to ../../build/lidar_processor/lidar_processor.egg-info/entry_points.txt
[2.770s] writing requirements to ../../build/lidar_processor/lidar_processor.egg-info/requires.txt
[2.770s] writing top-level names to ../../build/lidar_processor/lidar_processor.egg-info/top_level.txt
[2.776s] reading manifest file '../../build/lidar_processor/lidar_processor.egg-info/SOURCES.txt'
[2.778s] writing manifest file '../../build/lidar_processor/lidar_processor.egg-info/SOURCES.txt'
[2.778s] running build
[2.779s] running build_py
[2.783s] running install
[2.783s] running install_lib
[2.790s] running install_data
[2.790s] running install_egg_info
[2.794s] removing '/home/ming/ros2_ws/install/lidar_processor/lib/python3.10/site-packages/lidar_processor-1.0.0-py3.10.egg-info' (and everything under it)
[2.795s] Copying ../../build/lidar_processor/lidar_processor.egg-info to /home/ming/ros2_ws/install/lidar_processor/lib/python3.10/site-packages/lidar_processor-1.0.0-py3.10.egg-info
[2.797s] running install_scripts
[2.837s] Installing lidar_to_pointcloud script to /home/ming/ros2_ws/install/lidar_processor/lib/lidar_processor
[2.838s] Installing pointcloud_aggregator script to /home/ming/ros2_ws/install/lidar_processor/lib/lidar_processor
[2.839s] writing list of installed files to '/home/ming/ros2_ws/build/lidar_processor/install.log'
[3.030s] Invoked command in '/home/ming/ros2_ws/src/lidar_processor' returned '0': PYTHONPATH=/home/ming/ros2_ws/build/lidar_processor/prefix_override:/usr/lib/python3/dist-packages/colcon_core/task/python/colcon_distutils_commands:/home/ming/ros2_ws/install/lidar_processor/lib/python3.10/site-packages:${PYTHONPATH} /usr/bin/python3 -W ignore:setup.py install is deprecated -W ignore:easy_install command is deprecated setup.py egg_info --egg-base ../../build/lidar_processor build --build-base /home/ming/ros2_ws/build/lidar_processor/build install --record /home/ming/ros2_ws/build/lidar_processor/install.log --single-version-externally-managed install_data
