[2.185s] Invoking command in '/home/ming/ros2_ws/src/go2_unitree_bridge': CMAKE_PREFIX_PATH=/home/ming/ros2_ws/install/unitree_go2_description:/home/ming/ros2_ws/install/unitree_go2_sim:/home/ming/ros2_ws/install/lidar_processor_cpp:/home/ming/ros2_ws/install/go2_interfaces:/home/ming/ros2_ws/install/champ_base:/home/ming/ros2_ws/install/champ_msgs:/home/ming/ros2_ws/install/champ PYTHONPATH=/home/ming/ros2_ws/build/go2_unitree_bridge/prefix_override:/usr/lib/python3/dist-packages/colcon_core/task/python/colcon_distutils_commands:/home/ming/ros2_ws/install/go2_unitree_bridge/lib/python3.10/site-packages:${PYTHONPATH} /usr/bin/python3 -W ignore:setup.py install is deprecated -W ignore:easy_install command is deprecated setup.py egg_info --egg-base ../../build/go2_unitree_bridge build --build-base /home/ming/ros2_ws/build/go2_unitree_bridge/build install --record /home/ming/ros2_ws/build/go2_unitree_bridge/install.log --single-version-externally-managed install_data
[2.686s] running egg_info
[2.689s] writing ../../build/go2_unitree_bridge/go2_unitree_bridge.egg-info/PKG-INFO
[2.696s] writing dependency_links to ../../build/go2_unitree_bridge/go2_unitree_bridge.egg-info/dependency_links.txt
[2.696s] writing entry points to ../../build/go2_unitree_bridge/go2_unitree_bridge.egg-info/entry_points.txt
[2.696s] writing requirements to ../../build/go2_unitree_bridge/go2_unitree_bridge.egg-info/requires.txt
[2.696s] writing top-level names to ../../build/go2_unitree_bridge/go2_unitree_bridge.egg-info/top_level.txt
[2.700s] reading manifest file '../../build/go2_unitree_bridge/go2_unitree_bridge.egg-info/SOURCES.txt'
[2.703s] writing manifest file '../../build/go2_unitree_bridge/go2_unitree_bridge.egg-info/SOURCES.txt'
[2.704s] running build
[2.704s] running build_py
[2.707s] running install
[2.708s] running install_lib
[2.712s] running install_data
[2.713s] running install_egg_info
[2.717s] removing '/home/ming/ros2_ws/install/go2_unitree_bridge/lib/python3.10/site-packages/go2_unitree_bridge-0.1.0-py3.10.egg-info' (and everything under it)
[2.718s] Copying ../../build/go2_unitree_bridge/go2_unitree_bridge.egg-info to /home/ming/ros2_ws/install/go2_unitree_bridge/lib/python3.10/site-packages/go2_unitree_bridge-0.1.0-py3.10.egg-info
[2.720s] running install_scripts
[2.760s] Installing go2_unitree_bridge_node script to /home/ming/ros2_ws/install/go2_unitree_bridge/lib/go2_unitree_bridge
[2.761s] writing list of installed files to '/home/ming/ros2_ws/build/go2_unitree_bridge/install.log'
[2.899s] Invoked command in '/home/ming/ros2_ws/src/go2_unitree_bridge' returned '0': CMAKE_PREFIX_PATH=/home/ming/ros2_ws/install/unitree_go2_description:/home/ming/ros2_ws/install/unitree_go2_sim:/home/ming/ros2_ws/install/lidar_processor_cpp:/home/ming/ros2_ws/install/go2_interfaces:/home/ming/ros2_ws/install/champ_base:/home/ming/ros2_ws/install/champ_msgs:/home/ming/ros2_ws/install/champ PYTHONPATH=/home/ming/ros2_ws/build/go2_unitree_bridge/prefix_override:/usr/lib/python3/dist-packages/colcon_core/task/python/colcon_distutils_commands:/home/ming/ros2_ws/install/go2_unitree_bridge/lib/python3.10/site-packages:${PYTHONPATH} /usr/bin/python3 -W ignore:setup.py install is deprecated -W ignore:easy_install command is deprecated setup.py egg_info --egg-base ../../build/go2_unitree_bridge build --build-base /home/ming/ros2_ws/build/go2_unitree_bridge/build install --record /home/ming/ros2_ws/build/go2_unitree_bridge/install.log --single-version-externally-managed install_data
