[2.469s] Invoking command in '/home/ming/ros2_ws/src/coco_detector': PS1=\[\e]0;\u@\h: \w\a\]${debian_chroot:+($debian_chroot)}\[\033[01;32m\]\u@\h\[\033[00m\]:\[\033[01;34m\]\w\[\033[00m\]\$ PYTHONPATH=/home/ming/ros2_ws/build/coco_detector/prefix_override:/usr/lib/python3/dist-packages/colcon_core/task/python/colcon_distutils_commands:/home/ming/ros2_ws/install/coco_detector/lib/python3.10/site-packages:${PYTHONPATH} /usr/bin/python3 -W ignore:setup.py install is deprecated -W ignore:easy_install command is deprecated setup.py egg_info --egg-base ../../build/coco_detector build --build-base /home/ming/ros2_ws/build/coco_detector/build install --record /home/ming/ros2_ws/build/coco_detector/install.log --single-version-externally-managed install_data
[2.951s] running egg_info
[2.952s] creating ../../build/coco_detector/coco_detector.egg-info
[2.952s] writing ../../build/coco_detector/coco_detector.egg-info/PKG-INFO
[2.953s] writing dependency_links to ../../build/coco_detector/coco_detector.egg-info/dependency_links.txt
[2.953s] writing entry points to ../../build/coco_detector/coco_detector.egg-info/entry_points.txt
[2.953s] writing requirements to ../../build/coco_detector/coco_detector.egg-info/requires.txt
[2.953s] writing top-level names to ../../build/coco_detector/coco_detector.egg-info/top_level.txt
[2.954s] writing manifest file '../../build/coco_detector/coco_detector.egg-info/SOURCES.txt'
[2.957s] reading manifest file '../../build/coco_detector/coco_detector.egg-info/SOURCES.txt'
[2.958s] writing manifest file '../../build/coco_detector/coco_detector.egg-info/SOURCES.txt'
[2.959s] running build
[2.959s] running build_py
[2.959s] creating /home/ming/ros2_ws/build/coco_detector/build
[2.960s] creating /home/ming/ros2_ws/build/coco_detector/build/lib
[2.960s] creating /home/ming/ros2_ws/build/coco_detector/build/lib/coco_detector
[2.960s] copying coco_detector/coco_detector_node.py -> /home/ming/ros2_ws/build/coco_detector/build/lib/coco_detector
[2.960s] copying coco_detector/__init__.py -> /home/ming/ros2_ws/build/coco_detector/build/lib/coco_detector
[2.960s] running install
[2.961s] running install_lib
[2.962s] creating /home/ming/ros2_ws/install/coco_detector/lib/python3.10/site-packages/coco_detector
[2.963s] copying /home/ming/ros2_ws/build/coco_detector/build/lib/coco_detector/coco_detector_node.py -> /home/ming/ros2_ws/install/coco_detector/lib/python3.10/site-packages/coco_detector
[2.966s] copying /home/ming/ros2_ws/build/coco_detector/build/lib/coco_detector/__init__.py -> /home/ming/ros2_ws/install/coco_detector/lib/python3.10/site-packages/coco_detector
[2.967s] byte-compiling /home/ming/ros2_ws/install/coco_detector/lib/python3.10/site-packages/coco_detector/coco_detector_node.py to coco_detector_node.cpython-310.pyc
[2.969s] byte-compiling /home/ming/ros2_ws/install/coco_detector/lib/python3.10/site-packages/coco_detector/__init__.py to __init__.cpython-310.pyc
[2.969s] running install_data
[2.969s] creating /home/ming/ros2_ws/install/coco_detector/share/ament_index
[2.970s] creating /home/ming/ros2_ws/install/coco_detector/share/ament_index/resource_index
[2.970s] creating /home/ming/ros2_ws/install/coco_detector/share/ament_index/resource_index/packages
[2.970s] copying resource/coco_detector -> /home/ming/ros2_ws/install/coco_detector/share/ament_index/resource_index/packages
[2.970s] copying package.xml -> /home/ming/ros2_ws/install/coco_detector/share/coco_detector
[2.970s] running install_egg_info
[2.974s] Copying ../../build/coco_detector/coco_detector.egg-info to /home/ming/ros2_ws/install/coco_detector/lib/python3.10/site-packages/coco_detector-0.0.0-py3.10.egg-info
[2.976s] running install_scripts
[3.017s] Installing coco_detector_node script to /home/ming/ros2_ws/install/coco_detector/lib/coco_detector
[3.018s] writing list of installed files to '/home/ming/ros2_ws/build/coco_detector/install.log'
[3.113s] Invoked command in '/home/ming/ros2_ws/src/coco_detector' returned '0': PS1=\[\e]0;\u@\h: \w\a\]${debian_chroot:+($debian_chroot)}\[\033[01;32m\]\u@\h\[\033[00m\]:\[\033[01;34m\]\w\[\033[00m\]\$ PYTHONPATH=/home/ming/ros2_ws/build/coco_detector/prefix_override:/usr/lib/python3/dist-packages/colcon_core/task/python/colcon_distutils_commands:/home/ming/ros2_ws/install/coco_detector/lib/python3.10/site-packages:${PYTHONPATH} /usr/bin/python3 -W ignore:setup.py install is deprecated -W ignore:easy_install command is deprecated setup.py egg_info --egg-base ../../build/coco_detector build --build-base /home/ming/ros2_ws/build/coco_detector/build install --record /home/ming/ros2_ws/build/coco_detector/install.log --single-version-externally-managed install_data
